Config attempting to parse: '/snap/gd-godot-engine-mono-snapcraft/23/godot-engine-mono/GodotSharp/Mono/etc/mono/config'. (in domain Mono, info)
Config attempting to parse: '/home/cal/snap/gd-godot-engine-mono-snapcraft/23/.mono/config'. (in domain Mono, info)
Image addref mscorlib[0x9558bf0] (asmctx DEFAULT) -> /snap/gd-godot-engine-mono-snapcraft/23/godot-engine-mono/GodotSharp/Mono/lib/mono/4.5/mscorlib.dll[0x9557420]: 2 (in domain Mono, info)
Prepared to set up assembly 'mscorlib' (/snap/gd-godot-engine-mono-snapcraft/23/godot-engine-mono/GodotSharp/Mono/lib/mono/4.5/mscorlib.dll) (in domain Mono, info)
AOT: image '/snap/gd-godot-engine-mono-snapcraft/23/godot-engine-mono/GodotSharp/Mono/lib/mono/4.5/mscorlib.dll.so' not found: /snap/gd-godot-engine-mono-snapcraft/23/godot-engine-mono/GodotSharp/Mono/lib/mono/4.5/mscorlib.dll.so: cannot open shared object file: No such file or directory (in domain Mono, info)
AOT: image '/snap/gd-godot-engine-mono-snapcraft/23/godot-engine-mono/GodotSharp/Mono/lib/mono/aot-cache/amd64/mscorlib.dll.so' not found: /snap/gd-godot-engine-mono-snapcraft/23/godot-engine-mono/GodotSharp/Mono/lib/mono/aot-cache/amd64/mscorlib.dll.so: cannot open shared object file: No such file or directory (in domain Mono, info)
Assembly mscorlib[0x9558bf0] added to domain GodotEngine.RootDomain, ref_count=1 (in domain Mono, info)
Assembly mscorlib[0x9558bf0] added to domain GodotEngine.Domain.Scripts, ref_count=2 (in domain Mono, info)
Image addref GodotSharp[0x9e844e0] (asmctx DEFAULT) -> /home/cal/snap/gd-godot-engine-mono-snapcraft/23/.mono/assemblies/Debug/GodotSharp.dll[0x96087b0]: 3 (in domain Mono, info)
Prepared to set up assembly 'GodotSharp' (/home/cal/snap/gd-godot-engine-mono-snapcraft/23/.mono/assemblies/Debug/GodotSharp.dll) (in domain Mono, info)
Assembly GodotSharp[0x9e844e0] added to domain GodotEngine.Domain.Scripts, ref_count=1 (in domain Mono, info)
Requesting loading reference 0 (of 1) of /home/cal/snap/gd-godot-engine-mono-snapcraft/23/.mono/assemblies/Debug/GodotSharp.dll (in domain Mono, info)
Loading reference 0 of /home/cal/snap/gd-godot-engine-mono-snapcraft/23/.mono/assemblies/Debug/GodotSharp.dll asmctx DEFAULT, looking for netstandard, Version=2.0.0.0, Culture=neutral, PublicKeyToken=cc7b13ffcd2ddd51 (in domain Mono, info)
Config attempting to parse: ''. (in domain Mono, info)
Image addref netstandard[0x95af390] (asmctx DEFAULT) -> /snap/gd-godot-engine-mono-snapcraft/23/godot-engine-mono/GodotSharp/Mono/lib/mono/4.5/Facades/netstandard.dll[0x9cdb520]: 2 (in domain Mono, info)
Prepared to set up assembly 'netstandard' (/snap/gd-godot-engine-mono-snapcraft/23/godot-engine-mono/GodotSharp/Mono/lib/mono/4.5/Facades/netstandard.dll) (in domain Mono, info)
Assembly netstandard[0x95af390] added to domain GodotEngine.Domain.Scripts, ref_count=1 (in domain Mono, info)
Assembly Ref addref GodotSharp[0x9e844e0] -> netstandard[0x95af390]: 2 (in domain Mono, info)
Requesting loading reference 0 (of 16) of /snap/gd-godot-engine-mono-snapcraft/23/godot-engine-mono/GodotSharp/Mono/lib/mono/4.5/Facades/netstandard.dll (in domain Mono, info)
Loading reference 0 of /snap/gd-godot-engine-mono-snapcraft/23/godot-engine-mono/GodotSharp/Mono/lib/mono/4.5/Facades/netstandard.dll asmctx DEFAULT, looking for mscorlib, Version=4.0.0.0, Culture=neutral, PublicKeyToken=b77a5c561934e089 (in domain Mono, info)
Assembly Ref addref netstandard[0x95af390] -> mscorlib[0x9558bf0]: 3 (in domain Mono, info)
Image addref GodotSharpEditor[0x9cc3d90] (asmctx DEFAULT) -> /home/cal/snap/gd-godot-engine-mono-snapcraft/23/.mono/assemblies/Debug/GodotSharpEditor.dll[0x9cc1e00]: 3 (in domain Mono, info)
Prepared to set up assembly 'GodotSharpEditor' (/home/cal/snap/gd-godot-engine-mono-snapcraft/23/.mono/assemblies/Debug/GodotSharpEditor.dll) (in domain Mono, info)
Assembly GodotSharpEditor[0x9cc3d90] added to domain GodotEngine.Domain.Scripts, ref_count=1 (in domain Mono, info)
Requesting loading reference 0 (of 2) of /home/cal/snap/gd-godot-engine-mono-snapcraft/23/.mono/assemblies/Debug/GodotSharpEditor.dll (in domain Mono, info)
Loading reference 0 of /home/cal/snap/gd-godot-engine-mono-snapcraft/23/.mono/assemblies/Debug/GodotSharpEditor.dll asmctx DEFAULT, looking for netstandard, Version=2.0.0.0, Culture=neutral, PublicKeyToken=cc7b13ffcd2ddd51 (in domain Mono, info)
Assembly Ref addref GodotSharpEditor[0x9cc3d90] -> netstandard[0x95af390]: 3 (in domain Mono, info)
Requesting loading reference 2 (of 16) of /snap/gd-godot-engine-mono-snapcraft/23/godot-engine-mono/GodotSharp/Mono/lib/mono/4.5/Facades/netstandard.dll (in domain Mono, info)
Loading reference 2 of /snap/gd-godot-engine-mono-snapcraft/23/godot-engine-mono/GodotSharp/Mono/lib/mono/4.5/Facades/netstandard.dll asmctx DEFAULT, looking for System, Version=4.0.0.0, Culture=neutral, PublicKeyToken=b77a5c561934e089 (in domain Mono, info)
Image addref System[0x9d21ca0] (asmctx DEFAULT) -> /snap/gd-godot-engine-mono-snapcraft/23/godot-engine-mono/GodotSharp/Mono/lib/mono/4.5/System.dll[0x9d03b40]: 2 (in domain Mono, info)
Prepared to set up assembly 'System' (/snap/gd-godot-engine-mono-snapcraft/23/godot-engine-mono/GodotSharp/Mono/lib/mono/4.5/System.dll) (in domain Mono, info)
Assembly System[0x9d21ca0] added to domain GodotEngine.Domain.Scripts, ref_count=1 (in domain Mono, info)
Assembly Ref addref netstandard[0x95af390] -> System[0x9d21ca0]: 2 (in domain Mono, info)
Requesting loading reference 0 (of 6) of /snap/gd-godot-engine-mono-snapcraft/23/godot-engine-mono/GodotSharp/Mono/lib/mono/4.5/System.dll (in domain Mono, info)
Loading reference 0 of /snap/gd-godot-engine-mono-snapcraft/23/godot-engine-mono/GodotSharp/Mono/lib/mono/4.5/System.dll asmctx DEFAULT, looking for mscorlib, Version=4.0.0.0, Culture=neutral, PublicKeyToken=b77a5c561934e089 (in domain Mono, info)
Assembly Ref addref System[0x9d21ca0] -> mscorlib[0x9558bf0]: 4 (in domain Mono, info)
Requesting loading reference 2 (of 6) of /snap/gd-godot-engine-mono-snapcraft/23/godot-engine-mono/GodotSharp/Mono/lib/mono/4.5/System.dll (in domain Mono, info)
Loading reference 2 of /snap/gd-godot-engine-mono-snapcraft/23/godot-engine-mono/GodotSharp/Mono/lib/mono/4.5/System.dll asmctx DEFAULT, looking for System.Configuration, Version=4.0.0.0, Culture=neutral, PublicKeyToken=b03f5f7f11d50a3a (in domain Mono, info)
Image addref System.Configuration[0x9610590] (asmctx DEFAULT) -> /snap/gd-godot-engine-mono-snapcraft/23/godot-engine-mono/GodotSharp/Mono/lib/mono/4.5/System.Configuration.dll[0x9d9ab50]: 2 (in domain Mono, info)
Prepared to set up assembly 'System.Configuration' (/snap/gd-godot-engine-mono-snapcraft/23/godot-engine-mono/GodotSharp/Mono/lib/mono/4.5/System.Configuration.dll) (in domain Mono, info)
Assembly System.Configuration[0x9610590] added to domain GodotEngine.Domain.Scripts, ref_count=1 (in domain Mono, info)
Assembly Ref addref System[0x9d21ca0] -> System.Configuration[0x9610590]: 2 (in domain Mono, info)
Requesting loading reference 0 (of 4) of /snap/gd-godot-engine-mono-snapcraft/23/godot-engine-mono/GodotSharp/Mono/lib/mono/4.5/System.Configuration.dll (in domain Mono, info)
Loading reference 0 of /snap/gd-godot-engine-mono-snapcraft/23/godot-engine-mono/GodotSharp/Mono/lib/mono/4.5/System.Configuration.dll asmctx DEFAULT, looking for mscorlib, Version=4.0.0.0, Culture=neutral, PublicKeyToken=b77a5c561934e089 (in domain Mono, info)
Assembly Ref addref System.Configuration[0x9610590] -> mscorlib[0x9558bf0]: 5 (in domain Mono, info)
Requesting loading reference 2 (of 4) of /snap/gd-godot-engine-mono-snapcraft/23/godot-engine-mono/GodotSharp/Mono/lib/mono/4.5/System.Configuration.dll (in domain Mono, info)
Loading reference 2 of /snap/gd-godot-engine-mono-snapcraft/23/godot-engine-mono/GodotSharp/Mono/lib/mono/4.5/System.Configuration.dll asmctx DEFAULT, looking for System, Version=4.0.0.0, Culture=neutral, PublicKeyToken=b77a5c561934e089 (in domain Mono, info)
Assembly Ref addref System.Configuration[0x9610590] -> System[0x9d21ca0]: 3 (in domain Mono, info)
Requesting loading reference 1 (of 4) of /snap/gd-godot-engine-mono-snapcraft/23/godot-engine-mono/GodotSharp/Mono/lib/mono/4.5/System.Configuration.dll (in domain Mono, info)
Loading reference 1 of /snap/gd-godot-engine-mono-snapcraft/23/godot-engine-mono/GodotSharp/Mono/lib/mono/4.5/System.Configuration.dll asmctx DEFAULT, looking for System.Xml, Version=4.0.0.0, Culture=neutral, PublicKeyToken=b77a5c561934e089 (in domain Mono, info)
Image addref System.Xml[0x9613f90] (asmctx DEFAULT) -> /snap/gd-godot-engine-mono-snapcraft/23/godot-engine-mono/GodotSharp/Mono/lib/mono/4.5/System.Xml.dll[0x9615240]: 2 (in domain Mono, info)
Prepared to set up assembly 'System.Xml' (/snap/gd-godot-engine-mono-snapcraft/23/godot-engine-mono/GodotSharp/Mono/lib/mono/4.5/System.Xml.dll) (in domain Mono, info)
Assembly System.Xml[0x9613f90] added to domain GodotEngine.Domain.Scripts, ref_count=1 (in domain Mono, info)
Assembly Ref addref System.Configuration[0x9610590] -> System.Xml[0x9613f90]: 2 (in domain Mono, info)
Requesting loading reference 0 (of 3) of /snap/gd-godot-engine-mono-snapcraft/23/godot-engine-mono/GodotSharp/Mono/lib/mono/4.5/System.Xml.dll (in domain Mono, info)
Loading reference 0 of /snap/gd-godot-engine-mono-snapcraft/23/godot-engine-mono/GodotSharp/Mono/lib/mono/4.5/System.Xml.dll asmctx DEFAULT, looking for mscorlib, Version=4.0.0.0, Culture=neutral, PublicKeyToken=b77a5c561934e089 (in domain Mono, info)
Assembly Ref addref System.Xml[0x9613f90] -> mscorlib[0x9558bf0]: 6 (in domain Mono, info)
DllImport attempting to load: '/snap/gd-godot-engine-mono-snapcraft/23/godot-engine-mono/GodotSharp/Mono/lib/../lib/libmono-native.so'. (in domain Mono, info)
DllImport loaded library '/snap/gd-godot-engine-mono-snapcraft/23/godot-engine-mono/GodotSharp/Mono/lib/../lib/libmono-native.so'. (in domain Mono, info)
DllImport searching in: '/snap/gd-godot-engine-mono-snapcraft/23/godot-engine-mono/GodotSharp/Mono/lib/../lib/libmono-native.so' ('/snap/gd-godot-engine-mono-snapcraft/23/godot-engine-mono/GodotSharp/Mono/lib/../lib/libmono-native.so'). (in domain Mono, info)
Searching for 'SystemNative_GetNonCryptographicallySecureRandomBytes'. (in domain Mono, info)
Probing 'SystemNative_GetNonCryptographicallySecureRandomBytes'. (in domain Mono, info)
Found as 'SystemNative_GetNonCryptographicallySecureRandomBytes'. (in domain Mono, info)
DllImport searching in: '/snap/gd-godot-engine-mono-snapcraft/23/godot-engine-mono/GodotSharp/Mono/lib/../lib/libmono-native.so' ('/snap/gd-godot-engine-mono-snapcraft/23/godot-engine-mono/GodotSharp/Mono/lib/../lib/libmono-native.so'). (in domain Mono, info)
Searching for 'SystemNative_LChflagsCanSetHiddenFlag'. (in domain Mono, info)
Probing 'SystemNative_LChflagsCanSetHiddenFlag'. (in domain Mono, info)
Found as 'SystemNative_LChflagsCanSetHiddenFlag'. (in domain Mono, info)
DllImport searching in: '/snap/gd-godot-engine-mono-snapcraft/23/godot-engine-mono/GodotSharp/Mono/lib/../lib/libmono-native.so' ('/snap/gd-godot-engine-mono-snapcraft/23/godot-engine-mono/GodotSharp/Mono/lib/../lib/libmono-native.so'). (in domain Mono, info)
Searching for 'SystemNative_Stat2'. (in domain Mono, info)
Probing 'SystemNative_Stat2'. (in domain Mono, info)
Found as 'SystemNative_Stat2'. (in domain Mono, info)
DllImport searching in: '/snap/gd-godot-engine-mono-snapcraft/23/godot-engine-mono/GodotSharp/Mono/lib/../lib/libmono-native.so' ('/snap/gd-godot-engine-mono-snapcraft/23/godot-engine-mono/GodotSharp/Mono/lib/../lib/libmono-native.so'). (in domain Mono, info)
Searching for 'SystemNative_LStat2'. (in domain Mono, info)
Probing 'SystemNative_LStat2'. (in domain Mono, info)
Found as 'SystemNative_LStat2'. (in domain Mono, info)
DllImport searching in: '/snap/gd-godot-engine-mono-snapcraft/23/godot-engine-mono/GodotSharp/Mono/lib/../lib/libmono-native.so' ('/snap/gd-godot-engine-mono-snapcraft/23/godot-engine-mono/GodotSharp/Mono/lib/../lib/libmono-native.so'). (in domain Mono, info)
Searching for 'SystemNative_ConvertErrorPlatformToPal'. (in domain Mono, info)
Probing 'SystemNative_ConvertErrorPlatformToPal'. (in domain Mono, info)
Found as 'SystemNative_ConvertErrorPlatformToPal'. (in domain Mono, info)
Requesting loading reference 2 (of 3) of /snap/gd-godot-engine-mono-snapcraft/23/godot-engine-mono/GodotSharp/Mono/lib/mono/4.5/System.Xml.dll (in domain Mono, info)
Loading reference 2 of /snap/gd-godot-engine-mono-snapcraft/23/godot-engine-mono/GodotSharp/Mono/lib/mono/4.5/System.Xml.dll asmctx DEFAULT, looking for System, Version=4.0.0.0, Culture=neutral, PublicKeyToken=b77a5c561934e089 (in domain Mono, info)
Assembly Ref addref System.Xml[0x9613f90] -> System[0x9d21ca0]: 4 (in domain Mono, info)
Requesting loading reference 3 (of 6) of /snap/gd-godot-engine-mono-snapcraft/23/godot-engine-mono/GodotSharp/Mono/lib/mono/4.5/System.dll (in domain Mono, info)
Loading reference 3 of /snap/gd-godot-engine-mono-snapcraft/23/godot-engine-mono/GodotSharp/Mono/lib/mono/4.5/System.dll asmctx DEFAULT, looking for System.Xml, Version=4.0.0.0, Culture=neutral, PublicKeyToken=b77a5c561934e089 (in domain Mono, info)
Assembly Ref addref System[0x9d21ca0] -> System.Xml[0x9613f90]: 3 (in domain Mono, info)
Image addref GodotTools[0xa2ec4e0] (asmctx DEFAULT) -> /snap/gd-godot-engine-mono-snapcraft/23/godot-engine-mono/GodotSharp/Tools/GodotTools.dll[0xa2c9950]: 3 (in domain Mono, info)
Prepared to set up assembly 'GodotTools' (/snap/gd-godot-engine-mono-snapcraft/23/godot-engine-mono/GodotSharp/Tools/GodotTools.dll) (in domain Mono, info)
Assembly GodotTools[0xa2ec4e0] added to domain GodotEngine.Domain.Scripts, ref_count=1 (in domain Mono, info)
Image addref GodotTools.ProjectEditor[0xa2ff130] (asmctx DEFAULT) -> /snap/gd-godot-engine-mono-snapcraft/23/godot-engine-mono/GodotSharp/Tools/GodotTools.ProjectEditor.dll[0xa2ecbf0]: 3 (in domain Mono, info)
Prepared to set up assembly 'GodotTools.ProjectEditor' (/snap/gd-godot-engine-mono-snapcraft/23/godot-engine-mono/GodotSharp/Tools/GodotTools.ProjectEditor.dll) (in domain Mono, info)
Assembly GodotTools.ProjectEditor[0xa2ff130] added to domain GodotEngine.Domain.Scripts, ref_count=1 (in domain Mono, info)
Image addref tradeTest[0xa2abd40] (asmctx DEFAULT) -> /home/cal/snap/gd-godot-engine-mono-snapcraft/23/.mono/temp/bin/Debug/tradeTest.dll[0xa308d30]: 3 (in domain Mono, info)
Prepared to set up assembly 'tradeTest' (/home/cal/snap/gd-godot-engine-mono-snapcraft/23/.mono/temp/bin/Debug/tradeTest.dll) (in domain Mono, info)
Assembly tradeTest[0xa2abd40] added to domain GodotEngine.Domain.Scripts, ref_count=1 (in domain Mono, info)
Requesting loading reference 1 (of 2) of /home/cal/snap/gd-godot-engine-mono-snapcraft/23/.mono/temp/bin/Debug/tradeTest.dll (in domain Mono, info)
Loading reference 1 of /home/cal/snap/gd-godot-engine-mono-snapcraft/23/.mono/temp/bin/Debug/tradeTest.dll asmctx DEFAULT, looking for GodotSharp, Version=1.0.0.0, Culture=neutral, PublicKeyToken=null (in domain Mono, info)
Assembly Ref addref tradeTest[0xa2abd40] -> GodotSharp[0x9e844e0]: 2 (in domain Mono, info)
Requesting loading reference 0 (of 2) of /home/cal/snap/gd-godot-engine-mono-snapcraft/23/.mono/temp/bin/Debug/tradeTest.dll (in domain Mono, info)
Loading reference 0 of /home/cal/snap/gd-godot-engine-mono-snapcraft/23/.mono/temp/bin/Debug/tradeTest.dll asmctx DEFAULT, looking for mscorlib, Version=4.0.0.0, Culture=neutral, PublicKeyToken=b77a5c561934e089 (in domain Mono, info)
Assembly Ref addref tradeTest[0xa2abd40] -> mscorlib[0x9558bf0]: 7 (in domain Mono, info)
Requesting loading reference 1 (of 16) of /snap/gd-godot-engine-mono-snapcraft/23/godot-engine-mono/GodotSharp/Mono/lib/mono/4.5/Facades/netstandard.dll (in domain Mono, info)
Loading reference 1 of /snap/gd-godot-engine-mono-snapcraft/23/godot-engine-mono/GodotSharp/Mono/lib/mono/4.5/Facades/netstandard.dll asmctx DEFAULT, looking for System.Core, Version=4.0.0.0, Culture=neutral, PublicKeyToken=b77a5c561934e089 (in domain Mono, info)
Image addref System.Core[0xb785b80] (asmctx DEFAULT) -> /snap/gd-godot-engine-mono-snapcraft/23/godot-engine-mono/GodotSharp/Mono/lib/mono/4.5/System.Core.dll[0xbb54700]: 2 (in domain Mono, info)
Prepared to set up assembly 'System.Core' (/snap/gd-godot-engine-mono-snapcraft/23/godot-engine-mono/GodotSharp/Mono/lib/mono/4.5/System.Core.dll) (in domain Mono, info)
Assembly System.Core[0xb785b80] added to domain GodotEngine.Domain.Scripts, ref_count=1 (in domain Mono, info)
Assembly Ref addref netstandard[0x95af390] -> System.Core[0xb785b80]: 2 (in domain Mono, info)
Requesting loading reference 0 (of 2) of /snap/gd-godot-engine-mono-snapcraft/23/godot-engine-mono/GodotSharp/Mono/lib/mono/4.5/System.Core.dll (in domain Mono, info)
Loading reference 0 of /snap/gd-godot-engine-mono-snapcraft/23/godot-engine-mono/GodotSharp/Mono/lib/mono/4.5/System.Core.dll asmctx DEFAULT, looking for mscorlib, Version=4.0.0.0, Culture=neutral, PublicKeyToken=b77a5c561934e089 (in domain Mono, info)
Assembly Ref addref System.Core[0xb785b80] -> mscorlib[0x9558bf0]: 8 (in domain Mono, info)
GC_MAJOR: (user request) time 0.40ms, stw 0.62ms los size: 1024K in use: 64K (in domain Mono, info)
GC_MAJOR_SWEEP: major size: 1040K in use: 189K (in domain Mono, info)
GC_MAJOR: (user request) time 0.13ms, stw 0.17ms los size: 1024K in use: 64K (in domain Mono, info)
GC_MAJOR_SWEEP: major size: 1056K in use: 189K (in domain Mono, info)
GC_MAJOR: (user request) time 0.13ms, stw 0.32ms los size: 1024K in use: 64K (in domain Mono, info)
GC_MAJOR_SWEEP: major size: 1056K in use: 189K (in domain Mono, info)
GC_MINOR: (user request) time 0.04ms, stw 0.06ms promoted 0K major size: 1056K in use: 189K los size: 1024K in use: 64K (in domain Mono, info)
Unloading domain GodotEngine.Domain.Scripts[0x95c5ff0], assembly mscorlib[0x9558bf0], ref_count=8 (in domain Mono, info)
Unloading domain GodotEngine.Domain.Scripts[0x95c5ff0], assembly GodotSharp[0x9e844e0], ref_count=2 (in domain Mono, info)
Unloading domain GodotEngine.Domain.Scripts[0x95c5ff0], assembly netstandard[0x95af390], ref_count=3 (in domain Mono, info)
Unloading domain GodotEngine.Domain.Scripts[0x95c5ff0], assembly GodotSharpEditor[0x9cc3d90], ref_count=1 (in domain Mono, info)
Unloading assembly GodotSharpEditor [0x9cc3d90]. (in domain Mono, info)
Unloading image data-0x9d24780 [0x9cc2ba0]. (in domain Mono, info)
Unloading image /home/cal/snap/gd-godot-engine-mono-snapcraft/23/.mono/assemblies/Debug/GodotSharpEditor.dll [0x9cc1e00]. (in domain Mono, info)
Unloading domain GodotEngine.Domain.Scripts[0x95c5ff0], assembly System[0x9d21ca0], ref_count=4 (in domain Mono, info)
Unloading domain GodotEngine.Domain.Scripts[0x95c5ff0], assembly System.Configuration[0x9610590], ref_count=2 (in domain Mono, info)
Unloading domain GodotEngine.Domain.Scripts[0x95c5ff0], assembly System.Xml[0x9613f90], ref_count=3 (in domain Mono, info)
Unloading domain GodotEngine.Domain.Scripts[0x95c5ff0], assembly GodotTools[0xa2ec4e0], ref_count=1 (in domain Mono, info)
Unloading assembly GodotTools [0xa2ec4e0]. (in domain Mono, info)
Unloading image data-0xa2ef8f0 [0xa302960]. (in domain Mono, info)
Unloading image /snap/gd-godot-engine-mono-snapcraft/23/godot-engine-mono/GodotSharp/Tools/GodotTools.dll [0xa2c9950]. (in domain Mono, info)
Unloading domain GodotEngine.Domain.Scripts[0x95c5ff0], assembly GodotTools.ProjectEditor[0xa2ff130], ref_count=1 (in domain Mono, info)
Unloading assembly GodotTools.ProjectEditor [0xa2ff130]. (in domain Mono, info)
Unloading image data-0xa2fbcb0 [0xa2fdf90]. (in domain Mono, info)
Unloading image /snap/gd-godot-engine-mono-snapcraft/23/godot-engine-mono/GodotSharp/Tools/GodotTools.ProjectEditor.dll [0xa2ecbf0]. (in domain Mono, info)
Unloading domain GodotEngine.Domain.Scripts[0x95c5ff0], assembly tradeTest[0xa2abd40], ref_count=1 (in domain Mono, info)
Unloading assembly tradeTest [0xa2abd40]. (in domain Mono, info)
Unloading image data-0xa309450 [0xa30a090]. (in domain Mono, info)
Unloading image /home/cal/snap/gd-godot-engine-mono-snapcraft/23/.mono/temp/bin/Debug/tradeTest.dll [0xa308d30]. (in domain Mono, info)
Unloading assembly GodotSharp [0x9e844e0]. (in domain Mono, info)
Unloading image data-0x9d9ec50 [0x9c9da80]. (in domain Mono, info)
Unloading image /home/cal/snap/gd-godot-engine-mono-snapcraft/23/.mono/assemblies/Debug/GodotSharp.dll [0x96087b0]. (in domain Mono, info)
Unloading assembly netstandard [0x95af390]. (in domain Mono, info)
Unloading image /snap/gd-godot-engine-mono-snapcraft/23/godot-engine-mono/GodotSharp/Mono/lib/mono/4.5/Facades/netstandard.dll [0x9cdb520]. (in domain Mono, info)
Unloading domain GodotEngine.Domain.Scripts[0x95c5ff0], assembly System.Core[0xb785b80], ref_count=1 (in domain Mono, info)
Unloading assembly System.Core [0xb785b80]. (in domain Mono, info)
Unloading image /snap/gd-godot-engine-mono-snapcraft/23/godot-engine-mono/GodotSharp/Mono/lib/mono/4.5/System.Core.dll [0xbb54700]. (in domain Mono, info)
GC_MAJOR: (user request) time 0.05ms, stw 0.30ms los size: 0K in use: 0K (in domain Mono, info)
GC_MAJOR_SWEEP: major size: 240K in use: 2K (in domain Mono, info)
GC_MAJOR: (user request) time 0.06ms, stw 0.24ms los size: 0K in use: 0K (in domain Mono, info)
GC_MAJOR_SWEEP: major size: 240K in use: 2K (in domain Mono, info)
Unloading domain GodotEngine.RootDomain[0x9552130], assembly mscorlib[0x9558bf0], ref_count=4 (in domain Mono, info)
Assembly image '/snap/gd-godot-engine-mono-snapcraft/23/godot-engine-mono/GodotSharp/Mono/lib/mono/4.5/System.Configuration.dll' [0x9d9ab50] still loaded at shutdown. (in domain Mono, info)
Assembly image '/snap/gd-godot-engine-mono-snapcraft/23/godot-engine-mono/GodotSharp/Mono/lib/mono/4.5/mscorlib.dll' [0x9557420] still loaded at shutdown. (in domain Mono, info)
Assembly image '/snap/gd-godot-engine-mono-snapcraft/23/godot-engine-mono/GodotSharp/Mono/lib/mono/4.5/System.dll' [0x9d03b40] still loaded at shutdown. (in domain Mono, info)
Assembly image '/snap/gd-godot-engine-mono-snapcraft/23/godot-engine-mono/GodotSharp/Mono/lib/mono/4.5/System.Xml.dll' [0x9615240] still loaded at shutdown. (in domain Mono, info)
