Config attempting to parse: '/snap/gd-godot-engine-mono-snapcraft/23/godot-engine-mono/GodotSharp/Mono/etc/mono/config'. (in domain Mono, info)
Config attempting to parse: '/home/cal/snap/gd-godot-engine-mono-snapcraft/23/.mono/config'. (in domain Mono, info)
Image addref mscorlib[0x9a61aa0] (asmctx DEFAULT) -> /snap/gd-godot-engine-mono-snapcraft/23/godot-engine-mono/GodotSharp/Mono/lib/mono/4.5/mscorlib.dll[0x9a603b0]: 2 (in domain Mono, info)
Prepared to set up assembly 'mscorlib' (/snap/gd-godot-engine-mono-snapcraft/23/godot-engine-mono/GodotSharp/Mono/lib/mono/4.5/mscorlib.dll) (in domain Mono, info)
AOT: image '/snap/gd-godot-engine-mono-snapcraft/23/godot-engine-mono/GodotSharp/Mono/lib/mono/4.5/mscorlib.dll.so' not found: /snap/gd-godot-engine-mono-snapcraft/23/godot-engine-mono/GodotSharp/Mono/lib/mono/4.5/mscorlib.dll.so: cannot open shared object file: No such file or directory (in domain Mono, info)
AOT: image '/snap/gd-godot-engine-mono-snapcraft/23/godot-engine-mono/GodotSharp/Mono/lib/mono/aot-cache/amd64/mscorlib.dll.so' not found: /snap/gd-godot-engine-mono-snapcraft/23/godot-engine-mono/GodotSharp/Mono/lib/mono/aot-cache/amd64/mscorlib.dll.so: cannot open shared object file: No such file or directory (in domain Mono, info)
Assembly mscorlib[0x9a61aa0] added to domain GodotEngine.RootDomain, ref_count=1 (in domain Mono, info)
Assembly mscorlib[0x9a61aa0] added to domain GodotEngine.Domain.Scripts, ref_count=2 (in domain Mono, info)
Image addref GodotSharp[0xa21c400] (asmctx DEFAULT) -> /home/cal/snap/gd-godot-engine-mono-snapcraft/23/.mono/assemblies/Debug/GodotSharp.dll[0x9b86fd0]: 2 (in domain Mono, info)
Prepared to set up assembly 'GodotSharp' (/home/cal/snap/gd-godot-engine-mono-snapcraft/23/.mono/assemblies/Debug/GodotSharp.dll) (in domain Mono, info)
Assembly GodotSharp[0xa21c400] added to domain GodotEngine.Domain.Scripts, ref_count=1 (in domain Mono, info)
Requesting loading reference 0 (of 1) of /home/cal/snap/gd-godot-engine-mono-snapcraft/23/.mono/assemblies/Debug/GodotSharp.dll (in domain Mono, info)
Loading reference 0 of /home/cal/snap/gd-godot-engine-mono-snapcraft/23/.mono/assemblies/Debug/GodotSharp.dll asmctx DEFAULT, looking for netstandard, Version=2.0.0.0, Culture=neutral, PublicKeyToken=cc7b13ffcd2ddd51 (in domain Mono, info)
Config attempting to parse: ''. (in domain Mono, info)
Image addref netstandard[0x9b2c130] (asmctx DEFAULT) -> /snap/gd-godot-engine-mono-snapcraft/23/godot-engine-mono/GodotSharp/Mono/lib/mono/4.5/Facades/netstandard.dll[0x9bc4cb0]: 2 (in domain Mono, info)
Prepared to set up assembly 'netstandard' (/snap/gd-godot-engine-mono-snapcraft/23/godot-engine-mono/GodotSharp/Mono/lib/mono/4.5/Facades/netstandard.dll) (in domain Mono, info)
Assembly netstandard[0x9b2c130] added to domain GodotEngine.Domain.Scripts, ref_count=1 (in domain Mono, info)
Assembly Ref addref GodotSharp[0xa21c400] -> netstandard[0x9b2c130]: 2 (in domain Mono, info)
Requesting loading reference 0 (of 16) of /snap/gd-godot-engine-mono-snapcraft/23/godot-engine-mono/GodotSharp/Mono/lib/mono/4.5/Facades/netstandard.dll (in domain Mono, info)
Loading reference 0 of /snap/gd-godot-engine-mono-snapcraft/23/godot-engine-mono/GodotSharp/Mono/lib/mono/4.5/Facades/netstandard.dll asmctx DEFAULT, looking for mscorlib, Version=4.0.0.0, Culture=neutral, PublicKeyToken=b77a5c561934e089 (in domain Mono, info)
Assembly Ref addref netstandard[0x9b2c130] -> mscorlib[0x9a61aa0]: 3 (in domain Mono, info)
Image addref GodotSharpEditor[0x9bad9b0] (asmctx DEFAULT) -> /home/cal/snap/gd-godot-engine-mono-snapcraft/23/.mono/assemblies/Debug/GodotSharpEditor.dll[0x9baa950]: 2 (in domain Mono, info)
Prepared to set up assembly 'GodotSharpEditor' (/home/cal/snap/gd-godot-engine-mono-snapcraft/23/.mono/assemblies/Debug/GodotSharpEditor.dll) (in domain Mono, info)
Assembly GodotSharpEditor[0x9bad9b0] added to domain GodotEngine.Domain.Scripts, ref_count=1 (in domain Mono, info)
Requesting loading reference 0 (of 2) of /home/cal/snap/gd-godot-engine-mono-snapcraft/23/.mono/assemblies/Debug/GodotSharpEditor.dll (in domain Mono, info)
Loading reference 0 of /home/cal/snap/gd-godot-engine-mono-snapcraft/23/.mono/assemblies/Debug/GodotSharpEditor.dll asmctx DEFAULT, looking for netstandard, Version=2.0.0.0, Culture=neutral, PublicKeyToken=cc7b13ffcd2ddd51 (in domain Mono, info)
Assembly Ref addref GodotSharpEditor[0x9bad9b0] -> netstandard[0x9b2c130]: 3 (in domain Mono, info)
Requesting loading reference 2 (of 16) of /snap/gd-godot-engine-mono-snapcraft/23/godot-engine-mono/GodotSharp/Mono/lib/mono/4.5/Facades/netstandard.dll (in domain Mono, info)
Loading reference 2 of /snap/gd-godot-engine-mono-snapcraft/23/godot-engine-mono/GodotSharp/Mono/lib/mono/4.5/Facades/netstandard.dll asmctx DEFAULT, looking for System, Version=4.0.0.0, Culture=neutral, PublicKeyToken=b77a5c561934e089 (in domain Mono, info)
Image addref System[0x9b87b10] (asmctx DEFAULT) -> /snap/gd-godot-engine-mono-snapcraft/23/godot-engine-mono/GodotSharp/Mono/lib/mono/4.5/System.dll[0x9be4670]: 2 (in domain Mono, info)
Prepared to set up assembly 'System' (/snap/gd-godot-engine-mono-snapcraft/23/godot-engine-mono/GodotSharp/Mono/lib/mono/4.5/System.dll) (in domain Mono, info)
Assembly System[0x9b87b10] added to domain GodotEngine.Domain.Scripts, ref_count=1 (in domain Mono, info)
Assembly Ref addref netstandard[0x9b2c130] -> System[0x9b87b10]: 2 (in domain Mono, info)
Requesting loading reference 0 (of 6) of /snap/gd-godot-engine-mono-snapcraft/23/godot-engine-mono/GodotSharp/Mono/lib/mono/4.5/System.dll (in domain Mono, info)
Loading reference 0 of /snap/gd-godot-engine-mono-snapcraft/23/godot-engine-mono/GodotSharp/Mono/lib/mono/4.5/System.dll asmctx DEFAULT, looking for mscorlib, Version=4.0.0.0, Culture=neutral, PublicKeyToken=b77a5c561934e089 (in domain Mono, info)
Assembly Ref addref System[0x9b87b10] -> mscorlib[0x9a61aa0]: 4 (in domain Mono, info)
Requesting loading reference 2 (of 6) of /snap/gd-godot-engine-mono-snapcraft/23/godot-engine-mono/GodotSharp/Mono/lib/mono/4.5/System.dll (in domain Mono, info)
Loading reference 2 of /snap/gd-godot-engine-mono-snapcraft/23/godot-engine-mono/GodotSharp/Mono/lib/mono/4.5/System.dll asmctx DEFAULT, looking for System.Configuration, Version=4.0.0.0, Culture=neutral, PublicKeyToken=b03f5f7f11d50a3a (in domain Mono, info)
Image addref System.Configuration[0x9eed070] (asmctx DEFAULT) -> /snap/gd-godot-engine-mono-snapcraft/23/godot-engine-mono/GodotSharp/Mono/lib/mono/4.5/System.Configuration.dll[0x9eefe30]: 2 (in domain Mono, info)
Prepared to set up assembly 'System.Configuration' (/snap/gd-godot-engine-mono-snapcraft/23/godot-engine-mono/GodotSharp/Mono/lib/mono/4.5/System.Configuration.dll) (in domain Mono, info)
Assembly System.Configuration[0x9eed070] added to domain GodotEngine.Domain.Scripts, ref_count=1 (in domain Mono, info)
Assembly Ref addref System[0x9b87b10] -> System.Configuration[0x9eed070]: 2 (in domain Mono, info)
Requesting loading reference 0 (of 4) of /snap/gd-godot-engine-mono-snapcraft/23/godot-engine-mono/GodotSharp/Mono/lib/mono/4.5/System.Configuration.dll (in domain Mono, info)
Loading reference 0 of /snap/gd-godot-engine-mono-snapcraft/23/godot-engine-mono/GodotSharp/Mono/lib/mono/4.5/System.Configuration.dll asmctx DEFAULT, looking for mscorlib, Version=4.0.0.0, Culture=neutral, PublicKeyToken=b77a5c561934e089 (in domain Mono, info)
Assembly Ref addref System.Configuration[0x9eed070] -> mscorlib[0x9a61aa0]: 5 (in domain Mono, info)
Requesting loading reference 2 (of 4) of /snap/gd-godot-engine-mono-snapcraft/23/godot-engine-mono/GodotSharp/Mono/lib/mono/4.5/System.Configuration.dll (in domain Mono, info)
Loading reference 2 of /snap/gd-godot-engine-mono-snapcraft/23/godot-engine-mono/GodotSharp/Mono/lib/mono/4.5/System.Configuration.dll asmctx DEFAULT, looking for System, Version=4.0.0.0, Culture=neutral, PublicKeyToken=b77a5c561934e089 (in domain Mono, info)
Assembly Ref addref System.Configuration[0x9eed070] -> System[0x9b87b10]: 3 (in domain Mono, info)
Requesting loading reference 1 (of 4) of /snap/gd-godot-engine-mono-snapcraft/23/godot-engine-mono/GodotSharp/Mono/lib/mono/4.5/System.Configuration.dll (in domain Mono, info)
Loading reference 1 of /snap/gd-godot-engine-mono-snapcraft/23/godot-engine-mono/GodotSharp/Mono/lib/mono/4.5/System.Configuration.dll asmctx DEFAULT, looking for System.Xml, Version=4.0.0.0, Culture=neutral, PublicKeyToken=b77a5c561934e089 (in domain Mono, info)
Image addref System.Xml[0x9ee4f40] (asmctx DEFAULT) -> /snap/gd-godot-engine-mono-snapcraft/23/godot-engine-mono/GodotSharp/Mono/lib/mono/4.5/System.Xml.dll[0x9efcc90]: 2 (in domain Mono, info)
Prepared to set up assembly 'System.Xml' (/snap/gd-godot-engine-mono-snapcraft/23/godot-engine-mono/GodotSharp/Mono/lib/mono/4.5/System.Xml.dll) (in domain Mono, info)
Assembly System.Xml[0x9ee4f40] added to domain GodotEngine.Domain.Scripts, ref_count=1 (in domain Mono, info)
Assembly Ref addref System.Configuration[0x9eed070] -> System.Xml[0x9ee4f40]: 2 (in domain Mono, info)
Requesting loading reference 0 (of 3) of /snap/gd-godot-engine-mono-snapcraft/23/godot-engine-mono/GodotSharp/Mono/lib/mono/4.5/System.Xml.dll (in domain Mono, info)
Loading reference 0 of /snap/gd-godot-engine-mono-snapcraft/23/godot-engine-mono/GodotSharp/Mono/lib/mono/4.5/System.Xml.dll asmctx DEFAULT, looking for mscorlib, Version=4.0.0.0, Culture=neutral, PublicKeyToken=b77a5c561934e089 (in domain Mono, info)
Assembly Ref addref System.Xml[0x9ee4f40] -> mscorlib[0x9a61aa0]: 6 (in domain Mono, info)
DllImport attempting to load: '/snap/gd-godot-engine-mono-snapcraft/23/godot-engine-mono/GodotSharp/Mono/lib/../lib/libmono-native.so'. (in domain Mono, info)
DllImport loaded library '/snap/gd-godot-engine-mono-snapcraft/23/godot-engine-mono/GodotSharp/Mono/lib/../lib/libmono-native.so'. (in domain Mono, info)
DllImport searching in: '/snap/gd-godot-engine-mono-snapcraft/23/godot-engine-mono/GodotSharp/Mono/lib/../lib/libmono-native.so' ('/snap/gd-godot-engine-mono-snapcraft/23/godot-engine-mono/GodotSharp/Mono/lib/../lib/libmono-native.so'). (in domain Mono, info)
Searching for 'SystemNative_GetNonCryptographicallySecureRandomBytes'. (in domain Mono, info)
Probing 'SystemNative_GetNonCryptographicallySecureRandomBytes'. (in domain Mono, info)
Found as 'SystemNative_GetNonCryptographicallySecureRandomBytes'. (in domain Mono, info)
DllImport searching in: '/snap/gd-godot-engine-mono-snapcraft/23/godot-engine-mono/GodotSharp/Mono/lib/../lib/libmono-native.so' ('/snap/gd-godot-engine-mono-snapcraft/23/godot-engine-mono/GodotSharp/Mono/lib/../lib/libmono-native.so'). (in domain Mono, info)
Searching for 'SystemNative_LChflagsCanSetHiddenFlag'. (in domain Mono, info)
Probing 'SystemNative_LChflagsCanSetHiddenFlag'. (in domain Mono, info)
Found as 'SystemNative_LChflagsCanSetHiddenFlag'. (in domain Mono, info)
DllImport searching in: '/snap/gd-godot-engine-mono-snapcraft/23/godot-engine-mono/GodotSharp/Mono/lib/../lib/libmono-native.so' ('/snap/gd-godot-engine-mono-snapcraft/23/godot-engine-mono/GodotSharp/Mono/lib/../lib/libmono-native.so'). (in domain Mono, info)
Searching for 'SystemNative_Stat2'. (in domain Mono, info)
Probing 'SystemNative_Stat2'. (in domain Mono, info)
Found as 'SystemNative_Stat2'. (in domain Mono, info)
DllImport searching in: '/snap/gd-godot-engine-mono-snapcraft/23/godot-engine-mono/GodotSharp/Mono/lib/../lib/libmono-native.so' ('/snap/gd-godot-engine-mono-snapcraft/23/godot-engine-mono/GodotSharp/Mono/lib/../lib/libmono-native.so'). (in domain Mono, info)
Searching for 'SystemNative_LStat2'. (in domain Mono, info)
Probing 'SystemNative_LStat2'. (in domain Mono, info)
Found as 'SystemNative_LStat2'. (in domain Mono, info)
DllImport searching in: '/snap/gd-godot-engine-mono-snapcraft/23/godot-engine-mono/GodotSharp/Mono/lib/../lib/libmono-native.so' ('/snap/gd-godot-engine-mono-snapcraft/23/godot-engine-mono/GodotSharp/Mono/lib/../lib/libmono-native.so'). (in domain Mono, info)
Searching for 'SystemNative_ConvertErrorPlatformToPal'. (in domain Mono, info)
Probing 'SystemNative_ConvertErrorPlatformToPal'. (in domain Mono, info)
Found as 'SystemNative_ConvertErrorPlatformToPal'. (in domain Mono, info)
Requesting loading reference 2 (of 3) of /snap/gd-godot-engine-mono-snapcraft/23/godot-engine-mono/GodotSharp/Mono/lib/mono/4.5/System.Xml.dll (in domain Mono, info)
Loading reference 2 of /snap/gd-godot-engine-mono-snapcraft/23/godot-engine-mono/GodotSharp/Mono/lib/mono/4.5/System.Xml.dll asmctx DEFAULT, looking for System, Version=4.0.0.0, Culture=neutral, PublicKeyToken=b77a5c561934e089 (in domain Mono, info)
Assembly Ref addref System.Xml[0x9ee4f40] -> System[0x9b87b10]: 4 (in domain Mono, info)
Requesting loading reference 3 (of 6) of /snap/gd-godot-engine-mono-snapcraft/23/godot-engine-mono/GodotSharp/Mono/lib/mono/4.5/System.dll (in domain Mono, info)
Loading reference 3 of /snap/gd-godot-engine-mono-snapcraft/23/godot-engine-mono/GodotSharp/Mono/lib/mono/4.5/System.dll asmctx DEFAULT, looking for System.Xml, Version=4.0.0.0, Culture=neutral, PublicKeyToken=b77a5c561934e089 (in domain Mono, info)
Assembly Ref addref System[0x9b87b10] -> System.Xml[0x9ee4f40]: 3 (in domain Mono, info)
Image addref GodotTools[0xa318170] (asmctx DEFAULT) -> /snap/gd-godot-engine-mono-snapcraft/23/godot-engine-mono/GodotSharp/Tools/GodotTools.dll[0xa3c31a0]: 2 (in domain Mono, info)
Prepared to set up assembly 'GodotTools' (/snap/gd-godot-engine-mono-snapcraft/23/godot-engine-mono/GodotSharp/Tools/GodotTools.dll) (in domain Mono, info)
Assembly GodotTools[0xa318170] added to domain GodotEngine.Domain.Scripts, ref_count=1 (in domain Mono, info)
Image addref GodotTools.ProjectEditor[0x9ed3fa0] (asmctx DEFAULT) -> /snap/gd-godot-engine-mono-snapcraft/23/godot-engine-mono/GodotSharp/Tools/GodotTools.ProjectEditor.dll[0xa3d16d0]: 2 (in domain Mono, info)
Prepared to set up assembly 'GodotTools.ProjectEditor' (/snap/gd-godot-engine-mono-snapcraft/23/godot-engine-mono/GodotSharp/Tools/GodotTools.ProjectEditor.dll) (in domain Mono, info)
Assembly GodotTools.ProjectEditor[0x9ed3fa0] added to domain GodotEngine.Domain.Scripts, ref_count=1 (in domain Mono, info)
Image addref tradeTest[0xa288e60] (asmctx DEFAULT) -> /home/cal/snap/gd-godot-engine-mono-snapcraft/23/.mono/temp/bin/Debug/tradeTest.dll[0xa3d7390]: 2 (in domain Mono, info)
Prepared to set up assembly 'tradeTest' (/home/cal/snap/gd-godot-engine-mono-snapcraft/23/.mono/temp/bin/Debug/tradeTest.dll) (in domain Mono, info)
Assembly tradeTest[0xa288e60] added to domain GodotEngine.Domain.Scripts, ref_count=1 (in domain Mono, info)
Requesting loading reference 2 (of 11) of /snap/gd-godot-engine-mono-snapcraft/23/godot-engine-mono/GodotSharp/Tools/GodotTools.dll (in domain Mono, info)
Loading reference 2 of /snap/gd-godot-engine-mono-snapcraft/23/godot-engine-mono/GodotSharp/Tools/GodotTools.dll asmctx DEFAULT, looking for GodotSharpEditor, Version=1.0.0.0, Culture=neutral, PublicKeyToken=null (in domain Mono, info)
Assembly Ref addref GodotTools[0xa318170] -> GodotSharpEditor[0x9bad9b0]: 2 (in domain Mono, info)
Requesting loading reference 1 (of 2) of /home/cal/snap/gd-godot-engine-mono-snapcraft/23/.mono/assemblies/Debug/GodotSharpEditor.dll (in domain Mono, info)
Loading reference 1 of /home/cal/snap/gd-godot-engine-mono-snapcraft/23/.mono/assemblies/Debug/GodotSharpEditor.dll asmctx DEFAULT, looking for GodotSharp, Version=1.0.0.0, Culture=neutral, PublicKeyToken=null (in domain Mono, info)
Assembly Ref addref GodotSharpEditor[0x9bad9b0] -> GodotSharp[0xa21c400]: 2 (in domain Mono, info)
Requesting loading reference 1 (of 11) of /snap/gd-godot-engine-mono-snapcraft/23/godot-engine-mono/GodotSharp/Tools/GodotTools.dll (in domain Mono, info)
Loading reference 1 of /snap/gd-godot-engine-mono-snapcraft/23/godot-engine-mono/GodotSharp/Tools/GodotTools.dll asmctx DEFAULT, looking for GodotSharp, Version=1.0.0.0, Culture=neutral, PublicKeyToken=null (in domain Mono, info)
Assembly Ref addref GodotTools[0xa318170] -> GodotSharp[0xa21c400]: 3 (in domain Mono, info)
Requesting loading reference 0 (of 11) of /snap/gd-godot-engine-mono-snapcraft/23/godot-engine-mono/GodotSharp/Tools/GodotTools.dll (in domain Mono, info)
Loading reference 0 of /snap/gd-godot-engine-mono-snapcraft/23/godot-engine-mono/GodotSharp/Tools/GodotTools.dll asmctx DEFAULT, looking for mscorlib, Version=4.0.0.0, Culture=neutral, PublicKeyToken=b77a5c561934e089 (in domain Mono, info)
Assembly Ref addref GodotTools[0xa318170] -> mscorlib[0x9a61aa0]: 7 (in domain Mono, info)
Requesting loading reference 3 (of 11) of /snap/gd-godot-engine-mono-snapcraft/23/godot-engine-mono/GodotSharp/Tools/GodotTools.dll (in domain Mono, info)
Loading reference 3 of /snap/gd-godot-engine-mono-snapcraft/23/godot-engine-mono/GodotSharp/Tools/GodotTools.dll asmctx DEFAULT, looking for GodotTools.ProjectEditor, Version=1.0.0.0, Culture=neutral, PublicKeyToken=null (in domain Mono, info)
Assembly Ref addref GodotTools[0xa318170] -> GodotTools.ProjectEditor[0x9ed3fa0]: 2 (in domain Mono, info)
Requesting loading reference 0 (of 8) of /snap/gd-godot-engine-mono-snapcraft/23/godot-engine-mono/GodotSharp/Tools/GodotTools.ProjectEditor.dll (in domain Mono, info)
Loading reference 0 of /snap/gd-godot-engine-mono-snapcraft/23/godot-engine-mono/GodotSharp/Tools/GodotTools.ProjectEditor.dll asmctx DEFAULT, looking for mscorlib, Version=4.0.0.0, Culture=neutral, PublicKeyToken=b77a5c561934e089 (in domain Mono, info)
Assembly Ref addref GodotTools.ProjectEditor[0x9ed3fa0] -> mscorlib[0x9a61aa0]: 8 (in domain Mono, info)
Requesting loading reference 3 (of 8) of /snap/gd-godot-engine-mono-snapcraft/23/godot-engine-mono/GodotSharp/Tools/GodotTools.ProjectEditor.dll (in domain Mono, info)
Loading reference 3 of /snap/gd-godot-engine-mono-snapcraft/23/godot-engine-mono/GodotSharp/Tools/GodotTools.ProjectEditor.dll asmctx DEFAULT, looking for Microsoft.Build, Version=15.1.0.0, Culture=neutral, PublicKeyToken=b03f5f7f11d50a3a (in domain Mono, info)
Unloading image /snap/gd-godot-engine-mono-snapcraft/23/godot-engine-mono/GodotSharp/Mono/lib/mono/4.5/Microsoft.Build.dll [0xa352780]. (in domain Mono, info)
Image addref Microsoft.Build[0x15a9d4c0] (asmctx DEFAULT) -> /snap/gd-godot-engine-mono-snapcraft/23/godot-engine-mono/GodotSharp/Tools/Microsoft.Build.dll[0xa352780]: 2 (in domain Mono, info)
Prepared to set up assembly 'Microsoft.Build' (/snap/gd-godot-engine-mono-snapcraft/23/godot-engine-mono/GodotSharp/Tools/Microsoft.Build.dll) (in domain Mono, info)
Assembly Microsoft.Build[0x15a9d4c0] added to domain GodotEngine.Domain.Scripts, ref_count=1 (in domain Mono, info)
Assembly Ref addref GodotTools.ProjectEditor[0x9ed3fa0] -> Microsoft.Build[0x15a9d4c0]: 2 (in domain Mono, info)
Requesting loading reference 0 (of 10) of /snap/gd-godot-engine-mono-snapcraft/23/godot-engine-mono/GodotSharp/Tools/Microsoft.Build.dll (in domain Mono, info)
Loading reference 0 of /snap/gd-godot-engine-mono-snapcraft/23/godot-engine-mono/GodotSharp/Tools/Microsoft.Build.dll asmctx DEFAULT, looking for mscorlib, Version=4.0.0.0, Culture=neutral, PublicKeyToken=b77a5c561934e089 (in domain Mono, info)
Assembly Ref addref Microsoft.Build[0x15a9d4c0] -> mscorlib[0x9a61aa0]: 9 (in domain Mono, info)
Requesting loading reference 3 (of 10) of /snap/gd-godot-engine-mono-snapcraft/23/godot-engine-mono/GodotSharp/Tools/Microsoft.Build.dll (in domain Mono, info)
Loading reference 3 of /snap/gd-godot-engine-mono-snapcraft/23/godot-engine-mono/GodotSharp/Tools/Microsoft.Build.dll asmctx DEFAULT, looking for Microsoft.Build.Framework, Version=15.1.0.0, Culture=neutral, PublicKeyToken=b03f5f7f11d50a3a (in domain Mono, info)
Unloading image /snap/gd-godot-engine-mono-snapcraft/23/godot-engine-mono/GodotSharp/Mono/lib/mono/4.5/Microsoft.Build.Framework.dll [0x15ad51d0]. (in domain Mono, info)
Image addref Microsoft.Build.Framework[0x15ac5f80] (asmctx DEFAULT) -> /snap/gd-godot-engine-mono-snapcraft/23/godot-engine-mono/GodotSharp/Tools/Microsoft.Build.Framework.dll[0x15ac51a0]: 2 (in domain Mono, info)
Prepared to set up assembly 'Microsoft.Build.Framework' (/snap/gd-godot-engine-mono-snapcraft/23/godot-engine-mono/GodotSharp/Tools/Microsoft.Build.Framework.dll) (in domain Mono, info)
Assembly Microsoft.Build.Framework[0x15ac5f80] added to domain GodotEngine.Domain.Scripts, ref_count=1 (in domain Mono, info)
Assembly Ref addref Microsoft.Build[0x15a9d4c0] -> Microsoft.Build.Framework[0x15ac5f80]: 2 (in domain Mono, info)
Requesting loading reference 1 (of 10) of /snap/gd-godot-engine-mono-snapcraft/23/godot-engine-mono/GodotSharp/Tools/Microsoft.Build.dll (in domain Mono, info)
Loading reference 1 of /snap/gd-godot-engine-mono-snapcraft/23/godot-engine-mono/GodotSharp/Tools/Microsoft.Build.dll asmctx DEFAULT, looking for System, Version=4.0.0.0, Culture=neutral, PublicKeyToken=b77a5c561934e089 (in domain Mono, info)
Assembly Ref addref Microsoft.Build[0x15a9d4c0] -> System[0x9b87b10]: 5 (in domain Mono, info)
Requesting loading reference 9 (of 11) of /snap/gd-godot-engine-mono-snapcraft/23/godot-engine-mono/GodotSharp/Tools/GodotTools.dll (in domain Mono, info)
Loading reference 9 of /snap/gd-godot-engine-mono-snapcraft/23/godot-engine-mono/GodotSharp/Tools/GodotTools.dll asmctx DEFAULT, looking for GodotTools.Core, Version=1.0.0.0, Culture=neutral, PublicKeyToken=null (in domain Mono, info)
Image addref GodotTools.Core[0x15acfbd0] (asmctx DEFAULT) -> /snap/gd-godot-engine-mono-snapcraft/23/godot-engine-mono/GodotSharp/Tools/GodotTools.Core.dll[0x15ad3ec0]: 2 (in domain Mono, info)
Prepared to set up assembly 'GodotTools.Core' (/snap/gd-godot-engine-mono-snapcraft/23/godot-engine-mono/GodotSharp/Tools/GodotTools.Core.dll) (in domain Mono, info)
Assembly GodotTools.Core[0x15acfbd0] added to domain GodotEngine.Domain.Scripts, ref_count=1 (in domain Mono, info)
Assembly Ref addref GodotTools[0xa318170] -> GodotTools.Core[0x15acfbd0]: 2 (in domain Mono, info)
Requesting loading reference 0 (of 1) of /snap/gd-godot-engine-mono-snapcraft/23/godot-engine-mono/GodotSharp/Tools/GodotTools.Core.dll (in domain Mono, info)
Loading reference 0 of /snap/gd-godot-engine-mono-snapcraft/23/godot-engine-mono/GodotSharp/Tools/GodotTools.Core.dll asmctx DEFAULT, looking for netstandard, Version=2.0.0.0, Culture=neutral, PublicKeyToken=cc7b13ffcd2ddd51 (in domain Mono, info)
Assembly Ref addref GodotTools.Core[0x15acfbd0] -> netstandard[0x9b2c130]: 4 (in domain Mono, info)
Requesting loading reference 1 (of 8) of /snap/gd-godot-engine-mono-snapcraft/23/godot-engine-mono/GodotSharp/Tools/GodotTools.ProjectEditor.dll (in domain Mono, info)
Loading reference 1 of /snap/gd-godot-engine-mono-snapcraft/23/godot-engine-mono/GodotSharp/Tools/GodotTools.ProjectEditor.dll asmctx DEFAULT, looking for System, Version=4.0.0.0, Culture=neutral, PublicKeyToken=b77a5c561934e089 (in domain Mono, info)
Assembly Ref addref GodotTools.ProjectEditor[0x9ed3fa0] -> System[0x9b87b10]: 6 (in domain Mono, info)
Requesting loading reference 2 (of 8) of /snap/gd-godot-engine-mono-snapcraft/23/godot-engine-mono/GodotSharp/Tools/GodotTools.ProjectEditor.dll (in domain Mono, info)
Loading reference 2 of /snap/gd-godot-engine-mono-snapcraft/23/godot-engine-mono/GodotSharp/Tools/GodotTools.ProjectEditor.dll asmctx DEFAULT, looking for System.Core, Version=4.0.0.0, Culture=neutral, PublicKeyToken=b77a5c561934e089 (in domain Mono, info)
Image addref System.Core[0x15adba90] (asmctx DEFAULT) -> /snap/gd-godot-engine-mono-snapcraft/23/godot-engine-mono/GodotSharp/Mono/lib/mono/4.5/System.Core.dll[0x15adaa70]: 2 (in domain Mono, info)
Prepared to set up assembly 'System.Core' (/snap/gd-godot-engine-mono-snapcraft/23/godot-engine-mono/GodotSharp/Mono/lib/mono/4.5/System.Core.dll) (in domain Mono, info)
Assembly System.Core[0x15adba90] added to domain GodotEngine.Domain.Scripts, ref_count=1 (in domain Mono, info)
Assembly Ref addref GodotTools.ProjectEditor[0x9ed3fa0] -> System.Core[0x15adba90]: 2 (in domain Mono, info)
Requesting loading reference 0 (of 2) of /snap/gd-godot-engine-mono-snapcraft/23/godot-engine-mono/GodotSharp/Mono/lib/mono/4.5/System.Core.dll (in domain Mono, info)
Loading reference 0 of /snap/gd-godot-engine-mono-snapcraft/23/godot-engine-mono/GodotSharp/Mono/lib/mono/4.5/System.Core.dll asmctx DEFAULT, looking for mscorlib, Version=4.0.0.0, Culture=neutral, PublicKeyToken=b77a5c561934e089 (in domain Mono, info)
Assembly Ref addref System.Core[0x15adba90] -> mscorlib[0x9a61aa0]: 10 (in domain Mono, info)
Requesting loading reference 6 (of 8) of /snap/gd-godot-engine-mono-snapcraft/23/godot-engine-mono/GodotSharp/Tools/GodotTools.ProjectEditor.dll (in domain Mono, info)
Loading reference 6 of /snap/gd-godot-engine-mono-snapcraft/23/godot-engine-mono/GodotSharp/Tools/GodotTools.ProjectEditor.dll asmctx DEFAULT, looking for GodotTools.Core, Version=1.0.0.0, Culture=neutral, PublicKeyToken=null (in domain Mono, info)
Assembly Ref addref GodotTools.ProjectEditor[0x9ed3fa0] -> GodotTools.Core[0x15acfbd0]: 3 (in domain Mono, info)
Requesting loading reference 5 (of 10) of /snap/gd-godot-engine-mono-snapcraft/23/godot-engine-mono/GodotSharp/Tools/Microsoft.Build.dll (in domain Mono, info)
Loading reference 5 of /snap/gd-godot-engine-mono-snapcraft/23/godot-engine-mono/GodotSharp/Tools/Microsoft.Build.dll asmctx DEFAULT, looking for System.Xml, Version=4.0.0.0, Culture=neutral, PublicKeyToken=b77a5c561934e089 (in domain Mono, info)
Assembly Ref addref Microsoft.Build[0x15a9d4c0] -> System.Xml[0x9ee4f40]: 4 (in domain Mono, info)
Requesting loading reference 0 (of 4) of /snap/gd-godot-engine-mono-snapcraft/23/godot-engine-mono/GodotSharp/Tools/Microsoft.Build.Framework.dll (in domain Mono, info)
Loading reference 0 of /snap/gd-godot-engine-mono-snapcraft/23/godot-engine-mono/GodotSharp/Tools/Microsoft.Build.Framework.dll asmctx DEFAULT, looking for mscorlib, Version=4.0.0.0, Culture=neutral, PublicKeyToken=b77a5c561934e089 (in domain Mono, info)
Assembly Ref addref Microsoft.Build.Framework[0x15ac5f80] -> mscorlib[0x9a61aa0]: 11 (in domain Mono, info)
Requesting loading reference 4 (of 10) of /snap/gd-godot-engine-mono-snapcraft/23/godot-engine-mono/GodotSharp/Tools/Microsoft.Build.dll (in domain Mono, info)
Loading reference 4 of /snap/gd-godot-engine-mono-snapcraft/23/godot-engine-mono/GodotSharp/Tools/Microsoft.Build.dll asmctx DEFAULT, looking for System.Core, Version=4.0.0.0, Culture=neutral, PublicKeyToken=b77a5c561934e089 (in domain Mono, info)
Assembly Ref addref Microsoft.Build[0x15a9d4c0] -> System.Core[0x15adba90]: 3 (in domain Mono, info)
Requesting loading reference 1 (of 4) of /snap/gd-godot-engine-mono-snapcraft/23/godot-engine-mono/GodotSharp/Tools/Microsoft.Build.Framework.dll (in domain Mono, info)
Loading reference 1 of /snap/gd-godot-engine-mono-snapcraft/23/godot-engine-mono/GodotSharp/Tools/Microsoft.Build.Framework.dll asmctx DEFAULT, looking for System.Xaml, Version=4.0.0.0, Culture=neutral, PublicKeyToken=b77a5c561934e089 (in domain Mono, info)
Image addref System.Xaml[0x15aa0900] (asmctx DEFAULT) -> /snap/gd-godot-engine-mono-snapcraft/23/godot-engine-mono/GodotSharp/Mono/lib/mono/4.5/System.Xaml.dll[0x15c94b60]: 2 (in domain Mono, info)
Prepared to set up assembly 'System.Xaml' (/snap/gd-godot-engine-mono-snapcraft/23/godot-engine-mono/GodotSharp/Mono/lib/mono/4.5/System.Xaml.dll) (in domain Mono, info)
Assembly System.Xaml[0x15aa0900] added to domain GodotEngine.Domain.Scripts, ref_count=1 (in domain Mono, info)
Assembly Ref addref Microsoft.Build.Framework[0x15ac5f80] -> System.Xaml[0x15aa0900]: 2 (in domain Mono, info)
Requesting loading reference 0 (of 4) of /snap/gd-godot-engine-mono-snapcraft/23/godot-engine-mono/GodotSharp/Mono/lib/mono/4.5/System.Xaml.dll (in domain Mono, info)
Loading reference 0 of /snap/gd-godot-engine-mono-snapcraft/23/godot-engine-mono/GodotSharp/Mono/lib/mono/4.5/System.Xaml.dll asmctx DEFAULT, looking for mscorlib, Version=4.0.0.0, Culture=neutral, PublicKeyToken=b77a5c561934e089 (in domain Mono, info)
Assembly Ref addref System.Xaml[0x15aa0900] -> mscorlib[0x9a61aa0]: 12 (in domain Mono, info)
Requesting loading reference 9 (of 10) of /snap/gd-godot-engine-mono-snapcraft/23/godot-engine-mono/GodotSharp/Tools/Microsoft.Build.dll (in domain Mono, info)
Loading reference 9 of /snap/gd-godot-engine-mono-snapcraft/23/godot-engine-mono/GodotSharp/Tools/Microsoft.Build.dll asmctx DEFAULT, looking for System.Threading.Tasks.Dataflow, Version=4.6.3.0, Culture=neutral, PublicKeyToken=b03f5f7f11d50a3a (in domain Mono, info)
Image addref System.Threading.Tasks.Dataflow[0x15ef9ec0] (asmctx DEFAULT) -> /snap/gd-godot-engine-mono-snapcraft/23/godot-engine-mono/GodotSharp/Mono/lib/mono/4.5/System.Threading.Tasks.Dataflow.dll[0xa3a1c90]: 2 (in domain Mono, info)
Prepared to set up assembly 'System.Threading.Tasks.Dataflow' (/snap/gd-godot-engine-mono-snapcraft/23/godot-engine-mono/GodotSharp/Mono/lib/mono/4.5/System.Threading.Tasks.Dataflow.dll) (in domain Mono, info)
Assembly System.Threading.Tasks.Dataflow[0x15ef9ec0] added to domain GodotEngine.Domain.Scripts, ref_count=1 (in domain Mono, info)
Assembly Ref addref Microsoft.Build[0x15a9d4c0] -> System.Threading.Tasks.Dataflow[0x15ef9ec0]: 2 (in domain Mono, info)
Requesting loading reference 0 (of 2) of /snap/gd-godot-engine-mono-snapcraft/23/godot-engine-mono/GodotSharp/Mono/lib/mono/4.5/System.Threading.Tasks.Dataflow.dll (in domain Mono, info)
Loading reference 0 of /snap/gd-godot-engine-mono-snapcraft/23/godot-engine-mono/GodotSharp/Mono/lib/mono/4.5/System.Threading.Tasks.Dataflow.dll asmctx DEFAULT, looking for mscorlib, Version=4.0.0.0, Culture=neutral, PublicKeyToken=b77a5c561934e089 (in domain Mono, info)
Assembly Ref addref System.Threading.Tasks.Dataflow[0x15ef9ec0] -> mscorlib[0x9a61aa0]: 13 (in domain Mono, info)
Requesting loading reference 1 (of 2) of /snap/gd-godot-engine-mono-snapcraft/23/godot-engine-mono/GodotSharp/Mono/lib/mono/4.5/System.Core.dll (in domain Mono, info)
Loading reference 1 of /snap/gd-godot-engine-mono-snapcraft/23/godot-engine-mono/GodotSharp/Mono/lib/mono/4.5/System.Core.dll asmctx DEFAULT, looking for System, Version=4.0.0.0, Culture=neutral, PublicKeyToken=b77a5c561934e089 (in domain Mono, info)
Assembly Ref addref System.Core[0x15adba90] -> System[0x9b87b10]: 7 (in domain Mono, info)
DllImport attempting to load: '__Internal'. (in domain Mono, info)
DllImport loaded library '(null)'. (in domain Mono, info)
DllImport searching in: '__Internal' ('(null)'). (in domain Mono, info)
Searching for 'GetSystemInfo'. (in domain Mono, info)
Probing 'GetSystemInfo'. (in domain Mono, info)
Could not find 'GetSystemInfo' due to '/snap/gd-godot-engine-mono-snapcraft/23/godot-engine-mono/godot-engine-mono: undefined symbol: GetSystemInfo'. (in domain Mono, info)
Probing 'GetSystemInfoA'. (in domain Mono, info)
Could not find 'GetSystemInfoA' due to '/snap/gd-godot-engine-mono-snapcraft/23/godot-engine-mono/godot-engine-mono: undefined symbol: GetSystemInfoA'. (in domain Mono, info)
Probing 'GetSystemInfo'. (in domain Mono, info)
Could not find 'GetSystemInfo' due to '/snap/gd-godot-engine-mono-snapcraft/23/godot-engine-mono/godot-engine-mono: undefined symbol: GetSystemInfo'. (in domain Mono, info)
Probing 'GetSystemInfoA'. (in domain Mono, info)
Could not find 'GetSystemInfoA' due to '/snap/gd-godot-engine-mono-snapcraft/23/godot-engine-mono/godot-engine-mono: undefined symbol: GetSystemInfoA'. (in domain Mono, info)
DllImport searching in: '__Internal' ('(null)'). (in domain Mono, info)
Searching for 'GetNativeSystemInfo'. (in domain Mono, info)
Probing 'GetNativeSystemInfo'. (in domain Mono, info)
Could not find 'GetNativeSystemInfo' due to '/snap/gd-godot-engine-mono-snapcraft/23/godot-engine-mono/godot-engine-mono: undefined symbol: GetNativeSystemInfo'. (in domain Mono, info)
Probing 'GetNativeSystemInfoA'. (in domain Mono, info)
Could not find 'GetNativeSystemInfoA' due to '/snap/gd-godot-engine-mono-snapcraft/23/godot-engine-mono/godot-engine-mono: undefined symbol: GetNativeSystemInfoA'. (in domain Mono, info)
Probing 'GetNativeSystemInfo'. (in domain Mono, info)
Could not find 'GetNativeSystemInfo' due to '/snap/gd-godot-engine-mono-snapcraft/23/godot-engine-mono/godot-engine-mono: undefined symbol: GetNativeSystemInfo'. (in domain Mono, info)
Probing 'GetNativeSystemInfoA'. (in domain Mono, info)
Could not find 'GetNativeSystemInfoA' due to '/snap/gd-godot-engine-mono-snapcraft/23/godot-engine-mono/godot-engine-mono: undefined symbol: GetNativeSystemInfoA'. (in domain Mono, info)
DllImport searching in: '__Internal' ('(null)'). (in domain Mono, info)
Searching for 'GetEnvironmentStrings'. (in domain Mono, info)
Probing 'GetEnvironmentStringsW'. (in domain Mono, info)
Could not find 'GetEnvironmentStringsW' due to '/snap/gd-godot-engine-mono-snapcraft/23/godot-engine-mono/godot-engine-mono: undefined symbol: GetEnvironmentStringsW'. (in domain Mono, info)
Probing 'GetEnvironmentStrings'. (in domain Mono, info)
Could not find 'GetEnvironmentStrings' due to '/snap/gd-godot-engine-mono-snapcraft/23/godot-engine-mono/godot-engine-mono: undefined symbol: GetEnvironmentStrings'. (in domain Mono, info)
Probing 'GetEnvironmentStringsW'. (in domain Mono, info)
Could not find 'GetEnvironmentStringsW' due to '/snap/gd-godot-engine-mono-snapcraft/23/godot-engine-mono/godot-engine-mono: undefined symbol: GetEnvironmentStringsW'. (in domain Mono, info)
Probing 'GetEnvironmentStrings'. (in domain Mono, info)
Could not find 'GetEnvironmentStrings' due to '/snap/gd-godot-engine-mono-snapcraft/23/godot-engine-mono/godot-engine-mono: undefined symbol: GetEnvironmentStrings'. (in domain Mono, info)
DllImport searching in: '__Internal' ('(null)'). (in domain Mono, info)
Searching for 'FreeEnvironmentStrings'. (in domain Mono, info)
Probing 'FreeEnvironmentStringsW'. (in domain Mono, info)
Could not find 'FreeEnvironmentStringsW' due to '/snap/gd-godot-engine-mono-snapcraft/23/godot-engine-mono/godot-engine-mono: undefined symbol: FreeEnvironmentStringsW'. (in domain Mono, info)
Probing 'FreeEnvironmentStrings'. (in domain Mono, info)
Could not find 'FreeEnvironmentStrings' due to '/snap/gd-godot-engine-mono-snapcraft/23/godot-engine-mono/godot-engine-mono: undefined symbol: FreeEnvironmentStrings'. (in domain Mono, info)
Probing 'FreeEnvironmentStringsW'. (in domain Mono, info)
Could not find 'FreeEnvironmentStringsW' due to '/snap/gd-godot-engine-mono-snapcraft/23/godot-engine-mono/godot-engine-mono: undefined symbol: FreeEnvironmentStringsW'. (in domain Mono, info)
Probing 'FreeEnvironmentStrings'. (in domain Mono, info)
Could not find 'FreeEnvironmentStrings' due to '/snap/gd-godot-engine-mono-snapcraft/23/godot-engine-mono/godot-engine-mono: undefined symbol: FreeEnvironmentStrings'. (in domain Mono, info)
Requesting loading reference 6 (of 10) of /snap/gd-godot-engine-mono-snapcraft/23/godot-engine-mono/GodotSharp/Tools/Microsoft.Build.dll (in domain Mono, info)
Loading reference 6 of /snap/gd-godot-engine-mono-snapcraft/23/godot-engine-mono/GodotSharp/Tools/Microsoft.Build.dll asmctx DEFAULT, looking for System.Configuration, Version=4.0.0.0, Culture=neutral, PublicKeyToken=b03f5f7f11d50a3a (in domain Mono, info)
Assembly Ref addref Microsoft.Build[0x15a9d4c0] -> System.Configuration[0x9eed070]: 3 (in domain Mono, info)
DllImport searching in: '/snap/gd-godot-engine-mono-snapcraft/23/godot-engine-mono/GodotSharp/Mono/lib/../lib/libmono-native.so' ('/snap/gd-godot-engine-mono-snapcraft/23/godot-engine-mono/GodotSharp/Mono/lib/../lib/libmono-native.so'). (in domain Mono, info)
Searching for 'SystemNative_ReadLink'. (in domain Mono, info)
Probing 'SystemNative_ReadLink'. (in domain Mono, info)
Found as 'SystemNative_ReadLink'. (in domain Mono, info)
Requesting loading reference 4 (of 8) of /snap/gd-godot-engine-mono-snapcraft/23/godot-engine-mono/GodotSharp/Tools/GodotTools.ProjectEditor.dll (in domain Mono, info)
Loading reference 4 of /snap/gd-godot-engine-mono-snapcraft/23/godot-engine-mono/GodotSharp/Tools/GodotTools.ProjectEditor.dll asmctx DEFAULT, looking for System.Xml.Linq, Version=4.0.0.0, Culture=neutral, PublicKeyToken=b77a5c561934e089 (in domain Mono, info)
Image addref System.Xml.Linq[0x15ff8390] (asmctx DEFAULT) -> /snap/gd-godot-engine-mono-snapcraft/23/godot-engine-mono/GodotSharp/Mono/lib/mono/4.5/System.Xml.Linq.dll[0x1602af20]: 2 (in domain Mono, info)
Prepared to set up assembly 'System.Xml.Linq' (/snap/gd-godot-engine-mono-snapcraft/23/godot-engine-mono/GodotSharp/Mono/lib/mono/4.5/System.Xml.Linq.dll) (in domain Mono, info)
Assembly System.Xml.Linq[0x15ff8390] added to domain GodotEngine.Domain.Scripts, ref_count=1 (in domain Mono, info)
Assembly Ref addref GodotTools.ProjectEditor[0x9ed3fa0] -> System.Xml.Linq[0x15ff8390]: 2 (in domain Mono, info)
Requesting loading reference 0 (of 4) of /snap/gd-godot-engine-mono-snapcraft/23/godot-engine-mono/GodotSharp/Mono/lib/mono/4.5/System.Xml.Linq.dll (in domain Mono, info)
Loading reference 0 of /snap/gd-godot-engine-mono-snapcraft/23/godot-engine-mono/GodotSharp/Mono/lib/mono/4.5/System.Xml.Linq.dll asmctx DEFAULT, looking for mscorlib, Version=4.0.0.0, Culture=neutral, PublicKeyToken=b77a5c561934e089 (in domain Mono, info)
Assembly Ref addref System.Xml.Linq[0x15ff8390] -> mscorlib[0x9a61aa0]: 14 (in domain Mono, info)
Requesting loading reference 1 (of 4) of /snap/gd-godot-engine-mono-snapcraft/23/godot-engine-mono/GodotSharp/Mono/lib/mono/4.5/System.Xml.Linq.dll (in domain Mono, info)
Loading reference 1 of /snap/gd-godot-engine-mono-snapcraft/23/godot-engine-mono/GodotSharp/Mono/lib/mono/4.5/System.Xml.Linq.dll asmctx DEFAULT, looking for System.Xml, Version=4.0.0.0, Culture=neutral, PublicKeyToken=b77a5c561934e089 (in domain Mono, info)
Assembly Ref addref System.Xml.Linq[0x15ff8390] -> System.Xml[0x9ee4f40]: 5 (in domain Mono, info)
Requesting loading reference 7 (of 8) of /snap/gd-godot-engine-mono-snapcraft/23/godot-engine-mono/GodotSharp/Tools/GodotTools.ProjectEditor.dll (in domain Mono, info)
Loading reference 7 of /snap/gd-godot-engine-mono-snapcraft/23/godot-engine-mono/GodotSharp/Tools/GodotTools.ProjectEditor.dll asmctx DEFAULT, looking for System.Xml, Version=4.0.0.0, Culture=neutral, PublicKeyToken=b77a5c561934e089 (in domain Mono, info)
Assembly Ref addref GodotTools.ProjectEditor[0x9ed3fa0] -> System.Xml[0x9ee4f40]: 6 (in domain Mono, info)
Requesting loading reference 5 (of 8) of /snap/gd-godot-engine-mono-snapcraft/23/godot-engine-mono/GodotSharp/Tools/GodotTools.ProjectEditor.dll (in domain Mono, info)
Loading reference 5 of /snap/gd-godot-engine-mono-snapcraft/23/godot-engine-mono/GodotSharp/Tools/GodotTools.ProjectEditor.dll asmctx DEFAULT, looking for Semver, Version=2.0.6.0, Culture=neutral, PublicKeyToken=null (in domain Mono, info)
Image addref Semver[0x15f2d840] (asmctx DEFAULT) -> /snap/gd-godot-engine-mono-snapcraft/23/godot-engine-mono/GodotSharp/Tools/Semver.dll[0x1606d230]: 2 (in domain Mono, info)
Prepared to set up assembly 'Semver' (/snap/gd-godot-engine-mono-snapcraft/23/godot-engine-mono/GodotSharp/Tools/Semver.dll) (in domain Mono, info)
Assembly Semver[0x15f2d840] added to domain GodotEngine.Domain.Scripts, ref_count=1 (in domain Mono, info)
Assembly Ref addref GodotTools.ProjectEditor[0x9ed3fa0] -> Semver[0x15f2d840]: 2 (in domain Mono, info)
Requesting loading reference 0 (of 2) of /snap/gd-godot-engine-mono-snapcraft/23/godot-engine-mono/GodotSharp/Tools/Semver.dll (in domain Mono, info)
Loading reference 0 of /snap/gd-godot-engine-mono-snapcraft/23/godot-engine-mono/GodotSharp/Tools/Semver.dll asmctx DEFAULT, looking for mscorlib, Version=4.0.0.0, Culture=neutral, PublicKeyToken=b77a5c561934e089 (in domain Mono, info)
Assembly Ref addref Semver[0x15f2d840] -> mscorlib[0x9a61aa0]: 15 (in domain Mono, info)
Requesting loading reference 1 (of 2) of /snap/gd-godot-engine-mono-snapcraft/23/godot-engine-mono/GodotSharp/Tools/Semver.dll (in domain Mono, info)
Loading reference 1 of /snap/gd-godot-engine-mono-snapcraft/23/godot-engine-mono/GodotSharp/Tools/Semver.dll asmctx DEFAULT, looking for System, Version=4.0.0.0, Culture=neutral, PublicKeyToken=b77a5c561934e089 (in domain Mono, info)
Assembly Ref addref Semver[0x15f2d840] -> System[0x9b87b10]: 8 (in domain Mono, info)
Requesting loading reference 8 (of 11) of /snap/gd-godot-engine-mono-snapcraft/23/godot-engine-mono/GodotSharp/Tools/GodotTools.dll (in domain Mono, info)
Loading reference 8 of /snap/gd-godot-engine-mono-snapcraft/23/godot-engine-mono/GodotSharp/Tools/GodotTools.dll asmctx DEFAULT, looking for System.Core, Version=4.0.0.0, Culture=neutral, PublicKeyToken=b77a5c561934e089 (in domain Mono, info)
Assembly Ref addref GodotTools[0xa318170] -> System.Core[0x15adba90]: 4 (in domain Mono, info)
Requesting loading reference 5 (of 11) of /snap/gd-godot-engine-mono-snapcraft/23/godot-engine-mono/GodotSharp/Tools/GodotTools.dll (in domain Mono, info)
Loading reference 5 of /snap/gd-godot-engine-mono-snapcraft/23/godot-engine-mono/GodotSharp/Tools/GodotTools.dll asmctx DEFAULT, looking for GodotTools.IdeMessaging, Version=1.1.1.0, Culture=neutral, PublicKeyToken=null (in domain Mono, info)
Image addref GodotTools.IdeMessaging[0x16059a20] (asmctx DEFAULT) -> /snap/gd-godot-engine-mono-snapcraft/23/godot-engine-mono/GodotSharp/Tools/GodotTools.IdeMessaging.dll[0x16058fe0]: 2 (in domain Mono, info)
Prepared to set up assembly 'GodotTools.IdeMessaging' (/snap/gd-godot-engine-mono-snapcraft/23/godot-engine-mono/GodotSharp/Tools/GodotTools.IdeMessaging.dll) (in domain Mono, info)
Assembly GodotTools.IdeMessaging[0x16059a20] added to domain GodotEngine.Domain.Scripts, ref_count=1 (in domain Mono, info)
Assembly Ref addref GodotTools[0xa318170] -> GodotTools.IdeMessaging[0x16059a20]: 2 (in domain Mono, info)
Requesting loading reference 4 (of 11) of /snap/gd-godot-engine-mono-snapcraft/23/godot-engine-mono/GodotSharp/Tools/GodotTools.dll (in domain Mono, info)
Loading reference 4 of /snap/gd-godot-engine-mono-snapcraft/23/godot-engine-mono/GodotSharp/Tools/GodotTools.dll asmctx DEFAULT, looking for System, Version=4.0.0.0, Culture=neutral, PublicKeyToken=b77a5c561934e089 (in domain Mono, info)
Assembly Ref addref GodotTools[0xa318170] -> System[0x9b87b10]: 9 (in domain Mono, info)
Requesting loading reference 0 (of 2) of /snap/gd-godot-engine-mono-snapcraft/23/godot-engine-mono/GodotSharp/Tools/GodotTools.IdeMessaging.dll (in domain Mono, info)
Loading reference 0 of /snap/gd-godot-engine-mono-snapcraft/23/godot-engine-mono/GodotSharp/Tools/GodotTools.IdeMessaging.dll asmctx DEFAULT, looking for netstandard, Version=2.0.0.0, Culture=neutral, PublicKeyToken=cc7b13ffcd2ddd51 (in domain Mono, info)
Assembly Ref addref GodotTools.IdeMessaging[0x16059a20] -> netstandard[0x9b2c130]: 5 (in domain Mono, info)
DllImport searching in: '/snap/gd-godot-engine-mono-snapcraft/23/godot-engine-mono/GodotSharp/Mono/lib/../lib/libmono-native.so' ('/snap/gd-godot-engine-mono-snapcraft/23/godot-engine-mono/GodotSharp/Mono/lib/../lib/libmono-native.so'). (in domain Mono, info)
Searching for 'SystemNative_MkDir'. (in domain Mono, info)
Probing 'SystemNative_MkDir'. (in domain Mono, info)
Found as 'SystemNative_MkDir'. (in domain Mono, info)
DllImport attempting to load: 'libc.so.6'. (in domain Mono, info)
DllImport error loading library '/snap/gd-godot-engine-mono-snapcraft/23/godot-engine-mono/GodotSharp/Mono/lib/mono/4.5/libc.so.6': '/snap/gd-godot-engine-mono-snapcraft/23/godot-engine-mono/GodotSharp/Mono/lib/mono/4.5/libc.so.6: cannot open shared object file: No such file or directory'. (in domain Mono, info)
DllImport error loading library '/snap/gd-godot-engine-mono-snapcraft/23/godot-engine-mono/GodotSharp/Mono/lib/mono/4.5/libc.so.6.so': '/snap/gd-godot-engine-mono-snapcraft/23/godot-engine-mono/GodotSharp/Mono/lib/mono/4.5/libc.so.6.so: cannot open shared object file: No such file or directory'. (in domain Mono, info)
DllImport error loading library '/snap/gd-godot-engine-mono-snapcraft/23/godot-engine-mono/GodotSharp/Mono/lib/mono/4.5/libc.so.6.so': '/snap/gd-godot-engine-mono-snapcraft/23/godot-engine-mono/GodotSharp/Mono/lib/mono/4.5/libc.so.6.so: cannot open shared object file: No such file or directory'. (in domain Mono, info)
DllImport error loading library '/snap/gd-godot-engine-mono-snapcraft/23/lib/libc.so.6': '/snap/gd-godot-engine-mono-snapcraft/23/lib/libc.so.6: cannot open shared object file: No such file or directory'. (in domain Mono, info)
DllImport error loading library '/snap/gd-godot-engine-mono-snapcraft/23/lib/libc.so.6.so': '/snap/gd-godot-engine-mono-snapcraft/23/lib/libc.so.6.so: cannot open shared object file: No such file or directory'. (in domain Mono, info)
DllImport error loading library '/snap/gd-godot-engine-mono-snapcraft/23/lib/libc.so.6.so': '/snap/gd-godot-engine-mono-snapcraft/23/lib/libc.so.6.so: cannot open shared object file: No such file or directory'. (in domain Mono, info)
DllImport loaded library 'libc.so.6'. (in domain Mono, info)
DllImport searching in: 'libc.so.6' ('libc.so.6'). (in domain Mono, info)
Searching for 'uname'. (in domain Mono, info)
Probing 'uname'. (in domain Mono, info)
Found as 'uname'. (in domain Mono, info)
DllImport searching in: 'libc.so.6' ('libc.so.6'). (in domain Mono, info)
Searching for 'getifaddrs'. (in domain Mono, info)
Probing 'getifaddrs'. (in domain Mono, info)
Found as 'getifaddrs'. (in domain Mono, info)
DllImport searching in: 'libc.so.6' ('libc.so.6'). (in domain Mono, info)
Searching for 'freeifaddrs'. (in domain Mono, info)
Probing 'freeifaddrs'. (in domain Mono, info)
Found as 'freeifaddrs'. (in domain Mono, info)
Requesting loading reference 1 (of 2) of /home/cal/snap/gd-godot-engine-mono-snapcraft/23/.mono/temp/bin/Debug/tradeTest.dll (in domain Mono, info)
Loading reference 1 of /home/cal/snap/gd-godot-engine-mono-snapcraft/23/.mono/temp/bin/Debug/tradeTest.dll asmctx DEFAULT, looking for GodotSharp, Version=1.0.0.0, Culture=neutral, PublicKeyToken=null (in domain Mono, info)
Assembly Ref addref tradeTest[0xa288e60] -> GodotSharp[0xa21c400]: 4 (in domain Mono, info)
Requesting loading reference 0 (of 2) of /home/cal/snap/gd-godot-engine-mono-snapcraft/23/.mono/temp/bin/Debug/tradeTest.dll (in domain Mono, info)
Loading reference 0 of /home/cal/snap/gd-godot-engine-mono-snapcraft/23/.mono/temp/bin/Debug/tradeTest.dll asmctx DEFAULT, looking for mscorlib, Version=4.0.0.0, Culture=neutral, PublicKeyToken=b77a5c561934e089 (in domain Mono, info)
Assembly Ref addref tradeTest[0xa288e60] -> mscorlib[0x9a61aa0]: 16 (in domain Mono, info)
Requesting loading reference 1 (of 16) of /snap/gd-godot-engine-mono-snapcraft/23/godot-engine-mono/GodotSharp/Mono/lib/mono/4.5/Facades/netstandard.dll (in domain Mono, info)
Loading reference 1 of /snap/gd-godot-engine-mono-snapcraft/23/godot-engine-mono/GodotSharp/Mono/lib/mono/4.5/Facades/netstandard.dll asmctx DEFAULT, looking for System.Core, Version=4.0.0.0, Culture=neutral, PublicKeyToken=b77a5c561934e089 (in domain Mono, info)
Assembly Ref addref netstandard[0x9b2c130] -> System.Core[0x15adba90]: 5 (in domain Mono, info)
GC_MINOR: (Nursery full) time 2.91ms, stw 2.93ms promoted 354K major size: 1344K in use: 582K los size: 1024K in use: 255K (in domain Mono, info)
DllImport searching in: '/snap/gd-godot-engine-mono-snapcraft/23/godot-engine-mono/GodotSharp/Mono/lib/../lib/libmono-native.so' ('/snap/gd-godot-engine-mono-snapcraft/23/godot-engine-mono/GodotSharp/Mono/lib/../lib/libmono-native.so'). (in domain Mono, info)
Searching for 'SystemNative_GetReadDirRBufferSize'. (in domain Mono, info)
Probing 'SystemNative_GetReadDirRBufferSize'. (in domain Mono, info)
Found as 'SystemNative_GetReadDirRBufferSize'. (in domain Mono, info)
DllImport searching in: '/snap/gd-godot-engine-mono-snapcraft/23/godot-engine-mono/GodotSharp/Mono/lib/../lib/libmono-native.so' ('/snap/gd-godot-engine-mono-snapcraft/23/godot-engine-mono/GodotSharp/Mono/lib/../lib/libmono-native.so'). (in domain Mono, info)
Searching for 'SystemNative_OpenDir'. (in domain Mono, info)
Probing 'SystemNative_OpenDir'. (in domain Mono, info)
Found as 'SystemNative_OpenDir'. (in domain Mono, info)
DllImport searching in: '/snap/gd-godot-engine-mono-snapcraft/23/godot-engine-mono/GodotSharp/Mono/lib/../lib/libmono-native.so' ('/snap/gd-godot-engine-mono-snapcraft/23/godot-engine-mono/GodotSharp/Mono/lib/../lib/libmono-native.so'). (in domain Mono, info)
Searching for 'SystemNative_ReadDirR'. (in domain Mono, info)
Probing 'SystemNative_ReadDirR'. (in domain Mono, info)
Found as 'SystemNative_ReadDirR'. (in domain Mono, info)
DllImport searching in: '/snap/gd-godot-engine-mono-snapcraft/23/godot-engine-mono/GodotSharp/Mono/lib/../lib/libmono-native.so' ('/snap/gd-godot-engine-mono-snapcraft/23/godot-engine-mono/GodotSharp/Mono/lib/../lib/libmono-native.so'). (in domain Mono, info)
Searching for 'SystemNative_CloseDir'. (in domain Mono, info)
Probing 'SystemNative_CloseDir'. (in domain Mono, info)
Found as 'SystemNative_CloseDir'. (in domain Mono, info)
DllImport searching in: '/snap/gd-godot-engine-mono-snapcraft/23/godot-engine-mono/GodotSharp/Mono/lib/../lib/libmono-native.so' ('/snap/gd-godot-engine-mono-snapcraft/23/godot-engine-mono/GodotSharp/Mono/lib/../lib/libmono-native.so'). (in domain Mono, info)
Searching for 'SystemNative_CopyFile'. (in domain Mono, info)
Probing 'SystemNative_CopyFile'. (in domain Mono, info)
Found as 'SystemNative_CopyFile'. (in domain Mono, info)
DllImport searching in: '/snap/gd-godot-engine-mono-snapcraft/23/godot-engine-mono/GodotSharp/Mono/lib/../lib/libmono-native.so' ('/snap/gd-godot-engine-mono-snapcraft/23/godot-engine-mono/GodotSharp/Mono/lib/../lib/libmono-native.so'). (in domain Mono, info)
Searching for 'SystemNative_Stat2'. (in domain Mono, info)
Probing 'SystemNative_Stat2'. (in domain Mono, info)
Found as 'SystemNative_Stat2'. (in domain Mono, info)
DllImport searching in: '/snap/gd-godot-engine-mono-snapcraft/23/godot-engine-mono/GodotSharp/Mono/lib/../lib/libmono-native.so' ('/snap/gd-godot-engine-mono-snapcraft/23/godot-engine-mono/GodotSharp/Mono/lib/../lib/libmono-native.so'). (in domain Mono, info)
Searching for 'SystemNative_LStat2'. (in domain Mono, info)
Probing 'SystemNative_LStat2'. (in domain Mono, info)
Found as 'SystemNative_LStat2'. (in domain Mono, info)
DllImport searching in: '/snap/gd-godot-engine-mono-snapcraft/23/godot-engine-mono/GodotSharp/Mono/lib/../lib/libmono-native.so' ('/snap/gd-godot-engine-mono-snapcraft/23/godot-engine-mono/GodotSharp/Mono/lib/../lib/libmono-native.so'). (in domain Mono, info)
Searching for 'SystemNative_Symlink'. (in domain Mono, info)
Probing 'SystemNative_Symlink'. (in domain Mono, info)
Found as 'SystemNative_Symlink'. (in domain Mono, info)
DllImport searching in: '/snap/gd-godot-engine-mono-snapcraft/23/godot-engine-mono/GodotSharp/Mono/lib/../lib/libmono-native.so' ('/snap/gd-godot-engine-mono-snapcraft/23/godot-engine-mono/GodotSharp/Mono/lib/../lib/libmono-native.so'). (in domain Mono, info)
Searching for 'SystemNative_Unlink'. (in domain Mono, info)
Probing 'SystemNative_Unlink'. (in domain Mono, info)
Found as 'SystemNative_Unlink'. (in domain Mono, info)
Requesting loading reference 10 (of 11) of /snap/gd-godot-engine-mono-snapcraft/23/godot-engine-mono/GodotSharp/Tools/GodotTools.dll (in domain Mono, info)
Loading reference 10 of /snap/gd-godot-engine-mono-snapcraft/23/godot-engine-mono/GodotSharp/Tools/GodotTools.dll asmctx DEFAULT, looking for GodotTools.BuildLogger, Version=1.0.0.0, Culture=neutral, PublicKeyToken=null (in domain Mono, info)
Image addref GodotTools.BuildLogger[0x1843cbb0] (asmctx DEFAULT) -> /snap/gd-godot-engine-mono-snapcraft/23/godot-engine-mono/GodotSharp/Tools/GodotTools.BuildLogger.dll[0x183647e0]: 2 (in domain Mono, info)
Prepared to set up assembly 'GodotTools.BuildLogger' (/snap/gd-godot-engine-mono-snapcraft/23/godot-engine-mono/GodotSharp/Tools/GodotTools.BuildLogger.dll) (in domain Mono, info)
Assembly GodotTools.BuildLogger[0x1843cbb0] added to domain GodotEngine.Domain.Scripts, ref_count=1 (in domain Mono, info)
Assembly Ref addref GodotTools[0xa318170] -> GodotTools.BuildLogger[0x1843cbb0]: 2 (in domain Mono, info)
Requesting loading reference 0 (of 2) of /snap/gd-godot-engine-mono-snapcraft/23/godot-engine-mono/GodotSharp/Tools/GodotTools.BuildLogger.dll (in domain Mono, info)
Loading reference 0 of /snap/gd-godot-engine-mono-snapcraft/23/godot-engine-mono/GodotSharp/Tools/GodotTools.BuildLogger.dll asmctx DEFAULT, looking for netstandard, Version=2.0.0.0, Culture=neutral, PublicKeyToken=cc7b13ffcd2ddd51 (in domain Mono, info)
Assembly Ref addref GodotTools.BuildLogger[0x1843cbb0] -> netstandard[0x9b2c130]: 6 (in domain Mono, info)
Requesting loading reference 1 (of 2) of /snap/gd-godot-engine-mono-snapcraft/23/godot-engine-mono/GodotSharp/Tools/GodotTools.BuildLogger.dll (in domain Mono, info)
Loading reference 1 of /snap/gd-godot-engine-mono-snapcraft/23/godot-engine-mono/GodotSharp/Tools/GodotTools.BuildLogger.dll asmctx DEFAULT, looking for Microsoft.Build.Framework, Version=15.1.0.0, Culture=neutral, PublicKeyToken=b03f5f7f11d50a3a (in domain Mono, info)
Assembly Ref addref GodotTools.BuildLogger[0x1843cbb0] -> Microsoft.Build.Framework[0x15ac5f80]: 3 (in domain Mono, info)
GC_MINOR: (Nursery full) time 0.23ms, stw 0.23ms promoted 173K major size: 1504K in use: 792K los size: 3072K in use: 2130K (in domain Mono, info)
GC_MINOR: (Nursery full) time 0.25ms, stw 0.34ms promoted 24K major size: 1584K in use: 830K los size: 4096K in use: 3563K (in domain Mono, info)
GC_MINOR: (Nursery full) time 0.28ms, stw 0.29ms promoted 19K major size: 1584K in use: 859K los size: 5120K in use: 4478K (in domain Mono, info)
GC_MINOR: (Nursery full) time 0.25ms, stw 0.41ms promoted 71K major size: 1664K in use: 947K los size: 7168K in use: 5902K (in domain Mono, info)
GC_MINOR: (Nursery full) time 0.25ms, stw 0.37ms promoted 27K major size: 1712K in use: 979K los size: 9216K in use: 7438K (in domain Mono, info)
GC_MINOR: (Nursery full) time 0.26ms, stw 0.42ms promoted 125K major size: 1856K in use: 1124K los size: 10240K in use: 8637K (in domain Mono, info)
GC_MINOR: (Nursery full) time 1.05ms, stw 1.07ms promoted 22K major size: 1904K in use: 1158K los size: 12288K in use: 9863K (in domain Mono, info)
GC_MINOR: (Nursery full) time 0.18ms, stw 0.19ms promoted 13K major size: 1904K in use: 1178K los size: 12288K in use: 10482K (in domain Mono, info)
GC_MINOR: (Nursery full) time 0.83ms, stw 1.15ms promoted 27K major size: 1936K in use: 1218K los size: 14336K in use: 11891K (in domain Mono, info)
GC_MAJOR: (user request) time 4.82ms, stw 5.21ms los size: 1024K in use: 231K (in domain Mono, info)
GC_MAJOR_SWEEP: major size: 1728K in use: 529K (in domain Mono, info)
GC_MAJOR: (user request) time 0.35ms, stw 0.55ms los size: 1024K in use: 223K (in domain Mono, info)
GC_MAJOR_SWEEP: major size: 1520K in use: 409K (in domain Mono, info)
GC_MAJOR: (user request) time 0.28ms, stw 0.53ms los size: 1024K in use: 223K (in domain Mono, info)
GC_MAJOR_SWEEP: major size: 1504K in use: 409K (in domain Mono, info)
GC_MINOR: (user request) time 0.05ms, stw 0.18ms promoted 0K major size: 1504K in use: 409K los size: 1024K in use: 223K (in domain Mono, info)
Unloading domain GodotEngine.Domain.Scripts[0x9b46d00], assembly mscorlib[0x9a61aa0], ref_count=16 (in domain Mono, info)
Unloading domain GodotEngine.Domain.Scripts[0x9b46d00], assembly GodotSharp[0xa21c400], ref_count=4 (in domain Mono, info)
Unloading domain GodotEngine.Domain.Scripts[0x9b46d00], assembly netstandard[0x9b2c130], ref_count=6 (in domain Mono, info)
Unloading domain GodotEngine.Domain.Scripts[0x9b46d00], assembly GodotSharpEditor[0x9bad9b0], ref_count=2 (in domain Mono, info)
Unloading domain GodotEngine.Domain.Scripts[0x9b46d00], assembly System[0x9b87b10], ref_count=9 (in domain Mono, info)
Unloading domain GodotEngine.Domain.Scripts[0x9b46d00], assembly System.Configuration[0x9eed070], ref_count=3 (in domain Mono, info)
Unloading domain GodotEngine.Domain.Scripts[0x9b46d00], assembly System.Xml[0x9ee4f40], ref_count=6 (in domain Mono, info)
Unloading domain GodotEngine.Domain.Scripts[0x9b46d00], assembly GodotTools[0xa318170], ref_count=1 (in domain Mono, info)
Unloading assembly GodotTools [0xa318170]. (in domain Mono, info)
Unloading image /snap/gd-godot-engine-mono-snapcraft/23/godot-engine-mono/GodotSharp/Tools/GodotTools.dll [0xa3c31a0]. (in domain Mono, info)
Unloading assembly GodotSharpEditor [0x9bad9b0]. (in domain Mono, info)
Unloading image /home/cal/snap/gd-godot-engine-mono-snapcraft/23/.mono/assemblies/Debug/GodotSharpEditor.dll [0x9baa950]. (in domain Mono, info)
Unloading domain GodotEngine.Domain.Scripts[0x9b46d00], assembly GodotTools.ProjectEditor[0x9ed3fa0], ref_count=1 (in domain Mono, info)
Unloading assembly GodotTools.ProjectEditor [0x9ed3fa0]. (in domain Mono, info)
Unloading image /snap/gd-godot-engine-mono-snapcraft/23/godot-engine-mono/GodotSharp/Tools/GodotTools.ProjectEditor.dll [0xa3d16d0]. (in domain Mono, info)
Unloading domain GodotEngine.Domain.Scripts[0x9b46d00], assembly tradeTest[0xa288e60], ref_count=1 (in domain Mono, info)
Unloading assembly tradeTest [0xa288e60]. (in domain Mono, info)
Unloading image /home/cal/snap/gd-godot-engine-mono-snapcraft/23/.mono/temp/bin/Debug/tradeTest.dll [0xa3d7390]. (in domain Mono, info)
Unloading assembly GodotSharp [0xa21c400]. (in domain Mono, info)
Unloading image /home/cal/snap/gd-godot-engine-mono-snapcraft/23/.mono/assemblies/Debug/GodotSharp.dll [0x9b86fd0]. (in domain Mono, info)
Unloading domain GodotEngine.Domain.Scripts[0x9b46d00], assembly Microsoft.Build[0x15a9d4c0], ref_count=1 (in domain Mono, info)
Unloading assembly Microsoft.Build [0x15a9d4c0]. (in domain Mono, info)
Unloading image /snap/gd-godot-engine-mono-snapcraft/23/godot-engine-mono/GodotSharp/Tools/Microsoft.Build.dll [0xa352780]. (in domain Mono, info)
Unloading domain GodotEngine.Domain.Scripts[0x9b46d00], assembly Microsoft.Build.Framework[0x15ac5f80], ref_count=2 (in domain Mono, info)
Unloading domain GodotEngine.Domain.Scripts[0x9b46d00], assembly GodotTools.Core[0x15acfbd0], ref_count=1 (in domain Mono, info)
Unloading assembly GodotTools.Core [0x15acfbd0]. (in domain Mono, info)
Unloading image /snap/gd-godot-engine-mono-snapcraft/23/godot-engine-mono/GodotSharp/Tools/GodotTools.Core.dll [0x15ad3ec0]. (in domain Mono, info)
Unloading domain GodotEngine.Domain.Scripts[0x9b46d00], assembly System.Core[0x15adba90], ref_count=2 (in domain Mono, info)
Unloading domain GodotEngine.Domain.Scripts[0x9b46d00], assembly System.Xaml[0x15aa0900], ref_count=2 (in domain Mono, info)
Unloading domain GodotEngine.Domain.Scripts[0x9b46d00], assembly System.Threading.Tasks.Dataflow[0x15ef9ec0], ref_count=1 (in domain Mono, info)
Unloading assembly System.Threading.Tasks.Dataflow [0x15ef9ec0]. (in domain Mono, info)
Unloading image /snap/gd-godot-engine-mono-snapcraft/23/godot-engine-mono/GodotSharp/Mono/lib/mono/4.5/System.Threading.Tasks.Dataflow.dll [0xa3a1c90]. (in domain Mono, info)
Unloading domain GodotEngine.Domain.Scripts[0x9b46d00], assembly System.Xml.Linq[0x15ff8390], ref_count=1 (in domain Mono, info)
Unloading assembly System.Xml.Linq [0x15ff8390]. (in domain Mono, info)
Unloading image /snap/gd-godot-engine-mono-snapcraft/23/godot-engine-mono/GodotSharp/Mono/lib/mono/4.5/System.Xml.Linq.dll [0x1602af20]. (in domain Mono, info)
Unloading domain GodotEngine.Domain.Scripts[0x9b46d00], assembly Semver[0x15f2d840], ref_count=1 (in domain Mono, info)
Unloading assembly Semver [0x15f2d840]. (in domain Mono, info)
Unloading image /snap/gd-godot-engine-mono-snapcraft/23/godot-engine-mono/GodotSharp/Tools/Semver.dll [0x1606d230]. (in domain Mono, info)
Unloading domain GodotEngine.Domain.Scripts[0x9b46d00], assembly GodotTools.IdeMessaging[0x16059a20], ref_count=1 (in domain Mono, info)
Unloading assembly GodotTools.IdeMessaging [0x16059a20]. (in domain Mono, info)
Unloading image /snap/gd-godot-engine-mono-snapcraft/23/godot-engine-mono/GodotSharp/Tools/GodotTools.IdeMessaging.dll [0x16058fe0]. (in domain Mono, info)
Unloading domain GodotEngine.Domain.Scripts[0x9b46d00], assembly GodotTools.BuildLogger[0x1843cbb0], ref_count=1 (in domain Mono, info)
Unloading assembly GodotTools.BuildLogger [0x1843cbb0]. (in domain Mono, info)
Unloading image /snap/gd-godot-engine-mono-snapcraft/23/godot-engine-mono/GodotSharp/Tools/GodotTools.BuildLogger.dll [0x183647e0]. (in domain Mono, info)
Unloading assembly netstandard [0x9b2c130]. (in domain Mono, info)
Unloading image /snap/gd-godot-engine-mono-snapcraft/23/godot-engine-mono/GodotSharp/Mono/lib/mono/4.5/Facades/netstandard.dll [0x9bc4cb0]. (in domain Mono, info)
Unloading assembly System.Core [0x15adba90]. (in domain Mono, info)
Unloading image /snap/gd-godot-engine-mono-snapcraft/23/godot-engine-mono/GodotSharp/Mono/lib/mono/4.5/System.Core.dll [0x15adaa70]. (in domain Mono, info)
Unloading assembly Microsoft.Build.Framework [0x15ac5f80]. (in domain Mono, info)
Unloading image /snap/gd-godot-engine-mono-snapcraft/23/godot-engine-mono/GodotSharp/Tools/Microsoft.Build.Framework.dll [0x15ac51a0]. (in domain Mono, info)
Unloading assembly System.Xaml [0x15aa0900]. (in domain Mono, info)
Unloading image /snap/gd-godot-engine-mono-snapcraft/23/godot-engine-mono/GodotSharp/Mono/lib/mono/4.5/System.Xaml.dll [0x15c94b60]. (in domain Mono, info)
GC_MAJOR: (user request) time 0.10ms, stw 0.39ms los size: 0K in use: 0K (in domain Mono, info)
GC_MAJOR_SWEEP: major size: 288K in use: 4K (in domain Mono, info)
GC_MAJOR: (user request) time 0.04ms, stw 0.22ms los size: 0K in use: 0K (in domain Mono, info)
GC_MAJOR_SWEEP: major size: 336K in use: 4K (in domain Mono, info)
Unloading domain GodotEngine.RootDomain[0x9a659d0], assembly mscorlib[0x9a61aa0], ref_count=4 (in domain Mono, info)
Assembly image '/snap/gd-godot-engine-mono-snapcraft/23/godot-engine-mono/GodotSharp/Mono/lib/mono/4.5/System.Configuration.dll' [0x9eefe30] still loaded at shutdown. (in domain Mono, info)
Assembly image '/snap/gd-godot-engine-mono-snapcraft/23/godot-engine-mono/GodotSharp/Mono/lib/mono/4.5/mscorlib.dll' [0x9a603b0] still loaded at shutdown. (in domain Mono, info)
Assembly image '/snap/gd-godot-engine-mono-snapcraft/23/godot-engine-mono/GodotSharp/Mono/lib/mono/4.5/System.dll' [0x9be4670] still loaded at shutdown. (in domain Mono, info)
Assembly image '/snap/gd-godot-engine-mono-snapcraft/23/godot-engine-mono/GodotSharp/Mono/lib/mono/4.5/System.Xml.dll' [0x9efcc90] still loaded at shutdown. (in domain Mono, info)
