Config attempting to parse: '/snap/gd-godot-engine-mono-snapcraft/23/godot-engine-mono/GodotSharp/Mono/etc/mono/config'. (in domain Mono, info)
Config attempting to parse: '/home/cal/snap/gd-godot-engine-mono-snapcraft/23/.mono/config'. (in domain Mono, info)
Image addref mscorlib[0x9a141a0] (asmctx DEFAULT) -> /snap/gd-godot-engine-mono-snapcraft/23/godot-engine-mono/GodotSharp/Mono/lib/mono/4.5/mscorlib.dll[0x9a129d0]: 2 (in domain Mono, info)
Prepared to set up assembly 'mscorlib' (/snap/gd-godot-engine-mono-snapcraft/23/godot-engine-mono/GodotSharp/Mono/lib/mono/4.5/mscorlib.dll) (in domain Mono, info)
AOT: image '/snap/gd-godot-engine-mono-snapcraft/23/godot-engine-mono/GodotSharp/Mono/lib/mono/4.5/mscorlib.dll.so' not found: /snap/gd-godot-engine-mono-snapcraft/23/godot-engine-mono/GodotSharp/Mono/lib/mono/4.5/mscorlib.dll.so: cannot open shared object file: No such file or directory (in domain Mono, info)
AOT: image '/snap/gd-godot-engine-mono-snapcraft/23/godot-engine-mono/GodotSharp/Mono/lib/mono/aot-cache/amd64/mscorlib.dll.so' not found: /snap/gd-godot-engine-mono-snapcraft/23/godot-engine-mono/GodotSharp/Mono/lib/mono/aot-cache/amd64/mscorlib.dll.so: cannot open shared object file: No such file or directory (in domain Mono, info)
Assembly mscorlib[0x9a141a0] added to domain GodotEngine.RootDomain, ref_count=1 (in domain Mono, info)
Assembly mscorlib[0x9a141a0] added to domain GodotEngine.Domain.Scripts, ref_count=2 (in domain Mono, info)
Image addref GodotSharp[0xa33f900] (asmctx DEFAULT) -> /home/cal/snap/gd-godot-engine-mono-snapcraft/23/.mono/assemblies/Debug/GodotSharp.dll[0x9ac3bd0]: 3 (in domain Mono, info)
Prepared to set up assembly 'GodotSharp' (/home/cal/snap/gd-godot-engine-mono-snapcraft/23/.mono/assemblies/Debug/GodotSharp.dll) (in domain Mono, info)
Assembly GodotSharp[0xa33f900] added to domain GodotEngine.Domain.Scripts, ref_count=1 (in domain Mono, info)
Requesting loading reference 0 (of 1) of /home/cal/snap/gd-godot-engine-mono-snapcraft/23/.mono/assemblies/Debug/GodotSharp.dll (in domain Mono, info)
Loading reference 0 of /home/cal/snap/gd-godot-engine-mono-snapcraft/23/.mono/assemblies/Debug/GodotSharp.dll asmctx DEFAULT, looking for netstandard, Version=2.0.0.0, Culture=neutral, PublicKeyToken=cc7b13ffcd2ddd51 (in domain Mono, info)
Config attempting to parse: ''. (in domain Mono, info)
Image addref netstandard[0x9a69a70] (asmctx DEFAULT) -> /snap/gd-godot-engine-mono-snapcraft/23/godot-engine-mono/GodotSharp/Mono/lib/mono/4.5/Facades/netstandard.dll[0xa1967a0]: 2 (in domain Mono, info)
Prepared to set up assembly 'netstandard' (/snap/gd-godot-engine-mono-snapcraft/23/godot-engine-mono/GodotSharp/Mono/lib/mono/4.5/Facades/netstandard.dll) (in domain Mono, info)
Assembly netstandard[0x9a69a70] added to domain GodotEngine.Domain.Scripts, ref_count=1 (in domain Mono, info)
Assembly Ref addref GodotSharp[0xa33f900] -> netstandard[0x9a69a70]: 2 (in domain Mono, info)
Requesting loading reference 0 (of 16) of /snap/gd-godot-engine-mono-snapcraft/23/godot-engine-mono/GodotSharp/Mono/lib/mono/4.5/Facades/netstandard.dll (in domain Mono, info)
Loading reference 0 of /snap/gd-godot-engine-mono-snapcraft/23/godot-engine-mono/GodotSharp/Mono/lib/mono/4.5/Facades/netstandard.dll asmctx DEFAULT, looking for mscorlib, Version=4.0.0.0, Culture=neutral, PublicKeyToken=b77a5c561934e089 (in domain Mono, info)
Assembly Ref addref netstandard[0x9a69a70] -> mscorlib[0x9a141a0]: 3 (in domain Mono, info)
Image addref GodotSharpEditor[0x9a911c0] (asmctx DEFAULT) -> /home/cal/snap/gd-godot-engine-mono-snapcraft/23/.mono/assemblies/Debug/GodotSharpEditor.dll[0xa17d0a0]: 3 (in domain Mono, info)
Prepared to set up assembly 'GodotSharpEditor' (/home/cal/snap/gd-godot-engine-mono-snapcraft/23/.mono/assemblies/Debug/GodotSharpEditor.dll) (in domain Mono, info)
Assembly GodotSharpEditor[0x9a911c0] added to domain GodotEngine.Domain.Scripts, ref_count=1 (in domain Mono, info)
Requesting loading reference 0 (of 2) of /home/cal/snap/gd-godot-engine-mono-snapcraft/23/.mono/assemblies/Debug/GodotSharpEditor.dll (in domain Mono, info)
Loading reference 0 of /home/cal/snap/gd-godot-engine-mono-snapcraft/23/.mono/assemblies/Debug/GodotSharpEditor.dll asmctx DEFAULT, looking for netstandard, Version=2.0.0.0, Culture=neutral, PublicKeyToken=cc7b13ffcd2ddd51 (in domain Mono, info)
Assembly Ref addref GodotSharpEditor[0x9a911c0] -> netstandard[0x9a69a70]: 3 (in domain Mono, info)
Requesting loading reference 2 (of 16) of /snap/gd-godot-engine-mono-snapcraft/23/godot-engine-mono/GodotSharp/Mono/lib/mono/4.5/Facades/netstandard.dll (in domain Mono, info)
Loading reference 2 of /snap/gd-godot-engine-mono-snapcraft/23/godot-engine-mono/GodotSharp/Mono/lib/mono/4.5/Facades/netstandard.dll asmctx DEFAULT, looking for System, Version=4.0.0.0, Culture=neutral, PublicKeyToken=b77a5c561934e089 (in domain Mono, info)
Image addref System[0xa1b93a0] (asmctx DEFAULT) -> /snap/gd-godot-engine-mono-snapcraft/23/godot-engine-mono/GodotSharp/Mono/lib/mono/4.5/System.dll[0xa1dad20]: 2 (in domain Mono, info)
Prepared to set up assembly 'System' (/snap/gd-godot-engine-mono-snapcraft/23/godot-engine-mono/GodotSharp/Mono/lib/mono/4.5/System.dll) (in domain Mono, info)
Assembly System[0xa1b93a0] added to domain GodotEngine.Domain.Scripts, ref_count=1 (in domain Mono, info)
Assembly Ref addref netstandard[0x9a69a70] -> System[0xa1b93a0]: 2 (in domain Mono, info)
Requesting loading reference 0 (of 6) of /snap/gd-godot-engine-mono-snapcraft/23/godot-engine-mono/GodotSharp/Mono/lib/mono/4.5/System.dll (in domain Mono, info)
Loading reference 0 of /snap/gd-godot-engine-mono-snapcraft/23/godot-engine-mono/GodotSharp/Mono/lib/mono/4.5/System.dll asmctx DEFAULT, looking for mscorlib, Version=4.0.0.0, Culture=neutral, PublicKeyToken=b77a5c561934e089 (in domain Mono, info)
Assembly Ref addref System[0xa1b93a0] -> mscorlib[0x9a141a0]: 4 (in domain Mono, info)
Requesting loading reference 2 (of 6) of /snap/gd-godot-engine-mono-snapcraft/23/godot-engine-mono/GodotSharp/Mono/lib/mono/4.5/System.dll (in domain Mono, info)
Loading reference 2 of /snap/gd-godot-engine-mono-snapcraft/23/godot-engine-mono/GodotSharp/Mono/lib/mono/4.5/System.dll asmctx DEFAULT, looking for System.Configuration, Version=4.0.0.0, Culture=neutral, PublicKeyToken=b03f5f7f11d50a3a (in domain Mono, info)
Image addref System.Configuration[0xa2507c0] (asmctx DEFAULT) -> /snap/gd-godot-engine-mono-snapcraft/23/godot-engine-mono/GodotSharp/Mono/lib/mono/4.5/System.Configuration.dll[0xa24ec20]: 2 (in domain Mono, info)
Prepared to set up assembly 'System.Configuration' (/snap/gd-godot-engine-mono-snapcraft/23/godot-engine-mono/GodotSharp/Mono/lib/mono/4.5/System.Configuration.dll) (in domain Mono, info)
Assembly System.Configuration[0xa2507c0] added to domain GodotEngine.Domain.Scripts, ref_count=1 (in domain Mono, info)
Assembly Ref addref System[0xa1b93a0] -> System.Configuration[0xa2507c0]: 2 (in domain Mono, info)
Requesting loading reference 0 (of 4) of /snap/gd-godot-engine-mono-snapcraft/23/godot-engine-mono/GodotSharp/Mono/lib/mono/4.5/System.Configuration.dll (in domain Mono, info)
Loading reference 0 of /snap/gd-godot-engine-mono-snapcraft/23/godot-engine-mono/GodotSharp/Mono/lib/mono/4.5/System.Configuration.dll asmctx DEFAULT, looking for mscorlib, Version=4.0.0.0, Culture=neutral, PublicKeyToken=b77a5c561934e089 (in domain Mono, info)
Assembly Ref addref System.Configuration[0xa2507c0] -> mscorlib[0x9a141a0]: 5 (in domain Mono, info)
Requesting loading reference 2 (of 4) of /snap/gd-godot-engine-mono-snapcraft/23/godot-engine-mono/GodotSharp/Mono/lib/mono/4.5/System.Configuration.dll (in domain Mono, info)
Loading reference 2 of /snap/gd-godot-engine-mono-snapcraft/23/godot-engine-mono/GodotSharp/Mono/lib/mono/4.5/System.Configuration.dll asmctx DEFAULT, looking for System, Version=4.0.0.0, Culture=neutral, PublicKeyToken=b77a5c561934e089 (in domain Mono, info)
Assembly Ref addref System.Configuration[0xa2507c0] -> System[0xa1b93a0]: 3 (in domain Mono, info)
Requesting loading reference 1 (of 4) of /snap/gd-godot-engine-mono-snapcraft/23/godot-engine-mono/GodotSharp/Mono/lib/mono/4.5/System.Configuration.dll (in domain Mono, info)
Loading reference 1 of /snap/gd-godot-engine-mono-snapcraft/23/godot-engine-mono/GodotSharp/Mono/lib/mono/4.5/System.Configuration.dll asmctx DEFAULT, looking for System.Xml, Version=4.0.0.0, Culture=neutral, PublicKeyToken=b77a5c561934e089 (in domain Mono, info)
Image addref System.Xml[0xa250980] (asmctx DEFAULT) -> /snap/gd-godot-engine-mono-snapcraft/23/godot-engine-mono/GodotSharp/Mono/lib/mono/4.5/System.Xml.dll[0x9acff80]: 2 (in domain Mono, info)
Prepared to set up assembly 'System.Xml' (/snap/gd-godot-engine-mono-snapcraft/23/godot-engine-mono/GodotSharp/Mono/lib/mono/4.5/System.Xml.dll) (in domain Mono, info)
Assembly System.Xml[0xa250980] added to domain GodotEngine.Domain.Scripts, ref_count=1 (in domain Mono, info)
Assembly Ref addref System.Configuration[0xa2507c0] -> System.Xml[0xa250980]: 2 (in domain Mono, info)
Requesting loading reference 0 (of 3) of /snap/gd-godot-engine-mono-snapcraft/23/godot-engine-mono/GodotSharp/Mono/lib/mono/4.5/System.Xml.dll (in domain Mono, info)
Loading reference 0 of /snap/gd-godot-engine-mono-snapcraft/23/godot-engine-mono/GodotSharp/Mono/lib/mono/4.5/System.Xml.dll asmctx DEFAULT, looking for mscorlib, Version=4.0.0.0, Culture=neutral, PublicKeyToken=b77a5c561934e089 (in domain Mono, info)
Assembly Ref addref System.Xml[0xa250980] -> mscorlib[0x9a141a0]: 6 (in domain Mono, info)
DllImport attempting to load: '/snap/gd-godot-engine-mono-snapcraft/23/godot-engine-mono/GodotSharp/Mono/lib/../lib/libmono-native.so'. (in domain Mono, info)
DllImport loaded library '/snap/gd-godot-engine-mono-snapcraft/23/godot-engine-mono/GodotSharp/Mono/lib/../lib/libmono-native.so'. (in domain Mono, info)
DllImport searching in: '/snap/gd-godot-engine-mono-snapcraft/23/godot-engine-mono/GodotSharp/Mono/lib/../lib/libmono-native.so' ('/snap/gd-godot-engine-mono-snapcraft/23/godot-engine-mono/GodotSharp/Mono/lib/../lib/libmono-native.so'). (in domain Mono, info)
Searching for 'SystemNative_GetNonCryptographicallySecureRandomBytes'. (in domain Mono, info)
Probing 'SystemNative_GetNonCryptographicallySecureRandomBytes'. (in domain Mono, info)
Found as 'SystemNative_GetNonCryptographicallySecureRandomBytes'. (in domain Mono, info)
DllImport searching in: '/snap/gd-godot-engine-mono-snapcraft/23/godot-engine-mono/GodotSharp/Mono/lib/../lib/libmono-native.so' ('/snap/gd-godot-engine-mono-snapcraft/23/godot-engine-mono/GodotSharp/Mono/lib/../lib/libmono-native.so'). (in domain Mono, info)
Searching for 'SystemNative_LChflagsCanSetHiddenFlag'. (in domain Mono, info)
Probing 'SystemNative_LChflagsCanSetHiddenFlag'. (in domain Mono, info)
Found as 'SystemNative_LChflagsCanSetHiddenFlag'. (in domain Mono, info)
DllImport searching in: '/snap/gd-godot-engine-mono-snapcraft/23/godot-engine-mono/GodotSharp/Mono/lib/../lib/libmono-native.so' ('/snap/gd-godot-engine-mono-snapcraft/23/godot-engine-mono/GodotSharp/Mono/lib/../lib/libmono-native.so'). (in domain Mono, info)
Searching for 'SystemNative_Stat2'. (in domain Mono, info)
Probing 'SystemNative_Stat2'. (in domain Mono, info)
Found as 'SystemNative_Stat2'. (in domain Mono, info)
DllImport searching in: '/snap/gd-godot-engine-mono-snapcraft/23/godot-engine-mono/GodotSharp/Mono/lib/../lib/libmono-native.so' ('/snap/gd-godot-engine-mono-snapcraft/23/godot-engine-mono/GodotSharp/Mono/lib/../lib/libmono-native.so'). (in domain Mono, info)
Searching for 'SystemNative_LStat2'. (in domain Mono, info)
Probing 'SystemNative_LStat2'. (in domain Mono, info)
Found as 'SystemNative_LStat2'. (in domain Mono, info)
DllImport searching in: '/snap/gd-godot-engine-mono-snapcraft/23/godot-engine-mono/GodotSharp/Mono/lib/../lib/libmono-native.so' ('/snap/gd-godot-engine-mono-snapcraft/23/godot-engine-mono/GodotSharp/Mono/lib/../lib/libmono-native.so'). (in domain Mono, info)
Searching for 'SystemNative_ConvertErrorPlatformToPal'. (in domain Mono, info)
Probing 'SystemNative_ConvertErrorPlatformToPal'. (in domain Mono, info)
Found as 'SystemNative_ConvertErrorPlatformToPal'. (in domain Mono, info)
Requesting loading reference 2 (of 3) of /snap/gd-godot-engine-mono-snapcraft/23/godot-engine-mono/GodotSharp/Mono/lib/mono/4.5/System.Xml.dll (in domain Mono, info)
Loading reference 2 of /snap/gd-godot-engine-mono-snapcraft/23/godot-engine-mono/GodotSharp/Mono/lib/mono/4.5/System.Xml.dll asmctx DEFAULT, looking for System, Version=4.0.0.0, Culture=neutral, PublicKeyToken=b77a5c561934e089 (in domain Mono, info)
Assembly Ref addref System.Xml[0xa250980] -> System[0xa1b93a0]: 4 (in domain Mono, info)
Requesting loading reference 3 (of 6) of /snap/gd-godot-engine-mono-snapcraft/23/godot-engine-mono/GodotSharp/Mono/lib/mono/4.5/System.dll (in domain Mono, info)
Loading reference 3 of /snap/gd-godot-engine-mono-snapcraft/23/godot-engine-mono/GodotSharp/Mono/lib/mono/4.5/System.dll asmctx DEFAULT, looking for System.Xml, Version=4.0.0.0, Culture=neutral, PublicKeyToken=b77a5c561934e089 (in domain Mono, info)
Assembly Ref addref System[0xa1b93a0] -> System.Xml[0xa250980]: 3 (in domain Mono, info)
Image addref GodotTools[0xa7b0af0] (asmctx DEFAULT) -> /snap/gd-godot-engine-mono-snapcraft/23/godot-engine-mono/GodotSharp/Tools/GodotTools.dll[0xa7a6fd0]: 3 (in domain Mono, info)
Prepared to set up assembly 'GodotTools' (/snap/gd-godot-engine-mono-snapcraft/23/godot-engine-mono/GodotSharp/Tools/GodotTools.dll) (in domain Mono, info)
Assembly GodotTools[0xa7b0af0] added to domain GodotEngine.Domain.Scripts, ref_count=1 (in domain Mono, info)
Image addref GodotTools.ProjectEditor[0xa7ca4e0] (asmctx DEFAULT) -> /snap/gd-godot-engine-mono-snapcraft/23/godot-engine-mono/GodotSharp/Tools/GodotTools.ProjectEditor.dll[0xa7b1200]: 3 (in domain Mono, info)
Prepared to set up assembly 'GodotTools.ProjectEditor' (/snap/gd-godot-engine-mono-snapcraft/23/godot-engine-mono/GodotSharp/Tools/GodotTools.ProjectEditor.dll) (in domain Mono, info)
Assembly GodotTools.ProjectEditor[0xa7ca4e0] added to domain GodotEngine.Domain.Scripts, ref_count=1 (in domain Mono, info)
Image addref tradeTest[0xa78afb0] (asmctx DEFAULT) -> /home/cal/snap/gd-godot-engine-mono-snapcraft/23/.mono/temp/bin/Debug/tradeTest.dll[0xa7ca9b0]: 3 (in domain Mono, info)
Prepared to set up assembly 'tradeTest' (/home/cal/snap/gd-godot-engine-mono-snapcraft/23/.mono/temp/bin/Debug/tradeTest.dll) (in domain Mono, info)
Assembly tradeTest[0xa78afb0] added to domain GodotEngine.Domain.Scripts, ref_count=1 (in domain Mono, info)
Requesting loading reference 1 (of 2) of /home/cal/snap/gd-godot-engine-mono-snapcraft/23/.mono/temp/bin/Debug/tradeTest.dll (in domain Mono, info)
Loading reference 1 of /home/cal/snap/gd-godot-engine-mono-snapcraft/23/.mono/temp/bin/Debug/tradeTest.dll asmctx DEFAULT, looking for GodotSharp, Version=1.0.0.0, Culture=neutral, PublicKeyToken=null (in domain Mono, info)
Assembly Ref addref tradeTest[0xa78afb0] -> GodotSharp[0xa33f900]: 2 (in domain Mono, info)
Requesting loading reference 0 (of 2) of /home/cal/snap/gd-godot-engine-mono-snapcraft/23/.mono/temp/bin/Debug/tradeTest.dll (in domain Mono, info)
Loading reference 0 of /home/cal/snap/gd-godot-engine-mono-snapcraft/23/.mono/temp/bin/Debug/tradeTest.dll asmctx DEFAULT, looking for mscorlib, Version=4.0.0.0, Culture=neutral, PublicKeyToken=b77a5c561934e089 (in domain Mono, info)
Assembly Ref addref tradeTest[0xa78afb0] -> mscorlib[0x9a141a0]: 7 (in domain Mono, info)
Requesting loading reference 1 (of 16) of /snap/gd-godot-engine-mono-snapcraft/23/godot-engine-mono/GodotSharp/Mono/lib/mono/4.5/Facades/netstandard.dll (in domain Mono, info)
Loading reference 1 of /snap/gd-godot-engine-mono-snapcraft/23/godot-engine-mono/GodotSharp/Mono/lib/mono/4.5/Facades/netstandard.dll asmctx DEFAULT, looking for System.Core, Version=4.0.0.0, Culture=neutral, PublicKeyToken=b77a5c561934e089 (in domain Mono, info)
Image addref System.Core[0xbc469b0] (asmctx DEFAULT) -> /snap/gd-godot-engine-mono-snapcraft/23/godot-engine-mono/GodotSharp/Mono/lib/mono/4.5/System.Core.dll[0xbff3550]: 2 (in domain Mono, info)
Prepared to set up assembly 'System.Core' (/snap/gd-godot-engine-mono-snapcraft/23/godot-engine-mono/GodotSharp/Mono/lib/mono/4.5/System.Core.dll) (in domain Mono, info)
Assembly System.Core[0xbc469b0] added to domain GodotEngine.Domain.Scripts, ref_count=1 (in domain Mono, info)
Assembly Ref addref netstandard[0x9a69a70] -> System.Core[0xbc469b0]: 2 (in domain Mono, info)
Requesting loading reference 0 (of 2) of /snap/gd-godot-engine-mono-snapcraft/23/godot-engine-mono/GodotSharp/Mono/lib/mono/4.5/System.Core.dll (in domain Mono, info)
Loading reference 0 of /snap/gd-godot-engine-mono-snapcraft/23/godot-engine-mono/GodotSharp/Mono/lib/mono/4.5/System.Core.dll asmctx DEFAULT, looking for mscorlib, Version=4.0.0.0, Culture=neutral, PublicKeyToken=b77a5c561934e089 (in domain Mono, info)
Assembly Ref addref System.Core[0xbc469b0] -> mscorlib[0x9a141a0]: 8 (in domain Mono, info)
GC_MAJOR: (user request) time 0.42ms, stw 0.69ms los size: 1024K in use: 64K (in domain Mono, info)
GC_MAJOR_SWEEP: major size: 1056K in use: 191K (in domain Mono, info)
GC_MAJOR: (user request) time 0.13ms, stw 0.28ms los size: 1024K in use: 64K (in domain Mono, info)
GC_MAJOR_SWEEP: major size: 1056K in use: 191K (in domain Mono, info)
GC_MAJOR: (user request) time 0.13ms, stw 0.35ms los size: 1024K in use: 64K (in domain Mono, info)
GC_MAJOR_SWEEP: major size: 1056K in use: 191K (in domain Mono, info)
GC_MINOR: (user request) time 0.04ms, stw 0.06ms promoted 0K major size: 1056K in use: 191K los size: 1024K in use: 64K (in domain Mono, info)
Unloading domain GodotEngine.Domain.Scripts[0x9a817b0], assembly mscorlib[0x9a141a0], ref_count=8 (in domain Mono, info)
Unloading domain GodotEngine.Domain.Scripts[0x9a817b0], assembly GodotSharp[0xa33f900], ref_count=2 (in domain Mono, info)
Unloading domain GodotEngine.Domain.Scripts[0x9a817b0], assembly netstandard[0x9a69a70], ref_count=3 (in domain Mono, info)
Unloading domain GodotEngine.Domain.Scripts[0x9a817b0], assembly GodotSharpEditor[0x9a911c0], ref_count=1 (in domain Mono, info)
Unloading assembly GodotSharpEditor [0x9a911c0]. (in domain Mono, info)
Unloading image data-0xa1dfa00 [0xa17de00]. (in domain Mono, info)
Unloading image /home/cal/snap/gd-godot-engine-mono-snapcraft/23/.mono/assemblies/Debug/GodotSharpEditor.dll [0xa17d0a0]. (in domain Mono, info)
Unloading domain GodotEngine.Domain.Scripts[0x9a817b0], assembly System[0xa1b93a0], ref_count=4 (in domain Mono, info)
Unloading domain GodotEngine.Domain.Scripts[0x9a817b0], assembly System.Configuration[0xa2507c0], ref_count=2 (in domain Mono, info)
Unloading domain GodotEngine.Domain.Scripts[0x9a817b0], assembly System.Xml[0xa250980], ref_count=3 (in domain Mono, info)
Unloading domain GodotEngine.Domain.Scripts[0x9a817b0], assembly GodotTools[0xa7b0af0], ref_count=1 (in domain Mono, info)
Unloading assembly GodotTools [0xa7b0af0]. (in domain Mono, info)
Unloading image data-0xa76fdb0 [0xa78f680]. (in domain Mono, info)
Unloading image /snap/gd-godot-engine-mono-snapcraft/23/godot-engine-mono/GodotSharp/Tools/GodotTools.dll [0xa7a6fd0]. (in domain Mono, info)
Unloading domain GodotEngine.Domain.Scripts[0x9a817b0], assembly GodotTools.ProjectEditor[0xa7ca4e0], ref_count=1 (in domain Mono, info)
Unloading assembly GodotTools.ProjectEditor [0xa7ca4e0]. (in domain Mono, info)
Unloading image data-0xa7809e0 [0xa7b1db0]. (in domain Mono, info)
Unloading image /snap/gd-godot-engine-mono-snapcraft/23/godot-engine-mono/GodotSharp/Tools/GodotTools.ProjectEditor.dll [0xa7b1200]. (in domain Mono, info)
Unloading domain GodotEngine.Domain.Scripts[0x9a817b0], assembly tradeTest[0xa78afb0], ref_count=1 (in domain Mono, info)
Unloading assembly tradeTest [0xa78afb0]. (in domain Mono, info)
Unloading image data-0xa784ce0 [0xa785550]. (in domain Mono, info)
Unloading image /home/cal/snap/gd-godot-engine-mono-snapcraft/23/.mono/temp/bin/Debug/tradeTest.dll [0xa7ca9b0]. (in domain Mono, info)
Unloading assembly GodotSharp [0xa33f900]. (in domain Mono, info)
Unloading image data-0xa25a070 [0xa158ea0]. (in domain Mono, info)
Unloading image /home/cal/snap/gd-godot-engine-mono-snapcraft/23/.mono/assemblies/Debug/GodotSharp.dll [0x9ac3bd0]. (in domain Mono, info)
Unloading assembly netstandard [0x9a69a70]. (in domain Mono, info)
Unloading image /snap/gd-godot-engine-mono-snapcraft/23/godot-engine-mono/GodotSharp/Mono/lib/mono/4.5/Facades/netstandard.dll [0xa1967a0]. (in domain Mono, info)
Unloading domain GodotEngine.Domain.Scripts[0x9a817b0], assembly System.Core[0xbc469b0], ref_count=1 (in domain Mono, info)
Unloading assembly System.Core [0xbc469b0]. (in domain Mono, info)
Unloading image /snap/gd-godot-engine-mono-snapcraft/23/godot-engine-mono/GodotSharp/Mono/lib/mono/4.5/System.Core.dll [0xbff3550]. (in domain Mono, info)
GC_MAJOR: (user request) time 0.04ms, stw 0.15ms los size: 0K in use: 0K (in domain Mono, info)
GC_MAJOR_SWEEP: major size: 240K in use: 2K (in domain Mono, info)
GC_MAJOR: (user request) time 0.05ms, stw 0.09ms los size: 0K in use: 0K (in domain Mono, info)
GC_MAJOR_SWEEP: major size: 240K in use: 2K (in domain Mono, info)
Unloading domain GodotEngine.RootDomain[0x9a0d6e0], assembly mscorlib[0x9a141a0], ref_count=4 (in domain Mono, info)
Assembly image '/snap/gd-godot-engine-mono-snapcraft/23/godot-engine-mono/GodotSharp/Mono/lib/mono/4.5/System.Configuration.dll' [0xa24ec20] still loaded at shutdown. (in domain Mono, info)
Assembly image '/snap/gd-godot-engine-mono-snapcraft/23/godot-engine-mono/GodotSharp/Mono/lib/mono/4.5/mscorlib.dll' [0x9a129d0] still loaded at shutdown. (in domain Mono, info)
Assembly image '/snap/gd-godot-engine-mono-snapcraft/23/godot-engine-mono/GodotSharp/Mono/lib/mono/4.5/System.dll' [0xa1dad20] still loaded at shutdown. (in domain Mono, info)
Assembly image '/snap/gd-godot-engine-mono-snapcraft/23/godot-engine-mono/GodotSharp/Mono/lib/mono/4.5/System.Xml.dll' [0x9acff80] still loaded at shutdown. (in domain Mono, info)
