Config attempting to parse: '/snap/gd-godot-engine-mono-snapcraft/23/godot-engine-mono/GodotSharp/Mono/etc/mono/config'. (in domain Mono, info)
Config attempting to parse: '/home/cal/snap/gd-godot-engine-mono-snapcraft/23/.mono/config'. (in domain Mono, info)
Image addref mscorlib[0xac2d170] (asmctx DEFAULT) -> /snap/gd-godot-engine-mono-snapcraft/23/godot-engine-mono/GodotSharp/Mono/lib/mono/4.5/mscorlib.dll[0xabb7a60]: 2 (in domain Mono, info)
Prepared to set up assembly 'mscorlib' (/snap/gd-godot-engine-mono-snapcraft/23/godot-engine-mono/GodotSharp/Mono/lib/mono/4.5/mscorlib.dll) (in domain Mono, info)
AOT: image '/snap/gd-godot-engine-mono-snapcraft/23/godot-engine-mono/GodotSharp/Mono/lib/mono/4.5/mscorlib.dll.so' not found: /snap/gd-godot-engine-mono-snapcraft/23/godot-engine-mono/GodotSharp/Mono/lib/mono/4.5/mscorlib.dll.so: cannot open shared object file: No such file or directory (in domain Mono, info)
AOT: image '/snap/gd-godot-engine-mono-snapcraft/23/godot-engine-mono/GodotSharp/Mono/lib/mono/aot-cache/amd64/mscorlib.dll.so' not found: /snap/gd-godot-engine-mono-snapcraft/23/godot-engine-mono/GodotSharp/Mono/lib/mono/aot-cache/amd64/mscorlib.dll.so: cannot open shared object file: No such file or directory (in domain Mono, info)
Assembly mscorlib[0xac2d170] added to domain GodotEngine.RootDomain, ref_count=1 (in domain Mono, info)
Assembly mscorlib[0xac2d170] added to domain GodotEngine.Domain.Scripts, ref_count=2 (in domain Mono, info)
Image addref GodotSharp[0xb46d070] (asmctx DEFAULT) -> /snap/gd-godot-engine-mono-snapcraft/23/godot-engine-mono/GodotSharp/Api/Debug/GodotSharp.dll[0xb36bf00]: 2 (in domain Mono, info)
Prepared to set up assembly 'GodotSharp' (/snap/gd-godot-engine-mono-snapcraft/23/godot-engine-mono/GodotSharp/Api/Debug/GodotSharp.dll) (in domain Mono, info)
Assembly GodotSharp[0xb46d070] added to domain GodotEngine.Domain.Scripts, ref_count=1 (in domain Mono, info)
Requesting loading reference 0 (of 1) of /snap/gd-godot-engine-mono-snapcraft/23/godot-engine-mono/GodotSharp/Api/Debug/GodotSharp.dll (in domain Mono, info)
Loading reference 0 of /snap/gd-godot-engine-mono-snapcraft/23/godot-engine-mono/GodotSharp/Api/Debug/GodotSharp.dll asmctx DEFAULT, looking for netstandard, Version=2.0.0.0, Culture=neutral, PublicKeyToken=cc7b13ffcd2ddd51 (in domain Mono, info)
Config attempting to parse: ''. (in domain Mono, info)
Image addref netstandard[0xac83d50] (asmctx DEFAULT) -> /snap/gd-godot-engine-mono-snapcraft/23/godot-engine-mono/GodotSharp/Mono/lib/mono/4.5/Facades/netstandard.dll[0xb3aa100]: 2 (in domain Mono, info)
Prepared to set up assembly 'netstandard' (/snap/gd-godot-engine-mono-snapcraft/23/godot-engine-mono/GodotSharp/Mono/lib/mono/4.5/Facades/netstandard.dll) (in domain Mono, info)
Assembly netstandard[0xac83d50] added to domain GodotEngine.Domain.Scripts, ref_count=1 (in domain Mono, info)
Assembly Ref addref GodotSharp[0xb46d070] -> netstandard[0xac83d50]: 2 (in domain Mono, info)
Requesting loading reference 0 (of 16) of /snap/gd-godot-engine-mono-snapcraft/23/godot-engine-mono/GodotSharp/Mono/lib/mono/4.5/Facades/netstandard.dll (in domain Mono, info)
Loading reference 0 of /snap/gd-godot-engine-mono-snapcraft/23/godot-engine-mono/GodotSharp/Mono/lib/mono/4.5/Facades/netstandard.dll asmctx DEFAULT, looking for mscorlib, Version=4.0.0.0, Culture=neutral, PublicKeyToken=b77a5c561934e089 (in domain Mono, info)
Assembly Ref addref netstandard[0xac83d50] -> mscorlib[0xac2d170]: 3 (in domain Mono, info)
Image addref GodotSharpEditor[0xb3933c0] (asmctx DEFAULT) -> /snap/gd-godot-engine-mono-snapcraft/23/godot-engine-mono/GodotSharp/Api/Debug/GodotSharpEditor.dll[0xb38fbd0]: 2 (in domain Mono, info)
Prepared to set up assembly 'GodotSharpEditor' (/snap/gd-godot-engine-mono-snapcraft/23/godot-engine-mono/GodotSharp/Api/Debug/GodotSharpEditor.dll) (in domain Mono, info)
Assembly GodotSharpEditor[0xb3933c0] added to domain GodotEngine.Domain.Scripts, ref_count=1 (in domain Mono, info)
Requesting loading reference 0 (of 2) of /snap/gd-godot-engine-mono-snapcraft/23/godot-engine-mono/GodotSharp/Api/Debug/GodotSharpEditor.dll (in domain Mono, info)
Loading reference 0 of /snap/gd-godot-engine-mono-snapcraft/23/godot-engine-mono/GodotSharp/Api/Debug/GodotSharpEditor.dll asmctx DEFAULT, looking for netstandard, Version=2.0.0.0, Culture=neutral, PublicKeyToken=cc7b13ffcd2ddd51 (in domain Mono, info)
Assembly Ref addref GodotSharpEditor[0xb3933c0] -> netstandard[0xac83d50]: 3 (in domain Mono, info)
Requesting loading reference 2 (of 16) of /snap/gd-godot-engine-mono-snapcraft/23/godot-engine-mono/GodotSharp/Mono/lib/mono/4.5/Facades/netstandard.dll (in domain Mono, info)
Loading reference 2 of /snap/gd-godot-engine-mono-snapcraft/23/godot-engine-mono/GodotSharp/Mono/lib/mono/4.5/Facades/netstandard.dll asmctx DEFAULT, looking for System, Version=4.0.0.0, Culture=neutral, PublicKeyToken=b77a5c561934e089 (in domain Mono, info)
Image addref System[0xb3bcfc0] (asmctx DEFAULT) -> /snap/gd-godot-engine-mono-snapcraft/23/godot-engine-mono/GodotSharp/Mono/lib/mono/4.5/System.dll[0xb3c3ac0]: 2 (in domain Mono, info)
Prepared to set up assembly 'System' (/snap/gd-godot-engine-mono-snapcraft/23/godot-engine-mono/GodotSharp/Mono/lib/mono/4.5/System.dll) (in domain Mono, info)
Assembly System[0xb3bcfc0] added to domain GodotEngine.Domain.Scripts, ref_count=1 (in domain Mono, info)
Assembly Ref addref netstandard[0xac83d50] -> System[0xb3bcfc0]: 2 (in domain Mono, info)
Requesting loading reference 0 (of 6) of /snap/gd-godot-engine-mono-snapcraft/23/godot-engine-mono/GodotSharp/Mono/lib/mono/4.5/System.dll (in domain Mono, info)
Loading reference 0 of /snap/gd-godot-engine-mono-snapcraft/23/godot-engine-mono/GodotSharp/Mono/lib/mono/4.5/System.dll asmctx DEFAULT, looking for mscorlib, Version=4.0.0.0, Culture=neutral, PublicKeyToken=b77a5c561934e089 (in domain Mono, info)
Assembly Ref addref System[0xb3bcfc0] -> mscorlib[0xac2d170]: 4 (in domain Mono, info)
Requesting loading reference 2 (of 6) of /snap/gd-godot-engine-mono-snapcraft/23/godot-engine-mono/GodotSharp/Mono/lib/mono/4.5/System.dll (in domain Mono, info)
Loading reference 2 of /snap/gd-godot-engine-mono-snapcraft/23/godot-engine-mono/GodotSharp/Mono/lib/mono/4.5/System.dll asmctx DEFAULT, looking for System.Configuration, Version=4.0.0.0, Culture=neutral, PublicKeyToken=b03f5f7f11d50a3a (in domain Mono, info)
Image addref System.Configuration[0xb3e1790] (asmctx DEFAULT) -> /snap/gd-godot-engine-mono-snapcraft/23/godot-engine-mono/GodotSharp/Mono/lib/mono/4.5/System.Configuration.dll[0xb455eb0]: 2 (in domain Mono, info)
Prepared to set up assembly 'System.Configuration' (/snap/gd-godot-engine-mono-snapcraft/23/godot-engine-mono/GodotSharp/Mono/lib/mono/4.5/System.Configuration.dll) (in domain Mono, info)
Assembly System.Configuration[0xb3e1790] added to domain GodotEngine.Domain.Scripts, ref_count=1 (in domain Mono, info)
Assembly Ref addref System[0xb3bcfc0] -> System.Configuration[0xb3e1790]: 2 (in domain Mono, info)
Requesting loading reference 0 (of 4) of /snap/gd-godot-engine-mono-snapcraft/23/godot-engine-mono/GodotSharp/Mono/lib/mono/4.5/System.Configuration.dll (in domain Mono, info)
Loading reference 0 of /snap/gd-godot-engine-mono-snapcraft/23/godot-engine-mono/GodotSharp/Mono/lib/mono/4.5/System.Configuration.dll asmctx DEFAULT, looking for mscorlib, Version=4.0.0.0, Culture=neutral, PublicKeyToken=b77a5c561934e089 (in domain Mono, info)
Assembly Ref addref System.Configuration[0xb3e1790] -> mscorlib[0xac2d170]: 5 (in domain Mono, info)
Requesting loading reference 2 (of 4) of /snap/gd-godot-engine-mono-snapcraft/23/godot-engine-mono/GodotSharp/Mono/lib/mono/4.5/System.Configuration.dll (in domain Mono, info)
Loading reference 2 of /snap/gd-godot-engine-mono-snapcraft/23/godot-engine-mono/GodotSharp/Mono/lib/mono/4.5/System.Configuration.dll asmctx DEFAULT, looking for System, Version=4.0.0.0, Culture=neutral, PublicKeyToken=b77a5c561934e089 (in domain Mono, info)
Assembly Ref addref System.Configuration[0xb3e1790] -> System[0xb3bcfc0]: 3 (in domain Mono, info)
Requesting loading reference 1 (of 4) of /snap/gd-godot-engine-mono-snapcraft/23/godot-engine-mono/GodotSharp/Mono/lib/mono/4.5/System.Configuration.dll (in domain Mono, info)
Loading reference 1 of /snap/gd-godot-engine-mono-snapcraft/23/godot-engine-mono/GodotSharp/Mono/lib/mono/4.5/System.Configuration.dll asmctx DEFAULT, looking for System.Xml, Version=4.0.0.0, Culture=neutral, PublicKeyToken=b77a5c561934e089 (in domain Mono, info)
Image addref System.Xml[0xb45e6e0] (asmctx DEFAULT) -> /snap/gd-godot-engine-mono-snapcraft/23/godot-engine-mono/GodotSharp/Mono/lib/mono/4.5/System.Xml.dll[0xb45e990]: 2 (in domain Mono, info)
Prepared to set up assembly 'System.Xml' (/snap/gd-godot-engine-mono-snapcraft/23/godot-engine-mono/GodotSharp/Mono/lib/mono/4.5/System.Xml.dll) (in domain Mono, info)
Assembly System.Xml[0xb45e6e0] added to domain GodotEngine.Domain.Scripts, ref_count=1 (in domain Mono, info)
Assembly Ref addref System.Configuration[0xb3e1790] -> System.Xml[0xb45e6e0]: 2 (in domain Mono, info)
Requesting loading reference 0 (of 3) of /snap/gd-godot-engine-mono-snapcraft/23/godot-engine-mono/GodotSharp/Mono/lib/mono/4.5/System.Xml.dll (in domain Mono, info)
Loading reference 0 of /snap/gd-godot-engine-mono-snapcraft/23/godot-engine-mono/GodotSharp/Mono/lib/mono/4.5/System.Xml.dll asmctx DEFAULT, looking for mscorlib, Version=4.0.0.0, Culture=neutral, PublicKeyToken=b77a5c561934e089 (in domain Mono, info)
Assembly Ref addref System.Xml[0xb45e6e0] -> mscorlib[0xac2d170]: 6 (in domain Mono, info)
DllImport attempting to load: '/snap/gd-godot-engine-mono-snapcraft/23/godot-engine-mono/GodotSharp/Mono/lib/../lib/libmono-native.so'. (in domain Mono, info)
DllImport loaded library '/snap/gd-godot-engine-mono-snapcraft/23/godot-engine-mono/GodotSharp/Mono/lib/../lib/libmono-native.so'. (in domain Mono, info)
DllImport searching in: '/snap/gd-godot-engine-mono-snapcraft/23/godot-engine-mono/GodotSharp/Mono/lib/../lib/libmono-native.so' ('/snap/gd-godot-engine-mono-snapcraft/23/godot-engine-mono/GodotSharp/Mono/lib/../lib/libmono-native.so'). (in domain Mono, info)
Searching for 'SystemNative_GetNonCryptographicallySecureRandomBytes'. (in domain Mono, info)
Probing 'SystemNative_GetNonCryptographicallySecureRandomBytes'. (in domain Mono, info)
Found as 'SystemNative_GetNonCryptographicallySecureRandomBytes'. (in domain Mono, info)
DllImport searching in: '/snap/gd-godot-engine-mono-snapcraft/23/godot-engine-mono/GodotSharp/Mono/lib/../lib/libmono-native.so' ('/snap/gd-godot-engine-mono-snapcraft/23/godot-engine-mono/GodotSharp/Mono/lib/../lib/libmono-native.so'). (in domain Mono, info)
Searching for 'SystemNative_LChflagsCanSetHiddenFlag'. (in domain Mono, info)
Probing 'SystemNative_LChflagsCanSetHiddenFlag'. (in domain Mono, info)
Found as 'SystemNative_LChflagsCanSetHiddenFlag'. (in domain Mono, info)
DllImport searching in: '/snap/gd-godot-engine-mono-snapcraft/23/godot-engine-mono/GodotSharp/Mono/lib/../lib/libmono-native.so' ('/snap/gd-godot-engine-mono-snapcraft/23/godot-engine-mono/GodotSharp/Mono/lib/../lib/libmono-native.so'). (in domain Mono, info)
Searching for 'SystemNative_Stat2'. (in domain Mono, info)
Probing 'SystemNative_Stat2'. (in domain Mono, info)
Found as 'SystemNative_Stat2'. (in domain Mono, info)
DllImport searching in: '/snap/gd-godot-engine-mono-snapcraft/23/godot-engine-mono/GodotSharp/Mono/lib/../lib/libmono-native.so' ('/snap/gd-godot-engine-mono-snapcraft/23/godot-engine-mono/GodotSharp/Mono/lib/../lib/libmono-native.so'). (in domain Mono, info)
Searching for 'SystemNative_LStat2'. (in domain Mono, info)
Probing 'SystemNative_LStat2'. (in domain Mono, info)
Found as 'SystemNative_LStat2'. (in domain Mono, info)
DllImport searching in: '/snap/gd-godot-engine-mono-snapcraft/23/godot-engine-mono/GodotSharp/Mono/lib/../lib/libmono-native.so' ('/snap/gd-godot-engine-mono-snapcraft/23/godot-engine-mono/GodotSharp/Mono/lib/../lib/libmono-native.so'). (in domain Mono, info)
Searching for 'SystemNative_ConvertErrorPlatformToPal'. (in domain Mono, info)
Probing 'SystemNative_ConvertErrorPlatformToPal'. (in domain Mono, info)
Found as 'SystemNative_ConvertErrorPlatformToPal'. (in domain Mono, info)
Requesting loading reference 2 (of 3) of /snap/gd-godot-engine-mono-snapcraft/23/godot-engine-mono/GodotSharp/Mono/lib/mono/4.5/System.Xml.dll (in domain Mono, info)
Loading reference 2 of /snap/gd-godot-engine-mono-snapcraft/23/godot-engine-mono/GodotSharp/Mono/lib/mono/4.5/System.Xml.dll asmctx DEFAULT, looking for System, Version=4.0.0.0, Culture=neutral, PublicKeyToken=b77a5c561934e089 (in domain Mono, info)
Assembly Ref addref System.Xml[0xb45e6e0] -> System[0xb3bcfc0]: 4 (in domain Mono, info)
Requesting loading reference 3 (of 6) of /snap/gd-godot-engine-mono-snapcraft/23/godot-engine-mono/GodotSharp/Mono/lib/mono/4.5/System.dll (in domain Mono, info)
Loading reference 3 of /snap/gd-godot-engine-mono-snapcraft/23/godot-engine-mono/GodotSharp/Mono/lib/mono/4.5/System.dll asmctx DEFAULT, looking for System.Xml, Version=4.0.0.0, Culture=neutral, PublicKeyToken=b77a5c561934e089 (in domain Mono, info)
Assembly Ref addref System[0xb3bcfc0] -> System.Xml[0xb45e6e0]: 3 (in domain Mono, info)
Image addref GodotTools[0xb7e3940] (asmctx DEFAULT) -> /snap/gd-godot-engine-mono-snapcraft/23/godot-engine-mono/GodotSharp/Tools/GodotTools.dll[0xb81b3d0]: 2 (in domain Mono, info)
Prepared to set up assembly 'GodotTools' (/snap/gd-godot-engine-mono-snapcraft/23/godot-engine-mono/GodotSharp/Tools/GodotTools.dll) (in domain Mono, info)
Assembly GodotTools[0xb7e3940] added to domain GodotEngine.Domain.Scripts, ref_count=1 (in domain Mono, info)
Image addref GodotTools.ProjectEditor[0xb81e800] (asmctx DEFAULT) -> /snap/gd-godot-engine-mono-snapcraft/23/godot-engine-mono/GodotSharp/Tools/GodotTools.ProjectEditor.dll[0xb817040]: 2 (in domain Mono, info)
Prepared to set up assembly 'GodotTools.ProjectEditor' (/snap/gd-godot-engine-mono-snapcraft/23/godot-engine-mono/GodotSharp/Tools/GodotTools.ProjectEditor.dll) (in domain Mono, info)
Assembly GodotTools.ProjectEditor[0xb81e800] added to domain GodotEngine.Domain.Scripts, ref_count=1 (in domain Mono, info)
Requesting loading reference 1 (of 16) of /snap/gd-godot-engine-mono-snapcraft/23/godot-engine-mono/GodotSharp/Mono/lib/mono/4.5/Facades/netstandard.dll (in domain Mono, info)
Loading reference 1 of /snap/gd-godot-engine-mono-snapcraft/23/godot-engine-mono/GodotSharp/Mono/lib/mono/4.5/Facades/netstandard.dll asmctx DEFAULT, looking for System.Core, Version=4.0.0.0, Culture=neutral, PublicKeyToken=b77a5c561934e089 (in domain Mono, info)
Image addref System.Core[0x825bab0] (asmctx DEFAULT) -> /snap/gd-godot-engine-mono-snapcraft/23/godot-engine-mono/GodotSharp/Mono/lib/mono/4.5/System.Core.dll[0x825bd60]: 2 (in domain Mono, info)
Prepared to set up assembly 'System.Core' (/snap/gd-godot-engine-mono-snapcraft/23/godot-engine-mono/GodotSharp/Mono/lib/mono/4.5/System.Core.dll) (in domain Mono, info)
Assembly System.Core[0x825bab0] added to domain GodotEngine.Domain.Scripts, ref_count=1 (in domain Mono, info)
Assembly Ref addref netstandard[0xac83d50] -> System.Core[0x825bab0]: 2 (in domain Mono, info)
Requesting loading reference 0 (of 2) of /snap/gd-godot-engine-mono-snapcraft/23/godot-engine-mono/GodotSharp/Mono/lib/mono/4.5/System.Core.dll (in domain Mono, info)
Loading reference 0 of /snap/gd-godot-engine-mono-snapcraft/23/godot-engine-mono/GodotSharp/Mono/lib/mono/4.5/System.Core.dll asmctx DEFAULT, looking for mscorlib, Version=4.0.0.0, Culture=neutral, PublicKeyToken=b77a5c561934e089 (in domain Mono, info)
Assembly Ref addref System.Core[0x825bab0] -> mscorlib[0xac2d170]: 7 (in domain Mono, info)
GC_MAJOR: (user request) time 0.50ms, stw 0.56ms los size: 1024K in use: 64K (in domain Mono, info)
GC_MAJOR_SWEEP: major size: 1040K in use: 188K (in domain Mono, info)
GC_MAJOR: (user request) time 0.12ms, stw 0.17ms los size: 1024K in use: 64K (in domain Mono, info)
GC_MAJOR_SWEEP: major size: 1056K in use: 188K (in domain Mono, info)
GC_MAJOR: (user request) time 0.12ms, stw 0.19ms los size: 1024K in use: 64K (in domain Mono, info)
GC_MAJOR_SWEEP: major size: 1056K in use: 188K (in domain Mono, info)
GC_MINOR: (user request) time 0.04ms, stw 0.06ms promoted 0K major size: 1056K in use: 188K los size: 1024K in use: 64K (in domain Mono, info)
Unloading domain GodotEngine.Domain.Scripts[0xac98520], assembly mscorlib[0xac2d170], ref_count=7 (in domain Mono, info)
Unloading domain GodotEngine.Domain.Scripts[0xac98520], assembly GodotSharp[0xb46d070], ref_count=1 (in domain Mono, info)
Unloading assembly GodotSharp [0xb46d070]. (in domain Mono, info)
Unloading image /snap/gd-godot-engine-mono-snapcraft/23/godot-engine-mono/GodotSharp/Api/Debug/GodotSharp.dll [0xb36bf00]. (in domain Mono, info)
Unloading domain GodotEngine.Domain.Scripts[0xac98520], assembly netstandard[0xac83d50], ref_count=2 (in domain Mono, info)
Unloading domain GodotEngine.Domain.Scripts[0xac98520], assembly GodotSharpEditor[0xb3933c0], ref_count=1 (in domain Mono, info)
Unloading assembly GodotSharpEditor [0xb3933c0]. (in domain Mono, info)
Unloading image /snap/gd-godot-engine-mono-snapcraft/23/godot-engine-mono/GodotSharp/Api/Debug/GodotSharpEditor.dll [0xb38fbd0]. (in domain Mono, info)
Unloading assembly netstandard [0xac83d50]. (in domain Mono, info)
Unloading image /snap/gd-godot-engine-mono-snapcraft/23/godot-engine-mono/GodotSharp/Mono/lib/mono/4.5/Facades/netstandard.dll [0xb3aa100]. (in domain Mono, info)
Unloading domain GodotEngine.Domain.Scripts[0xac98520], assembly System[0xb3bcfc0], ref_count=3 (in domain Mono, info)
Unloading domain GodotEngine.Domain.Scripts[0xac98520], assembly System.Configuration[0xb3e1790], ref_count=2 (in domain Mono, info)
Unloading domain GodotEngine.Domain.Scripts[0xac98520], assembly System.Xml[0xb45e6e0], ref_count=3 (in domain Mono, info)
Unloading domain GodotEngine.Domain.Scripts[0xac98520], assembly GodotTools[0xb7e3940], ref_count=1 (in domain Mono, info)
Unloading assembly GodotTools [0xb7e3940]. (in domain Mono, info)
Unloading image /snap/gd-godot-engine-mono-snapcraft/23/godot-engine-mono/GodotSharp/Tools/GodotTools.dll [0xb81b3d0]. (in domain Mono, info)
Unloading domain GodotEngine.Domain.Scripts[0xac98520], assembly GodotTools.ProjectEditor[0xb81e800], ref_count=1 (in domain Mono, info)
Unloading assembly GodotTools.ProjectEditor [0xb81e800]. (in domain Mono, info)
Unloading image /snap/gd-godot-engine-mono-snapcraft/23/godot-engine-mono/GodotSharp/Tools/GodotTools.ProjectEditor.dll [0xb817040]. (in domain Mono, info)
Unloading domain GodotEngine.Domain.Scripts[0xac98520], assembly System.Core[0x825bab0], ref_count=1 (in domain Mono, info)
Unloading assembly System.Core [0x825bab0]. (in domain Mono, info)
Unloading image /snap/gd-godot-engine-mono-snapcraft/23/godot-engine-mono/GodotSharp/Mono/lib/mono/4.5/System.Core.dll [0x825bd60]. (in domain Mono, info)
GC_MAJOR: (user request) time 0.04ms, stw 0.33ms los size: 0K in use: 0K (in domain Mono, info)
GC_MAJOR_SWEEP: major size: 240K in use: 2K (in domain Mono, info)
GC_MAJOR: (user request) time 0.06ms, stw 0.20ms los size: 0K in use: 0K (in domain Mono, info)
GC_MAJOR_SWEEP: major size: 240K in use: 2K (in domain Mono, info)
Unloading domain GodotEngine.RootDomain[0xabb4410], assembly mscorlib[0xac2d170], ref_count=4 (in domain Mono, info)
Assembly image '/snap/gd-godot-engine-mono-snapcraft/23/godot-engine-mono/GodotSharp/Mono/lib/mono/4.5/System.Configuration.dll' [0xb455eb0] still loaded at shutdown. (in domain Mono, info)
Assembly image '/snap/gd-godot-engine-mono-snapcraft/23/godot-engine-mono/GodotSharp/Mono/lib/mono/4.5/mscorlib.dll' [0xabb7a60] still loaded at shutdown. (in domain Mono, info)
Assembly image '/snap/gd-godot-engine-mono-snapcraft/23/godot-engine-mono/GodotSharp/Mono/lib/mono/4.5/System.dll' [0xb3c3ac0] still loaded at shutdown. (in domain Mono, info)
Assembly image '/snap/gd-godot-engine-mono-snapcraft/23/godot-engine-mono/GodotSharp/Mono/lib/mono/4.5/System.Xml.dll' [0xb45e990] still loaded at shutdown. (in domain Mono, info)
