Config attempting to parse: '/snap/gd-godot-engine-mono-snapcraft/23/godot-engine-mono/GodotSharp/Mono/etc/mono/config'. (in domain Mono, info)
Config attempting to parse: '/home/cal/snap/gd-godot-engine-mono-snapcraft/23/.mono/config'. (in domain Mono, info)
Image addref mscorlib[0xa6799c0] (asmctx DEFAULT) -> /snap/gd-godot-engine-mono-snapcraft/23/godot-engine-mono/GodotSharp/Mono/lib/mono/4.5/mscorlib.dll[0xa6782d0]: 2 (in domain Mono, info)
Prepared to set up assembly 'mscorlib' (/snap/gd-godot-engine-mono-snapcraft/23/godot-engine-mono/GodotSharp/Mono/lib/mono/4.5/mscorlib.dll) (in domain Mono, info)
AOT: image '/snap/gd-godot-engine-mono-snapcraft/23/godot-engine-mono/GodotSharp/Mono/lib/mono/4.5/mscorlib.dll.so' not found: /snap/gd-godot-engine-mono-snapcraft/23/godot-engine-mono/GodotSharp/Mono/lib/mono/4.5/mscorlib.dll.so: cannot open shared object file: No such file or directory (in domain Mono, info)
AOT: image '/snap/gd-godot-engine-mono-snapcraft/23/godot-engine-mono/GodotSharp/Mono/lib/mono/aot-cache/amd64/mscorlib.dll.so' not found: /snap/gd-godot-engine-mono-snapcraft/23/godot-engine-mono/GodotSharp/Mono/lib/mono/aot-cache/amd64/mscorlib.dll.so: cannot open shared object file: No such file or directory (in domain Mono, info)
Assembly mscorlib[0xa6799c0] added to domain GodotEngine.RootDomain, ref_count=1 (in domain Mono, info)
Assembly mscorlib[0xa6799c0] added to domain GodotEngine.Domain.Scripts, ref_count=2 (in domain Mono, info)
Image addref GodotSharp[0xae346a0] (asmctx DEFAULT) -> /home/cal/snap/gd-godot-engine-mono-snapcraft/23/.mono/assemblies/Debug/GodotSharp.dll[0xa79f270]: 2 (in domain Mono, info)
Prepared to set up assembly 'GodotSharp' (/home/cal/snap/gd-godot-engine-mono-snapcraft/23/.mono/assemblies/Debug/GodotSharp.dll) (in domain Mono, info)
Assembly GodotSharp[0xae346a0] added to domain GodotEngine.Domain.Scripts, ref_count=1 (in domain Mono, info)
Requesting loading reference 0 (of 1) of /home/cal/snap/gd-godot-engine-mono-snapcraft/23/.mono/assemblies/Debug/GodotSharp.dll (in domain Mono, info)
Loading reference 0 of /home/cal/snap/gd-godot-engine-mono-snapcraft/23/.mono/assemblies/Debug/GodotSharp.dll asmctx DEFAULT, looking for netstandard, Version=2.0.0.0, Culture=neutral, PublicKeyToken=cc7b13ffcd2ddd51 (in domain Mono, info)
Config attempting to parse: ''. (in domain Mono, info)
Image addref netstandard[0xa749160] (asmctx DEFAULT) -> /snap/gd-godot-engine-mono-snapcraft/23/godot-engine-mono/GodotSharp/Mono/lib/mono/4.5/Facades/netstandard.dll[0xa7dcf50]: 2 (in domain Mono, info)
Prepared to set up assembly 'netstandard' (/snap/gd-godot-engine-mono-snapcraft/23/godot-engine-mono/GodotSharp/Mono/lib/mono/4.5/Facades/netstandard.dll) (in domain Mono, info)
Assembly netstandard[0xa749160] added to domain GodotEngine.Domain.Scripts, ref_count=1 (in domain Mono, info)
Assembly Ref addref GodotSharp[0xae346a0] -> netstandard[0xa749160]: 2 (in domain Mono, info)
Requesting loading reference 0 (of 16) of /snap/gd-godot-engine-mono-snapcraft/23/godot-engine-mono/GodotSharp/Mono/lib/mono/4.5/Facades/netstandard.dll (in domain Mono, info)
Loading reference 0 of /snap/gd-godot-engine-mono-snapcraft/23/godot-engine-mono/GodotSharp/Mono/lib/mono/4.5/Facades/netstandard.dll asmctx DEFAULT, looking for mscorlib, Version=4.0.0.0, Culture=neutral, PublicKeyToken=b77a5c561934e089 (in domain Mono, info)
Assembly Ref addref netstandard[0xa749160] -> mscorlib[0xa6799c0]: 3 (in domain Mono, info)
Image addref GodotSharpEditor[0xa7c5c30] (asmctx DEFAULT) -> /home/cal/snap/gd-godot-engine-mono-snapcraft/23/.mono/assemblies/Debug/GodotSharpEditor.dll[0xa7c2bf0]: 2 (in domain Mono, info)
Prepared to set up assembly 'GodotSharpEditor' (/home/cal/snap/gd-godot-engine-mono-snapcraft/23/.mono/assemblies/Debug/GodotSharpEditor.dll) (in domain Mono, info)
Assembly GodotSharpEditor[0xa7c5c30] added to domain GodotEngine.Domain.Scripts, ref_count=1 (in domain Mono, info)
Requesting loading reference 0 (of 2) of /home/cal/snap/gd-godot-engine-mono-snapcraft/23/.mono/assemblies/Debug/GodotSharpEditor.dll (in domain Mono, info)
Loading reference 0 of /home/cal/snap/gd-godot-engine-mono-snapcraft/23/.mono/assemblies/Debug/GodotSharpEditor.dll asmctx DEFAULT, looking for netstandard, Version=2.0.0.0, Culture=neutral, PublicKeyToken=cc7b13ffcd2ddd51 (in domain Mono, info)
Assembly Ref addref GodotSharpEditor[0xa7c5c30] -> netstandard[0xa749160]: 3 (in domain Mono, info)
Requesting loading reference 2 (of 16) of /snap/gd-godot-engine-mono-snapcraft/23/godot-engine-mono/GodotSharp/Mono/lib/mono/4.5/Facades/netstandard.dll (in domain Mono, info)
Loading reference 2 of /snap/gd-godot-engine-mono-snapcraft/23/godot-engine-mono/GodotSharp/Mono/lib/mono/4.5/Facades/netstandard.dll asmctx DEFAULT, looking for System, Version=4.0.0.0, Culture=neutral, PublicKeyToken=b77a5c561934e089 (in domain Mono, info)
Image addref System[0xa7efa10] (asmctx DEFAULT) -> /snap/gd-godot-engine-mono-snapcraft/23/godot-engine-mono/GodotSharp/Mono/lib/mono/4.5/System.dll[0xa7ff560]: 2 (in domain Mono, info)
Prepared to set up assembly 'System' (/snap/gd-godot-engine-mono-snapcraft/23/godot-engine-mono/GodotSharp/Mono/lib/mono/4.5/System.dll) (in domain Mono, info)
Assembly System[0xa7efa10] added to domain GodotEngine.Domain.Scripts, ref_count=1 (in domain Mono, info)
Assembly Ref addref netstandard[0xa749160] -> System[0xa7efa10]: 2 (in domain Mono, info)
Requesting loading reference 0 (of 6) of /snap/gd-godot-engine-mono-snapcraft/23/godot-engine-mono/GodotSharp/Mono/lib/mono/4.5/System.dll (in domain Mono, info)
Loading reference 0 of /snap/gd-godot-engine-mono-snapcraft/23/godot-engine-mono/GodotSharp/Mono/lib/mono/4.5/System.dll asmctx DEFAULT, looking for mscorlib, Version=4.0.0.0, Culture=neutral, PublicKeyToken=b77a5c561934e089 (in domain Mono, info)
Assembly Ref addref System[0xa7efa10] -> mscorlib[0xa6799c0]: 4 (in domain Mono, info)
Requesting loading reference 2 (of 6) of /snap/gd-godot-engine-mono-snapcraft/23/godot-engine-mono/GodotSharp/Mono/lib/mono/4.5/System.dll (in domain Mono, info)
Loading reference 2 of /snap/gd-godot-engine-mono-snapcraft/23/godot-engine-mono/GodotSharp/Mono/lib/mono/4.5/System.dll asmctx DEFAULT, looking for System.Configuration, Version=4.0.0.0, Culture=neutral, PublicKeyToken=b03f5f7f11d50a3a (in domain Mono, info)
Image addref System.Configuration[0xaa93370] (asmctx DEFAULT) -> /snap/gd-godot-engine-mono-snapcraft/23/godot-engine-mono/GodotSharp/Mono/lib/mono/4.5/System.Configuration.dll[0xab084d0]: 2 (in domain Mono, info)
Prepared to set up assembly 'System.Configuration' (/snap/gd-godot-engine-mono-snapcraft/23/godot-engine-mono/GodotSharp/Mono/lib/mono/4.5/System.Configuration.dll) (in domain Mono, info)
Assembly System.Configuration[0xaa93370] added to domain GodotEngine.Domain.Scripts, ref_count=1 (in domain Mono, info)
Assembly Ref addref System[0xa7efa10] -> System.Configuration[0xaa93370]: 2 (in domain Mono, info)
Requesting loading reference 0 (of 4) of /snap/gd-godot-engine-mono-snapcraft/23/godot-engine-mono/GodotSharp/Mono/lib/mono/4.5/System.Configuration.dll (in domain Mono, info)
Loading reference 0 of /snap/gd-godot-engine-mono-snapcraft/23/godot-engine-mono/GodotSharp/Mono/lib/mono/4.5/System.Configuration.dll asmctx DEFAULT, looking for mscorlib, Version=4.0.0.0, Culture=neutral, PublicKeyToken=b77a5c561934e089 (in domain Mono, info)
Assembly Ref addref System.Configuration[0xaa93370] -> mscorlib[0xa6799c0]: 5 (in domain Mono, info)
Requesting loading reference 2 (of 4) of /snap/gd-godot-engine-mono-snapcraft/23/godot-engine-mono/GodotSharp/Mono/lib/mono/4.5/System.Configuration.dll (in domain Mono, info)
Loading reference 2 of /snap/gd-godot-engine-mono-snapcraft/23/godot-engine-mono/GodotSharp/Mono/lib/mono/4.5/System.Configuration.dll asmctx DEFAULT, looking for System, Version=4.0.0.0, Culture=neutral, PublicKeyToken=b77a5c561934e089 (in domain Mono, info)
Assembly Ref addref System.Configuration[0xaa93370] -> System[0xa7efa10]: 3 (in domain Mono, info)
Requesting loading reference 1 (of 4) of /snap/gd-godot-engine-mono-snapcraft/23/godot-engine-mono/GodotSharp/Mono/lib/mono/4.5/System.Configuration.dll (in domain Mono, info)
Loading reference 1 of /snap/gd-godot-engine-mono-snapcraft/23/godot-engine-mono/GodotSharp/Mono/lib/mono/4.5/System.Configuration.dll asmctx DEFAULT, looking for System.Xml, Version=4.0.0.0, Culture=neutral, PublicKeyToken=b77a5c561934e089 (in domain Mono, info)
Image addref System.Xml[0xab1bc60] (asmctx DEFAULT) -> /snap/gd-godot-engine-mono-snapcraft/23/godot-engine-mono/GodotSharp/Mono/lib/mono/4.5/System.Xml.dll[0xab1ae20]: 2 (in domain Mono, info)
Prepared to set up assembly 'System.Xml' (/snap/gd-godot-engine-mono-snapcraft/23/godot-engine-mono/GodotSharp/Mono/lib/mono/4.5/System.Xml.dll) (in domain Mono, info)
Assembly System.Xml[0xab1bc60] added to domain GodotEngine.Domain.Scripts, ref_count=1 (in domain Mono, info)
Assembly Ref addref System.Configuration[0xaa93370] -> System.Xml[0xab1bc60]: 2 (in domain Mono, info)
Requesting loading reference 0 (of 3) of /snap/gd-godot-engine-mono-snapcraft/23/godot-engine-mono/GodotSharp/Mono/lib/mono/4.5/System.Xml.dll (in domain Mono, info)
Loading reference 0 of /snap/gd-godot-engine-mono-snapcraft/23/godot-engine-mono/GodotSharp/Mono/lib/mono/4.5/System.Xml.dll asmctx DEFAULT, looking for mscorlib, Version=4.0.0.0, Culture=neutral, PublicKeyToken=b77a5c561934e089 (in domain Mono, info)
Assembly Ref addref System.Xml[0xab1bc60] -> mscorlib[0xa6799c0]: 6 (in domain Mono, info)
DllImport attempting to load: '/snap/gd-godot-engine-mono-snapcraft/23/godot-engine-mono/GodotSharp/Mono/lib/../lib/libmono-native.so'. (in domain Mono, info)
DllImport loaded library '/snap/gd-godot-engine-mono-snapcraft/23/godot-engine-mono/GodotSharp/Mono/lib/../lib/libmono-native.so'. (in domain Mono, info)
DllImport searching in: '/snap/gd-godot-engine-mono-snapcraft/23/godot-engine-mono/GodotSharp/Mono/lib/../lib/libmono-native.so' ('/snap/gd-godot-engine-mono-snapcraft/23/godot-engine-mono/GodotSharp/Mono/lib/../lib/libmono-native.so'). (in domain Mono, info)
Searching for 'SystemNative_GetNonCryptographicallySecureRandomBytes'. (in domain Mono, info)
Probing 'SystemNative_GetNonCryptographicallySecureRandomBytes'. (in domain Mono, info)
Found as 'SystemNative_GetNonCryptographicallySecureRandomBytes'. (in domain Mono, info)
DllImport searching in: '/snap/gd-godot-engine-mono-snapcraft/23/godot-engine-mono/GodotSharp/Mono/lib/../lib/libmono-native.so' ('/snap/gd-godot-engine-mono-snapcraft/23/godot-engine-mono/GodotSharp/Mono/lib/../lib/libmono-native.so'). (in domain Mono, info)
Searching for 'SystemNative_LChflagsCanSetHiddenFlag'. (in domain Mono, info)
Probing 'SystemNative_LChflagsCanSetHiddenFlag'. (in domain Mono, info)
Found as 'SystemNative_LChflagsCanSetHiddenFlag'. (in domain Mono, info)
DllImport searching in: '/snap/gd-godot-engine-mono-snapcraft/23/godot-engine-mono/GodotSharp/Mono/lib/../lib/libmono-native.so' ('/snap/gd-godot-engine-mono-snapcraft/23/godot-engine-mono/GodotSharp/Mono/lib/../lib/libmono-native.so'). (in domain Mono, info)
Searching for 'SystemNative_Stat2'. (in domain Mono, info)
Probing 'SystemNative_Stat2'. (in domain Mono, info)
Found as 'SystemNative_Stat2'. (in domain Mono, info)
DllImport searching in: '/snap/gd-godot-engine-mono-snapcraft/23/godot-engine-mono/GodotSharp/Mono/lib/../lib/libmono-native.so' ('/snap/gd-godot-engine-mono-snapcraft/23/godot-engine-mono/GodotSharp/Mono/lib/../lib/libmono-native.so'). (in domain Mono, info)
Searching for 'SystemNative_LStat2'. (in domain Mono, info)
Probing 'SystemNative_LStat2'. (in domain Mono, info)
Found as 'SystemNative_LStat2'. (in domain Mono, info)
DllImport searching in: '/snap/gd-godot-engine-mono-snapcraft/23/godot-engine-mono/GodotSharp/Mono/lib/../lib/libmono-native.so' ('/snap/gd-godot-engine-mono-snapcraft/23/godot-engine-mono/GodotSharp/Mono/lib/../lib/libmono-native.so'). (in domain Mono, info)
Searching for 'SystemNative_ConvertErrorPlatformToPal'. (in domain Mono, info)
Probing 'SystemNative_ConvertErrorPlatformToPal'. (in domain Mono, info)
Found as 'SystemNative_ConvertErrorPlatformToPal'. (in domain Mono, info)
Requesting loading reference 2 (of 3) of /snap/gd-godot-engine-mono-snapcraft/23/godot-engine-mono/GodotSharp/Mono/lib/mono/4.5/System.Xml.dll (in domain Mono, info)
Loading reference 2 of /snap/gd-godot-engine-mono-snapcraft/23/godot-engine-mono/GodotSharp/Mono/lib/mono/4.5/System.Xml.dll asmctx DEFAULT, looking for System, Version=4.0.0.0, Culture=neutral, PublicKeyToken=b77a5c561934e089 (in domain Mono, info)
Assembly Ref addref System.Xml[0xab1bc60] -> System[0xa7efa10]: 4 (in domain Mono, info)
Requesting loading reference 3 (of 6) of /snap/gd-godot-engine-mono-snapcraft/23/godot-engine-mono/GodotSharp/Mono/lib/mono/4.5/System.dll (in domain Mono, info)
Loading reference 3 of /snap/gd-godot-engine-mono-snapcraft/23/godot-engine-mono/GodotSharp/Mono/lib/mono/4.5/System.dll asmctx DEFAULT, looking for System.Xml, Version=4.0.0.0, Culture=neutral, PublicKeyToken=b77a5c561934e089 (in domain Mono, info)
Assembly Ref addref System[0xa7efa10] -> System.Xml[0xab1bc60]: 3 (in domain Mono, info)
Image addref GodotTools[0xaf59b00] (asmctx DEFAULT) -> /snap/gd-godot-engine-mono-snapcraft/23/godot-engine-mono/GodotSharp/Tools/GodotTools.dll[0xafde3f0]: 2 (in domain Mono, info)
Prepared to set up assembly 'GodotTools' (/snap/gd-godot-engine-mono-snapcraft/23/godot-engine-mono/GodotSharp/Tools/GodotTools.dll) (in domain Mono, info)
Assembly GodotTools[0xaf59b00] added to domain GodotEngine.Domain.Scripts, ref_count=1 (in domain Mono, info)
Image addref GodotTools.ProjectEditor[0xaf3db90] (asmctx DEFAULT) -> /snap/gd-godot-engine-mono-snapcraft/23/godot-engine-mono/GodotSharp/Tools/GodotTools.ProjectEditor.dll[0xafd07f0]: 2 (in domain Mono, info)
Prepared to set up assembly 'GodotTools.ProjectEditor' (/snap/gd-godot-engine-mono-snapcraft/23/godot-engine-mono/GodotSharp/Tools/GodotTools.ProjectEditor.dll) (in domain Mono, info)
Assembly GodotTools.ProjectEditor[0xaf3db90] added to domain GodotEngine.Domain.Scripts, ref_count=1 (in domain Mono, info)
Image addref tradeTest[0xaf92fa0] (asmctx DEFAULT) -> /home/cal/snap/gd-godot-engine-mono-snapcraft/23/.mono/temp/bin/Debug/tradeTest.dll[0xaff9ec0]: 2 (in domain Mono, info)
Prepared to set up assembly 'tradeTest' (/home/cal/snap/gd-godot-engine-mono-snapcraft/23/.mono/temp/bin/Debug/tradeTest.dll) (in domain Mono, info)
Assembly tradeTest[0xaf92fa0] added to domain GodotEngine.Domain.Scripts, ref_count=1 (in domain Mono, info)
Requesting loading reference 2 (of 11) of /snap/gd-godot-engine-mono-snapcraft/23/godot-engine-mono/GodotSharp/Tools/GodotTools.dll (in domain Mono, info)
Loading reference 2 of /snap/gd-godot-engine-mono-snapcraft/23/godot-engine-mono/GodotSharp/Tools/GodotTools.dll asmctx DEFAULT, looking for GodotSharpEditor, Version=1.0.0.0, Culture=neutral, PublicKeyToken=null (in domain Mono, info)
Assembly Ref addref GodotTools[0xaf59b00] -> GodotSharpEditor[0xa7c5c30]: 2 (in domain Mono, info)
Requesting loading reference 1 (of 2) of /home/cal/snap/gd-godot-engine-mono-snapcraft/23/.mono/assemblies/Debug/GodotSharpEditor.dll (in domain Mono, info)
Loading reference 1 of /home/cal/snap/gd-godot-engine-mono-snapcraft/23/.mono/assemblies/Debug/GodotSharpEditor.dll asmctx DEFAULT, looking for GodotSharp, Version=1.0.0.0, Culture=neutral, PublicKeyToken=null (in domain Mono, info)
Assembly Ref addref GodotSharpEditor[0xa7c5c30] -> GodotSharp[0xae346a0]: 2 (in domain Mono, info)
Requesting loading reference 1 (of 11) of /snap/gd-godot-engine-mono-snapcraft/23/godot-engine-mono/GodotSharp/Tools/GodotTools.dll (in domain Mono, info)
Loading reference 1 of /snap/gd-godot-engine-mono-snapcraft/23/godot-engine-mono/GodotSharp/Tools/GodotTools.dll asmctx DEFAULT, looking for GodotSharp, Version=1.0.0.0, Culture=neutral, PublicKeyToken=null (in domain Mono, info)
Assembly Ref addref GodotTools[0xaf59b00] -> GodotSharp[0xae346a0]: 3 (in domain Mono, info)
Requesting loading reference 0 (of 11) of /snap/gd-godot-engine-mono-snapcraft/23/godot-engine-mono/GodotSharp/Tools/GodotTools.dll (in domain Mono, info)
Loading reference 0 of /snap/gd-godot-engine-mono-snapcraft/23/godot-engine-mono/GodotSharp/Tools/GodotTools.dll asmctx DEFAULT, looking for mscorlib, Version=4.0.0.0, Culture=neutral, PublicKeyToken=b77a5c561934e089 (in domain Mono, info)
Assembly Ref addref GodotTools[0xaf59b00] -> mscorlib[0xa6799c0]: 7 (in domain Mono, info)
Requesting loading reference 3 (of 11) of /snap/gd-godot-engine-mono-snapcraft/23/godot-engine-mono/GodotSharp/Tools/GodotTools.dll (in domain Mono, info)
Loading reference 3 of /snap/gd-godot-engine-mono-snapcraft/23/godot-engine-mono/GodotSharp/Tools/GodotTools.dll asmctx DEFAULT, looking for GodotTools.ProjectEditor, Version=1.0.0.0, Culture=neutral, PublicKeyToken=null (in domain Mono, info)
Assembly Ref addref GodotTools[0xaf59b00] -> GodotTools.ProjectEditor[0xaf3db90]: 2 (in domain Mono, info)
Requesting loading reference 0 (of 8) of /snap/gd-godot-engine-mono-snapcraft/23/godot-engine-mono/GodotSharp/Tools/GodotTools.ProjectEditor.dll (in domain Mono, info)
Loading reference 0 of /snap/gd-godot-engine-mono-snapcraft/23/godot-engine-mono/GodotSharp/Tools/GodotTools.ProjectEditor.dll asmctx DEFAULT, looking for mscorlib, Version=4.0.0.0, Culture=neutral, PublicKeyToken=b77a5c561934e089 (in domain Mono, info)
Assembly Ref addref GodotTools.ProjectEditor[0xaf3db90] -> mscorlib[0xa6799c0]: 8 (in domain Mono, info)
Requesting loading reference 3 (of 8) of /snap/gd-godot-engine-mono-snapcraft/23/godot-engine-mono/GodotSharp/Tools/GodotTools.ProjectEditor.dll (in domain Mono, info)
Loading reference 3 of /snap/gd-godot-engine-mono-snapcraft/23/godot-engine-mono/GodotSharp/Tools/GodotTools.ProjectEditor.dll asmctx DEFAULT, looking for Microsoft.Build, Version=15.1.0.0, Culture=neutral, PublicKeyToken=b03f5f7f11d50a3a (in domain Mono, info)
Unloading image /snap/gd-godot-engine-mono-snapcraft/23/godot-engine-mono/GodotSharp/Mono/lib/mono/4.5/Microsoft.Build.dll [0xaf6c510]. (in domain Mono, info)
Image addref Microsoft.Build[0x166b5620] (asmctx DEFAULT) -> /snap/gd-godot-engine-mono-snapcraft/23/godot-engine-mono/GodotSharp/Tools/Microsoft.Build.dll[0xaf6c510]: 2 (in domain Mono, info)
Prepared to set up assembly 'Microsoft.Build' (/snap/gd-godot-engine-mono-snapcraft/23/godot-engine-mono/GodotSharp/Tools/Microsoft.Build.dll) (in domain Mono, info)
Assembly Microsoft.Build[0x166b5620] added to domain GodotEngine.Domain.Scripts, ref_count=1 (in domain Mono, info)
Assembly Ref addref GodotTools.ProjectEditor[0xaf3db90] -> Microsoft.Build[0x166b5620]: 2 (in domain Mono, info)
Requesting loading reference 0 (of 10) of /snap/gd-godot-engine-mono-snapcraft/23/godot-engine-mono/GodotSharp/Tools/Microsoft.Build.dll (in domain Mono, info)
Loading reference 0 of /snap/gd-godot-engine-mono-snapcraft/23/godot-engine-mono/GodotSharp/Tools/Microsoft.Build.dll asmctx DEFAULT, looking for mscorlib, Version=4.0.0.0, Culture=neutral, PublicKeyToken=b77a5c561934e089 (in domain Mono, info)
Assembly Ref addref Microsoft.Build[0x166b5620] -> mscorlib[0xa6799c0]: 9 (in domain Mono, info)
Requesting loading reference 3 (of 10) of /snap/gd-godot-engine-mono-snapcraft/23/godot-engine-mono/GodotSharp/Tools/Microsoft.Build.dll (in domain Mono, info)
Loading reference 3 of /snap/gd-godot-engine-mono-snapcraft/23/godot-engine-mono/GodotSharp/Tools/Microsoft.Build.dll asmctx DEFAULT, looking for Microsoft.Build.Framework, Version=15.1.0.0, Culture=neutral, PublicKeyToken=b03f5f7f11d50a3a (in domain Mono, info)
Unloading image /snap/gd-godot-engine-mono-snapcraft/23/godot-engine-mono/GodotSharp/Mono/lib/mono/4.5/Microsoft.Build.Framework.dll [0x166ed330]. (in domain Mono, info)
Image addref Microsoft.Build.Framework[0x166de0e0] (asmctx DEFAULT) -> /snap/gd-godot-engine-mono-snapcraft/23/godot-engine-mono/GodotSharp/Tools/Microsoft.Build.Framework.dll[0x166dd300]: 2 (in domain Mono, info)
Prepared to set up assembly 'Microsoft.Build.Framework' (/snap/gd-godot-engine-mono-snapcraft/23/godot-engine-mono/GodotSharp/Tools/Microsoft.Build.Framework.dll) (in domain Mono, info)
Assembly Microsoft.Build.Framework[0x166de0e0] added to domain GodotEngine.Domain.Scripts, ref_count=1 (in domain Mono, info)
Assembly Ref addref Microsoft.Build[0x166b5620] -> Microsoft.Build.Framework[0x166de0e0]: 2 (in domain Mono, info)
Requesting loading reference 1 (of 10) of /snap/gd-godot-engine-mono-snapcraft/23/godot-engine-mono/GodotSharp/Tools/Microsoft.Build.dll (in domain Mono, info)
Loading reference 1 of /snap/gd-godot-engine-mono-snapcraft/23/godot-engine-mono/GodotSharp/Tools/Microsoft.Build.dll asmctx DEFAULT, looking for System, Version=4.0.0.0, Culture=neutral, PublicKeyToken=b77a5c561934e089 (in domain Mono, info)
Assembly Ref addref Microsoft.Build[0x166b5620] -> System[0xa7efa10]: 5 (in domain Mono, info)
Requesting loading reference 9 (of 11) of /snap/gd-godot-engine-mono-snapcraft/23/godot-engine-mono/GodotSharp/Tools/GodotTools.dll (in domain Mono, info)
Loading reference 9 of /snap/gd-godot-engine-mono-snapcraft/23/godot-engine-mono/GodotSharp/Tools/GodotTools.dll asmctx DEFAULT, looking for GodotTools.Core, Version=1.0.0.0, Culture=neutral, PublicKeyToken=null (in domain Mono, info)
Image addref GodotTools.Core[0x166e7d30] (asmctx DEFAULT) -> /snap/gd-godot-engine-mono-snapcraft/23/godot-engine-mono/GodotSharp/Tools/GodotTools.Core.dll[0x166ec020]: 2 (in domain Mono, info)
Prepared to set up assembly 'GodotTools.Core' (/snap/gd-godot-engine-mono-snapcraft/23/godot-engine-mono/GodotSharp/Tools/GodotTools.Core.dll) (in domain Mono, info)
Assembly GodotTools.Core[0x166e7d30] added to domain GodotEngine.Domain.Scripts, ref_count=1 (in domain Mono, info)
Assembly Ref addref GodotTools[0xaf59b00] -> GodotTools.Core[0x166e7d30]: 2 (in domain Mono, info)
Requesting loading reference 0 (of 1) of /snap/gd-godot-engine-mono-snapcraft/23/godot-engine-mono/GodotSharp/Tools/GodotTools.Core.dll (in domain Mono, info)
Loading reference 0 of /snap/gd-godot-engine-mono-snapcraft/23/godot-engine-mono/GodotSharp/Tools/GodotTools.Core.dll asmctx DEFAULT, looking for netstandard, Version=2.0.0.0, Culture=neutral, PublicKeyToken=cc7b13ffcd2ddd51 (in domain Mono, info)
Assembly Ref addref GodotTools.Core[0x166e7d30] -> netstandard[0xa749160]: 4 (in domain Mono, info)
Requesting loading reference 1 (of 8) of /snap/gd-godot-engine-mono-snapcraft/23/godot-engine-mono/GodotSharp/Tools/GodotTools.ProjectEditor.dll (in domain Mono, info)
Loading reference 1 of /snap/gd-godot-engine-mono-snapcraft/23/godot-engine-mono/GodotSharp/Tools/GodotTools.ProjectEditor.dll asmctx DEFAULT, looking for System, Version=4.0.0.0, Culture=neutral, PublicKeyToken=b77a5c561934e089 (in domain Mono, info)
Assembly Ref addref GodotTools.ProjectEditor[0xaf3db90] -> System[0xa7efa10]: 6 (in domain Mono, info)
Requesting loading reference 2 (of 8) of /snap/gd-godot-engine-mono-snapcraft/23/godot-engine-mono/GodotSharp/Tools/GodotTools.ProjectEditor.dll (in domain Mono, info)
Loading reference 2 of /snap/gd-godot-engine-mono-snapcraft/23/godot-engine-mono/GodotSharp/Tools/GodotTools.ProjectEditor.dll asmctx DEFAULT, looking for System.Core, Version=4.0.0.0, Culture=neutral, PublicKeyToken=b77a5c561934e089 (in domain Mono, info)
Image addref System.Core[0x166f3a70] (asmctx DEFAULT) -> /snap/gd-godot-engine-mono-snapcraft/23/godot-engine-mono/GodotSharp/Mono/lib/mono/4.5/System.Core.dll[0x166f2a90]: 2 (in domain Mono, info)
Prepared to set up assembly 'System.Core' (/snap/gd-godot-engine-mono-snapcraft/23/godot-engine-mono/GodotSharp/Mono/lib/mono/4.5/System.Core.dll) (in domain Mono, info)
Assembly System.Core[0x166f3a70] added to domain GodotEngine.Domain.Scripts, ref_count=1 (in domain Mono, info)
Assembly Ref addref GodotTools.ProjectEditor[0xaf3db90] -> System.Core[0x166f3a70]: 2 (in domain Mono, info)
Requesting loading reference 0 (of 2) of /snap/gd-godot-engine-mono-snapcraft/23/godot-engine-mono/GodotSharp/Mono/lib/mono/4.5/System.Core.dll (in domain Mono, info)
Loading reference 0 of /snap/gd-godot-engine-mono-snapcraft/23/godot-engine-mono/GodotSharp/Mono/lib/mono/4.5/System.Core.dll asmctx DEFAULT, looking for mscorlib, Version=4.0.0.0, Culture=neutral, PublicKeyToken=b77a5c561934e089 (in domain Mono, info)
Assembly Ref addref System.Core[0x166f3a70] -> mscorlib[0xa6799c0]: 10 (in domain Mono, info)
Requesting loading reference 6 (of 8) of /snap/gd-godot-engine-mono-snapcraft/23/godot-engine-mono/GodotSharp/Tools/GodotTools.ProjectEditor.dll (in domain Mono, info)
Loading reference 6 of /snap/gd-godot-engine-mono-snapcraft/23/godot-engine-mono/GodotSharp/Tools/GodotTools.ProjectEditor.dll asmctx DEFAULT, looking for GodotTools.Core, Version=1.0.0.0, Culture=neutral, PublicKeyToken=null (in domain Mono, info)
Assembly Ref addref GodotTools.ProjectEditor[0xaf3db90] -> GodotTools.Core[0x166e7d30]: 3 (in domain Mono, info)
Requesting loading reference 5 (of 10) of /snap/gd-godot-engine-mono-snapcraft/23/godot-engine-mono/GodotSharp/Tools/Microsoft.Build.dll (in domain Mono, info)
Loading reference 5 of /snap/gd-godot-engine-mono-snapcraft/23/godot-engine-mono/GodotSharp/Tools/Microsoft.Build.dll asmctx DEFAULT, looking for System.Xml, Version=4.0.0.0, Culture=neutral, PublicKeyToken=b77a5c561934e089 (in domain Mono, info)
Assembly Ref addref Microsoft.Build[0x166b5620] -> System.Xml[0xab1bc60]: 4 (in domain Mono, info)
Requesting loading reference 0 (of 4) of /snap/gd-godot-engine-mono-snapcraft/23/godot-engine-mono/GodotSharp/Tools/Microsoft.Build.Framework.dll (in domain Mono, info)
Loading reference 0 of /snap/gd-godot-engine-mono-snapcraft/23/godot-engine-mono/GodotSharp/Tools/Microsoft.Build.Framework.dll asmctx DEFAULT, looking for mscorlib, Version=4.0.0.0, Culture=neutral, PublicKeyToken=b77a5c561934e089 (in domain Mono, info)
Assembly Ref addref Microsoft.Build.Framework[0x166de0e0] -> mscorlib[0xa6799c0]: 11 (in domain Mono, info)
Requesting loading reference 4 (of 10) of /snap/gd-godot-engine-mono-snapcraft/23/godot-engine-mono/GodotSharp/Tools/Microsoft.Build.dll (in domain Mono, info)
Loading reference 4 of /snap/gd-godot-engine-mono-snapcraft/23/godot-engine-mono/GodotSharp/Tools/Microsoft.Build.dll asmctx DEFAULT, looking for System.Core, Version=4.0.0.0, Culture=neutral, PublicKeyToken=b77a5c561934e089 (in domain Mono, info)
Assembly Ref addref Microsoft.Build[0x166b5620] -> System.Core[0x166f3a70]: 3 (in domain Mono, info)
Requesting loading reference 1 (of 4) of /snap/gd-godot-engine-mono-snapcraft/23/godot-engine-mono/GodotSharp/Tools/Microsoft.Build.Framework.dll (in domain Mono, info)
Loading reference 1 of /snap/gd-godot-engine-mono-snapcraft/23/godot-engine-mono/GodotSharp/Tools/Microsoft.Build.Framework.dll asmctx DEFAULT, looking for System.Xaml, Version=4.0.0.0, Culture=neutral, PublicKeyToken=b77a5c561934e089 (in domain Mono, info)
Image addref System.Xaml[0x1667ee00] (asmctx DEFAULT) -> /snap/gd-godot-engine-mono-snapcraft/23/godot-engine-mono/GodotSharp/Mono/lib/mono/4.5/System.Xaml.dll[0x168ace50]: 2 (in domain Mono, info)
Prepared to set up assembly 'System.Xaml' (/snap/gd-godot-engine-mono-snapcraft/23/godot-engine-mono/GodotSharp/Mono/lib/mono/4.5/System.Xaml.dll) (in domain Mono, info)
Assembly System.Xaml[0x1667ee00] added to domain GodotEngine.Domain.Scripts, ref_count=1 (in domain Mono, info)
Assembly Ref addref Microsoft.Build.Framework[0x166de0e0] -> System.Xaml[0x1667ee00]: 2 (in domain Mono, info)
Requesting loading reference 0 (of 4) of /snap/gd-godot-engine-mono-snapcraft/23/godot-engine-mono/GodotSharp/Mono/lib/mono/4.5/System.Xaml.dll (in domain Mono, info)
Loading reference 0 of /snap/gd-godot-engine-mono-snapcraft/23/godot-engine-mono/GodotSharp/Mono/lib/mono/4.5/System.Xaml.dll asmctx DEFAULT, looking for mscorlib, Version=4.0.0.0, Culture=neutral, PublicKeyToken=b77a5c561934e089 (in domain Mono, info)
Assembly Ref addref System.Xaml[0x1667ee00] -> mscorlib[0xa6799c0]: 12 (in domain Mono, info)
Requesting loading reference 9 (of 10) of /snap/gd-godot-engine-mono-snapcraft/23/godot-engine-mono/GodotSharp/Tools/Microsoft.Build.dll (in domain Mono, info)
Loading reference 9 of /snap/gd-godot-engine-mono-snapcraft/23/godot-engine-mono/GodotSharp/Tools/Microsoft.Build.dll asmctx DEFAULT, looking for System.Threading.Tasks.Dataflow, Version=4.6.3.0, Culture=neutral, PublicKeyToken=b03f5f7f11d50a3a (in domain Mono, info)
Image addref System.Threading.Tasks.Dataflow[0x168bf440] (asmctx DEFAULT) -> /snap/gd-godot-engine-mono-snapcraft/23/godot-engine-mono/GodotSharp/Mono/lib/mono/4.5/System.Threading.Tasks.Dataflow.dll[0xafb9a80]: 2 (in domain Mono, info)
Prepared to set up assembly 'System.Threading.Tasks.Dataflow' (/snap/gd-godot-engine-mono-snapcraft/23/godot-engine-mono/GodotSharp/Mono/lib/mono/4.5/System.Threading.Tasks.Dataflow.dll) (in domain Mono, info)
Assembly System.Threading.Tasks.Dataflow[0x168bf440] added to domain GodotEngine.Domain.Scripts, ref_count=1 (in domain Mono, info)
Assembly Ref addref Microsoft.Build[0x166b5620] -> System.Threading.Tasks.Dataflow[0x168bf440]: 2 (in domain Mono, info)
Requesting loading reference 0 (of 2) of /snap/gd-godot-engine-mono-snapcraft/23/godot-engine-mono/GodotSharp/Mono/lib/mono/4.5/System.Threading.Tasks.Dataflow.dll (in domain Mono, info)
Loading reference 0 of /snap/gd-godot-engine-mono-snapcraft/23/godot-engine-mono/GodotSharp/Mono/lib/mono/4.5/System.Threading.Tasks.Dataflow.dll asmctx DEFAULT, looking for mscorlib, Version=4.0.0.0, Culture=neutral, PublicKeyToken=b77a5c561934e089 (in domain Mono, info)
Assembly Ref addref System.Threading.Tasks.Dataflow[0x168bf440] -> mscorlib[0xa6799c0]: 13 (in domain Mono, info)
Requesting loading reference 1 (of 2) of /snap/gd-godot-engine-mono-snapcraft/23/godot-engine-mono/GodotSharp/Mono/lib/mono/4.5/System.Core.dll (in domain Mono, info)
Loading reference 1 of /snap/gd-godot-engine-mono-snapcraft/23/godot-engine-mono/GodotSharp/Mono/lib/mono/4.5/System.Core.dll asmctx DEFAULT, looking for System, Version=4.0.0.0, Culture=neutral, PublicKeyToken=b77a5c561934e089 (in domain Mono, info)
Assembly Ref addref System.Core[0x166f3a70] -> System[0xa7efa10]: 7 (in domain Mono, info)
DllImport attempting to load: '__Internal'. (in domain Mono, info)
DllImport loaded library '(null)'. (in domain Mono, info)
DllImport searching in: '__Internal' ('(null)'). (in domain Mono, info)
Searching for 'GetSystemInfo'. (in domain Mono, info)
Probing 'GetSystemInfo'. (in domain Mono, info)
Could not find 'GetSystemInfo' due to '/snap/gd-godot-engine-mono-snapcraft/23/godot-engine-mono/godot-engine-mono: undefined symbol: GetSystemInfo'. (in domain Mono, info)
Probing 'GetSystemInfoA'. (in domain Mono, info)
Could not find 'GetSystemInfoA' due to '/snap/gd-godot-engine-mono-snapcraft/23/godot-engine-mono/godot-engine-mono: undefined symbol: GetSystemInfoA'. (in domain Mono, info)
Probing 'GetSystemInfo'. (in domain Mono, info)
Could not find 'GetSystemInfo' due to '/snap/gd-godot-engine-mono-snapcraft/23/godot-engine-mono/godot-engine-mono: undefined symbol: GetSystemInfo'. (in domain Mono, info)
Probing 'GetSystemInfoA'. (in domain Mono, info)
Could not find 'GetSystemInfoA' due to '/snap/gd-godot-engine-mono-snapcraft/23/godot-engine-mono/godot-engine-mono: undefined symbol: GetSystemInfoA'. (in domain Mono, info)
DllImport searching in: '__Internal' ('(null)'). (in domain Mono, info)
Searching for 'GetNativeSystemInfo'. (in domain Mono, info)
Probing 'GetNativeSystemInfo'. (in domain Mono, info)
Could not find 'GetNativeSystemInfo' due to '/snap/gd-godot-engine-mono-snapcraft/23/godot-engine-mono/godot-engine-mono: undefined symbol: GetNativeSystemInfo'. (in domain Mono, info)
Probing 'GetNativeSystemInfoA'. (in domain Mono, info)
Could not find 'GetNativeSystemInfoA' due to '/snap/gd-godot-engine-mono-snapcraft/23/godot-engine-mono/godot-engine-mono: undefined symbol: GetNativeSystemInfoA'. (in domain Mono, info)
Probing 'GetNativeSystemInfo'. (in domain Mono, info)
Could not find 'GetNativeSystemInfo' due to '/snap/gd-godot-engine-mono-snapcraft/23/godot-engine-mono/godot-engine-mono: undefined symbol: GetNativeSystemInfo'. (in domain Mono, info)
Probing 'GetNativeSystemInfoA'. (in domain Mono, info)
Could not find 'GetNativeSystemInfoA' due to '/snap/gd-godot-engine-mono-snapcraft/23/godot-engine-mono/godot-engine-mono: undefined symbol: GetNativeSystemInfoA'. (in domain Mono, info)
DllImport searching in: '__Internal' ('(null)'). (in domain Mono, info)
Searching for 'GetEnvironmentStrings'. (in domain Mono, info)
Probing 'GetEnvironmentStringsW'. (in domain Mono, info)
Could not find 'GetEnvironmentStringsW' due to '/snap/gd-godot-engine-mono-snapcraft/23/godot-engine-mono/godot-engine-mono: undefined symbol: GetEnvironmentStringsW'. (in domain Mono, info)
Probing 'GetEnvironmentStrings'. (in domain Mono, info)
Could not find 'GetEnvironmentStrings' due to '/snap/gd-godot-engine-mono-snapcraft/23/godot-engine-mono/godot-engine-mono: undefined symbol: GetEnvironmentStrings'. (in domain Mono, info)
Probing 'GetEnvironmentStringsW'. (in domain Mono, info)
Could not find 'GetEnvironmentStringsW' due to '/snap/gd-godot-engine-mono-snapcraft/23/godot-engine-mono/godot-engine-mono: undefined symbol: GetEnvironmentStringsW'. (in domain Mono, info)
Probing 'GetEnvironmentStrings'. (in domain Mono, info)
Could not find 'GetEnvironmentStrings' due to '/snap/gd-godot-engine-mono-snapcraft/23/godot-engine-mono/godot-engine-mono: undefined symbol: GetEnvironmentStrings'. (in domain Mono, info)
DllImport searching in: '__Internal' ('(null)'). (in domain Mono, info)
Searching for 'FreeEnvironmentStrings'. (in domain Mono, info)
Probing 'FreeEnvironmentStringsW'. (in domain Mono, info)
Could not find 'FreeEnvironmentStringsW' due to '/snap/gd-godot-engine-mono-snapcraft/23/godot-engine-mono/godot-engine-mono: undefined symbol: FreeEnvironmentStringsW'. (in domain Mono, info)
Probing 'FreeEnvironmentStrings'. (in domain Mono, info)
Could not find 'FreeEnvironmentStrings' due to '/snap/gd-godot-engine-mono-snapcraft/23/godot-engine-mono/godot-engine-mono: undefined symbol: FreeEnvironmentStrings'. (in domain Mono, info)
Probing 'FreeEnvironmentStringsW'. (in domain Mono, info)
Could not find 'FreeEnvironmentStringsW' due to '/snap/gd-godot-engine-mono-snapcraft/23/godot-engine-mono/godot-engine-mono: undefined symbol: FreeEnvironmentStringsW'. (in domain Mono, info)
Probing 'FreeEnvironmentStrings'. (in domain Mono, info)
Could not find 'FreeEnvironmentStrings' due to '/snap/gd-godot-engine-mono-snapcraft/23/godot-engine-mono/godot-engine-mono: undefined symbol: FreeEnvironmentStrings'. (in domain Mono, info)
Requesting loading reference 6 (of 10) of /snap/gd-godot-engine-mono-snapcraft/23/godot-engine-mono/GodotSharp/Tools/Microsoft.Build.dll (in domain Mono, info)
Loading reference 6 of /snap/gd-godot-engine-mono-snapcraft/23/godot-engine-mono/GodotSharp/Tools/Microsoft.Build.dll asmctx DEFAULT, looking for System.Configuration, Version=4.0.0.0, Culture=neutral, PublicKeyToken=b03f5f7f11d50a3a (in domain Mono, info)
Assembly Ref addref Microsoft.Build[0x166b5620] -> System.Configuration[0xaa93370]: 3 (in domain Mono, info)
DllImport searching in: '/snap/gd-godot-engine-mono-snapcraft/23/godot-engine-mono/GodotSharp/Mono/lib/../lib/libmono-native.so' ('/snap/gd-godot-engine-mono-snapcraft/23/godot-engine-mono/GodotSharp/Mono/lib/../lib/libmono-native.so'). (in domain Mono, info)
Searching for 'SystemNative_ReadLink'. (in domain Mono, info)
Probing 'SystemNative_ReadLink'. (in domain Mono, info)
Found as 'SystemNative_ReadLink'. (in domain Mono, info)
Requesting loading reference 4 (of 8) of /snap/gd-godot-engine-mono-snapcraft/23/godot-engine-mono/GodotSharp/Tools/GodotTools.ProjectEditor.dll (in domain Mono, info)
Loading reference 4 of /snap/gd-godot-engine-mono-snapcraft/23/godot-engine-mono/GodotSharp/Tools/GodotTools.ProjectEditor.dll asmctx DEFAULT, looking for System.Xml.Linq, Version=4.0.0.0, Culture=neutral, PublicKeyToken=b77a5c561934e089 (in domain Mono, info)
Image addref System.Xml.Linq[0x16c48160] (asmctx DEFAULT) -> /snap/gd-godot-engine-mono-snapcraft/23/godot-engine-mono/GodotSharp/Mono/lib/mono/4.5/System.Xml.Linq.dll[0x16c2f5e0]: 2 (in domain Mono, info)
Prepared to set up assembly 'System.Xml.Linq' (/snap/gd-godot-engine-mono-snapcraft/23/godot-engine-mono/GodotSharp/Mono/lib/mono/4.5/System.Xml.Linq.dll) (in domain Mono, info)
Assembly System.Xml.Linq[0x16c48160] added to domain GodotEngine.Domain.Scripts, ref_count=1 (in domain Mono, info)
Assembly Ref addref GodotTools.ProjectEditor[0xaf3db90] -> System.Xml.Linq[0x16c48160]: 2 (in domain Mono, info)
Requesting loading reference 0 (of 4) of /snap/gd-godot-engine-mono-snapcraft/23/godot-engine-mono/GodotSharp/Mono/lib/mono/4.5/System.Xml.Linq.dll (in domain Mono, info)
Loading reference 0 of /snap/gd-godot-engine-mono-snapcraft/23/godot-engine-mono/GodotSharp/Mono/lib/mono/4.5/System.Xml.Linq.dll asmctx DEFAULT, looking for mscorlib, Version=4.0.0.0, Culture=neutral, PublicKeyToken=b77a5c561934e089 (in domain Mono, info)
Assembly Ref addref System.Xml.Linq[0x16c48160] -> mscorlib[0xa6799c0]: 14 (in domain Mono, info)
Requesting loading reference 1 (of 4) of /snap/gd-godot-engine-mono-snapcraft/23/godot-engine-mono/GodotSharp/Mono/lib/mono/4.5/System.Xml.Linq.dll (in domain Mono, info)
Loading reference 1 of /snap/gd-godot-engine-mono-snapcraft/23/godot-engine-mono/GodotSharp/Mono/lib/mono/4.5/System.Xml.Linq.dll asmctx DEFAULT, looking for System.Xml, Version=4.0.0.0, Culture=neutral, PublicKeyToken=b77a5c561934e089 (in domain Mono, info)
Assembly Ref addref System.Xml.Linq[0x16c48160] -> System.Xml[0xab1bc60]: 5 (in domain Mono, info)
Requesting loading reference 7 (of 8) of /snap/gd-godot-engine-mono-snapcraft/23/godot-engine-mono/GodotSharp/Tools/GodotTools.ProjectEditor.dll (in domain Mono, info)
Loading reference 7 of /snap/gd-godot-engine-mono-snapcraft/23/godot-engine-mono/GodotSharp/Tools/GodotTools.ProjectEditor.dll asmctx DEFAULT, looking for System.Xml, Version=4.0.0.0, Culture=neutral, PublicKeyToken=b77a5c561934e089 (in domain Mono, info)
Assembly Ref addref GodotTools.ProjectEditor[0xaf3db90] -> System.Xml[0xab1bc60]: 6 (in domain Mono, info)
Requesting loading reference 5 (of 8) of /snap/gd-godot-engine-mono-snapcraft/23/godot-engine-mono/GodotSharp/Tools/GodotTools.ProjectEditor.dll (in domain Mono, info)
Loading reference 5 of /snap/gd-godot-engine-mono-snapcraft/23/godot-engine-mono/GodotSharp/Tools/GodotTools.ProjectEditor.dll asmctx DEFAULT, looking for Semver, Version=2.0.6.0, Culture=neutral, PublicKeyToken=null (in domain Mono, info)
Image addref Semver[0x16c93680] (asmctx DEFAULT) -> /snap/gd-godot-engine-mono-snapcraft/23/godot-engine-mono/GodotSharp/Tools/Semver.dll[0x16c81fa0]: 2 (in domain Mono, info)
Prepared to set up assembly 'Semver' (/snap/gd-godot-engine-mono-snapcraft/23/godot-engine-mono/GodotSharp/Tools/Semver.dll) (in domain Mono, info)
Assembly Semver[0x16c93680] added to domain GodotEngine.Domain.Scripts, ref_count=1 (in domain Mono, info)
Assembly Ref addref GodotTools.ProjectEditor[0xaf3db90] -> Semver[0x16c93680]: 2 (in domain Mono, info)
Requesting loading reference 0 (of 2) of /snap/gd-godot-engine-mono-snapcraft/23/godot-engine-mono/GodotSharp/Tools/Semver.dll (in domain Mono, info)
Loading reference 0 of /snap/gd-godot-engine-mono-snapcraft/23/godot-engine-mono/GodotSharp/Tools/Semver.dll asmctx DEFAULT, looking for mscorlib, Version=4.0.0.0, Culture=neutral, PublicKeyToken=b77a5c561934e089 (in domain Mono, info)
Assembly Ref addref Semver[0x16c93680] -> mscorlib[0xa6799c0]: 15 (in domain Mono, info)
Requesting loading reference 1 (of 2) of /snap/gd-godot-engine-mono-snapcraft/23/godot-engine-mono/GodotSharp/Tools/Semver.dll (in domain Mono, info)
Loading reference 1 of /snap/gd-godot-engine-mono-snapcraft/23/godot-engine-mono/GodotSharp/Tools/Semver.dll asmctx DEFAULT, looking for System, Version=4.0.0.0, Culture=neutral, PublicKeyToken=b77a5c561934e089 (in domain Mono, info)
Assembly Ref addref Semver[0x16c93680] -> System[0xa7efa10]: 8 (in domain Mono, info)
Requesting loading reference 8 (of 11) of /snap/gd-godot-engine-mono-snapcraft/23/godot-engine-mono/GodotSharp/Tools/GodotTools.dll (in domain Mono, info)
Loading reference 8 of /snap/gd-godot-engine-mono-snapcraft/23/godot-engine-mono/GodotSharp/Tools/GodotTools.dll asmctx DEFAULT, looking for System.Core, Version=4.0.0.0, Culture=neutral, PublicKeyToken=b77a5c561934e089 (in domain Mono, info)
Assembly Ref addref GodotTools[0xaf59b00] -> System.Core[0x166f3a70]: 4 (in domain Mono, info)
Requesting loading reference 5 (of 11) of /snap/gd-godot-engine-mono-snapcraft/23/godot-engine-mono/GodotSharp/Tools/GodotTools.dll (in domain Mono, info)
Loading reference 5 of /snap/gd-godot-engine-mono-snapcraft/23/godot-engine-mono/GodotSharp/Tools/GodotTools.dll asmctx DEFAULT, looking for GodotTools.IdeMessaging, Version=1.1.1.0, Culture=neutral, PublicKeyToken=null (in domain Mono, info)
Image addref GodotTools.IdeMessaging[0x16ca6f00] (asmctx DEFAULT) -> /snap/gd-godot-engine-mono-snapcraft/23/godot-engine-mono/GodotSharp/Tools/GodotTools.IdeMessaging.dll[0x16ca6270]: 2 (in domain Mono, info)
Prepared to set up assembly 'GodotTools.IdeMessaging' (/snap/gd-godot-engine-mono-snapcraft/23/godot-engine-mono/GodotSharp/Tools/GodotTools.IdeMessaging.dll) (in domain Mono, info)
Assembly GodotTools.IdeMessaging[0x16ca6f00] added to domain GodotEngine.Domain.Scripts, ref_count=1 (in domain Mono, info)
Assembly Ref addref GodotTools[0xaf59b00] -> GodotTools.IdeMessaging[0x16ca6f00]: 2 (in domain Mono, info)
Requesting loading reference 4 (of 11) of /snap/gd-godot-engine-mono-snapcraft/23/godot-engine-mono/GodotSharp/Tools/GodotTools.dll (in domain Mono, info)
Loading reference 4 of /snap/gd-godot-engine-mono-snapcraft/23/godot-engine-mono/GodotSharp/Tools/GodotTools.dll asmctx DEFAULT, looking for System, Version=4.0.0.0, Culture=neutral, PublicKeyToken=b77a5c561934e089 (in domain Mono, info)
Assembly Ref addref GodotTools[0xaf59b00] -> System[0xa7efa10]: 9 (in domain Mono, info)
Requesting loading reference 0 (of 2) of /snap/gd-godot-engine-mono-snapcraft/23/godot-engine-mono/GodotSharp/Tools/GodotTools.IdeMessaging.dll (in domain Mono, info)
Loading reference 0 of /snap/gd-godot-engine-mono-snapcraft/23/godot-engine-mono/GodotSharp/Tools/GodotTools.IdeMessaging.dll asmctx DEFAULT, looking for netstandard, Version=2.0.0.0, Culture=neutral, PublicKeyToken=cc7b13ffcd2ddd51 (in domain Mono, info)
Assembly Ref addref GodotTools.IdeMessaging[0x16ca6f00] -> netstandard[0xa749160]: 5 (in domain Mono, info)
DllImport searching in: '/snap/gd-godot-engine-mono-snapcraft/23/godot-engine-mono/GodotSharp/Mono/lib/../lib/libmono-native.so' ('/snap/gd-godot-engine-mono-snapcraft/23/godot-engine-mono/GodotSharp/Mono/lib/../lib/libmono-native.so'). (in domain Mono, info)
Searching for 'SystemNative_MkDir'. (in domain Mono, info)
Probing 'SystemNative_MkDir'. (in domain Mono, info)
Found as 'SystemNative_MkDir'. (in domain Mono, info)
DllImport attempting to load: 'libc.so.6'. (in domain Mono, info)
DllImport error loading library '/snap/gd-godot-engine-mono-snapcraft/23/godot-engine-mono/GodotSharp/Mono/lib/mono/4.5/libc.so.6': '/snap/gd-godot-engine-mono-snapcraft/23/godot-engine-mono/GodotSharp/Mono/lib/mono/4.5/libc.so.6: cannot open shared object file: No such file or directory'. (in domain Mono, info)
DllImport error loading library '/snap/gd-godot-engine-mono-snapcraft/23/godot-engine-mono/GodotSharp/Mono/lib/mono/4.5/libc.so.6.so': '/snap/gd-godot-engine-mono-snapcraft/23/godot-engine-mono/GodotSharp/Mono/lib/mono/4.5/libc.so.6.so: cannot open shared object file: No such file or directory'. (in domain Mono, info)
DllImport error loading library '/snap/gd-godot-engine-mono-snapcraft/23/godot-engine-mono/GodotSharp/Mono/lib/mono/4.5/libc.so.6.so': '/snap/gd-godot-engine-mono-snapcraft/23/godot-engine-mono/GodotSharp/Mono/lib/mono/4.5/libc.so.6.so: cannot open shared object file: No such file or directory'. (in domain Mono, info)
DllImport error loading library '/snap/gd-godot-engine-mono-snapcraft/23/lib/libc.so.6': '/snap/gd-godot-engine-mono-snapcraft/23/lib/libc.so.6: cannot open shared object file: No such file or directory'. (in domain Mono, info)
DllImport error loading library '/snap/gd-godot-engine-mono-snapcraft/23/lib/libc.so.6.so': '/snap/gd-godot-engine-mono-snapcraft/23/lib/libc.so.6.so: cannot open shared object file: No such file or directory'. (in domain Mono, info)
DllImport error loading library '/snap/gd-godot-engine-mono-snapcraft/23/lib/libc.so.6.so': '/snap/gd-godot-engine-mono-snapcraft/23/lib/libc.so.6.so: cannot open shared object file: No such file or directory'. (in domain Mono, info)
DllImport loaded library 'libc.so.6'. (in domain Mono, info)
DllImport searching in: 'libc.so.6' ('libc.so.6'). (in domain Mono, info)
Searching for 'uname'. (in domain Mono, info)
Probing 'uname'. (in domain Mono, info)
Found as 'uname'. (in domain Mono, info)
DllImport searching in: 'libc.so.6' ('libc.so.6'). (in domain Mono, info)
Searching for 'getifaddrs'. (in domain Mono, info)
Probing 'getifaddrs'. (in domain Mono, info)
Found as 'getifaddrs'. (in domain Mono, info)
DllImport searching in: 'libc.so.6' ('libc.so.6'). (in domain Mono, info)
Searching for 'freeifaddrs'. (in domain Mono, info)
Probing 'freeifaddrs'. (in domain Mono, info)
Found as 'freeifaddrs'. (in domain Mono, info)
Requesting loading reference 1 (of 2) of /home/cal/snap/gd-godot-engine-mono-snapcraft/23/.mono/temp/bin/Debug/tradeTest.dll (in domain Mono, info)
Loading reference 1 of /home/cal/snap/gd-godot-engine-mono-snapcraft/23/.mono/temp/bin/Debug/tradeTest.dll asmctx DEFAULT, looking for GodotSharp, Version=1.0.0.0, Culture=neutral, PublicKeyToken=null (in domain Mono, info)
Assembly Ref addref tradeTest[0xaf92fa0] -> GodotSharp[0xae346a0]: 4 (in domain Mono, info)
Requesting loading reference 0 (of 2) of /home/cal/snap/gd-godot-engine-mono-snapcraft/23/.mono/temp/bin/Debug/tradeTest.dll (in domain Mono, info)
Loading reference 0 of /home/cal/snap/gd-godot-engine-mono-snapcraft/23/.mono/temp/bin/Debug/tradeTest.dll asmctx DEFAULT, looking for mscorlib, Version=4.0.0.0, Culture=neutral, PublicKeyToken=b77a5c561934e089 (in domain Mono, info)
Assembly Ref addref tradeTest[0xaf92fa0] -> mscorlib[0xa6799c0]: 16 (in domain Mono, info)
Requesting loading reference 1 (of 16) of /snap/gd-godot-engine-mono-snapcraft/23/godot-engine-mono/GodotSharp/Mono/lib/mono/4.5/Facades/netstandard.dll (in domain Mono, info)
Loading reference 1 of /snap/gd-godot-engine-mono-snapcraft/23/godot-engine-mono/GodotSharp/Mono/lib/mono/4.5/Facades/netstandard.dll asmctx DEFAULT, looking for System.Core, Version=4.0.0.0, Culture=neutral, PublicKeyToken=b77a5c561934e089 (in domain Mono, info)
Assembly Ref addref netstandard[0xa749160] -> System.Core[0x166f3a70]: 5 (in domain Mono, info)
DllImport searching in: '/snap/gd-godot-engine-mono-snapcraft/23/godot-engine-mono/GodotSharp/Mono/lib/../lib/libmono-native.so' ('/snap/gd-godot-engine-mono-snapcraft/23/godot-engine-mono/GodotSharp/Mono/lib/../lib/libmono-native.so'). (in domain Mono, info)
Searching for 'SystemNative_GetReadDirRBufferSize'. (in domain Mono, info)
Probing 'SystemNative_GetReadDirRBufferSize'. (in domain Mono, info)
Found as 'SystemNative_GetReadDirRBufferSize'. (in domain Mono, info)
DllImport searching in: '/snap/gd-godot-engine-mono-snapcraft/23/godot-engine-mono/GodotSharp/Mono/lib/../lib/libmono-native.so' ('/snap/gd-godot-engine-mono-snapcraft/23/godot-engine-mono/GodotSharp/Mono/lib/../lib/libmono-native.so'). (in domain Mono, info)
Searching for 'SystemNative_OpenDir'. (in domain Mono, info)
Probing 'SystemNative_OpenDir'. (in domain Mono, info)
Found as 'SystemNative_OpenDir'. (in domain Mono, info)
DllImport searching in: '/snap/gd-godot-engine-mono-snapcraft/23/godot-engine-mono/GodotSharp/Mono/lib/../lib/libmono-native.so' ('/snap/gd-godot-engine-mono-snapcraft/23/godot-engine-mono/GodotSharp/Mono/lib/../lib/libmono-native.so'). (in domain Mono, info)
Searching for 'SystemNative_ReadDirR'. (in domain Mono, info)
Probing 'SystemNative_ReadDirR'. (in domain Mono, info)
Found as 'SystemNative_ReadDirR'. (in domain Mono, info)
DllImport searching in: '/snap/gd-godot-engine-mono-snapcraft/23/godot-engine-mono/GodotSharp/Mono/lib/../lib/libmono-native.so' ('/snap/gd-godot-engine-mono-snapcraft/23/godot-engine-mono/GodotSharp/Mono/lib/../lib/libmono-native.so'). (in domain Mono, info)
Searching for 'SystemNative_CloseDir'. (in domain Mono, info)
Probing 'SystemNative_CloseDir'. (in domain Mono, info)
Found as 'SystemNative_CloseDir'. (in domain Mono, info)
DllImport searching in: '/snap/gd-godot-engine-mono-snapcraft/23/godot-engine-mono/GodotSharp/Mono/lib/../lib/libmono-native.so' ('/snap/gd-godot-engine-mono-snapcraft/23/godot-engine-mono/GodotSharp/Mono/lib/../lib/libmono-native.so'). (in domain Mono, info)
Searching for 'SystemNative_CopyFile'. (in domain Mono, info)
Probing 'SystemNative_CopyFile'. (in domain Mono, info)
Found as 'SystemNative_CopyFile'. (in domain Mono, info)
DllImport searching in: '/snap/gd-godot-engine-mono-snapcraft/23/godot-engine-mono/GodotSharp/Mono/lib/../lib/libmono-native.so' ('/snap/gd-godot-engine-mono-snapcraft/23/godot-engine-mono/GodotSharp/Mono/lib/../lib/libmono-native.so'). (in domain Mono, info)
Searching for 'SystemNative_Stat2'. (in domain Mono, info)
Probing 'SystemNative_Stat2'. (in domain Mono, info)
Found as 'SystemNative_Stat2'. (in domain Mono, info)
DllImport searching in: '/snap/gd-godot-engine-mono-snapcraft/23/godot-engine-mono/GodotSharp/Mono/lib/../lib/libmono-native.so' ('/snap/gd-godot-engine-mono-snapcraft/23/godot-engine-mono/GodotSharp/Mono/lib/../lib/libmono-native.so'). (in domain Mono, info)
Searching for 'SystemNative_LStat2'. (in domain Mono, info)
Probing 'SystemNative_LStat2'. (in domain Mono, info)
Found as 'SystemNative_LStat2'. (in domain Mono, info)
DllImport searching in: '/snap/gd-godot-engine-mono-snapcraft/23/godot-engine-mono/GodotSharp/Mono/lib/../lib/libmono-native.so' ('/snap/gd-godot-engine-mono-snapcraft/23/godot-engine-mono/GodotSharp/Mono/lib/../lib/libmono-native.so'). (in domain Mono, info)
Searching for 'SystemNative_Symlink'. (in domain Mono, info)
Probing 'SystemNative_Symlink'. (in domain Mono, info)
Found as 'SystemNative_Symlink'. (in domain Mono, info)
DllImport searching in: '/snap/gd-godot-engine-mono-snapcraft/23/godot-engine-mono/GodotSharp/Mono/lib/../lib/libmono-native.so' ('/snap/gd-godot-engine-mono-snapcraft/23/godot-engine-mono/GodotSharp/Mono/lib/../lib/libmono-native.so'). (in domain Mono, info)
Searching for 'SystemNative_Unlink'. (in domain Mono, info)
Probing 'SystemNative_Unlink'. (in domain Mono, info)
Found as 'SystemNative_Unlink'. (in domain Mono, info)
Requesting loading reference 10 (of 11) of /snap/gd-godot-engine-mono-snapcraft/23/godot-engine-mono/GodotSharp/Tools/GodotTools.dll (in domain Mono, info)
Loading reference 10 of /snap/gd-godot-engine-mono-snapcraft/23/godot-engine-mono/GodotSharp/Tools/GodotTools.dll asmctx DEFAULT, looking for GodotTools.BuildLogger, Version=1.0.0.0, Culture=neutral, PublicKeyToken=null (in domain Mono, info)
Image addref GodotTools.BuildLogger[0x1a14a670] (asmctx DEFAULT) -> /snap/gd-godot-engine-mono-snapcraft/23/godot-engine-mono/GodotSharp/Tools/GodotTools.BuildLogger.dll[0x1a0c5a00]: 2 (in domain Mono, info)
Prepared to set up assembly 'GodotTools.BuildLogger' (/snap/gd-godot-engine-mono-snapcraft/23/godot-engine-mono/GodotSharp/Tools/GodotTools.BuildLogger.dll) (in domain Mono, info)
Assembly GodotTools.BuildLogger[0x1a14a670] added to domain GodotEngine.Domain.Scripts, ref_count=1 (in domain Mono, info)
Assembly Ref addref GodotTools[0xaf59b00] -> GodotTools.BuildLogger[0x1a14a670]: 2 (in domain Mono, info)
Requesting loading reference 0 (of 2) of /snap/gd-godot-engine-mono-snapcraft/23/godot-engine-mono/GodotSharp/Tools/GodotTools.BuildLogger.dll (in domain Mono, info)
Loading reference 0 of /snap/gd-godot-engine-mono-snapcraft/23/godot-engine-mono/GodotSharp/Tools/GodotTools.BuildLogger.dll asmctx DEFAULT, looking for netstandard, Version=2.0.0.0, Culture=neutral, PublicKeyToken=cc7b13ffcd2ddd51 (in domain Mono, info)
Assembly Ref addref GodotTools.BuildLogger[0x1a14a670] -> netstandard[0xa749160]: 6 (in domain Mono, info)
Requesting loading reference 1 (of 2) of /snap/gd-godot-engine-mono-snapcraft/23/godot-engine-mono/GodotSharp/Tools/GodotTools.BuildLogger.dll (in domain Mono, info)
Loading reference 1 of /snap/gd-godot-engine-mono-snapcraft/23/godot-engine-mono/GodotSharp/Tools/GodotTools.BuildLogger.dll asmctx DEFAULT, looking for Microsoft.Build.Framework, Version=15.1.0.0, Culture=neutral, PublicKeyToken=b03f5f7f11d50a3a (in domain Mono, info)
Assembly Ref addref GodotTools.BuildLogger[0x1a14a670] -> Microsoft.Build.Framework[0x166de0e0]: 3 (in domain Mono, info)
GC_MAJOR: (user request) time 0.93ms, stw 1.26ms los size: 1024K in use: 231K (in domain Mono, info)
GC_MAJOR_SWEEP: major size: 1360K in use: 399K (in domain Mono, info)
GC_MAJOR: (user request) time 0.28ms, stw 0.42ms los size: 1024K in use: 223K (in domain Mono, info)
GC_MAJOR_SWEEP: major size: 1360K in use: 388K (in domain Mono, info)
GC_MAJOR: (user request) time 0.33ms, stw 0.64ms los size: 1024K in use: 223K (in domain Mono, info)
GC_MAJOR_SWEEP: major size: 1360K in use: 388K (in domain Mono, info)
GC_MINOR: (user request) time 0.06ms, stw 0.26ms promoted 0K major size: 1360K in use: 389K los size: 1024K in use: 223K (in domain Mono, info)
Unloading domain GodotEngine.Domain.Scripts[0xa75f160], assembly mscorlib[0xa6799c0], ref_count=16 (in domain Mono, info)
Unloading domain GodotEngine.Domain.Scripts[0xa75f160], assembly GodotSharp[0xae346a0], ref_count=4 (in domain Mono, info)
Unloading domain GodotEngine.Domain.Scripts[0xa75f160], assembly netstandard[0xa749160], ref_count=6 (in domain Mono, info)
Unloading domain GodotEngine.Domain.Scripts[0xa75f160], assembly GodotSharpEditor[0xa7c5c30], ref_count=2 (in domain Mono, info)
Unloading domain GodotEngine.Domain.Scripts[0xa75f160], assembly System[0xa7efa10], ref_count=9 (in domain Mono, info)
Unloading domain GodotEngine.Domain.Scripts[0xa75f160], assembly System.Configuration[0xaa93370], ref_count=3 (in domain Mono, info)
Unloading domain GodotEngine.Domain.Scripts[0xa75f160], assembly System.Xml[0xab1bc60], ref_count=6 (in domain Mono, info)
Unloading domain GodotEngine.Domain.Scripts[0xa75f160], assembly GodotTools[0xaf59b00], ref_count=1 (in domain Mono, info)
Unloading assembly GodotTools [0xaf59b00]. (in domain Mono, info)
Unloading image /snap/gd-godot-engine-mono-snapcraft/23/godot-engine-mono/GodotSharp/Tools/GodotTools.dll [0xafde3f0]. (in domain Mono, info)
Unloading assembly GodotSharpEditor [0xa7c5c30]. (in domain Mono, info)
Unloading image /home/cal/snap/gd-godot-engine-mono-snapcraft/23/.mono/assemblies/Debug/GodotSharpEditor.dll [0xa7c2bf0]. (in domain Mono, info)
Unloading domain GodotEngine.Domain.Scripts[0xa75f160], assembly GodotTools.ProjectEditor[0xaf3db90], ref_count=1 (in domain Mono, info)
Unloading assembly GodotTools.ProjectEditor [0xaf3db90]. (in domain Mono, info)
Unloading image /snap/gd-godot-engine-mono-snapcraft/23/godot-engine-mono/GodotSharp/Tools/GodotTools.ProjectEditor.dll [0xafd07f0]. (in domain Mono, info)
Unloading domain GodotEngine.Domain.Scripts[0xa75f160], assembly tradeTest[0xaf92fa0], ref_count=1 (in domain Mono, info)
Unloading assembly tradeTest [0xaf92fa0]. (in domain Mono, info)
Unloading image /home/cal/snap/gd-godot-engine-mono-snapcraft/23/.mono/temp/bin/Debug/tradeTest.dll [0xaff9ec0]. (in domain Mono, info)
Unloading assembly GodotSharp [0xae346a0]. (in domain Mono, info)
Unloading image /home/cal/snap/gd-godot-engine-mono-snapcraft/23/.mono/assemblies/Debug/GodotSharp.dll [0xa79f270]. (in domain Mono, info)
Unloading domain GodotEngine.Domain.Scripts[0xa75f160], assembly Microsoft.Build[0x166b5620], ref_count=1 (in domain Mono, info)
Unloading assembly Microsoft.Build [0x166b5620]. (in domain Mono, info)
Unloading image /snap/gd-godot-engine-mono-snapcraft/23/godot-engine-mono/GodotSharp/Tools/Microsoft.Build.dll [0xaf6c510]. (in domain Mono, info)
Unloading domain GodotEngine.Domain.Scripts[0xa75f160], assembly Microsoft.Build.Framework[0x166de0e0], ref_count=2 (in domain Mono, info)
Unloading domain GodotEngine.Domain.Scripts[0xa75f160], assembly GodotTools.Core[0x166e7d30], ref_count=1 (in domain Mono, info)
Unloading assembly GodotTools.Core [0x166e7d30]. (in domain Mono, info)
Unloading image /snap/gd-godot-engine-mono-snapcraft/23/godot-engine-mono/GodotSharp/Tools/GodotTools.Core.dll [0x166ec020]. (in domain Mono, info)
Unloading domain GodotEngine.Domain.Scripts[0xa75f160], assembly System.Core[0x166f3a70], ref_count=2 (in domain Mono, info)
Unloading domain GodotEngine.Domain.Scripts[0xa75f160], assembly System.Xaml[0x1667ee00], ref_count=2 (in domain Mono, info)
Unloading domain GodotEngine.Domain.Scripts[0xa75f160], assembly System.Threading.Tasks.Dataflow[0x168bf440], ref_count=1 (in domain Mono, info)
Unloading assembly System.Threading.Tasks.Dataflow [0x168bf440]. (in domain Mono, info)
Unloading image /snap/gd-godot-engine-mono-snapcraft/23/godot-engine-mono/GodotSharp/Mono/lib/mono/4.5/System.Threading.Tasks.Dataflow.dll [0xafb9a80]. (in domain Mono, info)
Unloading domain GodotEngine.Domain.Scripts[0xa75f160], assembly System.Xml.Linq[0x16c48160], ref_count=1 (in domain Mono, info)
Unloading assembly System.Xml.Linq [0x16c48160]. (in domain Mono, info)
Unloading image /snap/gd-godot-engine-mono-snapcraft/23/godot-engine-mono/GodotSharp/Mono/lib/mono/4.5/System.Xml.Linq.dll [0x16c2f5e0]. (in domain Mono, info)
Unloading domain GodotEngine.Domain.Scripts[0xa75f160], assembly Semver[0x16c93680], ref_count=1 (in domain Mono, info)
Unloading assembly Semver [0x16c93680]. (in domain Mono, info)
Unloading image /snap/gd-godot-engine-mono-snapcraft/23/godot-engine-mono/GodotSharp/Tools/Semver.dll [0x16c81fa0]. (in domain Mono, info)
Unloading domain GodotEngine.Domain.Scripts[0xa75f160], assembly GodotTools.IdeMessaging[0x16ca6f00], ref_count=1 (in domain Mono, info)
Unloading assembly GodotTools.IdeMessaging [0x16ca6f00]. (in domain Mono, info)
Unloading image /snap/gd-godot-engine-mono-snapcraft/23/godot-engine-mono/GodotSharp/Tools/GodotTools.IdeMessaging.dll [0x16ca6270]. (in domain Mono, info)
Unloading domain GodotEngine.Domain.Scripts[0xa75f160], assembly GodotTools.BuildLogger[0x1a14a670], ref_count=1 (in domain Mono, info)
Unloading assembly GodotTools.BuildLogger [0x1a14a670]. (in domain Mono, info)
Unloading image /snap/gd-godot-engine-mono-snapcraft/23/godot-engine-mono/GodotSharp/Tools/GodotTools.BuildLogger.dll [0x1a0c5a00]. (in domain Mono, info)
Unloading assembly netstandard [0xa749160]. (in domain Mono, info)
Unloading image /snap/gd-godot-engine-mono-snapcraft/23/godot-engine-mono/GodotSharp/Mono/lib/mono/4.5/Facades/netstandard.dll [0xa7dcf50]. (in domain Mono, info)
Unloading assembly System.Core [0x166f3a70]. (in domain Mono, info)
Unloading image /snap/gd-godot-engine-mono-snapcraft/23/godot-engine-mono/GodotSharp/Mono/lib/mono/4.5/System.Core.dll [0x166f2a90]. (in domain Mono, info)
Unloading assembly Microsoft.Build.Framework [0x166de0e0]. (in domain Mono, info)
Unloading image /snap/gd-godot-engine-mono-snapcraft/23/godot-engine-mono/GodotSharp/Tools/Microsoft.Build.Framework.dll [0x166dd300]. (in domain Mono, info)
Unloading assembly System.Xaml [0x1667ee00]. (in domain Mono, info)
Unloading image /snap/gd-godot-engine-mono-snapcraft/23/godot-engine-mono/GodotSharp/Mono/lib/mono/4.5/System.Xaml.dll [0x168ace50]. (in domain Mono, info)
GC_MAJOR: (user request) time 0.06ms, stw 0.45ms los size: 0K in use: 0K (in domain Mono, info)
GC_MAJOR_SWEEP: major size: 272K in use: 5K (in domain Mono, info)
Assembly mscorlib[0xa6799c0] added to domain GodotEngine.Domain.Scripts, ref_count=5 (in domain Mono, info)
Image addref GodotSharp[0x1a15abb0] (asmctx DEFAULT) -> /home/cal/snap/gd-godot-engine-mono-snapcraft/23/.mono/assemblies/Debug/GodotSharp.dll[0x16c499a0]: 2 (in domain Mono, info)
Prepared to set up assembly 'GodotSharp' (/home/cal/snap/gd-godot-engine-mono-snapcraft/23/.mono/assemblies/Debug/GodotSharp.dll) (in domain Mono, info)
Assembly GodotSharp[0x1a15abb0] added to domain GodotEngine.Domain.Scripts, ref_count=1 (in domain Mono, info)
Requesting loading reference 0 (of 1) of /home/cal/snap/gd-godot-engine-mono-snapcraft/23/.mono/assemblies/Debug/GodotSharp.dll (in domain Mono, info)
Loading reference 0 of /home/cal/snap/gd-godot-engine-mono-snapcraft/23/.mono/assemblies/Debug/GodotSharp.dll asmctx DEFAULT, looking for netstandard, Version=2.0.0.0, Culture=neutral, PublicKeyToken=cc7b13ffcd2ddd51 (in domain Mono, info)
Image addref netstandard[0x1a117b40] (asmctx DEFAULT) -> /snap/gd-godot-engine-mono-snapcraft/23/godot-engine-mono/GodotSharp/Mono/lib/mono/4.5/Facades/netstandard.dll[0xaff9ec0]: 2 (in domain Mono, info)
Prepared to set up assembly 'netstandard' (/snap/gd-godot-engine-mono-snapcraft/23/godot-engine-mono/GodotSharp/Mono/lib/mono/4.5/Facades/netstandard.dll) (in domain Mono, info)
Assembly netstandard[0x1a117b40] added to domain GodotEngine.Domain.Scripts, ref_count=1 (in domain Mono, info)
Assembly Ref addref GodotSharp[0x1a15abb0] -> netstandard[0x1a117b40]: 2 (in domain Mono, info)
Requesting loading reference 0 (of 16) of /snap/gd-godot-engine-mono-snapcraft/23/godot-engine-mono/GodotSharp/Mono/lib/mono/4.5/Facades/netstandard.dll (in domain Mono, info)
Loading reference 0 of /snap/gd-godot-engine-mono-snapcraft/23/godot-engine-mono/GodotSharp/Mono/lib/mono/4.5/Facades/netstandard.dll asmctx DEFAULT, looking for mscorlib, Version=4.0.0.0, Culture=neutral, PublicKeyToken=b77a5c561934e089 (in domain Mono, info)
Assembly Ref addref netstandard[0x1a117b40] -> mscorlib[0xa6799c0]: 6 (in domain Mono, info)
Image addref GodotSharpEditor[0x1748b050] (asmctx DEFAULT) -> /home/cal/snap/gd-godot-engine-mono-snapcraft/23/.mono/assemblies/Debug/GodotSharpEditor.dll[0x16b66860]: 2 (in domain Mono, info)
Prepared to set up assembly 'GodotSharpEditor' (/home/cal/snap/gd-godot-engine-mono-snapcraft/23/.mono/assemblies/Debug/GodotSharpEditor.dll) (in domain Mono, info)
Assembly GodotSharpEditor[0x1748b050] added to domain GodotEngine.Domain.Scripts, ref_count=1 (in domain Mono, info)
Requesting loading reference 0 (of 2) of /home/cal/snap/gd-godot-engine-mono-snapcraft/23/.mono/assemblies/Debug/GodotSharpEditor.dll (in domain Mono, info)
Loading reference 0 of /home/cal/snap/gd-godot-engine-mono-snapcraft/23/.mono/assemblies/Debug/GodotSharpEditor.dll asmctx DEFAULT, looking for netstandard, Version=2.0.0.0, Culture=neutral, PublicKeyToken=cc7b13ffcd2ddd51 (in domain Mono, info)
Assembly Ref addref GodotSharpEditor[0x1748b050] -> netstandard[0x1a117b40]: 3 (in domain Mono, info)
Requesting loading reference 2 (of 16) of /snap/gd-godot-engine-mono-snapcraft/23/godot-engine-mono/GodotSharp/Mono/lib/mono/4.5/Facades/netstandard.dll (in domain Mono, info)
Loading reference 2 of /snap/gd-godot-engine-mono-snapcraft/23/godot-engine-mono/GodotSharp/Mono/lib/mono/4.5/Facades/netstandard.dll asmctx DEFAULT, looking for System, Version=4.0.0.0, Culture=neutral, PublicKeyToken=b77a5c561934e089 (in domain Mono, info)
Unloading image /snap/gd-godot-engine-mono-snapcraft/23/godot-engine-mono/GodotSharp/Mono/lib/mono/4.5/System.dll [0x1666ecf0]. (in domain Mono, info)
Image addref System[0x1a0c9a50] (asmctx DEFAULT) -> /snap/gd-godot-engine-mono-snapcraft/23/godot-engine-mono/GodotSharp/Mono/lib/mono/4.5/System.dll[0xa7ff560]: 3 (in domain Mono, info)
Assembly Ref addref netstandard[0x1a117b40] -> System[0xa7efa10]: 3 (in domain Mono, info)
Image addref GodotTools[0xaefe2c0] (asmctx DEFAULT) -> /snap/gd-godot-engine-mono-snapcraft/23/godot-engine-mono/GodotSharp/Tools/GodotTools.dll[0x1666ecf0]: 2 (in domain Mono, info)
Prepared to set up assembly 'GodotTools' (/snap/gd-godot-engine-mono-snapcraft/23/godot-engine-mono/GodotSharp/Tools/GodotTools.dll) (in domain Mono, info)
Assembly GodotTools[0xaefe2c0] added to domain GodotEngine.Domain.Scripts, ref_count=1 (in domain Mono, info)
Image addref GodotTools.ProjectEditor[0x16706fb0] (asmctx DEFAULT) -> /snap/gd-godot-engine-mono-snapcraft/23/godot-engine-mono/GodotSharp/Tools/GodotTools.ProjectEditor.dll[0xd83b7b0]: 2 (in domain Mono, info)
Prepared to set up assembly 'GodotTools.ProjectEditor' (/snap/gd-godot-engine-mono-snapcraft/23/godot-engine-mono/GodotSharp/Tools/GodotTools.ProjectEditor.dll) (in domain Mono, info)
Assembly GodotTools.ProjectEditor[0x16706fb0] added to domain GodotEngine.Domain.Scripts, ref_count=1 (in domain Mono, info)
Image addref tradeTest[0xd809f00] (asmctx DEFAULT) -> /home/cal/snap/gd-godot-engine-mono-snapcraft/23/.mono/temp/bin/Debug/tradeTest.dll[0x16c36810]: 2 (in domain Mono, info)
Prepared to set up assembly 'tradeTest' (/home/cal/snap/gd-godot-engine-mono-snapcraft/23/.mono/temp/bin/Debug/tradeTest.dll) (in domain Mono, info)
Assembly tradeTest[0xd809f00] added to domain GodotEngine.Domain.Scripts, ref_count=1 (in domain Mono, info)
Requesting loading reference 2 (of 11) of /snap/gd-godot-engine-mono-snapcraft/23/godot-engine-mono/GodotSharp/Tools/GodotTools.dll (in domain Mono, info)
Loading reference 2 of /snap/gd-godot-engine-mono-snapcraft/23/godot-engine-mono/GodotSharp/Tools/GodotTools.dll asmctx DEFAULT, looking for GodotSharpEditor, Version=1.0.0.0, Culture=neutral, PublicKeyToken=null (in domain Mono, info)
Assembly Ref addref GodotTools[0xaefe2c0] -> GodotSharpEditor[0x1748b050]: 2 (in domain Mono, info)
Requesting loading reference 1 (of 2) of /home/cal/snap/gd-godot-engine-mono-snapcraft/23/.mono/assemblies/Debug/GodotSharpEditor.dll (in domain Mono, info)
Loading reference 1 of /home/cal/snap/gd-godot-engine-mono-snapcraft/23/.mono/assemblies/Debug/GodotSharpEditor.dll asmctx DEFAULT, looking for GodotSharp, Version=1.0.0.0, Culture=neutral, PublicKeyToken=null (in domain Mono, info)
Assembly Ref addref GodotSharpEditor[0x1748b050] -> GodotSharp[0x1a15abb0]: 2 (in domain Mono, info)
Requesting loading reference 1 (of 11) of /snap/gd-godot-engine-mono-snapcraft/23/godot-engine-mono/GodotSharp/Tools/GodotTools.dll (in domain Mono, info)
Loading reference 1 of /snap/gd-godot-engine-mono-snapcraft/23/godot-engine-mono/GodotSharp/Tools/GodotTools.dll asmctx DEFAULT, looking for GodotSharp, Version=1.0.0.0, Culture=neutral, PublicKeyToken=null (in domain Mono, info)
Assembly Ref addref GodotTools[0xaefe2c0] -> GodotSharp[0x1a15abb0]: 3 (in domain Mono, info)
Requesting loading reference 0 (of 11) of /snap/gd-godot-engine-mono-snapcraft/23/godot-engine-mono/GodotSharp/Tools/GodotTools.dll (in domain Mono, info)
Loading reference 0 of /snap/gd-godot-engine-mono-snapcraft/23/godot-engine-mono/GodotSharp/Tools/GodotTools.dll asmctx DEFAULT, looking for mscorlib, Version=4.0.0.0, Culture=neutral, PublicKeyToken=b77a5c561934e089 (in domain Mono, info)
Assembly Ref addref GodotTools[0xaefe2c0] -> mscorlib[0xa6799c0]: 7 (in domain Mono, info)
Requesting loading reference 1 (of 2) of /home/cal/snap/gd-godot-engine-mono-snapcraft/23/.mono/temp/bin/Debug/tradeTest.dll (in domain Mono, info)
Loading reference 1 of /home/cal/snap/gd-godot-engine-mono-snapcraft/23/.mono/temp/bin/Debug/tradeTest.dll asmctx DEFAULT, looking for GodotSharp, Version=1.0.0.0, Culture=neutral, PublicKeyToken=null (in domain Mono, info)
Assembly Ref addref tradeTest[0xd809f00] -> GodotSharp[0x1a15abb0]: 4 (in domain Mono, info)
Requesting loading reference 0 (of 2) of /home/cal/snap/gd-godot-engine-mono-snapcraft/23/.mono/temp/bin/Debug/tradeTest.dll (in domain Mono, info)
Loading reference 0 of /home/cal/snap/gd-godot-engine-mono-snapcraft/23/.mono/temp/bin/Debug/tradeTest.dll asmctx DEFAULT, looking for mscorlib, Version=4.0.0.0, Culture=neutral, PublicKeyToken=b77a5c561934e089 (in domain Mono, info)
Assembly Ref addref tradeTest[0xd809f00] -> mscorlib[0xa6799c0]: 8 (in domain Mono, info)
Requesting loading reference 5 (of 11) of /snap/gd-godot-engine-mono-snapcraft/23/godot-engine-mono/GodotSharp/Tools/GodotTools.dll (in domain Mono, info)
Loading reference 5 of /snap/gd-godot-engine-mono-snapcraft/23/godot-engine-mono/GodotSharp/Tools/GodotTools.dll asmctx DEFAULT, looking for GodotTools.IdeMessaging, Version=1.1.1.0, Culture=neutral, PublicKeyToken=null (in domain Mono, info)
Image addref GodotTools.IdeMessaging[0xa7b5470] (asmctx DEFAULT) -> /snap/gd-godot-engine-mono-snapcraft/23/godot-engine-mono/GodotSharp/Tools/GodotTools.IdeMessaging.dll[0x16ca3820]: 2 (in domain Mono, info)
Prepared to set up assembly 'GodotTools.IdeMessaging' (/snap/gd-godot-engine-mono-snapcraft/23/godot-engine-mono/GodotSharp/Tools/GodotTools.IdeMessaging.dll) (in domain Mono, info)
Assembly GodotTools.IdeMessaging[0xa7b5470] added to domain GodotEngine.Domain.Scripts, ref_count=1 (in domain Mono, info)
Assembly Ref addref GodotTools[0xaefe2c0] -> GodotTools.IdeMessaging[0xa7b5470]: 2 (in domain Mono, info)
Requesting loading reference 4 (of 11) of /snap/gd-godot-engine-mono-snapcraft/23/godot-engine-mono/GodotSharp/Tools/GodotTools.dll (in domain Mono, info)
Loading reference 4 of /snap/gd-godot-engine-mono-snapcraft/23/godot-engine-mono/GodotSharp/Tools/GodotTools.dll asmctx DEFAULT, looking for System, Version=4.0.0.0, Culture=neutral, PublicKeyToken=b77a5c561934e089 (in domain Mono, info)
Assembly Ref addref GodotTools[0xaefe2c0] -> System[0xa7efa10]: 4 (in domain Mono, info)
Requesting loading reference 0 (of 2) of /snap/gd-godot-engine-mono-snapcraft/23/godot-engine-mono/GodotSharp/Tools/GodotTools.IdeMessaging.dll (in domain Mono, info)
Loading reference 0 of /snap/gd-godot-engine-mono-snapcraft/23/godot-engine-mono/GodotSharp/Tools/GodotTools.IdeMessaging.dll asmctx DEFAULT, looking for netstandard, Version=2.0.0.0, Culture=neutral, PublicKeyToken=cc7b13ffcd2ddd51 (in domain Mono, info)
Assembly Ref addref GodotTools.IdeMessaging[0xa7b5470] -> netstandard[0x1a117b40]: 4 (in domain Mono, info)
Requesting loading reference 1 (of 16) of /snap/gd-godot-engine-mono-snapcraft/23/godot-engine-mono/GodotSharp/Mono/lib/mono/4.5/Facades/netstandard.dll (in domain Mono, info)
Loading reference 1 of /snap/gd-godot-engine-mono-snapcraft/23/godot-engine-mono/GodotSharp/Mono/lib/mono/4.5/Facades/netstandard.dll asmctx DEFAULT, looking for System.Core, Version=4.0.0.0, Culture=neutral, PublicKeyToken=b77a5c561934e089 (in domain Mono, info)
Image addref System.Core[0xd7be7b0] (asmctx DEFAULT) -> /snap/gd-godot-engine-mono-snapcraft/23/godot-engine-mono/GodotSharp/Mono/lib/mono/4.5/System.Core.dll[0x166586b0]: 2 (in domain Mono, info)
Prepared to set up assembly 'System.Core' (/snap/gd-godot-engine-mono-snapcraft/23/godot-engine-mono/GodotSharp/Mono/lib/mono/4.5/System.Core.dll) (in domain Mono, info)
Assembly System.Core[0xd7be7b0] added to domain GodotEngine.Domain.Scripts, ref_count=1 (in domain Mono, info)
Assembly Ref addref netstandard[0x1a117b40] -> System.Core[0xd7be7b0]: 2 (in domain Mono, info)
Requesting loading reference 0 (of 2) of /snap/gd-godot-engine-mono-snapcraft/23/godot-engine-mono/GodotSharp/Mono/lib/mono/4.5/System.Core.dll (in domain Mono, info)
Loading reference 0 of /snap/gd-godot-engine-mono-snapcraft/23/godot-engine-mono/GodotSharp/Mono/lib/mono/4.5/System.Core.dll asmctx DEFAULT, looking for mscorlib, Version=4.0.0.0, Culture=neutral, PublicKeyToken=b77a5c561934e089 (in domain Mono, info)
Assembly Ref addref System.Core[0xd7be7b0] -> mscorlib[0xa6799c0]: 9 (in domain Mono, info)
GC_MAJOR: (user request) time 1.21ms, stw 1.47ms los size: 1024K in use: 64K (in domain Mono, info)
GC_MAJOR_SWEEP: major size: 1104K in use: 237K (in domain Mono, info)
GC_MAJOR: (user request) time 0.39ms, stw 0.68ms los size: 1024K in use: 64K (in domain Mono, info)
GC_MAJOR_SWEEP: major size: 1136K in use: 234K (in domain Mono, info)
GC_MAJOR: (user request) time 0.40ms, stw 0.57ms los size: 1024K in use: 64K (in domain Mono, info)
GC_MAJOR_SWEEP: major size: 1136K in use: 234K (in domain Mono, info)
GC_MINOR: (user request) time 0.10ms, stw 0.17ms promoted 0K major size: 1136K in use: 234K los size: 1024K in use: 64K (in domain Mono, info)
Unloading domain GodotEngine.Domain.Scripts[0xd63f290], assembly mscorlib[0xa6799c0], ref_count=9 (in domain Mono, info)
Unloading domain GodotEngine.Domain.Scripts[0xd63f290], assembly GodotSharp[0x1a15abb0], ref_count=4 (in domain Mono, info)
Unloading domain GodotEngine.Domain.Scripts[0xd63f290], assembly netstandard[0x1a117b40], ref_count=4 (in domain Mono, info)
Unloading domain GodotEngine.Domain.Scripts[0xd63f290], assembly GodotSharpEditor[0x1748b050], ref_count=2 (in domain Mono, info)
Unloading domain GodotEngine.Domain.Scripts[0xd63f290], assembly GodotTools[0xaefe2c0], ref_count=1 (in domain Mono, info)
Unloading assembly GodotTools [0xaefe2c0]. (in domain Mono, info)
Unloading image /snap/gd-godot-engine-mono-snapcraft/23/godot-engine-mono/GodotSharp/Tools/GodotTools.dll [0x1666ecf0]. (in domain Mono, info)
Unloading assembly GodotSharpEditor [0x1748b050]. (in domain Mono, info)
Unloading image /home/cal/snap/gd-godot-engine-mono-snapcraft/23/.mono/assemblies/Debug/GodotSharpEditor.dll [0x16b66860]. (in domain Mono, info)
Unloading domain GodotEngine.Domain.Scripts[0xd63f290], assembly GodotTools.ProjectEditor[0x16706fb0], ref_count=1 (in domain Mono, info)
Unloading assembly GodotTools.ProjectEditor [0x16706fb0]. (in domain Mono, info)
Unloading image /snap/gd-godot-engine-mono-snapcraft/23/godot-engine-mono/GodotSharp/Tools/GodotTools.ProjectEditor.dll [0xd83b7b0]. (in domain Mono, info)
Unloading domain GodotEngine.Domain.Scripts[0xd63f290], assembly tradeTest[0xd809f00], ref_count=1 (in domain Mono, info)
Unloading assembly tradeTest [0xd809f00]. (in domain Mono, info)
Unloading image /home/cal/snap/gd-godot-engine-mono-snapcraft/23/.mono/temp/bin/Debug/tradeTest.dll [0x16c36810]. (in domain Mono, info)
Unloading assembly GodotSharp [0x1a15abb0]. (in domain Mono, info)
Unloading image /home/cal/snap/gd-godot-engine-mono-snapcraft/23/.mono/assemblies/Debug/GodotSharp.dll [0x16c499a0]. (in domain Mono, info)
Unloading domain GodotEngine.Domain.Scripts[0xd63f290], assembly GodotTools.IdeMessaging[0xa7b5470], ref_count=1 (in domain Mono, info)
Unloading assembly GodotTools.IdeMessaging [0xa7b5470]. (in domain Mono, info)
Unloading image /snap/gd-godot-engine-mono-snapcraft/23/godot-engine-mono/GodotSharp/Tools/GodotTools.IdeMessaging.dll [0x16ca3820]. (in domain Mono, info)
Unloading assembly netstandard [0x1a117b40]. (in domain Mono, info)
Unloading image /snap/gd-godot-engine-mono-snapcraft/23/godot-engine-mono/GodotSharp/Mono/lib/mono/4.5/Facades/netstandard.dll [0xaff9ec0]. (in domain Mono, info)
Unloading domain GodotEngine.Domain.Scripts[0xd63f290], assembly System.Core[0xd7be7b0], ref_count=1 (in domain Mono, info)
Unloading assembly System.Core [0xd7be7b0]. (in domain Mono, info)
Unloading image /snap/gd-godot-engine-mono-snapcraft/23/godot-engine-mono/GodotSharp/Mono/lib/mono/4.5/System.Core.dll [0x166586b0]. (in domain Mono, info)
GC_MAJOR: (user request) time 0.14ms, stw 0.54ms los size: 0K in use: 0K (in domain Mono, info)
GC_MAJOR_SWEEP: major size: 272K in use: 4K (in domain Mono, info)
GC_MAJOR: (user request) time 0.07ms, stw 0.12ms los size: 0K in use: 0K (in domain Mono, info)
GC_MAJOR_SWEEP: major size: 320K in use: 4K (in domain Mono, info)
Unloading domain GodotEngine.RootDomain[0xa67d8f0], assembly mscorlib[0xa6799c0], ref_count=4 (in domain Mono, info)
Assembly image '/snap/gd-godot-engine-mono-snapcraft/23/godot-engine-mono/GodotSharp/Mono/lib/mono/4.5/System.Configuration.dll' [0xab084d0] still loaded at shutdown. (in domain Mono, info)
Assembly image '/snap/gd-godot-engine-mono-snapcraft/23/godot-engine-mono/GodotSharp/Mono/lib/mono/4.5/mscorlib.dll' [0xa6782d0] still loaded at shutdown. (in domain Mono, info)
Assembly image '/snap/gd-godot-engine-mono-snapcraft/23/godot-engine-mono/GodotSharp/Mono/lib/mono/4.5/System.dll' [0xa7ff560] still loaded at shutdown. (in domain Mono, info)
Assembly image '/snap/gd-godot-engine-mono-snapcraft/23/godot-engine-mono/GodotSharp/Mono/lib/mono/4.5/System.Xml.dll' [0xab1ae20] still loaded at shutdown. (in domain Mono, info)
