Config attempting to parse: '/snap/gd-godot-engine-mono-snapcraft/23/godot-engine-mono/GodotSharp/Mono/etc/mono/config'. (in domain Mono, info)
Config attempting to parse: '/home/cal/snap/gd-godot-engine-mono-snapcraft/23/.mono/config'. (in domain Mono, info)
Image addref mscorlib[0xbabb370] (asmctx DEFAULT) -> /snap/gd-godot-engine-mono-snapcraft/23/godot-engine-mono/GodotSharp/Mono/lib/mono/4.5/mscorlib.dll[0xba45c90]: 2 (in domain Mono, info)
Prepared to set up assembly 'mscorlib' (/snap/gd-godot-engine-mono-snapcraft/23/godot-engine-mono/GodotSharp/Mono/lib/mono/4.5/mscorlib.dll) (in domain Mono, info)
AOT: image '/snap/gd-godot-engine-mono-snapcraft/23/godot-engine-mono/GodotSharp/Mono/lib/mono/4.5/mscorlib.dll.so' not found: /snap/gd-godot-engine-mono-snapcraft/23/godot-engine-mono/GodotSharp/Mono/lib/mono/4.5/mscorlib.dll.so: cannot open shared object file: No such file or directory (in domain Mono, info)
AOT: image '/snap/gd-godot-engine-mono-snapcraft/23/godot-engine-mono/GodotSharp/Mono/lib/mono/aot-cache/amd64/mscorlib.dll.so' not found: /snap/gd-godot-engine-mono-snapcraft/23/godot-engine-mono/GodotSharp/Mono/lib/mono/aot-cache/amd64/mscorlib.dll.so: cannot open shared object file: No such file or directory (in domain Mono, info)
Assembly mscorlib[0xbabb370] added to domain GodotEngine.RootDomain, ref_count=1 (in domain Mono, info)
Assembly mscorlib[0xbabb370] added to domain GodotEngine.Domain.Scripts, ref_count=2 (in domain Mono, info)
Image addref GodotSharp[0xc2fb450] (asmctx DEFAULT) -> /snap/gd-godot-engine-mono-snapcraft/23/godot-engine-mono/GodotSharp/Api/Debug/GodotSharp.dll[0xc1fa2e0]: 2 (in domain Mono, info)
Prepared to set up assembly 'GodotSharp' (/snap/gd-godot-engine-mono-snapcraft/23/godot-engine-mono/GodotSharp/Api/Debug/GodotSharp.dll) (in domain Mono, info)
Assembly GodotSharp[0xc2fb450] added to domain GodotEngine.Domain.Scripts, ref_count=1 (in domain Mono, info)
Requesting loading reference 0 (of 1) of /snap/gd-godot-engine-mono-snapcraft/23/godot-engine-mono/GodotSharp/Api/Debug/GodotSharp.dll (in domain Mono, info)
Loading reference 0 of /snap/gd-godot-engine-mono-snapcraft/23/godot-engine-mono/GodotSharp/Api/Debug/GodotSharp.dll asmctx DEFAULT, looking for netstandard, Version=2.0.0.0, Culture=neutral, PublicKeyToken=cc7b13ffcd2ddd51 (in domain Mono, info)
Config attempting to parse: ''. (in domain Mono, info)
Image addref netstandard[0xbb107a0] (asmctx DEFAULT) -> /snap/gd-godot-engine-mono-snapcraft/23/godot-engine-mono/GodotSharp/Mono/lib/mono/4.5/Facades/netstandard.dll[0xc238510]: 2 (in domain Mono, info)
Prepared to set up assembly 'netstandard' (/snap/gd-godot-engine-mono-snapcraft/23/godot-engine-mono/GodotSharp/Mono/lib/mono/4.5/Facades/netstandard.dll) (in domain Mono, info)
Assembly netstandard[0xbb107a0] added to domain GodotEngine.Domain.Scripts, ref_count=1 (in domain Mono, info)
Assembly Ref addref GodotSharp[0xc2fb450] -> netstandard[0xbb107a0]: 2 (in domain Mono, info)
Requesting loading reference 0 (of 16) of /snap/gd-godot-engine-mono-snapcraft/23/godot-engine-mono/GodotSharp/Mono/lib/mono/4.5/Facades/netstandard.dll (in domain Mono, info)
Loading reference 0 of /snap/gd-godot-engine-mono-snapcraft/23/godot-engine-mono/GodotSharp/Mono/lib/mono/4.5/Facades/netstandard.dll asmctx DEFAULT, looking for mscorlib, Version=4.0.0.0, Culture=neutral, PublicKeyToken=b77a5c561934e089 (in domain Mono, info)
Assembly Ref addref netstandard[0xbb107a0] -> mscorlib[0xbabb370]: 3 (in domain Mono, info)
Image addref GodotSharpEditor[0xc2219a0] (asmctx DEFAULT) -> /snap/gd-godot-engine-mono-snapcraft/23/godot-engine-mono/GodotSharp/Api/Debug/GodotSharpEditor.dll[0xc21e060]: 2 (in domain Mono, info)
Prepared to set up assembly 'GodotSharpEditor' (/snap/gd-godot-engine-mono-snapcraft/23/godot-engine-mono/GodotSharp/Api/Debug/GodotSharpEditor.dll) (in domain Mono, info)
Assembly GodotSharpEditor[0xc2219a0] added to domain GodotEngine.Domain.Scripts, ref_count=1 (in domain Mono, info)
Requesting loading reference 0 (of 2) of /snap/gd-godot-engine-mono-snapcraft/23/godot-engine-mono/GodotSharp/Api/Debug/GodotSharpEditor.dll (in domain Mono, info)
Loading reference 0 of /snap/gd-godot-engine-mono-snapcraft/23/godot-engine-mono/GodotSharp/Api/Debug/GodotSharpEditor.dll asmctx DEFAULT, looking for netstandard, Version=2.0.0.0, Culture=neutral, PublicKeyToken=cc7b13ffcd2ddd51 (in domain Mono, info)
Assembly Ref addref GodotSharpEditor[0xc2219a0] -> netstandard[0xbb107a0]: 3 (in domain Mono, info)
Requesting loading reference 2 (of 16) of /snap/gd-godot-engine-mono-snapcraft/23/godot-engine-mono/GodotSharp/Mono/lib/mono/4.5/Facades/netstandard.dll (in domain Mono, info)
Loading reference 2 of /snap/gd-godot-engine-mono-snapcraft/23/godot-engine-mono/GodotSharp/Mono/lib/mono/4.5/Facades/netstandard.dll asmctx DEFAULT, looking for System, Version=4.0.0.0, Culture=neutral, PublicKeyToken=b77a5c561934e089 (in domain Mono, info)
Image addref System[0xc1fadc0] (asmctx DEFAULT) -> /snap/gd-godot-engine-mono-snapcraft/23/godot-engine-mono/GodotSharp/Mono/lib/mono/4.5/System.dll[0xc251a90]: 2 (in domain Mono, info)
Prepared to set up assembly 'System' (/snap/gd-godot-engine-mono-snapcraft/23/godot-engine-mono/GodotSharp/Mono/lib/mono/4.5/System.dll) (in domain Mono, info)
Assembly System[0xc1fadc0] added to domain GodotEngine.Domain.Scripts, ref_count=1 (in domain Mono, info)
Assembly Ref addref netstandard[0xbb107a0] -> System[0xc1fadc0]: 2 (in domain Mono, info)
Requesting loading reference 0 (of 6) of /snap/gd-godot-engine-mono-snapcraft/23/godot-engine-mono/GodotSharp/Mono/lib/mono/4.5/System.dll (in domain Mono, info)
Loading reference 0 of /snap/gd-godot-engine-mono-snapcraft/23/godot-engine-mono/GodotSharp/Mono/lib/mono/4.5/System.dll asmctx DEFAULT, looking for mscorlib, Version=4.0.0.0, Culture=neutral, PublicKeyToken=b77a5c561934e089 (in domain Mono, info)
Assembly Ref addref System[0xc1fadc0] -> mscorlib[0xbabb370]: 4 (in domain Mono, info)
Requesting loading reference 2 (of 6) of /snap/gd-godot-engine-mono-snapcraft/23/godot-engine-mono/GodotSharp/Mono/lib/mono/4.5/System.dll (in domain Mono, info)
Loading reference 2 of /snap/gd-godot-engine-mono-snapcraft/23/godot-engine-mono/GodotSharp/Mono/lib/mono/4.5/System.dll asmctx DEFAULT, looking for System.Configuration, Version=4.0.0.0, Culture=neutral, PublicKeyToken=b03f5f7f11d50a3a (in domain Mono, info)
Image addref System.Configuration[0xc26f6b0] (asmctx DEFAULT) -> /snap/gd-godot-engine-mono-snapcraft/23/godot-engine-mono/GodotSharp/Mono/lib/mono/4.5/System.Configuration.dll[0xc2e46c0]: 2 (in domain Mono, info)
Prepared to set up assembly 'System.Configuration' (/snap/gd-godot-engine-mono-snapcraft/23/godot-engine-mono/GodotSharp/Mono/lib/mono/4.5/System.Configuration.dll) (in domain Mono, info)
Assembly System.Configuration[0xc26f6b0] added to domain GodotEngine.Domain.Scripts, ref_count=1 (in domain Mono, info)
Assembly Ref addref System[0xc1fadc0] -> System.Configuration[0xc26f6b0]: 2 (in domain Mono, info)
Requesting loading reference 0 (of 4) of /snap/gd-godot-engine-mono-snapcraft/23/godot-engine-mono/GodotSharp/Mono/lib/mono/4.5/System.Configuration.dll (in domain Mono, info)
Loading reference 0 of /snap/gd-godot-engine-mono-snapcraft/23/godot-engine-mono/GodotSharp/Mono/lib/mono/4.5/System.Configuration.dll asmctx DEFAULT, looking for mscorlib, Version=4.0.0.0, Culture=neutral, PublicKeyToken=b77a5c561934e089 (in domain Mono, info)
Assembly Ref addref System.Configuration[0xc26f6b0] -> mscorlib[0xbabb370]: 5 (in domain Mono, info)
Requesting loading reference 2 (of 4) of /snap/gd-godot-engine-mono-snapcraft/23/godot-engine-mono/GodotSharp/Mono/lib/mono/4.5/System.Configuration.dll (in domain Mono, info)
Loading reference 2 of /snap/gd-godot-engine-mono-snapcraft/23/godot-engine-mono/GodotSharp/Mono/lib/mono/4.5/System.Configuration.dll asmctx DEFAULT, looking for System, Version=4.0.0.0, Culture=neutral, PublicKeyToken=b77a5c561934e089 (in domain Mono, info)
Assembly Ref addref System.Configuration[0xc26f6b0] -> System[0xc1fadc0]: 3 (in domain Mono, info)
Requesting loading reference 1 (of 4) of /snap/gd-godot-engine-mono-snapcraft/23/godot-engine-mono/GodotSharp/Mono/lib/mono/4.5/System.Configuration.dll (in domain Mono, info)
Loading reference 1 of /snap/gd-godot-engine-mono-snapcraft/23/godot-engine-mono/GodotSharp/Mono/lib/mono/4.5/System.Configuration.dll asmctx DEFAULT, looking for System.Xml, Version=4.0.0.0, Culture=neutral, PublicKeyToken=b77a5c561934e089 (in domain Mono, info)
Image addref System.Xml[0xc2f4640] (asmctx DEFAULT) -> /snap/gd-godot-engine-mono-snapcraft/23/godot-engine-mono/GodotSharp/Mono/lib/mono/4.5/System.Xml.dll[0xc2f48f0]: 2 (in domain Mono, info)
Prepared to set up assembly 'System.Xml' (/snap/gd-godot-engine-mono-snapcraft/23/godot-engine-mono/GodotSharp/Mono/lib/mono/4.5/System.Xml.dll) (in domain Mono, info)
Assembly System.Xml[0xc2f4640] added to domain GodotEngine.Domain.Scripts, ref_count=1 (in domain Mono, info)
Assembly Ref addref System.Configuration[0xc26f6b0] -> System.Xml[0xc2f4640]: 2 (in domain Mono, info)
Requesting loading reference 0 (of 3) of /snap/gd-godot-engine-mono-snapcraft/23/godot-engine-mono/GodotSharp/Mono/lib/mono/4.5/System.Xml.dll (in domain Mono, info)
Loading reference 0 of /snap/gd-godot-engine-mono-snapcraft/23/godot-engine-mono/GodotSharp/Mono/lib/mono/4.5/System.Xml.dll asmctx DEFAULT, looking for mscorlib, Version=4.0.0.0, Culture=neutral, PublicKeyToken=b77a5c561934e089 (in domain Mono, info)
Assembly Ref addref System.Xml[0xc2f4640] -> mscorlib[0xbabb370]: 6 (in domain Mono, info)
DllImport attempting to load: '/snap/gd-godot-engine-mono-snapcraft/23/godot-engine-mono/GodotSharp/Mono/lib/../lib/libmono-native.so'. (in domain Mono, info)
DllImport loaded library '/snap/gd-godot-engine-mono-snapcraft/23/godot-engine-mono/GodotSharp/Mono/lib/../lib/libmono-native.so'. (in domain Mono, info)
DllImport searching in: '/snap/gd-godot-engine-mono-snapcraft/23/godot-engine-mono/GodotSharp/Mono/lib/../lib/libmono-native.so' ('/snap/gd-godot-engine-mono-snapcraft/23/godot-engine-mono/GodotSharp/Mono/lib/../lib/libmono-native.so'). (in domain Mono, info)
Searching for 'SystemNative_GetNonCryptographicallySecureRandomBytes'. (in domain Mono, info)
Probing 'SystemNative_GetNonCryptographicallySecureRandomBytes'. (in domain Mono, info)
Found as 'SystemNative_GetNonCryptographicallySecureRandomBytes'. (in domain Mono, info)
DllImport searching in: '/snap/gd-godot-engine-mono-snapcraft/23/godot-engine-mono/GodotSharp/Mono/lib/../lib/libmono-native.so' ('/snap/gd-godot-engine-mono-snapcraft/23/godot-engine-mono/GodotSharp/Mono/lib/../lib/libmono-native.so'). (in domain Mono, info)
Searching for 'SystemNative_LChflagsCanSetHiddenFlag'. (in domain Mono, info)
Probing 'SystemNative_LChflagsCanSetHiddenFlag'. (in domain Mono, info)
Found as 'SystemNative_LChflagsCanSetHiddenFlag'. (in domain Mono, info)
DllImport searching in: '/snap/gd-godot-engine-mono-snapcraft/23/godot-engine-mono/GodotSharp/Mono/lib/../lib/libmono-native.so' ('/snap/gd-godot-engine-mono-snapcraft/23/godot-engine-mono/GodotSharp/Mono/lib/../lib/libmono-native.so'). (in domain Mono, info)
Searching for 'SystemNative_Stat2'. (in domain Mono, info)
Probing 'SystemNative_Stat2'. (in domain Mono, info)
Found as 'SystemNative_Stat2'. (in domain Mono, info)
DllImport searching in: '/snap/gd-godot-engine-mono-snapcraft/23/godot-engine-mono/GodotSharp/Mono/lib/../lib/libmono-native.so' ('/snap/gd-godot-engine-mono-snapcraft/23/godot-engine-mono/GodotSharp/Mono/lib/../lib/libmono-native.so'). (in domain Mono, info)
Searching for 'SystemNative_LStat2'. (in domain Mono, info)
Probing 'SystemNative_LStat2'. (in domain Mono, info)
Found as 'SystemNative_LStat2'. (in domain Mono, info)
DllImport searching in: '/snap/gd-godot-engine-mono-snapcraft/23/godot-engine-mono/GodotSharp/Mono/lib/../lib/libmono-native.so' ('/snap/gd-godot-engine-mono-snapcraft/23/godot-engine-mono/GodotSharp/Mono/lib/../lib/libmono-native.so'). (in domain Mono, info)
Searching for 'SystemNative_ConvertErrorPlatformToPal'. (in domain Mono, info)
Probing 'SystemNative_ConvertErrorPlatformToPal'. (in domain Mono, info)
Found as 'SystemNative_ConvertErrorPlatformToPal'. (in domain Mono, info)
Requesting loading reference 2 (of 3) of /snap/gd-godot-engine-mono-snapcraft/23/godot-engine-mono/GodotSharp/Mono/lib/mono/4.5/System.Xml.dll (in domain Mono, info)
Loading reference 2 of /snap/gd-godot-engine-mono-snapcraft/23/godot-engine-mono/GodotSharp/Mono/lib/mono/4.5/System.Xml.dll asmctx DEFAULT, looking for System, Version=4.0.0.0, Culture=neutral, PublicKeyToken=b77a5c561934e089 (in domain Mono, info)
Assembly Ref addref System.Xml[0xc2f4640] -> System[0xc1fadc0]: 4 (in domain Mono, info)
Requesting loading reference 3 (of 6) of /snap/gd-godot-engine-mono-snapcraft/23/godot-engine-mono/GodotSharp/Mono/lib/mono/4.5/System.dll (in domain Mono, info)
Loading reference 3 of /snap/gd-godot-engine-mono-snapcraft/23/godot-engine-mono/GodotSharp/Mono/lib/mono/4.5/System.dll asmctx DEFAULT, looking for System.Xml, Version=4.0.0.0, Culture=neutral, PublicKeyToken=b77a5c561934e089 (in domain Mono, info)
Assembly Ref addref System[0xc1fadc0] -> System.Xml[0xc2f4640]: 3 (in domain Mono, info)
Image addref GodotTools[0xc6a62b0] (asmctx DEFAULT) -> /snap/gd-godot-engine-mono-snapcraft/23/godot-engine-mono/GodotSharp/Tools/GodotTools.dll[0xc6b6ee0]: 2 (in domain Mono, info)
Prepared to set up assembly 'GodotTools' (/snap/gd-godot-engine-mono-snapcraft/23/godot-engine-mono/GodotSharp/Tools/GodotTools.dll) (in domain Mono, info)
Assembly GodotTools[0xc6a62b0] added to domain GodotEngine.Domain.Scripts, ref_count=1 (in domain Mono, info)
Image addref GodotTools.ProjectEditor[0xc634fd0] (asmctx DEFAULT) -> /snap/gd-godot-engine-mono-snapcraft/23/godot-engine-mono/GodotSharp/Tools/GodotTools.ProjectEditor.dll[0xc6b1df0]: 2 (in domain Mono, info)
Prepared to set up assembly 'GodotTools.ProjectEditor' (/snap/gd-godot-engine-mono-snapcraft/23/godot-engine-mono/GodotSharp/Tools/GodotTools.ProjectEditor.dll) (in domain Mono, info)
Assembly GodotTools.ProjectEditor[0xc634fd0] added to domain GodotEngine.Domain.Scripts, ref_count=1 (in domain Mono, info)
Requesting loading reference 1 (of 16) of /snap/gd-godot-engine-mono-snapcraft/23/godot-engine-mono/GodotSharp/Mono/lib/mono/4.5/Facades/netstandard.dll (in domain Mono, info)
Loading reference 1 of /snap/gd-godot-engine-mono-snapcraft/23/godot-engine-mono/GodotSharp/Mono/lib/mono/4.5/Facades/netstandard.dll asmctx DEFAULT, looking for System.Core, Version=4.0.0.0, Culture=neutral, PublicKeyToken=b77a5c561934e089 (in domain Mono, info)
Image addref System.Core[0x90e9640] (asmctx DEFAULT) -> /snap/gd-godot-engine-mono-snapcraft/23/godot-engine-mono/GodotSharp/Mono/lib/mono/4.5/System.Core.dll[0x90e97b0]: 2 (in domain Mono, info)
Prepared to set up assembly 'System.Core' (/snap/gd-godot-engine-mono-snapcraft/23/godot-engine-mono/GodotSharp/Mono/lib/mono/4.5/System.Core.dll) (in domain Mono, info)
Assembly System.Core[0x90e9640] added to domain GodotEngine.Domain.Scripts, ref_count=1 (in domain Mono, info)
Assembly Ref addref netstandard[0xbb107a0] -> System.Core[0x90e9640]: 2 (in domain Mono, info)
Requesting loading reference 0 (of 2) of /snap/gd-godot-engine-mono-snapcraft/23/godot-engine-mono/GodotSharp/Mono/lib/mono/4.5/System.Core.dll (in domain Mono, info)
Loading reference 0 of /snap/gd-godot-engine-mono-snapcraft/23/godot-engine-mono/GodotSharp/Mono/lib/mono/4.5/System.Core.dll asmctx DEFAULT, looking for mscorlib, Version=4.0.0.0, Culture=neutral, PublicKeyToken=b77a5c561934e089 (in domain Mono, info)
Assembly Ref addref System.Core[0x90e9640] -> mscorlib[0xbabb370]: 7 (in domain Mono, info)
GC_MAJOR: (user request) time 0.49ms, stw 0.56ms los size: 1024K in use: 64K (in domain Mono, info)
GC_MAJOR_SWEEP: major size: 1040K in use: 188K (in domain Mono, info)
GC_MAJOR: (user request) time 0.14ms, stw 0.32ms los size: 1024K in use: 64K (in domain Mono, info)
GC_MAJOR_SWEEP: major size: 1056K in use: 188K (in domain Mono, info)
GC_MAJOR: (user request) time 0.12ms, stw 0.25ms los size: 1024K in use: 64K (in domain Mono, info)
GC_MAJOR_SWEEP: major size: 1056K in use: 188K (in domain Mono, info)
GC_MINOR: (user request) time 0.04ms, stw 0.06ms promoted 0K major size: 1056K in use: 188K los size: 1024K in use: 64K (in domain Mono, info)
Unloading domain GodotEngine.Domain.Scripts[0xbb269a0], assembly mscorlib[0xbabb370], ref_count=7 (in domain Mono, info)
Unloading domain GodotEngine.Domain.Scripts[0xbb269a0], assembly GodotSharp[0xc2fb450], ref_count=1 (in domain Mono, info)
Unloading assembly GodotSharp [0xc2fb450]. (in domain Mono, info)
Unloading image /snap/gd-godot-engine-mono-snapcraft/23/godot-engine-mono/GodotSharp/Api/Debug/GodotSharp.dll [0xc1fa2e0]. (in domain Mono, info)
Unloading domain GodotEngine.Domain.Scripts[0xbb269a0], assembly netstandard[0xbb107a0], ref_count=2 (in domain Mono, info)
Unloading domain GodotEngine.Domain.Scripts[0xbb269a0], assembly GodotSharpEditor[0xc2219a0], ref_count=1 (in domain Mono, info)
Unloading assembly GodotSharpEditor [0xc2219a0]. (in domain Mono, info)
Unloading image /snap/gd-godot-engine-mono-snapcraft/23/godot-engine-mono/GodotSharp/Api/Debug/GodotSharpEditor.dll [0xc21e060]. (in domain Mono, info)
Unloading assembly netstandard [0xbb107a0]. (in domain Mono, info)
Unloading image /snap/gd-godot-engine-mono-snapcraft/23/godot-engine-mono/GodotSharp/Mono/lib/mono/4.5/Facades/netstandard.dll [0xc238510]. (in domain Mono, info)
Unloading domain GodotEngine.Domain.Scripts[0xbb269a0], assembly System[0xc1fadc0], ref_count=3 (in domain Mono, info)
Unloading domain GodotEngine.Domain.Scripts[0xbb269a0], assembly System.Configuration[0xc26f6b0], ref_count=2 (in domain Mono, info)
Unloading domain GodotEngine.Domain.Scripts[0xbb269a0], assembly System.Xml[0xc2f4640], ref_count=3 (in domain Mono, info)
Unloading domain GodotEngine.Domain.Scripts[0xbb269a0], assembly GodotTools[0xc6a62b0], ref_count=1 (in domain Mono, info)
Unloading assembly GodotTools [0xc6a62b0]. (in domain Mono, info)
Unloading image /snap/gd-godot-engine-mono-snapcraft/23/godot-engine-mono/GodotSharp/Tools/GodotTools.dll [0xc6b6ee0]. (in domain Mono, info)
Unloading domain GodotEngine.Domain.Scripts[0xbb269a0], assembly GodotTools.ProjectEditor[0xc634fd0], ref_count=1 (in domain Mono, info)
Unloading assembly GodotTools.ProjectEditor [0xc634fd0]. (in domain Mono, info)
Unloading image /snap/gd-godot-engine-mono-snapcraft/23/godot-engine-mono/GodotSharp/Tools/GodotTools.ProjectEditor.dll [0xc6b1df0]. (in domain Mono, info)
Unloading domain GodotEngine.Domain.Scripts[0xbb269a0], assembly System.Core[0x90e9640], ref_count=1 (in domain Mono, info)
Unloading assembly System.Core [0x90e9640]. (in domain Mono, info)
Unloading image /snap/gd-godot-engine-mono-snapcraft/23/godot-engine-mono/GodotSharp/Mono/lib/mono/4.5/System.Core.dll [0x90e97b0]. (in domain Mono, info)
GC_MAJOR: (user request) time 0.05ms, stw 0.32ms los size: 0K in use: 0K (in domain Mono, info)
GC_MAJOR_SWEEP: major size: 240K in use: 2K (in domain Mono, info)
GC_MAJOR: (user request) time 0.06ms, stw 0.24ms los size: 0K in use: 0K (in domain Mono, info)
GC_MAJOR_SWEEP: major size: 240K in use: 2K (in domain Mono, info)
Unloading domain GodotEngine.RootDomain[0xba42640], assembly mscorlib[0xbabb370], ref_count=4 (in domain Mono, info)
Assembly image '/snap/gd-godot-engine-mono-snapcraft/23/godot-engine-mono/GodotSharp/Mono/lib/mono/4.5/System.Configuration.dll' [0xc2e46c0] still loaded at shutdown. (in domain Mono, info)
Assembly image '/snap/gd-godot-engine-mono-snapcraft/23/godot-engine-mono/GodotSharp/Mono/lib/mono/4.5/mscorlib.dll' [0xba45c90] still loaded at shutdown. (in domain Mono, info)
Assembly image '/snap/gd-godot-engine-mono-snapcraft/23/godot-engine-mono/GodotSharp/Mono/lib/mono/4.5/System.dll' [0xc251a90] still loaded at shutdown. (in domain Mono, info)
Assembly image '/snap/gd-godot-engine-mono-snapcraft/23/godot-engine-mono/GodotSharp/Mono/lib/mono/4.5/System.Xml.dll' [0xc2f48f0] still loaded at shutdown. (in domain Mono, info)
