Config attempting to parse: '/snap/gd-godot-engine-mono-snapcraft/23/godot-engine-mono/GodotSharp/Mono/etc/mono/config'. (in domain Mono, info)
Config attempting to parse: '/home/cal/snap/gd-godot-engine-mono-snapcraft/23/.mono/config'. (in domain Mono, info)
Image addref mscorlib[0x9191a90] (asmctx DEFAULT) -> /snap/gd-godot-engine-mono-snapcraft/23/godot-engine-mono/GodotSharp/Mono/lib/mono/4.5/mscorlib.dll[0x91903a0]: 2 (in domain Mono, info)
Prepared to set up assembly 'mscorlib' (/snap/gd-godot-engine-mono-snapcraft/23/godot-engine-mono/GodotSharp/Mono/lib/mono/4.5/mscorlib.dll) (in domain Mono, info)
AOT: image '/snap/gd-godot-engine-mono-snapcraft/23/godot-engine-mono/GodotSharp/Mono/lib/mono/4.5/mscorlib.dll.so' not found: /snap/gd-godot-engine-mono-snapcraft/23/godot-engine-mono/GodotSharp/Mono/lib/mono/4.5/mscorlib.dll.so: cannot open shared object file: No such file or directory (in domain Mono, info)
AOT: image '/snap/gd-godot-engine-mono-snapcraft/23/godot-engine-mono/GodotSharp/Mono/lib/mono/aot-cache/amd64/mscorlib.dll.so' not found: /snap/gd-godot-engine-mono-snapcraft/23/godot-engine-mono/GodotSharp/Mono/lib/mono/aot-cache/amd64/mscorlib.dll.so: cannot open shared object file: No such file or directory (in domain Mono, info)
Assembly mscorlib[0x9191a90] added to domain GodotEngine.RootDomain, ref_count=1 (in domain Mono, info)
Assembly mscorlib[0x9191a90] added to domain GodotEngine.Domain.Scripts, ref_count=2 (in domain Mono, info)
Image addref GodotSharp[0x994c630] (asmctx DEFAULT) -> /home/cal/snap/gd-godot-engine-mono-snapcraft/23/.mono/assemblies/Debug/GodotSharp.dll[0x92b7200]: 2 (in domain Mono, info)
Prepared to set up assembly 'GodotSharp' (/home/cal/snap/gd-godot-engine-mono-snapcraft/23/.mono/assemblies/Debug/GodotSharp.dll) (in domain Mono, info)
Assembly GodotSharp[0x994c630] added to domain GodotEngine.Domain.Scripts, ref_count=1 (in domain Mono, info)
Requesting loading reference 0 (of 1) of /home/cal/snap/gd-godot-engine-mono-snapcraft/23/.mono/assemblies/Debug/GodotSharp.dll (in domain Mono, info)
Loading reference 0 of /home/cal/snap/gd-godot-engine-mono-snapcraft/23/.mono/assemblies/Debug/GodotSharp.dll asmctx DEFAULT, looking for netstandard, Version=2.0.0.0, Culture=neutral, PublicKeyToken=cc7b13ffcd2ddd51 (in domain Mono, info)
Config attempting to parse: ''. (in domain Mono, info)
Image addref netstandard[0x9261250] (asmctx DEFAULT) -> /snap/gd-godot-engine-mono-snapcraft/23/godot-engine-mono/GodotSharp/Mono/lib/mono/4.5/Facades/netstandard.dll[0x92f4ee0]: 2 (in domain Mono, info)
Prepared to set up assembly 'netstandard' (/snap/gd-godot-engine-mono-snapcraft/23/godot-engine-mono/GodotSharp/Mono/lib/mono/4.5/Facades/netstandard.dll) (in domain Mono, info)
Assembly netstandard[0x9261250] added to domain GodotEngine.Domain.Scripts, ref_count=1 (in domain Mono, info)
Assembly Ref addref GodotSharp[0x994c630] -> netstandard[0x9261250]: 2 (in domain Mono, info)
Requesting loading reference 0 (of 16) of /snap/gd-godot-engine-mono-snapcraft/23/godot-engine-mono/GodotSharp/Mono/lib/mono/4.5/Facades/netstandard.dll (in domain Mono, info)
Loading reference 0 of /snap/gd-godot-engine-mono-snapcraft/23/godot-engine-mono/GodotSharp/Mono/lib/mono/4.5/Facades/netstandard.dll asmctx DEFAULT, looking for mscorlib, Version=4.0.0.0, Culture=neutral, PublicKeyToken=b77a5c561934e089 (in domain Mono, info)
Assembly Ref addref netstandard[0x9261250] -> mscorlib[0x9191a90]: 3 (in domain Mono, info)
Image addref GodotSharpEditor[0x92de5e0] (asmctx DEFAULT) -> /home/cal/snap/gd-godot-engine-mono-snapcraft/23/.mono/assemblies/Debug/GodotSharpEditor.dll[0x92dac90]: 2 (in domain Mono, info)
Prepared to set up assembly 'GodotSharpEditor' (/home/cal/snap/gd-godot-engine-mono-snapcraft/23/.mono/assemblies/Debug/GodotSharpEditor.dll) (in domain Mono, info)
Assembly GodotSharpEditor[0x92de5e0] added to domain GodotEngine.Domain.Scripts, ref_count=1 (in domain Mono, info)
Requesting loading reference 0 (of 2) of /home/cal/snap/gd-godot-engine-mono-snapcraft/23/.mono/assemblies/Debug/GodotSharpEditor.dll (in domain Mono, info)
Loading reference 0 of /home/cal/snap/gd-godot-engine-mono-snapcraft/23/.mono/assemblies/Debug/GodotSharpEditor.dll asmctx DEFAULT, looking for netstandard, Version=2.0.0.0, Culture=neutral, PublicKeyToken=cc7b13ffcd2ddd51 (in domain Mono, info)
Assembly Ref addref GodotSharpEditor[0x92de5e0] -> netstandard[0x9261250]: 3 (in domain Mono, info)
Requesting loading reference 2 (of 16) of /snap/gd-godot-engine-mono-snapcraft/23/godot-engine-mono/GodotSharp/Mono/lib/mono/4.5/Facades/netstandard.dll (in domain Mono, info)
Loading reference 2 of /snap/gd-godot-engine-mono-snapcraft/23/godot-engine-mono/GodotSharp/Mono/lib/mono/4.5/Facades/netstandard.dll asmctx DEFAULT, looking for System, Version=4.0.0.0, Culture=neutral, PublicKeyToken=b77a5c561934e089 (in domain Mono, info)
Image addref System[0x9309510] (asmctx DEFAULT) -> /snap/gd-godot-engine-mono-snapcraft/23/godot-engine-mono/GodotSharp/Mono/lib/mono/4.5/System.dll[0x9314ae0]: 2 (in domain Mono, info)
Prepared to set up assembly 'System' (/snap/gd-godot-engine-mono-snapcraft/23/godot-engine-mono/GodotSharp/Mono/lib/mono/4.5/System.dll) (in domain Mono, info)
Assembly System[0x9309510] added to domain GodotEngine.Domain.Scripts, ref_count=1 (in domain Mono, info)
Assembly Ref addref netstandard[0x9261250] -> System[0x9309510]: 2 (in domain Mono, info)
Requesting loading reference 0 (of 6) of /snap/gd-godot-engine-mono-snapcraft/23/godot-engine-mono/GodotSharp/Mono/lib/mono/4.5/System.dll (in domain Mono, info)
Loading reference 0 of /snap/gd-godot-engine-mono-snapcraft/23/godot-engine-mono/GodotSharp/Mono/lib/mono/4.5/System.dll asmctx DEFAULT, looking for mscorlib, Version=4.0.0.0, Culture=neutral, PublicKeyToken=b77a5c561934e089 (in domain Mono, info)
Assembly Ref addref System[0x9309510] -> mscorlib[0x9191a90]: 4 (in domain Mono, info)
Requesting loading reference 2 (of 6) of /snap/gd-godot-engine-mono-snapcraft/23/godot-engine-mono/GodotSharp/Mono/lib/mono/4.5/System.dll (in domain Mono, info)
Loading reference 2 of /snap/gd-godot-engine-mono-snapcraft/23/godot-engine-mono/GodotSharp/Mono/lib/mono/4.5/System.dll asmctx DEFAULT, looking for System.Configuration, Version=4.0.0.0, Culture=neutral, PublicKeyToken=b03f5f7f11d50a3a (in domain Mono, info)
Image addref System.Configuration[0x96151d0] (asmctx DEFAULT) -> /snap/gd-godot-engine-mono-snapcraft/23/godot-engine-mono/GodotSharp/Mono/lib/mono/4.5/System.Configuration.dll[0x9614030]: 2 (in domain Mono, info)
Prepared to set up assembly 'System.Configuration' (/snap/gd-godot-engine-mono-snapcraft/23/godot-engine-mono/GodotSharp/Mono/lib/mono/4.5/System.Configuration.dll) (in domain Mono, info)
Assembly System.Configuration[0x96151d0] added to domain GodotEngine.Domain.Scripts, ref_count=1 (in domain Mono, info)
Assembly Ref addref System[0x9309510] -> System.Configuration[0x96151d0]: 2 (in domain Mono, info)
Requesting loading reference 0 (of 4) of /snap/gd-godot-engine-mono-snapcraft/23/godot-engine-mono/GodotSharp/Mono/lib/mono/4.5/System.Configuration.dll (in domain Mono, info)
Loading reference 0 of /snap/gd-godot-engine-mono-snapcraft/23/godot-engine-mono/GodotSharp/Mono/lib/mono/4.5/System.Configuration.dll asmctx DEFAULT, looking for mscorlib, Version=4.0.0.0, Culture=neutral, PublicKeyToken=b77a5c561934e089 (in domain Mono, info)
Assembly Ref addref System.Configuration[0x96151d0] -> mscorlib[0x9191a90]: 5 (in domain Mono, info)
Requesting loading reference 2 (of 4) of /snap/gd-godot-engine-mono-snapcraft/23/godot-engine-mono/GodotSharp/Mono/lib/mono/4.5/System.Configuration.dll (in domain Mono, info)
Loading reference 2 of /snap/gd-godot-engine-mono-snapcraft/23/godot-engine-mono/GodotSharp/Mono/lib/mono/4.5/System.Configuration.dll asmctx DEFAULT, looking for System, Version=4.0.0.0, Culture=neutral, PublicKeyToken=b77a5c561934e089 (in domain Mono, info)
Assembly Ref addref System.Configuration[0x96151d0] -> System[0x9309510]: 3 (in domain Mono, info)
Requesting loading reference 1 (of 4) of /snap/gd-godot-engine-mono-snapcraft/23/godot-engine-mono/GodotSharp/Mono/lib/mono/4.5/System.Configuration.dll (in domain Mono, info)
Loading reference 1 of /snap/gd-godot-engine-mono-snapcraft/23/godot-engine-mono/GodotSharp/Mono/lib/mono/4.5/System.Configuration.dll asmctx DEFAULT, looking for System.Xml, Version=4.0.0.0, Culture=neutral, PublicKeyToken=b77a5c561934e089 (in domain Mono, info)
Image addref System.Xml[0x962b340] (asmctx DEFAULT) -> /snap/gd-godot-engine-mono-snapcraft/23/godot-engine-mono/GodotSharp/Mono/lib/mono/4.5/System.Xml.dll[0x962ce30]: 2 (in domain Mono, info)
Prepared to set up assembly 'System.Xml' (/snap/gd-godot-engine-mono-snapcraft/23/godot-engine-mono/GodotSharp/Mono/lib/mono/4.5/System.Xml.dll) (in domain Mono, info)
Assembly System.Xml[0x962b340] added to domain GodotEngine.Domain.Scripts, ref_count=1 (in domain Mono, info)
Assembly Ref addref System.Configuration[0x96151d0] -> System.Xml[0x962b340]: 2 (in domain Mono, info)
Requesting loading reference 0 (of 3) of /snap/gd-godot-engine-mono-snapcraft/23/godot-engine-mono/GodotSharp/Mono/lib/mono/4.5/System.Xml.dll (in domain Mono, info)
Loading reference 0 of /snap/gd-godot-engine-mono-snapcraft/23/godot-engine-mono/GodotSharp/Mono/lib/mono/4.5/System.Xml.dll asmctx DEFAULT, looking for mscorlib, Version=4.0.0.0, Culture=neutral, PublicKeyToken=b77a5c561934e089 (in domain Mono, info)
Assembly Ref addref System.Xml[0x962b340] -> mscorlib[0x9191a90]: 6 (in domain Mono, info)
DllImport attempting to load: '/snap/gd-godot-engine-mono-snapcraft/23/godot-engine-mono/GodotSharp/Mono/lib/../lib/libmono-native.so'. (in domain Mono, info)
DllImport loaded library '/snap/gd-godot-engine-mono-snapcraft/23/godot-engine-mono/GodotSharp/Mono/lib/../lib/libmono-native.so'. (in domain Mono, info)
DllImport searching in: '/snap/gd-godot-engine-mono-snapcraft/23/godot-engine-mono/GodotSharp/Mono/lib/../lib/libmono-native.so' ('/snap/gd-godot-engine-mono-snapcraft/23/godot-engine-mono/GodotSharp/Mono/lib/../lib/libmono-native.so'). (in domain Mono, info)
Searching for 'SystemNative_GetNonCryptographicallySecureRandomBytes'. (in domain Mono, info)
Probing 'SystemNative_GetNonCryptographicallySecureRandomBytes'. (in domain Mono, info)
Found as 'SystemNative_GetNonCryptographicallySecureRandomBytes'. (in domain Mono, info)
DllImport searching in: '/snap/gd-godot-engine-mono-snapcraft/23/godot-engine-mono/GodotSharp/Mono/lib/../lib/libmono-native.so' ('/snap/gd-godot-engine-mono-snapcraft/23/godot-engine-mono/GodotSharp/Mono/lib/../lib/libmono-native.so'). (in domain Mono, info)
Searching for 'SystemNative_LChflagsCanSetHiddenFlag'. (in domain Mono, info)
Probing 'SystemNative_LChflagsCanSetHiddenFlag'. (in domain Mono, info)
Found as 'SystemNative_LChflagsCanSetHiddenFlag'. (in domain Mono, info)
DllImport searching in: '/snap/gd-godot-engine-mono-snapcraft/23/godot-engine-mono/GodotSharp/Mono/lib/../lib/libmono-native.so' ('/snap/gd-godot-engine-mono-snapcraft/23/godot-engine-mono/GodotSharp/Mono/lib/../lib/libmono-native.so'). (in domain Mono, info)
Searching for 'SystemNative_Stat2'. (in domain Mono, info)
Probing 'SystemNative_Stat2'. (in domain Mono, info)
Found as 'SystemNative_Stat2'. (in domain Mono, info)
DllImport searching in: '/snap/gd-godot-engine-mono-snapcraft/23/godot-engine-mono/GodotSharp/Mono/lib/../lib/libmono-native.so' ('/snap/gd-godot-engine-mono-snapcraft/23/godot-engine-mono/GodotSharp/Mono/lib/../lib/libmono-native.so'). (in domain Mono, info)
Searching for 'SystemNative_LStat2'. (in domain Mono, info)
Probing 'SystemNative_LStat2'. (in domain Mono, info)
Found as 'SystemNative_LStat2'. (in domain Mono, info)
DllImport searching in: '/snap/gd-godot-engine-mono-snapcraft/23/godot-engine-mono/GodotSharp/Mono/lib/../lib/libmono-native.so' ('/snap/gd-godot-engine-mono-snapcraft/23/godot-engine-mono/GodotSharp/Mono/lib/../lib/libmono-native.so'). (in domain Mono, info)
Searching for 'SystemNative_ConvertErrorPlatformToPal'. (in domain Mono, info)
Probing 'SystemNative_ConvertErrorPlatformToPal'. (in domain Mono, info)
Found as 'SystemNative_ConvertErrorPlatformToPal'. (in domain Mono, info)
Requesting loading reference 2 (of 3) of /snap/gd-godot-engine-mono-snapcraft/23/godot-engine-mono/GodotSharp/Mono/lib/mono/4.5/System.Xml.dll (in domain Mono, info)
Loading reference 2 of /snap/gd-godot-engine-mono-snapcraft/23/godot-engine-mono/GodotSharp/Mono/lib/mono/4.5/System.Xml.dll asmctx DEFAULT, looking for System, Version=4.0.0.0, Culture=neutral, PublicKeyToken=b77a5c561934e089 (in domain Mono, info)
Assembly Ref addref System.Xml[0x962b340] -> System[0x9309510]: 4 (in domain Mono, info)
Requesting loading reference 3 (of 6) of /snap/gd-godot-engine-mono-snapcraft/23/godot-engine-mono/GodotSharp/Mono/lib/mono/4.5/System.dll (in domain Mono, info)
Loading reference 3 of /snap/gd-godot-engine-mono-snapcraft/23/godot-engine-mono/GodotSharp/Mono/lib/mono/4.5/System.dll asmctx DEFAULT, looking for System.Xml, Version=4.0.0.0, Culture=neutral, PublicKeyToken=b77a5c561934e089 (in domain Mono, info)
Assembly Ref addref System[0x9309510] -> System.Xml[0x962b340]: 3 (in domain Mono, info)
Image addref GodotTools[0x9d22450] (asmctx DEFAULT) -> /snap/gd-godot-engine-mono-snapcraft/23/godot-engine-mono/GodotSharp/Tools/GodotTools.dll[0x9d2d020]: 2 (in domain Mono, info)
Prepared to set up assembly 'GodotTools' (/snap/gd-godot-engine-mono-snapcraft/23/godot-engine-mono/GodotSharp/Tools/GodotTools.dll) (in domain Mono, info)
Assembly GodotTools[0x9d22450] added to domain GodotEngine.Domain.Scripts, ref_count=1 (in domain Mono, info)
Image addref GodotTools.ProjectEditor[0x9a20900] (asmctx DEFAULT) -> /snap/gd-godot-engine-mono-snapcraft/23/godot-engine-mono/GodotSharp/Tools/GodotTools.ProjectEditor.dll[0x9d25a20]: 2 (in domain Mono, info)
Prepared to set up assembly 'GodotTools.ProjectEditor' (/snap/gd-godot-engine-mono-snapcraft/23/godot-engine-mono/GodotSharp/Tools/GodotTools.ProjectEditor.dll) (in domain Mono, info)
Assembly GodotTools.ProjectEditor[0x9a20900] added to domain GodotEngine.Domain.Scripts, ref_count=1 (in domain Mono, info)
Image addref tradeTest[0x9cf46f0] (asmctx DEFAULT) -> /home/cal/snap/gd-godot-engine-mono-snapcraft/23/.mono/temp/bin/Debug/tradeTest.dll[0x9d49bb0]: 2 (in domain Mono, info)
Prepared to set up assembly 'tradeTest' (/home/cal/snap/gd-godot-engine-mono-snapcraft/23/.mono/temp/bin/Debug/tradeTest.dll) (in domain Mono, info)
Assembly tradeTest[0x9cf46f0] added to domain GodotEngine.Domain.Scripts, ref_count=1 (in domain Mono, info)
Requesting loading reference 2 (of 11) of /snap/gd-godot-engine-mono-snapcraft/23/godot-engine-mono/GodotSharp/Tools/GodotTools.dll (in domain Mono, info)
Loading reference 2 of /snap/gd-godot-engine-mono-snapcraft/23/godot-engine-mono/GodotSharp/Tools/GodotTools.dll asmctx DEFAULT, looking for GodotSharpEditor, Version=1.0.0.0, Culture=neutral, PublicKeyToken=null (in domain Mono, info)
Assembly Ref addref GodotTools[0x9d22450] -> GodotSharpEditor[0x92de5e0]: 2 (in domain Mono, info)
Requesting loading reference 1 (of 2) of /home/cal/snap/gd-godot-engine-mono-snapcraft/23/.mono/assemblies/Debug/GodotSharpEditor.dll (in domain Mono, info)
Loading reference 1 of /home/cal/snap/gd-godot-engine-mono-snapcraft/23/.mono/assemblies/Debug/GodotSharpEditor.dll asmctx DEFAULT, looking for GodotSharp, Version=1.0.0.0, Culture=neutral, PublicKeyToken=null (in domain Mono, info)
Assembly Ref addref GodotSharpEditor[0x92de5e0] -> GodotSharp[0x994c630]: 2 (in domain Mono, info)
Requesting loading reference 1 (of 11) of /snap/gd-godot-engine-mono-snapcraft/23/godot-engine-mono/GodotSharp/Tools/GodotTools.dll (in domain Mono, info)
Loading reference 1 of /snap/gd-godot-engine-mono-snapcraft/23/godot-engine-mono/GodotSharp/Tools/GodotTools.dll asmctx DEFAULT, looking for GodotSharp, Version=1.0.0.0, Culture=neutral, PublicKeyToken=null (in domain Mono, info)
Assembly Ref addref GodotTools[0x9d22450] -> GodotSharp[0x994c630]: 3 (in domain Mono, info)
Requesting loading reference 0 (of 11) of /snap/gd-godot-engine-mono-snapcraft/23/godot-engine-mono/GodotSharp/Tools/GodotTools.dll (in domain Mono, info)
Loading reference 0 of /snap/gd-godot-engine-mono-snapcraft/23/godot-engine-mono/GodotSharp/Tools/GodotTools.dll asmctx DEFAULT, looking for mscorlib, Version=4.0.0.0, Culture=neutral, PublicKeyToken=b77a5c561934e089 (in domain Mono, info)
Assembly Ref addref GodotTools[0x9d22450] -> mscorlib[0x9191a90]: 7 (in domain Mono, info)
Requesting loading reference 3 (of 11) of /snap/gd-godot-engine-mono-snapcraft/23/godot-engine-mono/GodotSharp/Tools/GodotTools.dll (in domain Mono, info)
Loading reference 3 of /snap/gd-godot-engine-mono-snapcraft/23/godot-engine-mono/GodotSharp/Tools/GodotTools.dll asmctx DEFAULT, looking for GodotTools.ProjectEditor, Version=1.0.0.0, Culture=neutral, PublicKeyToken=null (in domain Mono, info)
Assembly Ref addref GodotTools[0x9d22450] -> GodotTools.ProjectEditor[0x9a20900]: 2 (in domain Mono, info)
Requesting loading reference 0 (of 8) of /snap/gd-godot-engine-mono-snapcraft/23/godot-engine-mono/GodotSharp/Tools/GodotTools.ProjectEditor.dll (in domain Mono, info)
Loading reference 0 of /snap/gd-godot-engine-mono-snapcraft/23/godot-engine-mono/GodotSharp/Tools/GodotTools.ProjectEditor.dll asmctx DEFAULT, looking for mscorlib, Version=4.0.0.0, Culture=neutral, PublicKeyToken=b77a5c561934e089 (in domain Mono, info)
Assembly Ref addref GodotTools.ProjectEditor[0x9a20900] -> mscorlib[0x9191a90]: 8 (in domain Mono, info)
Requesting loading reference 3 (of 8) of /snap/gd-godot-engine-mono-snapcraft/23/godot-engine-mono/GodotSharp/Tools/GodotTools.ProjectEditor.dll (in domain Mono, info)
Loading reference 3 of /snap/gd-godot-engine-mono-snapcraft/23/godot-engine-mono/GodotSharp/Tools/GodotTools.ProjectEditor.dll asmctx DEFAULT, looking for Microsoft.Build, Version=15.1.0.0, Culture=neutral, PublicKeyToken=b03f5f7f11d50a3a (in domain Mono, info)
Unloading image /snap/gd-godot-engine-mono-snapcraft/23/godot-engine-mono/GodotSharp/Mono/lib/mono/4.5/Microsoft.Build.dll [0x151cc910]. (in domain Mono, info)
Image addref Microsoft.Build[0x9a85ce0] (asmctx DEFAULT) -> /snap/gd-godot-engine-mono-snapcraft/23/godot-engine-mono/GodotSharp/Tools/Microsoft.Build.dll[0x151cc910]: 2 (in domain Mono, info)
Prepared to set up assembly 'Microsoft.Build' (/snap/gd-godot-engine-mono-snapcraft/23/godot-engine-mono/GodotSharp/Tools/Microsoft.Build.dll) (in domain Mono, info)
Assembly Microsoft.Build[0x9a85ce0] added to domain GodotEngine.Domain.Scripts, ref_count=1 (in domain Mono, info)
Assembly Ref addref GodotTools.ProjectEditor[0x9a20900] -> Microsoft.Build[0x9a85ce0]: 2 (in domain Mono, info)
Requesting loading reference 0 (of 10) of /snap/gd-godot-engine-mono-snapcraft/23/godot-engine-mono/GodotSharp/Tools/Microsoft.Build.dll (in domain Mono, info)
Loading reference 0 of /snap/gd-godot-engine-mono-snapcraft/23/godot-engine-mono/GodotSharp/Tools/Microsoft.Build.dll asmctx DEFAULT, looking for mscorlib, Version=4.0.0.0, Culture=neutral, PublicKeyToken=b77a5c561934e089 (in domain Mono, info)
Assembly Ref addref Microsoft.Build[0x9a85ce0] -> mscorlib[0x9191a90]: 9 (in domain Mono, info)
Requesting loading reference 3 (of 10) of /snap/gd-godot-engine-mono-snapcraft/23/godot-engine-mono/GodotSharp/Tools/Microsoft.Build.dll (in domain Mono, info)
Loading reference 3 of /snap/gd-godot-engine-mono-snapcraft/23/godot-engine-mono/GodotSharp/Tools/Microsoft.Build.dll asmctx DEFAULT, looking for Microsoft.Build.Framework, Version=15.1.0.0, Culture=neutral, PublicKeyToken=b03f5f7f11d50a3a (in domain Mono, info)
Unloading image /snap/gd-godot-engine-mono-snapcraft/23/godot-engine-mono/GodotSharp/Mono/lib/mono/4.5/Microsoft.Build.Framework.dll [0x151dc850]. (in domain Mono, info)
Image addref Microsoft.Build.Framework[0x151ddec0] (asmctx DEFAULT) -> /snap/gd-godot-engine-mono-snapcraft/23/godot-engine-mono/GodotSharp/Tools/Microsoft.Build.Framework.dll[0x151dc850]: 2 (in domain Mono, info)
Prepared to set up assembly 'Microsoft.Build.Framework' (/snap/gd-godot-engine-mono-snapcraft/23/godot-engine-mono/GodotSharp/Tools/Microsoft.Build.Framework.dll) (in domain Mono, info)
Assembly Microsoft.Build.Framework[0x151ddec0] added to domain GodotEngine.Domain.Scripts, ref_count=1 (in domain Mono, info)
Assembly Ref addref Microsoft.Build[0x9a85ce0] -> Microsoft.Build.Framework[0x151ddec0]: 2 (in domain Mono, info)
Requesting loading reference 1 (of 10) of /snap/gd-godot-engine-mono-snapcraft/23/godot-engine-mono/GodotSharp/Tools/Microsoft.Build.dll (in domain Mono, info)
Loading reference 1 of /snap/gd-godot-engine-mono-snapcraft/23/godot-engine-mono/GodotSharp/Tools/Microsoft.Build.dll asmctx DEFAULT, looking for System, Version=4.0.0.0, Culture=neutral, PublicKeyToken=b77a5c561934e089 (in domain Mono, info)
Assembly Ref addref Microsoft.Build[0x9a85ce0] -> System[0x9309510]: 5 (in domain Mono, info)
Requesting loading reference 9 (of 11) of /snap/gd-godot-engine-mono-snapcraft/23/godot-engine-mono/GodotSharp/Tools/GodotTools.dll (in domain Mono, info)
Loading reference 9 of /snap/gd-godot-engine-mono-snapcraft/23/godot-engine-mono/GodotSharp/Tools/GodotTools.dll asmctx DEFAULT, looking for GodotTools.Core, Version=1.0.0.0, Culture=neutral, PublicKeyToken=null (in domain Mono, info)
Image addref GodotTools.Core[0x15200e60] (asmctx DEFAULT) -> /snap/gd-godot-engine-mono-snapcraft/23/godot-engine-mono/GodotSharp/Tools/GodotTools.Core.dll[0x15205150]: 2 (in domain Mono, info)
Prepared to set up assembly 'GodotTools.Core' (/snap/gd-godot-engine-mono-snapcraft/23/godot-engine-mono/GodotSharp/Tools/GodotTools.Core.dll) (in domain Mono, info)
Assembly GodotTools.Core[0x15200e60] added to domain GodotEngine.Domain.Scripts, ref_count=1 (in domain Mono, info)
Assembly Ref addref GodotTools[0x9d22450] -> GodotTools.Core[0x15200e60]: 2 (in domain Mono, info)
Requesting loading reference 0 (of 1) of /snap/gd-godot-engine-mono-snapcraft/23/godot-engine-mono/GodotSharp/Tools/GodotTools.Core.dll (in domain Mono, info)
Loading reference 0 of /snap/gd-godot-engine-mono-snapcraft/23/godot-engine-mono/GodotSharp/Tools/GodotTools.Core.dll asmctx DEFAULT, looking for netstandard, Version=2.0.0.0, Culture=neutral, PublicKeyToken=cc7b13ffcd2ddd51 (in domain Mono, info)
Assembly Ref addref GodotTools.Core[0x15200e60] -> netstandard[0x9261250]: 4 (in domain Mono, info)
Requesting loading reference 1 (of 8) of /snap/gd-godot-engine-mono-snapcraft/23/godot-engine-mono/GodotSharp/Tools/GodotTools.ProjectEditor.dll (in domain Mono, info)
Loading reference 1 of /snap/gd-godot-engine-mono-snapcraft/23/godot-engine-mono/GodotSharp/Tools/GodotTools.ProjectEditor.dll asmctx DEFAULT, looking for System, Version=4.0.0.0, Culture=neutral, PublicKeyToken=b77a5c561934e089 (in domain Mono, info)
Assembly Ref addref GodotTools.ProjectEditor[0x9a20900] -> System[0x9309510]: 6 (in domain Mono, info)
Requesting loading reference 2 (of 8) of /snap/gd-godot-engine-mono-snapcraft/23/godot-engine-mono/GodotSharp/Tools/GodotTools.ProjectEditor.dll (in domain Mono, info)
Loading reference 2 of /snap/gd-godot-engine-mono-snapcraft/23/godot-engine-mono/GodotSharp/Tools/GodotTools.ProjectEditor.dll asmctx DEFAULT, looking for System.Core, Version=4.0.0.0, Culture=neutral, PublicKeyToken=b77a5c561934e089 (in domain Mono, info)
Image addref System.Core[0x15208dd0] (asmctx DEFAULT) -> /snap/gd-godot-engine-mono-snapcraft/23/godot-engine-mono/GodotSharp/Mono/lib/mono/4.5/System.Core.dll[0x15209080]: 2 (in domain Mono, info)
Prepared to set up assembly 'System.Core' (/snap/gd-godot-engine-mono-snapcraft/23/godot-engine-mono/GodotSharp/Mono/lib/mono/4.5/System.Core.dll) (in domain Mono, info)
Assembly System.Core[0x15208dd0] added to domain GodotEngine.Domain.Scripts, ref_count=1 (in domain Mono, info)
Assembly Ref addref GodotTools.ProjectEditor[0x9a20900] -> System.Core[0x15208dd0]: 2 (in domain Mono, info)
Requesting loading reference 0 (of 2) of /snap/gd-godot-engine-mono-snapcraft/23/godot-engine-mono/GodotSharp/Mono/lib/mono/4.5/System.Core.dll (in domain Mono, info)
Loading reference 0 of /snap/gd-godot-engine-mono-snapcraft/23/godot-engine-mono/GodotSharp/Mono/lib/mono/4.5/System.Core.dll asmctx DEFAULT, looking for mscorlib, Version=4.0.0.0, Culture=neutral, PublicKeyToken=b77a5c561934e089 (in domain Mono, info)
Assembly Ref addref System.Core[0x15208dd0] -> mscorlib[0x9191a90]: 10 (in domain Mono, info)
Requesting loading reference 6 (of 8) of /snap/gd-godot-engine-mono-snapcraft/23/godot-engine-mono/GodotSharp/Tools/GodotTools.ProjectEditor.dll (in domain Mono, info)
Loading reference 6 of /snap/gd-godot-engine-mono-snapcraft/23/godot-engine-mono/GodotSharp/Tools/GodotTools.ProjectEditor.dll asmctx DEFAULT, looking for GodotTools.Core, Version=1.0.0.0, Culture=neutral, PublicKeyToken=null (in domain Mono, info)
Assembly Ref addref GodotTools.ProjectEditor[0x9a20900] -> GodotTools.Core[0x15200e60]: 3 (in domain Mono, info)
Requesting loading reference 5 (of 10) of /snap/gd-godot-engine-mono-snapcraft/23/godot-engine-mono/GodotSharp/Tools/Microsoft.Build.dll (in domain Mono, info)
Loading reference 5 of /snap/gd-godot-engine-mono-snapcraft/23/godot-engine-mono/GodotSharp/Tools/Microsoft.Build.dll asmctx DEFAULT, looking for System.Xml, Version=4.0.0.0, Culture=neutral, PublicKeyToken=b77a5c561934e089 (in domain Mono, info)
Assembly Ref addref Microsoft.Build[0x9a85ce0] -> System.Xml[0x962b340]: 4 (in domain Mono, info)
Requesting loading reference 0 (of 4) of /snap/gd-godot-engine-mono-snapcraft/23/godot-engine-mono/GodotSharp/Tools/Microsoft.Build.Framework.dll (in domain Mono, info)
Loading reference 0 of /snap/gd-godot-engine-mono-snapcraft/23/godot-engine-mono/GodotSharp/Tools/Microsoft.Build.Framework.dll asmctx DEFAULT, looking for mscorlib, Version=4.0.0.0, Culture=neutral, PublicKeyToken=b77a5c561934e089 (in domain Mono, info)
Assembly Ref addref Microsoft.Build.Framework[0x151ddec0] -> mscorlib[0x9191a90]: 11 (in domain Mono, info)
Requesting loading reference 4 (of 10) of /snap/gd-godot-engine-mono-snapcraft/23/godot-engine-mono/GodotSharp/Tools/Microsoft.Build.dll (in domain Mono, info)
Loading reference 4 of /snap/gd-godot-engine-mono-snapcraft/23/godot-engine-mono/GodotSharp/Tools/Microsoft.Build.dll asmctx DEFAULT, looking for System.Core, Version=4.0.0.0, Culture=neutral, PublicKeyToken=b77a5c561934e089 (in domain Mono, info)
Assembly Ref addref Microsoft.Build[0x9a85ce0] -> System.Core[0x15208dd0]: 3 (in domain Mono, info)
Requesting loading reference 1 (of 4) of /snap/gd-godot-engine-mono-snapcraft/23/godot-engine-mono/GodotSharp/Tools/Microsoft.Build.Framework.dll (in domain Mono, info)
Loading reference 1 of /snap/gd-godot-engine-mono-snapcraft/23/godot-engine-mono/GodotSharp/Tools/Microsoft.Build.Framework.dll asmctx DEFAULT, looking for System.Xaml, Version=4.0.0.0, Culture=neutral, PublicKeyToken=b77a5c561934e089 (in domain Mono, info)
Image addref System.Xaml[0x1518c560] (asmctx DEFAULT) -> /snap/gd-godot-engine-mono-snapcraft/23/godot-engine-mono/GodotSharp/Mono/lib/mono/4.5/System.Xaml.dll[0x1537c5f0]: 2 (in domain Mono, info)
Prepared to set up assembly 'System.Xaml' (/snap/gd-godot-engine-mono-snapcraft/23/godot-engine-mono/GodotSharp/Mono/lib/mono/4.5/System.Xaml.dll) (in domain Mono, info)
Assembly System.Xaml[0x1518c560] added to domain GodotEngine.Domain.Scripts, ref_count=1 (in domain Mono, info)
Assembly Ref addref Microsoft.Build.Framework[0x151ddec0] -> System.Xaml[0x1518c560]: 2 (in domain Mono, info)
Requesting loading reference 0 (of 4) of /snap/gd-godot-engine-mono-snapcraft/23/godot-engine-mono/GodotSharp/Mono/lib/mono/4.5/System.Xaml.dll (in domain Mono, info)
Loading reference 0 of /snap/gd-godot-engine-mono-snapcraft/23/godot-engine-mono/GodotSharp/Mono/lib/mono/4.5/System.Xaml.dll asmctx DEFAULT, looking for mscorlib, Version=4.0.0.0, Culture=neutral, PublicKeyToken=b77a5c561934e089 (in domain Mono, info)
Assembly Ref addref System.Xaml[0x1518c560] -> mscorlib[0x9191a90]: 12 (in domain Mono, info)
Requesting loading reference 9 (of 10) of /snap/gd-godot-engine-mono-snapcraft/23/godot-engine-mono/GodotSharp/Tools/Microsoft.Build.dll (in domain Mono, info)
Loading reference 9 of /snap/gd-godot-engine-mono-snapcraft/23/godot-engine-mono/GodotSharp/Tools/Microsoft.Build.dll asmctx DEFAULT, looking for System.Threading.Tasks.Dataflow, Version=4.6.3.0, Culture=neutral, PublicKeyToken=b03f5f7f11d50a3a (in domain Mono, info)
Image addref System.Threading.Tasks.Dataflow[0x1537b0b0] (asmctx DEFAULT) -> /snap/gd-godot-engine-mono-snapcraft/23/godot-engine-mono/GodotSharp/Mono/lib/mono/4.5/System.Threading.Tasks.Dataflow.dll[0x9ce4690]: 2 (in domain Mono, info)
Prepared to set up assembly 'System.Threading.Tasks.Dataflow' (/snap/gd-godot-engine-mono-snapcraft/23/godot-engine-mono/GodotSharp/Mono/lib/mono/4.5/System.Threading.Tasks.Dataflow.dll) (in domain Mono, info)
Assembly System.Threading.Tasks.Dataflow[0x1537b0b0] added to domain GodotEngine.Domain.Scripts, ref_count=1 (in domain Mono, info)
Assembly Ref addref Microsoft.Build[0x9a85ce0] -> System.Threading.Tasks.Dataflow[0x1537b0b0]: 2 (in domain Mono, info)
Requesting loading reference 0 (of 2) of /snap/gd-godot-engine-mono-snapcraft/23/godot-engine-mono/GodotSharp/Mono/lib/mono/4.5/System.Threading.Tasks.Dataflow.dll (in domain Mono, info)
Loading reference 0 of /snap/gd-godot-engine-mono-snapcraft/23/godot-engine-mono/GodotSharp/Mono/lib/mono/4.5/System.Threading.Tasks.Dataflow.dll asmctx DEFAULT, looking for mscorlib, Version=4.0.0.0, Culture=neutral, PublicKeyToken=b77a5c561934e089 (in domain Mono, info)
Assembly Ref addref System.Threading.Tasks.Dataflow[0x1537b0b0] -> mscorlib[0x9191a90]: 13 (in domain Mono, info)
Requesting loading reference 1 (of 2) of /snap/gd-godot-engine-mono-snapcraft/23/godot-engine-mono/GodotSharp/Mono/lib/mono/4.5/System.Core.dll (in domain Mono, info)
Loading reference 1 of /snap/gd-godot-engine-mono-snapcraft/23/godot-engine-mono/GodotSharp/Mono/lib/mono/4.5/System.Core.dll asmctx DEFAULT, looking for System, Version=4.0.0.0, Culture=neutral, PublicKeyToken=b77a5c561934e089 (in domain Mono, info)
Assembly Ref addref System.Core[0x15208dd0] -> System[0x9309510]: 7 (in domain Mono, info)
DllImport attempting to load: '__Internal'. (in domain Mono, info)
DllImport loaded library '(null)'. (in domain Mono, info)
DllImport searching in: '__Internal' ('(null)'). (in domain Mono, info)
Searching for 'GetSystemInfo'. (in domain Mono, info)
Probing 'GetSystemInfo'. (in domain Mono, info)
Could not find 'GetSystemInfo' due to '/snap/gd-godot-engine-mono-snapcraft/23/godot-engine-mono/godot-engine-mono: undefined symbol: GetSystemInfo'. (in domain Mono, info)
Probing 'GetSystemInfoA'. (in domain Mono, info)
Could not find 'GetSystemInfoA' due to '/snap/gd-godot-engine-mono-snapcraft/23/godot-engine-mono/godot-engine-mono: undefined symbol: GetSystemInfoA'. (in domain Mono, info)
Probing 'GetSystemInfo'. (in domain Mono, info)
Could not find 'GetSystemInfo' due to '/snap/gd-godot-engine-mono-snapcraft/23/godot-engine-mono/godot-engine-mono: undefined symbol: GetSystemInfo'. (in domain Mono, info)
Probing 'GetSystemInfoA'. (in domain Mono, info)
Could not find 'GetSystemInfoA' due to '/snap/gd-godot-engine-mono-snapcraft/23/godot-engine-mono/godot-engine-mono: undefined symbol: GetSystemInfoA'. (in domain Mono, info)
DllImport searching in: '__Internal' ('(null)'). (in domain Mono, info)
Searching for 'GetNativeSystemInfo'. (in domain Mono, info)
Probing 'GetNativeSystemInfo'. (in domain Mono, info)
Could not find 'GetNativeSystemInfo' due to '/snap/gd-godot-engine-mono-snapcraft/23/godot-engine-mono/godot-engine-mono: undefined symbol: GetNativeSystemInfo'. (in domain Mono, info)
Probing 'GetNativeSystemInfoA'. (in domain Mono, info)
Could not find 'GetNativeSystemInfoA' due to '/snap/gd-godot-engine-mono-snapcraft/23/godot-engine-mono/godot-engine-mono: undefined symbol: GetNativeSystemInfoA'. (in domain Mono, info)
Probing 'GetNativeSystemInfo'. (in domain Mono, info)
Could not find 'GetNativeSystemInfo' due to '/snap/gd-godot-engine-mono-snapcraft/23/godot-engine-mono/godot-engine-mono: undefined symbol: GetNativeSystemInfo'. (in domain Mono, info)
Probing 'GetNativeSystemInfoA'. (in domain Mono, info)
Could not find 'GetNativeSystemInfoA' due to '/snap/gd-godot-engine-mono-snapcraft/23/godot-engine-mono/godot-engine-mono: undefined symbol: GetNativeSystemInfoA'. (in domain Mono, info)
DllImport searching in: '__Internal' ('(null)'). (in domain Mono, info)
Searching for 'GetEnvironmentStrings'. (in domain Mono, info)
Probing 'GetEnvironmentStringsW'. (in domain Mono, info)
Could not find 'GetEnvironmentStringsW' due to '/snap/gd-godot-engine-mono-snapcraft/23/godot-engine-mono/godot-engine-mono: undefined symbol: GetEnvironmentStringsW'. (in domain Mono, info)
Probing 'GetEnvironmentStrings'. (in domain Mono, info)
Could not find 'GetEnvironmentStrings' due to '/snap/gd-godot-engine-mono-snapcraft/23/godot-engine-mono/godot-engine-mono: undefined symbol: GetEnvironmentStrings'. (in domain Mono, info)
Probing 'GetEnvironmentStringsW'. (in domain Mono, info)
Could not find 'GetEnvironmentStringsW' due to '/snap/gd-godot-engine-mono-snapcraft/23/godot-engine-mono/godot-engine-mono: undefined symbol: GetEnvironmentStringsW'. (in domain Mono, info)
Probing 'GetEnvironmentStrings'. (in domain Mono, info)
Could not find 'GetEnvironmentStrings' due to '/snap/gd-godot-engine-mono-snapcraft/23/godot-engine-mono/godot-engine-mono: undefined symbol: GetEnvironmentStrings'. (in domain Mono, info)
DllImport searching in: '__Internal' ('(null)'). (in domain Mono, info)
Searching for 'FreeEnvironmentStrings'. (in domain Mono, info)
Probing 'FreeEnvironmentStringsW'. (in domain Mono, info)
Could not find 'FreeEnvironmentStringsW' due to '/snap/gd-godot-engine-mono-snapcraft/23/godot-engine-mono/godot-engine-mono: undefined symbol: FreeEnvironmentStringsW'. (in domain Mono, info)
Probing 'FreeEnvironmentStrings'. (in domain Mono, info)
Could not find 'FreeEnvironmentStrings' due to '/snap/gd-godot-engine-mono-snapcraft/23/godot-engine-mono/godot-engine-mono: undefined symbol: FreeEnvironmentStrings'. (in domain Mono, info)
Probing 'FreeEnvironmentStringsW'. (in domain Mono, info)
Could not find 'FreeEnvironmentStringsW' due to '/snap/gd-godot-engine-mono-snapcraft/23/godot-engine-mono/godot-engine-mono: undefined symbol: FreeEnvironmentStringsW'. (in domain Mono, info)
Probing 'FreeEnvironmentStrings'. (in domain Mono, info)
Could not find 'FreeEnvironmentStrings' due to '/snap/gd-godot-engine-mono-snapcraft/23/godot-engine-mono/godot-engine-mono: undefined symbol: FreeEnvironmentStrings'. (in domain Mono, info)
Requesting loading reference 6 (of 10) of /snap/gd-godot-engine-mono-snapcraft/23/godot-engine-mono/GodotSharp/Tools/Microsoft.Build.dll (in domain Mono, info)
Loading reference 6 of /snap/gd-godot-engine-mono-snapcraft/23/godot-engine-mono/GodotSharp/Tools/Microsoft.Build.dll asmctx DEFAULT, looking for System.Configuration, Version=4.0.0.0, Culture=neutral, PublicKeyToken=b03f5f7f11d50a3a (in domain Mono, info)
Assembly Ref addref Microsoft.Build[0x9a85ce0] -> System.Configuration[0x96151d0]: 3 (in domain Mono, info)
DllImport searching in: '/snap/gd-godot-engine-mono-snapcraft/23/godot-engine-mono/GodotSharp/Mono/lib/../lib/libmono-native.so' ('/snap/gd-godot-engine-mono-snapcraft/23/godot-engine-mono/GodotSharp/Mono/lib/../lib/libmono-native.so'). (in domain Mono, info)
Searching for 'SystemNative_ReadLink'. (in domain Mono, info)
Probing 'SystemNative_ReadLink'. (in domain Mono, info)
Found as 'SystemNative_ReadLink'. (in domain Mono, info)
Requesting loading reference 4 (of 8) of /snap/gd-godot-engine-mono-snapcraft/23/godot-engine-mono/GodotSharp/Tools/GodotTools.ProjectEditor.dll (in domain Mono, info)
Loading reference 4 of /snap/gd-godot-engine-mono-snapcraft/23/godot-engine-mono/GodotSharp/Tools/GodotTools.ProjectEditor.dll asmctx DEFAULT, looking for System.Xml.Linq, Version=4.0.0.0, Culture=neutral, PublicKeyToken=b77a5c561934e089 (in domain Mono, info)
Image addref System.Xml.Linq[0x99ebbc0] (asmctx DEFAULT) -> /snap/gd-godot-engine-mono-snapcraft/23/godot-engine-mono/GodotSharp/Mono/lib/mono/4.5/System.Xml.Linq.dll[0x1575ca30]: 2 (in domain Mono, info)
Prepared to set up assembly 'System.Xml.Linq' (/snap/gd-godot-engine-mono-snapcraft/23/godot-engine-mono/GodotSharp/Mono/lib/mono/4.5/System.Xml.Linq.dll) (in domain Mono, info)
Assembly System.Xml.Linq[0x99ebbc0] added to domain GodotEngine.Domain.Scripts, ref_count=1 (in domain Mono, info)
Assembly Ref addref GodotTools.ProjectEditor[0x9a20900] -> System.Xml.Linq[0x99ebbc0]: 2 (in domain Mono, info)
Requesting loading reference 0 (of 4) of /snap/gd-godot-engine-mono-snapcraft/23/godot-engine-mono/GodotSharp/Mono/lib/mono/4.5/System.Xml.Linq.dll (in domain Mono, info)
Loading reference 0 of /snap/gd-godot-engine-mono-snapcraft/23/godot-engine-mono/GodotSharp/Mono/lib/mono/4.5/System.Xml.Linq.dll asmctx DEFAULT, looking for mscorlib, Version=4.0.0.0, Culture=neutral, PublicKeyToken=b77a5c561934e089 (in domain Mono, info)
Assembly Ref addref System.Xml.Linq[0x99ebbc0] -> mscorlib[0x9191a90]: 14 (in domain Mono, info)
Requesting loading reference 1 (of 4) of /snap/gd-godot-engine-mono-snapcraft/23/godot-engine-mono/GodotSharp/Mono/lib/mono/4.5/System.Xml.Linq.dll (in domain Mono, info)
Loading reference 1 of /snap/gd-godot-engine-mono-snapcraft/23/godot-engine-mono/GodotSharp/Mono/lib/mono/4.5/System.Xml.Linq.dll asmctx DEFAULT, looking for System.Xml, Version=4.0.0.0, Culture=neutral, PublicKeyToken=b77a5c561934e089 (in domain Mono, info)
Assembly Ref addref System.Xml.Linq[0x99ebbc0] -> System.Xml[0x962b340]: 5 (in domain Mono, info)
Requesting loading reference 7 (of 8) of /snap/gd-godot-engine-mono-snapcraft/23/godot-engine-mono/GodotSharp/Tools/GodotTools.ProjectEditor.dll (in domain Mono, info)
Loading reference 7 of /snap/gd-godot-engine-mono-snapcraft/23/godot-engine-mono/GodotSharp/Tools/GodotTools.ProjectEditor.dll asmctx DEFAULT, looking for System.Xml, Version=4.0.0.0, Culture=neutral, PublicKeyToken=b77a5c561934e089 (in domain Mono, info)
Assembly Ref addref GodotTools.ProjectEditor[0x9a20900] -> System.Xml[0x962b340]: 6 (in domain Mono, info)
Requesting loading reference 5 (of 8) of /snap/gd-godot-engine-mono-snapcraft/23/godot-engine-mono/GodotSharp/Tools/GodotTools.ProjectEditor.dll (in domain Mono, info)
Loading reference 5 of /snap/gd-godot-engine-mono-snapcraft/23/godot-engine-mono/GodotSharp/Tools/GodotTools.ProjectEditor.dll asmctx DEFAULT, looking for Semver, Version=2.0.6.0, Culture=neutral, PublicKeyToken=null (in domain Mono, info)
Image addref Semver[0x1575fcd0] (asmctx DEFAULT) -> /snap/gd-godot-engine-mono-snapcraft/23/godot-engine-mono/GodotSharp/Tools/Semver.dll[0x157a64e0]: 2 (in domain Mono, info)
Prepared to set up assembly 'Semver' (/snap/gd-godot-engine-mono-snapcraft/23/godot-engine-mono/GodotSharp/Tools/Semver.dll) (in domain Mono, info)
Assembly Semver[0x1575fcd0] added to domain GodotEngine.Domain.Scripts, ref_count=1 (in domain Mono, info)
Assembly Ref addref GodotTools.ProjectEditor[0x9a20900] -> Semver[0x1575fcd0]: 2 (in domain Mono, info)
Requesting loading reference 0 (of 2) of /snap/gd-godot-engine-mono-snapcraft/23/godot-engine-mono/GodotSharp/Tools/Semver.dll (in domain Mono, info)
Loading reference 0 of /snap/gd-godot-engine-mono-snapcraft/23/godot-engine-mono/GodotSharp/Tools/Semver.dll asmctx DEFAULT, looking for mscorlib, Version=4.0.0.0, Culture=neutral, PublicKeyToken=b77a5c561934e089 (in domain Mono, info)
Assembly Ref addref Semver[0x1575fcd0] -> mscorlib[0x9191a90]: 15 (in domain Mono, info)
Requesting loading reference 1 (of 2) of /snap/gd-godot-engine-mono-snapcraft/23/godot-engine-mono/GodotSharp/Tools/Semver.dll (in domain Mono, info)
Loading reference 1 of /snap/gd-godot-engine-mono-snapcraft/23/godot-engine-mono/GodotSharp/Tools/Semver.dll asmctx DEFAULT, looking for System, Version=4.0.0.0, Culture=neutral, PublicKeyToken=b77a5c561934e089 (in domain Mono, info)
Assembly Ref addref Semver[0x1575fcd0] -> System[0x9309510]: 8 (in domain Mono, info)
Requesting loading reference 8 (of 11) of /snap/gd-godot-engine-mono-snapcraft/23/godot-engine-mono/GodotSharp/Tools/GodotTools.dll (in domain Mono, info)
Loading reference 8 of /snap/gd-godot-engine-mono-snapcraft/23/godot-engine-mono/GodotSharp/Tools/GodotTools.dll asmctx DEFAULT, looking for System.Core, Version=4.0.0.0, Culture=neutral, PublicKeyToken=b77a5c561934e089 (in domain Mono, info)
Assembly Ref addref GodotTools[0x9d22450] -> System.Core[0x15208dd0]: 4 (in domain Mono, info)
Requesting loading reference 5 (of 11) of /snap/gd-godot-engine-mono-snapcraft/23/godot-engine-mono/GodotSharp/Tools/GodotTools.dll (in domain Mono, info)
Loading reference 5 of /snap/gd-godot-engine-mono-snapcraft/23/godot-engine-mono/GodotSharp/Tools/GodotTools.dll asmctx DEFAULT, looking for GodotTools.IdeMessaging, Version=1.1.1.0, Culture=neutral, PublicKeyToken=null (in domain Mono, info)
Image addref GodotTools.IdeMessaging[0x157738e0] (asmctx DEFAULT) -> /snap/gd-godot-engine-mono-snapcraft/23/godot-engine-mono/GodotSharp/Tools/GodotTools.IdeMessaging.dll[0x15792ad0]: 2 (in domain Mono, info)
Prepared to set up assembly 'GodotTools.IdeMessaging' (/snap/gd-godot-engine-mono-snapcraft/23/godot-engine-mono/GodotSharp/Tools/GodotTools.IdeMessaging.dll) (in domain Mono, info)
Assembly GodotTools.IdeMessaging[0x157738e0] added to domain GodotEngine.Domain.Scripts, ref_count=1 (in domain Mono, info)
Assembly Ref addref GodotTools[0x9d22450] -> GodotTools.IdeMessaging[0x157738e0]: 2 (in domain Mono, info)
Requesting loading reference 4 (of 11) of /snap/gd-godot-engine-mono-snapcraft/23/godot-engine-mono/GodotSharp/Tools/GodotTools.dll (in domain Mono, info)
Loading reference 4 of /snap/gd-godot-engine-mono-snapcraft/23/godot-engine-mono/GodotSharp/Tools/GodotTools.dll asmctx DEFAULT, looking for System, Version=4.0.0.0, Culture=neutral, PublicKeyToken=b77a5c561934e089 (in domain Mono, info)
Assembly Ref addref GodotTools[0x9d22450] -> System[0x9309510]: 9 (in domain Mono, info)
Requesting loading reference 0 (of 2) of /snap/gd-godot-engine-mono-snapcraft/23/godot-engine-mono/GodotSharp/Tools/GodotTools.IdeMessaging.dll (in domain Mono, info)
Loading reference 0 of /snap/gd-godot-engine-mono-snapcraft/23/godot-engine-mono/GodotSharp/Tools/GodotTools.IdeMessaging.dll asmctx DEFAULT, looking for netstandard, Version=2.0.0.0, Culture=neutral, PublicKeyToken=cc7b13ffcd2ddd51 (in domain Mono, info)
Assembly Ref addref GodotTools.IdeMessaging[0x157738e0] -> netstandard[0x9261250]: 5 (in domain Mono, info)
DllImport searching in: '/snap/gd-godot-engine-mono-snapcraft/23/godot-engine-mono/GodotSharp/Mono/lib/../lib/libmono-native.so' ('/snap/gd-godot-engine-mono-snapcraft/23/godot-engine-mono/GodotSharp/Mono/lib/../lib/libmono-native.so'). (in domain Mono, info)
Searching for 'SystemNative_MkDir'. (in domain Mono, info)
Probing 'SystemNative_MkDir'. (in domain Mono, info)
Found as 'SystemNative_MkDir'. (in domain Mono, info)
DllImport attempting to load: 'libc.so.6'. (in domain Mono, info)
DllImport error loading library '/snap/gd-godot-engine-mono-snapcraft/23/godot-engine-mono/GodotSharp/Mono/lib/mono/4.5/libc.so.6': '/snap/gd-godot-engine-mono-snapcraft/23/godot-engine-mono/GodotSharp/Mono/lib/mono/4.5/libc.so.6: cannot open shared object file: No such file or directory'. (in domain Mono, info)
DllImport error loading library '/snap/gd-godot-engine-mono-snapcraft/23/godot-engine-mono/GodotSharp/Mono/lib/mono/4.5/libc.so.6.so': '/snap/gd-godot-engine-mono-snapcraft/23/godot-engine-mono/GodotSharp/Mono/lib/mono/4.5/libc.so.6.so: cannot open shared object file: No such file or directory'. (in domain Mono, info)
DllImport error loading library '/snap/gd-godot-engine-mono-snapcraft/23/godot-engine-mono/GodotSharp/Mono/lib/mono/4.5/libc.so.6.so': '/snap/gd-godot-engine-mono-snapcraft/23/godot-engine-mono/GodotSharp/Mono/lib/mono/4.5/libc.so.6.so: cannot open shared object file: No such file or directory'. (in domain Mono, info)
DllImport error loading library '/snap/gd-godot-engine-mono-snapcraft/23/lib/libc.so.6': '/snap/gd-godot-engine-mono-snapcraft/23/lib/libc.so.6: cannot open shared object file: No such file or directory'. (in domain Mono, info)
DllImport error loading library '/snap/gd-godot-engine-mono-snapcraft/23/lib/libc.so.6.so': '/snap/gd-godot-engine-mono-snapcraft/23/lib/libc.so.6.so: cannot open shared object file: No such file or directory'. (in domain Mono, info)
DllImport error loading library '/snap/gd-godot-engine-mono-snapcraft/23/lib/libc.so.6.so': '/snap/gd-godot-engine-mono-snapcraft/23/lib/libc.so.6.so: cannot open shared object file: No such file or directory'. (in domain Mono, info)
DllImport loaded library 'libc.so.6'. (in domain Mono, info)
DllImport searching in: 'libc.so.6' ('libc.so.6'). (in domain Mono, info)
Searching for 'uname'. (in domain Mono, info)
Probing 'uname'. (in domain Mono, info)
Found as 'uname'. (in domain Mono, info)
DllImport searching in: 'libc.so.6' ('libc.so.6'). (in domain Mono, info)
Searching for 'getifaddrs'. (in domain Mono, info)
Probing 'getifaddrs'. (in domain Mono, info)
Found as 'getifaddrs'. (in domain Mono, info)
DllImport searching in: 'libc.so.6' ('libc.so.6'). (in domain Mono, info)
Searching for 'freeifaddrs'. (in domain Mono, info)
Probing 'freeifaddrs'. (in domain Mono, info)
Found as 'freeifaddrs'. (in domain Mono, info)
Requesting loading reference 1 (of 2) of /home/cal/snap/gd-godot-engine-mono-snapcraft/23/.mono/temp/bin/Debug/tradeTest.dll (in domain Mono, info)
Loading reference 1 of /home/cal/snap/gd-godot-engine-mono-snapcraft/23/.mono/temp/bin/Debug/tradeTest.dll asmctx DEFAULT, looking for GodotSharp, Version=1.0.0.0, Culture=neutral, PublicKeyToken=null (in domain Mono, info)
Assembly Ref addref tradeTest[0x9cf46f0] -> GodotSharp[0x994c630]: 4 (in domain Mono, info)
Requesting loading reference 0 (of 2) of /home/cal/snap/gd-godot-engine-mono-snapcraft/23/.mono/temp/bin/Debug/tradeTest.dll (in domain Mono, info)
Loading reference 0 of /home/cal/snap/gd-godot-engine-mono-snapcraft/23/.mono/temp/bin/Debug/tradeTest.dll asmctx DEFAULT, looking for mscorlib, Version=4.0.0.0, Culture=neutral, PublicKeyToken=b77a5c561934e089 (in domain Mono, info)
Assembly Ref addref tradeTest[0x9cf46f0] -> mscorlib[0x9191a90]: 16 (in domain Mono, info)
Requesting loading reference 1 (of 16) of /snap/gd-godot-engine-mono-snapcraft/23/godot-engine-mono/GodotSharp/Mono/lib/mono/4.5/Facades/netstandard.dll (in domain Mono, info)
Loading reference 1 of /snap/gd-godot-engine-mono-snapcraft/23/godot-engine-mono/GodotSharp/Mono/lib/mono/4.5/Facades/netstandard.dll asmctx DEFAULT, looking for System.Core, Version=4.0.0.0, Culture=neutral, PublicKeyToken=b77a5c561934e089 (in domain Mono, info)
Assembly Ref addref netstandard[0x9261250] -> System.Core[0x15208dd0]: 5 (in domain Mono, info)
DllImport searching in: '/snap/gd-godot-engine-mono-snapcraft/23/godot-engine-mono/GodotSharp/Mono/lib/../lib/libmono-native.so' ('/snap/gd-godot-engine-mono-snapcraft/23/godot-engine-mono/GodotSharp/Mono/lib/../lib/libmono-native.so'). (in domain Mono, info)
Searching for 'SystemNative_GetReadDirRBufferSize'. (in domain Mono, info)
Probing 'SystemNative_GetReadDirRBufferSize'. (in domain Mono, info)
Found as 'SystemNative_GetReadDirRBufferSize'. (in domain Mono, info)
DllImport searching in: '/snap/gd-godot-engine-mono-snapcraft/23/godot-engine-mono/GodotSharp/Mono/lib/../lib/libmono-native.so' ('/snap/gd-godot-engine-mono-snapcraft/23/godot-engine-mono/GodotSharp/Mono/lib/../lib/libmono-native.so'). (in domain Mono, info)
Searching for 'SystemNative_OpenDir'. (in domain Mono, info)
Probing 'SystemNative_OpenDir'. (in domain Mono, info)
Found as 'SystemNative_OpenDir'. (in domain Mono, info)
DllImport searching in: '/snap/gd-godot-engine-mono-snapcraft/23/godot-engine-mono/GodotSharp/Mono/lib/../lib/libmono-native.so' ('/snap/gd-godot-engine-mono-snapcraft/23/godot-engine-mono/GodotSharp/Mono/lib/../lib/libmono-native.so'). (in domain Mono, info)
Searching for 'SystemNative_ReadDirR'. (in domain Mono, info)
Probing 'SystemNative_ReadDirR'. (in domain Mono, info)
Found as 'SystemNative_ReadDirR'. (in domain Mono, info)
DllImport searching in: '/snap/gd-godot-engine-mono-snapcraft/23/godot-engine-mono/GodotSharp/Mono/lib/../lib/libmono-native.so' ('/snap/gd-godot-engine-mono-snapcraft/23/godot-engine-mono/GodotSharp/Mono/lib/../lib/libmono-native.so'). (in domain Mono, info)
Searching for 'SystemNative_CloseDir'. (in domain Mono, info)
Probing 'SystemNative_CloseDir'. (in domain Mono, info)
Found as 'SystemNative_CloseDir'. (in domain Mono, info)
DllImport searching in: '/snap/gd-godot-engine-mono-snapcraft/23/godot-engine-mono/GodotSharp/Mono/lib/../lib/libmono-native.so' ('/snap/gd-godot-engine-mono-snapcraft/23/godot-engine-mono/GodotSharp/Mono/lib/../lib/libmono-native.so'). (in domain Mono, info)
Searching for 'SystemNative_CopyFile'. (in domain Mono, info)
Probing 'SystemNative_CopyFile'. (in domain Mono, info)
Found as 'SystemNative_CopyFile'. (in domain Mono, info)
DllImport searching in: '/snap/gd-godot-engine-mono-snapcraft/23/godot-engine-mono/GodotSharp/Mono/lib/../lib/libmono-native.so' ('/snap/gd-godot-engine-mono-snapcraft/23/godot-engine-mono/GodotSharp/Mono/lib/../lib/libmono-native.so'). (in domain Mono, info)
Searching for 'SystemNative_Stat2'. (in domain Mono, info)
Probing 'SystemNative_Stat2'. (in domain Mono, info)
Found as 'SystemNative_Stat2'. (in domain Mono, info)
DllImport searching in: '/snap/gd-godot-engine-mono-snapcraft/23/godot-engine-mono/GodotSharp/Mono/lib/../lib/libmono-native.so' ('/snap/gd-godot-engine-mono-snapcraft/23/godot-engine-mono/GodotSharp/Mono/lib/../lib/libmono-native.so'). (in domain Mono, info)
Searching for 'SystemNative_LStat2'. (in domain Mono, info)
Probing 'SystemNative_LStat2'. (in domain Mono, info)
Found as 'SystemNative_LStat2'. (in domain Mono, info)
DllImport searching in: '/snap/gd-godot-engine-mono-snapcraft/23/godot-engine-mono/GodotSharp/Mono/lib/../lib/libmono-native.so' ('/snap/gd-godot-engine-mono-snapcraft/23/godot-engine-mono/GodotSharp/Mono/lib/../lib/libmono-native.so'). (in domain Mono, info)
Searching for 'SystemNative_Symlink'. (in domain Mono, info)
Probing 'SystemNative_Symlink'. (in domain Mono, info)
Found as 'SystemNative_Symlink'. (in domain Mono, info)
DllImport searching in: '/snap/gd-godot-engine-mono-snapcraft/23/godot-engine-mono/GodotSharp/Mono/lib/../lib/libmono-native.so' ('/snap/gd-godot-engine-mono-snapcraft/23/godot-engine-mono/GodotSharp/Mono/lib/../lib/libmono-native.so'). (in domain Mono, info)
Searching for 'SystemNative_Unlink'. (in domain Mono, info)
Probing 'SystemNative_Unlink'. (in domain Mono, info)
Found as 'SystemNative_Unlink'. (in domain Mono, info)
Requesting loading reference 10 (of 11) of /snap/gd-godot-engine-mono-snapcraft/23/godot-engine-mono/GodotSharp/Tools/GodotTools.dll (in domain Mono, info)
Loading reference 10 of /snap/gd-godot-engine-mono-snapcraft/23/godot-engine-mono/GodotSharp/Tools/GodotTools.dll asmctx DEFAULT, looking for GodotTools.BuildLogger, Version=1.0.0.0, Culture=neutral, PublicKeyToken=null (in domain Mono, info)
Image addref GodotTools.BuildLogger[0x187fdc60] (asmctx DEFAULT) -> /snap/gd-godot-engine-mono-snapcraft/23/godot-engine-mono/GodotSharp/Tools/GodotTools.BuildLogger.dll[0x1885ec40]: 2 (in domain Mono, info)
Prepared to set up assembly 'GodotTools.BuildLogger' (/snap/gd-godot-engine-mono-snapcraft/23/godot-engine-mono/GodotSharp/Tools/GodotTools.BuildLogger.dll) (in domain Mono, info)
Assembly GodotTools.BuildLogger[0x187fdc60] added to domain GodotEngine.Domain.Scripts, ref_count=1 (in domain Mono, info)
Assembly Ref addref GodotTools[0x9d22450] -> GodotTools.BuildLogger[0x187fdc60]: 2 (in domain Mono, info)
Requesting loading reference 0 (of 2) of /snap/gd-godot-engine-mono-snapcraft/23/godot-engine-mono/GodotSharp/Tools/GodotTools.BuildLogger.dll (in domain Mono, info)
Loading reference 0 of /snap/gd-godot-engine-mono-snapcraft/23/godot-engine-mono/GodotSharp/Tools/GodotTools.BuildLogger.dll asmctx DEFAULT, looking for netstandard, Version=2.0.0.0, Culture=neutral, PublicKeyToken=cc7b13ffcd2ddd51 (in domain Mono, info)
Assembly Ref addref GodotTools.BuildLogger[0x187fdc60] -> netstandard[0x9261250]: 6 (in domain Mono, info)
Requesting loading reference 1 (of 2) of /snap/gd-godot-engine-mono-snapcraft/23/godot-engine-mono/GodotSharp/Tools/GodotTools.BuildLogger.dll (in domain Mono, info)
Loading reference 1 of /snap/gd-godot-engine-mono-snapcraft/23/godot-engine-mono/GodotSharp/Tools/GodotTools.BuildLogger.dll asmctx DEFAULT, looking for Microsoft.Build.Framework, Version=15.1.0.0, Culture=neutral, PublicKeyToken=b03f5f7f11d50a3a (in domain Mono, info)
Assembly Ref addref GodotTools.BuildLogger[0x187fdc60] -> Microsoft.Build.Framework[0x151ddec0]: 3 (in domain Mono, info)
GC_MAJOR: (user request) time 0.93ms, stw 1.18ms los size: 1024K in use: 231K (in domain Mono, info)
GC_MAJOR_SWEEP: major size: 1360K in use: 398K (in domain Mono, info)
GC_MAJOR: (user request) time 0.29ms, stw 0.45ms los size: 1024K in use: 223K (in domain Mono, info)
GC_MAJOR_SWEEP: major size: 1360K in use: 387K (in domain Mono, info)
GC_MAJOR: (user request) time 0.32ms, stw 0.51ms los size: 1024K in use: 223K (in domain Mono, info)
GC_MAJOR_SWEEP: major size: 1360K in use: 388K (in domain Mono, info)
GC_MINOR: (user request) time 0.07ms, stw 0.22ms promoted 0K major size: 1360K in use: 389K los size: 1024K in use: 223K (in domain Mono, info)
Unloading domain GodotEngine.Domain.Scripts[0x9277130], assembly mscorlib[0x9191a90], ref_count=16 (in domain Mono, info)
Unloading domain GodotEngine.Domain.Scripts[0x9277130], assembly GodotSharp[0x994c630], ref_count=4 (in domain Mono, info)
Unloading domain GodotEngine.Domain.Scripts[0x9277130], assembly netstandard[0x9261250], ref_count=6 (in domain Mono, info)
Unloading domain GodotEngine.Domain.Scripts[0x9277130], assembly GodotSharpEditor[0x92de5e0], ref_count=2 (in domain Mono, info)
Unloading domain GodotEngine.Domain.Scripts[0x9277130], assembly System[0x9309510], ref_count=9 (in domain Mono, info)
Unloading domain GodotEngine.Domain.Scripts[0x9277130], assembly System.Configuration[0x96151d0], ref_count=3 (in domain Mono, info)
Unloading domain GodotEngine.Domain.Scripts[0x9277130], assembly System.Xml[0x962b340], ref_count=6 (in domain Mono, info)
Unloading domain GodotEngine.Domain.Scripts[0x9277130], assembly GodotTools[0x9d22450], ref_count=1 (in domain Mono, info)
Unloading assembly GodotTools [0x9d22450]. (in domain Mono, info)
Unloading image /snap/gd-godot-engine-mono-snapcraft/23/godot-engine-mono/GodotSharp/Tools/GodotTools.dll [0x9d2d020]. (in domain Mono, info)
Unloading assembly GodotSharpEditor [0x92de5e0]. (in domain Mono, info)
Unloading image /home/cal/snap/gd-godot-engine-mono-snapcraft/23/.mono/assemblies/Debug/GodotSharpEditor.dll [0x92dac90]. (in domain Mono, info)
Unloading domain GodotEngine.Domain.Scripts[0x9277130], assembly GodotTools.ProjectEditor[0x9a20900], ref_count=1 (in domain Mono, info)
Unloading assembly GodotTools.ProjectEditor [0x9a20900]. (in domain Mono, info)
Unloading image /snap/gd-godot-engine-mono-snapcraft/23/godot-engine-mono/GodotSharp/Tools/GodotTools.ProjectEditor.dll [0x9d25a20]. (in domain Mono, info)
Unloading domain GodotEngine.Domain.Scripts[0x9277130], assembly tradeTest[0x9cf46f0], ref_count=1 (in domain Mono, info)
Unloading assembly tradeTest [0x9cf46f0]. (in domain Mono, info)
Unloading image /home/cal/snap/gd-godot-engine-mono-snapcraft/23/.mono/temp/bin/Debug/tradeTest.dll [0x9d49bb0]. (in domain Mono, info)
Unloading assembly GodotSharp [0x994c630]. (in domain Mono, info)
Unloading image /home/cal/snap/gd-godot-engine-mono-snapcraft/23/.mono/assemblies/Debug/GodotSharp.dll [0x92b7200]. (in domain Mono, info)
Unloading domain GodotEngine.Domain.Scripts[0x9277130], assembly Microsoft.Build[0x9a85ce0], ref_count=1 (in domain Mono, info)
Unloading assembly Microsoft.Build [0x9a85ce0]. (in domain Mono, info)
Unloading image /snap/gd-godot-engine-mono-snapcraft/23/godot-engine-mono/GodotSharp/Tools/Microsoft.Build.dll [0x151cc910]. (in domain Mono, info)
Unloading domain GodotEngine.Domain.Scripts[0x9277130], assembly Microsoft.Build.Framework[0x151ddec0], ref_count=2 (in domain Mono, info)
Unloading domain GodotEngine.Domain.Scripts[0x9277130], assembly GodotTools.Core[0x15200e60], ref_count=1 (in domain Mono, info)
Unloading assembly GodotTools.Core [0x15200e60]. (in domain Mono, info)
Unloading image /snap/gd-godot-engine-mono-snapcraft/23/godot-engine-mono/GodotSharp/Tools/GodotTools.Core.dll [0x15205150]. (in domain Mono, info)
Unloading domain GodotEngine.Domain.Scripts[0x9277130], assembly System.Core[0x15208dd0], ref_count=2 (in domain Mono, info)
Unloading domain GodotEngine.Domain.Scripts[0x9277130], assembly System.Xaml[0x1518c560], ref_count=2 (in domain Mono, info)
Unloading domain GodotEngine.Domain.Scripts[0x9277130], assembly System.Threading.Tasks.Dataflow[0x1537b0b0], ref_count=1 (in domain Mono, info)
Unloading assembly System.Threading.Tasks.Dataflow [0x1537b0b0]. (in domain Mono, info)
Unloading image /snap/gd-godot-engine-mono-snapcraft/23/godot-engine-mono/GodotSharp/Mono/lib/mono/4.5/System.Threading.Tasks.Dataflow.dll [0x9ce4690]. (in domain Mono, info)
Unloading domain GodotEngine.Domain.Scripts[0x9277130], assembly System.Xml.Linq[0x99ebbc0], ref_count=1 (in domain Mono, info)
Unloading assembly System.Xml.Linq [0x99ebbc0]. (in domain Mono, info)
Unloading image /snap/gd-godot-engine-mono-snapcraft/23/godot-engine-mono/GodotSharp/Mono/lib/mono/4.5/System.Xml.Linq.dll [0x1575ca30]. (in domain Mono, info)
Unloading domain GodotEngine.Domain.Scripts[0x9277130], assembly Semver[0x1575fcd0], ref_count=1 (in domain Mono, info)
Unloading assembly Semver [0x1575fcd0]. (in domain Mono, info)
Unloading image /snap/gd-godot-engine-mono-snapcraft/23/godot-engine-mono/GodotSharp/Tools/Semver.dll [0x157a64e0]. (in domain Mono, info)
Unloading domain GodotEngine.Domain.Scripts[0x9277130], assembly GodotTools.IdeMessaging[0x157738e0], ref_count=1 (in domain Mono, info)
Unloading assembly GodotTools.IdeMessaging [0x157738e0]. (in domain Mono, info)
Unloading image /snap/gd-godot-engine-mono-snapcraft/23/godot-engine-mono/GodotSharp/Tools/GodotTools.IdeMessaging.dll [0x15792ad0]. (in domain Mono, info)
Unloading domain GodotEngine.Domain.Scripts[0x9277130], assembly GodotTools.BuildLogger[0x187fdc60], ref_count=1 (in domain Mono, info)
Unloading assembly GodotTools.BuildLogger [0x187fdc60]. (in domain Mono, info)
Unloading image /snap/gd-godot-engine-mono-snapcraft/23/godot-engine-mono/GodotSharp/Tools/GodotTools.BuildLogger.dll [0x1885ec40]. (in domain Mono, info)
Unloading assembly netstandard [0x9261250]. (in domain Mono, info)
Unloading image /snap/gd-godot-engine-mono-snapcraft/23/godot-engine-mono/GodotSharp/Mono/lib/mono/4.5/Facades/netstandard.dll [0x92f4ee0]. (in domain Mono, info)
Unloading assembly System.Core [0x15208dd0]. (in domain Mono, info)
Unloading image /snap/gd-godot-engine-mono-snapcraft/23/godot-engine-mono/GodotSharp/Mono/lib/mono/4.5/System.Core.dll [0x15209080]. (in domain Mono, info)
Unloading assembly Microsoft.Build.Framework [0x151ddec0]. (in domain Mono, info)
Unloading image /snap/gd-godot-engine-mono-snapcraft/23/godot-engine-mono/GodotSharp/Tools/Microsoft.Build.Framework.dll [0x151dc850]. (in domain Mono, info)
Unloading assembly System.Xaml [0x1518c560]. (in domain Mono, info)
Unloading image /snap/gd-godot-engine-mono-snapcraft/23/godot-engine-mono/GodotSharp/Mono/lib/mono/4.5/System.Xaml.dll [0x1537c5f0]. (in domain Mono, info)
GC_MAJOR: (user request) time 0.08ms, stw 0.38ms los size: 0K in use: 0K (in domain Mono, info)
GC_MAJOR_SWEEP: major size: 272K in use: 5K (in domain Mono, info)
Assembly mscorlib[0x9191a90] added to domain GodotEngine.Domain.Scripts, ref_count=5 (in domain Mono, info)
Image addref GodotSharp[0x9308e40] (asmctx DEFAULT) -> /home/cal/snap/gd-godot-engine-mono-snapcraft/23/.mono/assemblies/Debug/GodotSharp.dll[0x15186f40]: 2 (in domain Mono, info)
Prepared to set up assembly 'GodotSharp' (/home/cal/snap/gd-godot-engine-mono-snapcraft/23/.mono/assemblies/Debug/GodotSharp.dll) (in domain Mono, info)
Assembly GodotSharp[0x9308e40] added to domain GodotEngine.Domain.Scripts, ref_count=1 (in domain Mono, info)
Requesting loading reference 0 (of 1) of /home/cal/snap/gd-godot-engine-mono-snapcraft/23/.mono/assemblies/Debug/GodotSharp.dll (in domain Mono, info)
Loading reference 0 of /home/cal/snap/gd-godot-engine-mono-snapcraft/23/.mono/assemblies/Debug/GodotSharp.dll asmctx DEFAULT, looking for netstandard, Version=2.0.0.0, Culture=neutral, PublicKeyToken=cc7b13ffcd2ddd51 (in domain Mono, info)
Image addref netstandard[0x95b9f10] (asmctx DEFAULT) -> /snap/gd-godot-engine-mono-snapcraft/23/godot-engine-mono/GodotSharp/Mono/lib/mono/4.5/Facades/netstandard.dll[0x151dd940]: 2 (in domain Mono, info)
Prepared to set up assembly 'netstandard' (/snap/gd-godot-engine-mono-snapcraft/23/godot-engine-mono/GodotSharp/Mono/lib/mono/4.5/Facades/netstandard.dll) (in domain Mono, info)
Assembly netstandard[0x95b9f10] added to domain GodotEngine.Domain.Scripts, ref_count=1 (in domain Mono, info)
Assembly Ref addref GodotSharp[0x9308e40] -> netstandard[0x95b9f10]: 2 (in domain Mono, info)
Requesting loading reference 0 (of 16) of /snap/gd-godot-engine-mono-snapcraft/23/godot-engine-mono/GodotSharp/Mono/lib/mono/4.5/Facades/netstandard.dll (in domain Mono, info)
Loading reference 0 of /snap/gd-godot-engine-mono-snapcraft/23/godot-engine-mono/GodotSharp/Mono/lib/mono/4.5/Facades/netstandard.dll asmctx DEFAULT, looking for mscorlib, Version=4.0.0.0, Culture=neutral, PublicKeyToken=b77a5c561934e089 (in domain Mono, info)
Assembly Ref addref netstandard[0x95b9f10] -> mscorlib[0x9191a90]: 6 (in domain Mono, info)
Image addref GodotSharpEditor[0x187e97b0] (asmctx DEFAULT) -> /home/cal/snap/gd-godot-engine-mono-snapcraft/23/.mono/assemblies/Debug/GodotSharpEditor.dll[0x18801670]: 2 (in domain Mono, info)
Prepared to set up assembly 'GodotSharpEditor' (/home/cal/snap/gd-godot-engine-mono-snapcraft/23/.mono/assemblies/Debug/GodotSharpEditor.dll) (in domain Mono, info)
Assembly GodotSharpEditor[0x187e97b0] added to domain GodotEngine.Domain.Scripts, ref_count=1 (in domain Mono, info)
Requesting loading reference 0 (of 2) of /home/cal/snap/gd-godot-engine-mono-snapcraft/23/.mono/assemblies/Debug/GodotSharpEditor.dll (in domain Mono, info)
Loading reference 0 of /home/cal/snap/gd-godot-engine-mono-snapcraft/23/.mono/assemblies/Debug/GodotSharpEditor.dll asmctx DEFAULT, looking for netstandard, Version=2.0.0.0, Culture=neutral, PublicKeyToken=cc7b13ffcd2ddd51 (in domain Mono, info)
Assembly Ref addref GodotSharpEditor[0x187e97b0] -> netstandard[0x95b9f10]: 3 (in domain Mono, info)
Requesting loading reference 2 (of 16) of /snap/gd-godot-engine-mono-snapcraft/23/godot-engine-mono/GodotSharp/Mono/lib/mono/4.5/Facades/netstandard.dll (in domain Mono, info)
Loading reference 2 of /snap/gd-godot-engine-mono-snapcraft/23/godot-engine-mono/GodotSharp/Mono/lib/mono/4.5/Facades/netstandard.dll asmctx DEFAULT, looking for System, Version=4.0.0.0, Culture=neutral, PublicKeyToken=b77a5c561934e089 (in domain Mono, info)
Unloading image /snap/gd-godot-engine-mono-snapcraft/23/godot-engine-mono/GodotSharp/Mono/lib/mono/4.5/System.dll [0x18c63a90]. (in domain Mono, info)
Image addref System[0x92da890] (asmctx DEFAULT) -> /snap/gd-godot-engine-mono-snapcraft/23/godot-engine-mono/GodotSharp/Mono/lib/mono/4.5/System.dll[0x9314ae0]: 3 (in domain Mono, info)
Assembly Ref addref netstandard[0x95b9f10] -> System[0x9309510]: 3 (in domain Mono, info)
Image addref GodotTools[0x1537a6f0] (asmctx DEFAULT) -> /snap/gd-godot-engine-mono-snapcraft/23/godot-engine-mono/GodotSharp/Tools/GodotTools.dll[0x18f30060]: 2 (in domain Mono, info)
Prepared to set up assembly 'GodotTools' (/snap/gd-godot-engine-mono-snapcraft/23/godot-engine-mono/GodotSharp/Tools/GodotTools.dll) (in domain Mono, info)
Assembly GodotTools[0x1537a6f0] added to domain GodotEngine.Domain.Scripts, ref_count=1 (in domain Mono, info)
Image addref GodotTools.ProjectEditor[0x15658c20] (asmctx DEFAULT) -> /snap/gd-godot-engine-mono-snapcraft/23/godot-engine-mono/GodotSharp/Tools/GodotTools.ProjectEditor.dll[0x9a0b0b0]: 2 (in domain Mono, info)
Prepared to set up assembly 'GodotTools.ProjectEditor' (/snap/gd-godot-engine-mono-snapcraft/23/godot-engine-mono/GodotSharp/Tools/GodotTools.ProjectEditor.dll) (in domain Mono, info)
Assembly GodotTools.ProjectEditor[0x15658c20] added to domain GodotEngine.Domain.Scripts, ref_count=1 (in domain Mono, info)
Image addref tradeTest[0x99d3500] (asmctx DEFAULT) -> /home/cal/snap/gd-godot-engine-mono-snapcraft/23/.mono/temp/bin/Debug/tradeTest.dll[0x18c63a90]: 2 (in domain Mono, info)
Prepared to set up assembly 'tradeTest' (/home/cal/snap/gd-godot-engine-mono-snapcraft/23/.mono/temp/bin/Debug/tradeTest.dll) (in domain Mono, info)
Assembly tradeTest[0x99d3500] added to domain GodotEngine.Domain.Scripts, ref_count=1 (in domain Mono, info)
Requesting loading reference 2 (of 11) of /snap/gd-godot-engine-mono-snapcraft/23/godot-engine-mono/GodotSharp/Tools/GodotTools.dll (in domain Mono, info)
Loading reference 2 of /snap/gd-godot-engine-mono-snapcraft/23/godot-engine-mono/GodotSharp/Tools/GodotTools.dll asmctx DEFAULT, looking for GodotSharpEditor, Version=1.0.0.0, Culture=neutral, PublicKeyToken=null (in domain Mono, info)
Assembly Ref addref GodotTools[0x1537a6f0] -> GodotSharpEditor[0x187e97b0]: 2 (in domain Mono, info)
Requesting loading reference 1 (of 2) of /home/cal/snap/gd-godot-engine-mono-snapcraft/23/.mono/assemblies/Debug/GodotSharpEditor.dll (in domain Mono, info)
Loading reference 1 of /home/cal/snap/gd-godot-engine-mono-snapcraft/23/.mono/assemblies/Debug/GodotSharpEditor.dll asmctx DEFAULT, looking for GodotSharp, Version=1.0.0.0, Culture=neutral, PublicKeyToken=null (in domain Mono, info)
Assembly Ref addref GodotSharpEditor[0x187e97b0] -> GodotSharp[0x9308e40]: 2 (in domain Mono, info)
Requesting loading reference 1 (of 11) of /snap/gd-godot-engine-mono-snapcraft/23/godot-engine-mono/GodotSharp/Tools/GodotTools.dll (in domain Mono, info)
Loading reference 1 of /snap/gd-godot-engine-mono-snapcraft/23/godot-engine-mono/GodotSharp/Tools/GodotTools.dll asmctx DEFAULT, looking for GodotSharp, Version=1.0.0.0, Culture=neutral, PublicKeyToken=null (in domain Mono, info)
Assembly Ref addref GodotTools[0x1537a6f0] -> GodotSharp[0x9308e40]: 3 (in domain Mono, info)
Requesting loading reference 0 (of 11) of /snap/gd-godot-engine-mono-snapcraft/23/godot-engine-mono/GodotSharp/Tools/GodotTools.dll (in domain Mono, info)
Loading reference 0 of /snap/gd-godot-engine-mono-snapcraft/23/godot-engine-mono/GodotSharp/Tools/GodotTools.dll asmctx DEFAULT, looking for mscorlib, Version=4.0.0.0, Culture=neutral, PublicKeyToken=b77a5c561934e089 (in domain Mono, info)
Assembly Ref addref GodotTools[0x1537a6f0] -> mscorlib[0x9191a90]: 7 (in domain Mono, info)
Requesting loading reference 1 (of 2) of /home/cal/snap/gd-godot-engine-mono-snapcraft/23/.mono/temp/bin/Debug/tradeTest.dll (in domain Mono, info)
Loading reference 1 of /home/cal/snap/gd-godot-engine-mono-snapcraft/23/.mono/temp/bin/Debug/tradeTest.dll asmctx DEFAULT, looking for GodotSharp, Version=1.0.0.0, Culture=neutral, PublicKeyToken=null (in domain Mono, info)
Assembly Ref addref tradeTest[0x99d3500] -> GodotSharp[0x9308e40]: 4 (in domain Mono, info)
Requesting loading reference 0 (of 2) of /home/cal/snap/gd-godot-engine-mono-snapcraft/23/.mono/temp/bin/Debug/tradeTest.dll (in domain Mono, info)
Loading reference 0 of /home/cal/snap/gd-godot-engine-mono-snapcraft/23/.mono/temp/bin/Debug/tradeTest.dll asmctx DEFAULT, looking for mscorlib, Version=4.0.0.0, Culture=neutral, PublicKeyToken=b77a5c561934e089 (in domain Mono, info)
Assembly Ref addref tradeTest[0x99d3500] -> mscorlib[0x9191a90]: 8 (in domain Mono, info)
Requesting loading reference 5 (of 11) of /snap/gd-godot-engine-mono-snapcraft/23/godot-engine-mono/GodotSharp/Tools/GodotTools.dll (in domain Mono, info)
Loading reference 5 of /snap/gd-godot-engine-mono-snapcraft/23/godot-engine-mono/GodotSharp/Tools/GodotTools.dll asmctx DEFAULT, looking for GodotTools.IdeMessaging, Version=1.1.1.0, Culture=neutral, PublicKeyToken=null (in domain Mono, info)
Image addref GodotTools.IdeMessaging[0x998f4d0] (asmctx DEFAULT) -> /snap/gd-godot-engine-mono-snapcraft/23/godot-engine-mono/GodotSharp/Tools/GodotTools.IdeMessaging.dll[0x92dac30]: 2 (in domain Mono, info)
Prepared to set up assembly 'GodotTools.IdeMessaging' (/snap/gd-godot-engine-mono-snapcraft/23/godot-engine-mono/GodotSharp/Tools/GodotTools.IdeMessaging.dll) (in domain Mono, info)
Assembly GodotTools.IdeMessaging[0x998f4d0] added to domain GodotEngine.Domain.Scripts, ref_count=1 (in domain Mono, info)
Assembly Ref addref GodotTools[0x1537a6f0] -> GodotTools.IdeMessaging[0x998f4d0]: 2 (in domain Mono, info)
Requesting loading reference 4 (of 11) of /snap/gd-godot-engine-mono-snapcraft/23/godot-engine-mono/GodotSharp/Tools/GodotTools.dll (in domain Mono, info)
Loading reference 4 of /snap/gd-godot-engine-mono-snapcraft/23/godot-engine-mono/GodotSharp/Tools/GodotTools.dll asmctx DEFAULT, looking for System, Version=4.0.0.0, Culture=neutral, PublicKeyToken=b77a5c561934e089 (in domain Mono, info)
Assembly Ref addref GodotTools[0x1537a6f0] -> System[0x9309510]: 4 (in domain Mono, info)
Requesting loading reference 0 (of 2) of /snap/gd-godot-engine-mono-snapcraft/23/godot-engine-mono/GodotSharp/Tools/GodotTools.IdeMessaging.dll (in domain Mono, info)
Loading reference 0 of /snap/gd-godot-engine-mono-snapcraft/23/godot-engine-mono/GodotSharp/Tools/GodotTools.IdeMessaging.dll asmctx DEFAULT, looking for netstandard, Version=2.0.0.0, Culture=neutral, PublicKeyToken=cc7b13ffcd2ddd51 (in domain Mono, info)
Assembly Ref addref GodotTools.IdeMessaging[0x998f4d0] -> netstandard[0x95b9f10]: 4 (in domain Mono, info)
Requesting loading reference 1 (of 16) of /snap/gd-godot-engine-mono-snapcraft/23/godot-engine-mono/GodotSharp/Mono/lib/mono/4.5/Facades/netstandard.dll (in domain Mono, info)
Loading reference 1 of /snap/gd-godot-engine-mono-snapcraft/23/godot-engine-mono/GodotSharp/Mono/lib/mono/4.5/Facades/netstandard.dll asmctx DEFAULT, looking for System.Core, Version=4.0.0.0, Culture=neutral, PublicKeyToken=b77a5c561934e089 (in domain Mono, info)
Image addref System.Core[0x17af5560] (asmctx DEFAULT) -> /snap/gd-godot-engine-mono-snapcraft/23/godot-engine-mono/GodotSharp/Mono/lib/mono/4.5/System.Core.dll[0x18fc8b40]: 2 (in domain Mono, info)
Prepared to set up assembly 'System.Core' (/snap/gd-godot-engine-mono-snapcraft/23/godot-engine-mono/GodotSharp/Mono/lib/mono/4.5/System.Core.dll) (in domain Mono, info)
Assembly System.Core[0x17af5560] added to domain GodotEngine.Domain.Scripts, ref_count=1 (in domain Mono, info)
Assembly Ref addref netstandard[0x95b9f10] -> System.Core[0x17af5560]: 2 (in domain Mono, info)
Requesting loading reference 0 (of 2) of /snap/gd-godot-engine-mono-snapcraft/23/godot-engine-mono/GodotSharp/Mono/lib/mono/4.5/System.Core.dll (in domain Mono, info)
Loading reference 0 of /snap/gd-godot-engine-mono-snapcraft/23/godot-engine-mono/GodotSharp/Mono/lib/mono/4.5/System.Core.dll asmctx DEFAULT, looking for mscorlib, Version=4.0.0.0, Culture=neutral, PublicKeyToken=b77a5c561934e089 (in domain Mono, info)
Assembly Ref addref System.Core[0x17af5560] -> mscorlib[0x9191a90]: 9 (in domain Mono, info)
GC_MAJOR: (user request) time 1.45ms, stw 1.95ms los size: 1024K in use: 64K (in domain Mono, info)
GC_MAJOR_SWEEP: major size: 1104K in use: 236K (in domain Mono, info)
GC_MAJOR: (user request) time 0.20ms, stw 0.48ms los size: 1024K in use: 64K (in domain Mono, info)
GC_MAJOR_SWEEP: major size: 1136K in use: 236K (in domain Mono, info)
GC_MAJOR: (user request) time 0.19ms, stw 0.65ms los size: 1024K in use: 64K (in domain Mono, info)
GC_MAJOR_SWEEP: major size: 1136K in use: 236K (in domain Mono, info)
GC_MINOR: (user request) time 0.08ms, stw 0.24ms promoted 0K major size: 1136K in use: 236K los size: 1024K in use: 64K (in domain Mono, info)
Unloading domain GodotEngine.Domain.Scripts[0xc5412c0], assembly mscorlib[0x9191a90], ref_count=9 (in domain Mono, info)
Unloading domain GodotEngine.Domain.Scripts[0xc5412c0], assembly GodotSharp[0x9308e40], ref_count=4 (in domain Mono, info)
Unloading domain GodotEngine.Domain.Scripts[0xc5412c0], assembly netstandard[0x95b9f10], ref_count=4 (in domain Mono, info)
Unloading domain GodotEngine.Domain.Scripts[0xc5412c0], assembly GodotSharpEditor[0x187e97b0], ref_count=2 (in domain Mono, info)
Unloading domain GodotEngine.Domain.Scripts[0xc5412c0], assembly GodotTools[0x1537a6f0], ref_count=1 (in domain Mono, info)
Unloading assembly GodotTools [0x1537a6f0]. (in domain Mono, info)
Unloading image /snap/gd-godot-engine-mono-snapcraft/23/godot-engine-mono/GodotSharp/Tools/GodotTools.dll [0x18f30060]. (in domain Mono, info)
Unloading assembly GodotSharpEditor [0x187e97b0]. (in domain Mono, info)
Unloading image /home/cal/snap/gd-godot-engine-mono-snapcraft/23/.mono/assemblies/Debug/GodotSharpEditor.dll [0x18801670]. (in domain Mono, info)
Unloading domain GodotEngine.Domain.Scripts[0xc5412c0], assembly GodotTools.ProjectEditor[0x15658c20], ref_count=1 (in domain Mono, info)
Unloading assembly GodotTools.ProjectEditor [0x15658c20]. (in domain Mono, info)
Unloading image /snap/gd-godot-engine-mono-snapcraft/23/godot-engine-mono/GodotSharp/Tools/GodotTools.ProjectEditor.dll [0x9a0b0b0]. (in domain Mono, info)
Unloading domain GodotEngine.Domain.Scripts[0xc5412c0], assembly tradeTest[0x99d3500], ref_count=1 (in domain Mono, info)
Unloading assembly tradeTest [0x99d3500]. (in domain Mono, info)
Unloading image /home/cal/snap/gd-godot-engine-mono-snapcraft/23/.mono/temp/bin/Debug/tradeTest.dll [0x18c63a90]. (in domain Mono, info)
Unloading assembly GodotSharp [0x9308e40]. (in domain Mono, info)
Unloading image /home/cal/snap/gd-godot-engine-mono-snapcraft/23/.mono/assemblies/Debug/GodotSharp.dll [0x15186f40]. (in domain Mono, info)
Unloading domain GodotEngine.Domain.Scripts[0xc5412c0], assembly GodotTools.IdeMessaging[0x998f4d0], ref_count=1 (in domain Mono, info)
Unloading assembly GodotTools.IdeMessaging [0x998f4d0]. (in domain Mono, info)
Unloading image /snap/gd-godot-engine-mono-snapcraft/23/godot-engine-mono/GodotSharp/Tools/GodotTools.IdeMessaging.dll [0x92dac30]. (in domain Mono, info)
Unloading assembly netstandard [0x95b9f10]. (in domain Mono, info)
Unloading image /snap/gd-godot-engine-mono-snapcraft/23/godot-engine-mono/GodotSharp/Mono/lib/mono/4.5/Facades/netstandard.dll [0x151dd940]. (in domain Mono, info)
Unloading domain GodotEngine.Domain.Scripts[0xc5412c0], assembly System.Core[0x17af5560], ref_count=1 (in domain Mono, info)
Unloading assembly System.Core [0x17af5560]. (in domain Mono, info)
Unloading image /snap/gd-godot-engine-mono-snapcraft/23/godot-engine-mono/GodotSharp/Mono/lib/mono/4.5/System.Core.dll [0x18fc8b40]. (in domain Mono, info)
GC_MAJOR: (user request) time 0.11ms, stw 0.47ms los size: 0K in use: 0K (in domain Mono, info)
GC_MAJOR_SWEEP: major size: 272K in use: 5K (in domain Mono, info)
GC_MAJOR: (user request) time 0.04ms, stw 0.22ms los size: 0K in use: 0K (in domain Mono, info)
GC_MAJOR_SWEEP: major size: 320K in use: 5K (in domain Mono, info)
Unloading domain GodotEngine.RootDomain[0x91959c0], assembly mscorlib[0x9191a90], ref_count=4 (in domain Mono, info)
Assembly image '/snap/gd-godot-engine-mono-snapcraft/23/godot-engine-mono/GodotSharp/Mono/lib/mono/4.5/System.Configuration.dll' [0x9614030] still loaded at shutdown. (in domain Mono, info)
Assembly image '/snap/gd-godot-engine-mono-snapcraft/23/godot-engine-mono/GodotSharp/Mono/lib/mono/4.5/mscorlib.dll' [0x91903a0] still loaded at shutdown. (in domain Mono, info)
Assembly image '/snap/gd-godot-engine-mono-snapcraft/23/godot-engine-mono/GodotSharp/Mono/lib/mono/4.5/System.dll' [0x9314ae0] still loaded at shutdown. (in domain Mono, info)
Assembly image '/snap/gd-godot-engine-mono-snapcraft/23/godot-engine-mono/GodotSharp/Mono/lib/mono/4.5/System.Xml.dll' [0x962ce30] still loaded at shutdown. (in domain Mono, info)
