Config attempting to parse: '/snap/gd-godot-engine-mono-snapcraft/23/godot-engine-mono/GodotSharp/Mono/etc/mono/config'. (in domain Mono, info)
Config attempting to parse: '/home/cal/snap/gd-godot-engine-mono-snapcraft/23/.mono/config'. (in domain Mono, info)
Image addref mscorlib[0xa68daa0] (asmctx DEFAULT) -> /snap/gd-godot-engine-mono-snapcraft/23/godot-engine-mono/GodotSharp/Mono/lib/mono/4.5/mscorlib.dll[0xa68c3b0]: 2 (in domain Mono, info)
Prepared to set up assembly 'mscorlib' (/snap/gd-godot-engine-mono-snapcraft/23/godot-engine-mono/GodotSharp/Mono/lib/mono/4.5/mscorlib.dll) (in domain Mono, info)
AOT: image '/snap/gd-godot-engine-mono-snapcraft/23/godot-engine-mono/GodotSharp/Mono/lib/mono/4.5/mscorlib.dll.so' not found: /snap/gd-godot-engine-mono-snapcraft/23/godot-engine-mono/GodotSharp/Mono/lib/mono/4.5/mscorlib.dll.so: cannot open shared object file: No such file or directory (in domain Mono, info)
AOT: image '/snap/gd-godot-engine-mono-snapcraft/23/godot-engine-mono/GodotSharp/Mono/lib/mono/aot-cache/amd64/mscorlib.dll.so' not found: /snap/gd-godot-engine-mono-snapcraft/23/godot-engine-mono/GodotSharp/Mono/lib/mono/aot-cache/amd64/mscorlib.dll.so: cannot open shared object file: No such file or directory (in domain Mono, info)
Assembly mscorlib[0xa68daa0] added to domain GodotEngine.RootDomain, ref_count=1 (in domain Mono, info)
Assembly mscorlib[0xa68daa0] added to domain GodotEngine.Domain.Scripts, ref_count=2 (in domain Mono, info)
Image addref GodotSharp[0xae482e0] (asmctx DEFAULT) -> /home/cal/snap/gd-godot-engine-mono-snapcraft/23/.mono/assemblies/Debug/GodotSharp.dll[0xa7b2eb0]: 2 (in domain Mono, info)
Prepared to set up assembly 'GodotSharp' (/home/cal/snap/gd-godot-engine-mono-snapcraft/23/.mono/assemblies/Debug/GodotSharp.dll) (in domain Mono, info)
Assembly GodotSharp[0xae482e0] added to domain GodotEngine.Domain.Scripts, ref_count=1 (in domain Mono, info)
Requesting loading reference 0 (of 1) of /home/cal/snap/gd-godot-engine-mono-snapcraft/23/.mono/assemblies/Debug/GodotSharp.dll (in domain Mono, info)
Loading reference 0 of /home/cal/snap/gd-godot-engine-mono-snapcraft/23/.mono/assemblies/Debug/GodotSharp.dll asmctx DEFAULT, looking for netstandard, Version=2.0.0.0, Culture=neutral, PublicKeyToken=cc7b13ffcd2ddd51 (in domain Mono, info)
Config attempting to parse: ''. (in domain Mono, info)
Image addref netstandard[0xa75a930] (asmctx DEFAULT) -> /snap/gd-godot-engine-mono-snapcraft/23/godot-engine-mono/GodotSharp/Mono/lib/mono/4.5/Facades/netstandard.dll[0xa7f0b90]: 2 (in domain Mono, info)
Prepared to set up assembly 'netstandard' (/snap/gd-godot-engine-mono-snapcraft/23/godot-engine-mono/GodotSharp/Mono/lib/mono/4.5/Facades/netstandard.dll) (in domain Mono, info)
Assembly netstandard[0xa75a930] added to domain GodotEngine.Domain.Scripts, ref_count=1 (in domain Mono, info)
Assembly Ref addref GodotSharp[0xae482e0] -> netstandard[0xa75a930]: 2 (in domain Mono, info)
Requesting loading reference 0 (of 16) of /snap/gd-godot-engine-mono-snapcraft/23/godot-engine-mono/GodotSharp/Mono/lib/mono/4.5/Facades/netstandard.dll (in domain Mono, info)
Loading reference 0 of /snap/gd-godot-engine-mono-snapcraft/23/godot-engine-mono/GodotSharp/Mono/lib/mono/4.5/Facades/netstandard.dll asmctx DEFAULT, looking for mscorlib, Version=4.0.0.0, Culture=neutral, PublicKeyToken=b77a5c561934e089 (in domain Mono, info)
Assembly Ref addref netstandard[0xa75a930] -> mscorlib[0xa68daa0]: 3 (in domain Mono, info)
Image addref GodotSharpEditor[0xa7d9890] (asmctx DEFAULT) -> /home/cal/snap/gd-godot-engine-mono-snapcraft/23/.mono/assemblies/Debug/GodotSharpEditor.dll[0xa7d6830]: 2 (in domain Mono, info)
Prepared to set up assembly 'GodotSharpEditor' (/home/cal/snap/gd-godot-engine-mono-snapcraft/23/.mono/assemblies/Debug/GodotSharpEditor.dll) (in domain Mono, info)
Assembly GodotSharpEditor[0xa7d9890] added to domain GodotEngine.Domain.Scripts, ref_count=1 (in domain Mono, info)
Requesting loading reference 0 (of 2) of /home/cal/snap/gd-godot-engine-mono-snapcraft/23/.mono/assemblies/Debug/GodotSharpEditor.dll (in domain Mono, info)
Loading reference 0 of /home/cal/snap/gd-godot-engine-mono-snapcraft/23/.mono/assemblies/Debug/GodotSharpEditor.dll asmctx DEFAULT, looking for netstandard, Version=2.0.0.0, Culture=neutral, PublicKeyToken=cc7b13ffcd2ddd51 (in domain Mono, info)
Assembly Ref addref GodotSharpEditor[0xa7d9890] -> netstandard[0xa75a930]: 3 (in domain Mono, info)
Requesting loading reference 2 (of 16) of /snap/gd-godot-engine-mono-snapcraft/23/godot-engine-mono/GodotSharp/Mono/lib/mono/4.5/Facades/netstandard.dll (in domain Mono, info)
Loading reference 2 of /snap/gd-godot-engine-mono-snapcraft/23/godot-engine-mono/GodotSharp/Mono/lib/mono/4.5/Facades/netstandard.dll asmctx DEFAULT, looking for System, Version=4.0.0.0, Culture=neutral, PublicKeyToken=b77a5c561934e089 (in domain Mono, info)
Image addref System[0xa803190] (asmctx DEFAULT) -> /snap/gd-godot-engine-mono-snapcraft/23/godot-engine-mono/GodotSharp/Mono/lib/mono/4.5/System.dll[0xa810760]: 2 (in domain Mono, info)
Prepared to set up assembly 'System' (/snap/gd-godot-engine-mono-snapcraft/23/godot-engine-mono/GodotSharp/Mono/lib/mono/4.5/System.dll) (in domain Mono, info)
Assembly System[0xa803190] added to domain GodotEngine.Domain.Scripts, ref_count=1 (in domain Mono, info)
Assembly Ref addref netstandard[0xa75a930] -> System[0xa803190]: 2 (in domain Mono, info)
Requesting loading reference 0 (of 6) of /snap/gd-godot-engine-mono-snapcraft/23/godot-engine-mono/GodotSharp/Mono/lib/mono/4.5/System.dll (in domain Mono, info)
Loading reference 0 of /snap/gd-godot-engine-mono-snapcraft/23/godot-engine-mono/GodotSharp/Mono/lib/mono/4.5/System.dll asmctx DEFAULT, looking for mscorlib, Version=4.0.0.0, Culture=neutral, PublicKeyToken=b77a5c561934e089 (in domain Mono, info)
Assembly Ref addref System[0xa803190] -> mscorlib[0xa68daa0]: 4 (in domain Mono, info)
Requesting loading reference 2 (of 6) of /snap/gd-godot-engine-mono-snapcraft/23/godot-engine-mono/GodotSharp/Mono/lib/mono/4.5/System.dll (in domain Mono, info)
Loading reference 2 of /snap/gd-godot-engine-mono-snapcraft/23/godot-engine-mono/GodotSharp/Mono/lib/mono/4.5/System.dll asmctx DEFAULT, looking for System.Configuration, Version=4.0.0.0, Culture=neutral, PublicKeyToken=b03f5f7f11d50a3a (in domain Mono, info)
Image addref System.Configuration[0xab11160] (asmctx DEFAULT) -> /snap/gd-godot-engine-mono-snapcraft/23/godot-engine-mono/GodotSharp/Mono/lib/mono/4.5/System.Configuration.dll[0xab22600]: 2 (in domain Mono, info)
Prepared to set up assembly 'System.Configuration' (/snap/gd-godot-engine-mono-snapcraft/23/godot-engine-mono/GodotSharp/Mono/lib/mono/4.5/System.Configuration.dll) (in domain Mono, info)
Assembly System.Configuration[0xab11160] added to domain GodotEngine.Domain.Scripts, ref_count=1 (in domain Mono, info)
Assembly Ref addref System[0xa803190] -> System.Configuration[0xab11160]: 2 (in domain Mono, info)
Requesting loading reference 0 (of 4) of /snap/gd-godot-engine-mono-snapcraft/23/godot-engine-mono/GodotSharp/Mono/lib/mono/4.5/System.Configuration.dll (in domain Mono, info)
Loading reference 0 of /snap/gd-godot-engine-mono-snapcraft/23/godot-engine-mono/GodotSharp/Mono/lib/mono/4.5/System.Configuration.dll asmctx DEFAULT, looking for mscorlib, Version=4.0.0.0, Culture=neutral, PublicKeyToken=b77a5c561934e089 (in domain Mono, info)
Assembly Ref addref System.Configuration[0xab11160] -> mscorlib[0xa68daa0]: 5 (in domain Mono, info)
Requesting loading reference 2 (of 4) of /snap/gd-godot-engine-mono-snapcraft/23/godot-engine-mono/GodotSharp/Mono/lib/mono/4.5/System.Configuration.dll (in domain Mono, info)
Loading reference 2 of /snap/gd-godot-engine-mono-snapcraft/23/godot-engine-mono/GodotSharp/Mono/lib/mono/4.5/System.Configuration.dll asmctx DEFAULT, looking for System, Version=4.0.0.0, Culture=neutral, PublicKeyToken=b77a5c561934e089 (in domain Mono, info)
Assembly Ref addref System.Configuration[0xab11160] -> System[0xa803190]: 3 (in domain Mono, info)
Requesting loading reference 1 (of 4) of /snap/gd-godot-engine-mono-snapcraft/23/godot-engine-mono/GodotSharp/Mono/lib/mono/4.5/System.Configuration.dll (in domain Mono, info)
Loading reference 1 of /snap/gd-godot-engine-mono-snapcraft/23/godot-engine-mono/GodotSharp/Mono/lib/mono/4.5/System.Configuration.dll asmctx DEFAULT, looking for System.Xml, Version=4.0.0.0, Culture=neutral, PublicKeyToken=b77a5c561934e089 (in domain Mono, info)
Image addref System.Xml[0xab276b0] (asmctx DEFAULT) -> /snap/gd-godot-engine-mono-snapcraft/23/godot-engine-mono/GodotSharp/Mono/lib/mono/4.5/System.Xml.dll[0xab291e0]: 2 (in domain Mono, info)
Prepared to set up assembly 'System.Xml' (/snap/gd-godot-engine-mono-snapcraft/23/godot-engine-mono/GodotSharp/Mono/lib/mono/4.5/System.Xml.dll) (in domain Mono, info)
Assembly System.Xml[0xab276b0] added to domain GodotEngine.Domain.Scripts, ref_count=1 (in domain Mono, info)
Assembly Ref addref System.Configuration[0xab11160] -> System.Xml[0xab276b0]: 2 (in domain Mono, info)
Requesting loading reference 0 (of 3) of /snap/gd-godot-engine-mono-snapcraft/23/godot-engine-mono/GodotSharp/Mono/lib/mono/4.5/System.Xml.dll (in domain Mono, info)
Loading reference 0 of /snap/gd-godot-engine-mono-snapcraft/23/godot-engine-mono/GodotSharp/Mono/lib/mono/4.5/System.Xml.dll asmctx DEFAULT, looking for mscorlib, Version=4.0.0.0, Culture=neutral, PublicKeyToken=b77a5c561934e089 (in domain Mono, info)
Assembly Ref addref System.Xml[0xab276b0] -> mscorlib[0xa68daa0]: 6 (in domain Mono, info)
DllImport attempting to load: '/snap/gd-godot-engine-mono-snapcraft/23/godot-engine-mono/GodotSharp/Mono/lib/../lib/libmono-native.so'. (in domain Mono, info)
DllImport loaded library '/snap/gd-godot-engine-mono-snapcraft/23/godot-engine-mono/GodotSharp/Mono/lib/../lib/libmono-native.so'. (in domain Mono, info)
DllImport searching in: '/snap/gd-godot-engine-mono-snapcraft/23/godot-engine-mono/GodotSharp/Mono/lib/../lib/libmono-native.so' ('/snap/gd-godot-engine-mono-snapcraft/23/godot-engine-mono/GodotSharp/Mono/lib/../lib/libmono-native.so'). (in domain Mono, info)
Searching for 'SystemNative_GetNonCryptographicallySecureRandomBytes'. (in domain Mono, info)
Probing 'SystemNative_GetNonCryptographicallySecureRandomBytes'. (in domain Mono, info)
Found as 'SystemNative_GetNonCryptographicallySecureRandomBytes'. (in domain Mono, info)
DllImport searching in: '/snap/gd-godot-engine-mono-snapcraft/23/godot-engine-mono/GodotSharp/Mono/lib/../lib/libmono-native.so' ('/snap/gd-godot-engine-mono-snapcraft/23/godot-engine-mono/GodotSharp/Mono/lib/../lib/libmono-native.so'). (in domain Mono, info)
Searching for 'SystemNative_LChflagsCanSetHiddenFlag'. (in domain Mono, info)
Probing 'SystemNative_LChflagsCanSetHiddenFlag'. (in domain Mono, info)
Found as 'SystemNative_LChflagsCanSetHiddenFlag'. (in domain Mono, info)
DllImport searching in: '/snap/gd-godot-engine-mono-snapcraft/23/godot-engine-mono/GodotSharp/Mono/lib/../lib/libmono-native.so' ('/snap/gd-godot-engine-mono-snapcraft/23/godot-engine-mono/GodotSharp/Mono/lib/../lib/libmono-native.so'). (in domain Mono, info)
Searching for 'SystemNative_Stat2'. (in domain Mono, info)
Probing 'SystemNative_Stat2'. (in domain Mono, info)
Found as 'SystemNative_Stat2'. (in domain Mono, info)
DllImport searching in: '/snap/gd-godot-engine-mono-snapcraft/23/godot-engine-mono/GodotSharp/Mono/lib/../lib/libmono-native.so' ('/snap/gd-godot-engine-mono-snapcraft/23/godot-engine-mono/GodotSharp/Mono/lib/../lib/libmono-native.so'). (in domain Mono, info)
Searching for 'SystemNative_LStat2'. (in domain Mono, info)
Probing 'SystemNative_LStat2'. (in domain Mono, info)
Found as 'SystemNative_LStat2'. (in domain Mono, info)
DllImport searching in: '/snap/gd-godot-engine-mono-snapcraft/23/godot-engine-mono/GodotSharp/Mono/lib/../lib/libmono-native.so' ('/snap/gd-godot-engine-mono-snapcraft/23/godot-engine-mono/GodotSharp/Mono/lib/../lib/libmono-native.so'). (in domain Mono, info)
Searching for 'SystemNative_ConvertErrorPlatformToPal'. (in domain Mono, info)
Probing 'SystemNative_ConvertErrorPlatformToPal'. (in domain Mono, info)
Found as 'SystemNative_ConvertErrorPlatformToPal'. (in domain Mono, info)
Requesting loading reference 2 (of 3) of /snap/gd-godot-engine-mono-snapcraft/23/godot-engine-mono/GodotSharp/Mono/lib/mono/4.5/System.Xml.dll (in domain Mono, info)
Loading reference 2 of /snap/gd-godot-engine-mono-snapcraft/23/godot-engine-mono/GodotSharp/Mono/lib/mono/4.5/System.Xml.dll asmctx DEFAULT, looking for System, Version=4.0.0.0, Culture=neutral, PublicKeyToken=b77a5c561934e089 (in domain Mono, info)
Assembly Ref addref System.Xml[0xab276b0] -> System[0xa803190]: 4 (in domain Mono, info)
Requesting loading reference 3 (of 6) of /snap/gd-godot-engine-mono-snapcraft/23/godot-engine-mono/GodotSharp/Mono/lib/mono/4.5/System.dll (in domain Mono, info)
Loading reference 3 of /snap/gd-godot-engine-mono-snapcraft/23/godot-engine-mono/GodotSharp/Mono/lib/mono/4.5/System.dll asmctx DEFAULT, looking for System.Xml, Version=4.0.0.0, Culture=neutral, PublicKeyToken=b77a5c561934e089 (in domain Mono, info)
Assembly Ref addref System[0xa803190] -> System.Xml[0xab276b0]: 3 (in domain Mono, info)
Image addref GodotTools[0xaad5e80] (asmctx DEFAULT) -> /snap/gd-godot-engine-mono-snapcraft/23/godot-engine-mono/GodotSharp/Tools/GodotTools.dll[0xafeb330]: 2 (in domain Mono, info)
Prepared to set up assembly 'GodotTools' (/snap/gd-godot-engine-mono-snapcraft/23/godot-engine-mono/GodotSharp/Tools/GodotTools.dll) (in domain Mono, info)
Assembly GodotTools[0xaad5e80] added to domain GodotEngine.Domain.Scripts, ref_count=1 (in domain Mono, info)
Image addref GodotTools.ProjectEditor[0xaff1e80] (asmctx DEFAULT) -> /snap/gd-godot-engine-mono-snapcraft/23/godot-engine-mono/GodotSharp/Tools/GodotTools.ProjectEditor.dll[0xaff1720]: 2 (in domain Mono, info)
Prepared to set up assembly 'GodotTools.ProjectEditor' (/snap/gd-godot-engine-mono-snapcraft/23/godot-engine-mono/GodotSharp/Tools/GodotTools.ProjectEditor.dll) (in domain Mono, info)
Assembly GodotTools.ProjectEditor[0xaff1e80] added to domain GodotEngine.Domain.Scripts, ref_count=1 (in domain Mono, info)
Image addref tradeTest[0xafdf750] (asmctx DEFAULT) -> /home/cal/snap/gd-godot-engine-mono-snapcraft/23/.mono/temp/bin/Debug/tradeTest.dll[0xb053620]: 2 (in domain Mono, info)
Prepared to set up assembly 'tradeTest' (/home/cal/snap/gd-godot-engine-mono-snapcraft/23/.mono/temp/bin/Debug/tradeTest.dll) (in domain Mono, info)
Assembly tradeTest[0xafdf750] added to domain GodotEngine.Domain.Scripts, ref_count=1 (in domain Mono, info)
Requesting loading reference 2 (of 11) of /snap/gd-godot-engine-mono-snapcraft/23/godot-engine-mono/GodotSharp/Tools/GodotTools.dll (in domain Mono, info)
Loading reference 2 of /snap/gd-godot-engine-mono-snapcraft/23/godot-engine-mono/GodotSharp/Tools/GodotTools.dll asmctx DEFAULT, looking for GodotSharpEditor, Version=1.0.0.0, Culture=neutral, PublicKeyToken=null (in domain Mono, info)
Assembly Ref addref GodotTools[0xaad5e80] -> GodotSharpEditor[0xa7d9890]: 2 (in domain Mono, info)
Requesting loading reference 1 (of 2) of /home/cal/snap/gd-godot-engine-mono-snapcraft/23/.mono/assemblies/Debug/GodotSharpEditor.dll (in domain Mono, info)
Loading reference 1 of /home/cal/snap/gd-godot-engine-mono-snapcraft/23/.mono/assemblies/Debug/GodotSharpEditor.dll asmctx DEFAULT, looking for GodotSharp, Version=1.0.0.0, Culture=neutral, PublicKeyToken=null (in domain Mono, info)
Assembly Ref addref GodotSharpEditor[0xa7d9890] -> GodotSharp[0xae482e0]: 2 (in domain Mono, info)
Requesting loading reference 1 (of 11) of /snap/gd-godot-engine-mono-snapcraft/23/godot-engine-mono/GodotSharp/Tools/GodotTools.dll (in domain Mono, info)
Loading reference 1 of /snap/gd-godot-engine-mono-snapcraft/23/godot-engine-mono/GodotSharp/Tools/GodotTools.dll asmctx DEFAULT, looking for GodotSharp, Version=1.0.0.0, Culture=neutral, PublicKeyToken=null (in domain Mono, info)
Assembly Ref addref GodotTools[0xaad5e80] -> GodotSharp[0xae482e0]: 3 (in domain Mono, info)
Requesting loading reference 0 (of 11) of /snap/gd-godot-engine-mono-snapcraft/23/godot-engine-mono/GodotSharp/Tools/GodotTools.dll (in domain Mono, info)
Loading reference 0 of /snap/gd-godot-engine-mono-snapcraft/23/godot-engine-mono/GodotSharp/Tools/GodotTools.dll asmctx DEFAULT, looking for mscorlib, Version=4.0.0.0, Culture=neutral, PublicKeyToken=b77a5c561934e089 (in domain Mono, info)
Assembly Ref addref GodotTools[0xaad5e80] -> mscorlib[0xa68daa0]: 7 (in domain Mono, info)
Requesting loading reference 3 (of 11) of /snap/gd-godot-engine-mono-snapcraft/23/godot-engine-mono/GodotSharp/Tools/GodotTools.dll (in domain Mono, info)
Loading reference 3 of /snap/gd-godot-engine-mono-snapcraft/23/godot-engine-mono/GodotSharp/Tools/GodotTools.dll asmctx DEFAULT, looking for GodotTools.ProjectEditor, Version=1.0.0.0, Culture=neutral, PublicKeyToken=null (in domain Mono, info)
Assembly Ref addref GodotTools[0xaad5e80] -> GodotTools.ProjectEditor[0xaff1e80]: 2 (in domain Mono, info)
Requesting loading reference 0 (of 8) of /snap/gd-godot-engine-mono-snapcraft/23/godot-engine-mono/GodotSharp/Tools/GodotTools.ProjectEditor.dll (in domain Mono, info)
Loading reference 0 of /snap/gd-godot-engine-mono-snapcraft/23/godot-engine-mono/GodotSharp/Tools/GodotTools.ProjectEditor.dll asmctx DEFAULT, looking for mscorlib, Version=4.0.0.0, Culture=neutral, PublicKeyToken=b77a5c561934e089 (in domain Mono, info)
Assembly Ref addref GodotTools.ProjectEditor[0xaff1e80] -> mscorlib[0xa68daa0]: 8 (in domain Mono, info)
Requesting loading reference 3 (of 8) of /snap/gd-godot-engine-mono-snapcraft/23/godot-engine-mono/GodotSharp/Tools/GodotTools.ProjectEditor.dll (in domain Mono, info)
Loading reference 3 of /snap/gd-godot-engine-mono-snapcraft/23/godot-engine-mono/GodotSharp/Tools/GodotTools.ProjectEditor.dll asmctx DEFAULT, looking for Microsoft.Build, Version=15.1.0.0, Culture=neutral, PublicKeyToken=b03f5f7f11d50a3a (in domain Mono, info)
Unloading image /snap/gd-godot-engine-mono-snapcraft/23/godot-engine-mono/GodotSharp/Mono/lib/mono/4.5/Microsoft.Build.dll [0xaf7c870]. (in domain Mono, info)
Image addref Microsoft.Build[0xaf7c700] (asmctx DEFAULT) -> /snap/gd-godot-engine-mono-snapcraft/23/godot-engine-mono/GodotSharp/Tools/Microsoft.Build.dll[0xaf7c870]: 2 (in domain Mono, info)
Prepared to set up assembly 'Microsoft.Build' (/snap/gd-godot-engine-mono-snapcraft/23/godot-engine-mono/GodotSharp/Tools/Microsoft.Build.dll) (in domain Mono, info)
Assembly Microsoft.Build[0xaf7c700] added to domain GodotEngine.Domain.Scripts, ref_count=1 (in domain Mono, info)
Assembly Ref addref GodotTools.ProjectEditor[0xaff1e80] -> Microsoft.Build[0xaf7c700]: 2 (in domain Mono, info)
Requesting loading reference 0 (of 10) of /snap/gd-godot-engine-mono-snapcraft/23/godot-engine-mono/GodotSharp/Tools/Microsoft.Build.dll (in domain Mono, info)
Loading reference 0 of /snap/gd-godot-engine-mono-snapcraft/23/godot-engine-mono/GodotSharp/Tools/Microsoft.Build.dll asmctx DEFAULT, looking for mscorlib, Version=4.0.0.0, Culture=neutral, PublicKeyToken=b77a5c561934e089 (in domain Mono, info)
Assembly Ref addref Microsoft.Build[0xaf7c700] -> mscorlib[0xa68daa0]: 9 (in domain Mono, info)
Requesting loading reference 3 (of 10) of /snap/gd-godot-engine-mono-snapcraft/23/godot-engine-mono/GodotSharp/Tools/Microsoft.Build.dll (in domain Mono, info)
Loading reference 3 of /snap/gd-godot-engine-mono-snapcraft/23/godot-engine-mono/GodotSharp/Tools/Microsoft.Build.dll asmctx DEFAULT, looking for Microsoft.Build.Framework, Version=15.1.0.0, Culture=neutral, PublicKeyToken=b03f5f7f11d50a3a (in domain Mono, info)
Unloading image /snap/gd-godot-engine-mono-snapcraft/23/godot-engine-mono/GodotSharp/Mono/lib/mono/4.5/Microsoft.Build.Framework.dll [0xaf81040]. (in domain Mono, info)
Image addref Microsoft.Build.Framework[0x166cd120] (asmctx DEFAULT) -> /snap/gd-godot-engine-mono-snapcraft/23/godot-engine-mono/GodotSharp/Tools/Microsoft.Build.Framework.dll[0xaf82160]: 2 (in domain Mono, info)
Prepared to set up assembly 'Microsoft.Build.Framework' (/snap/gd-godot-engine-mono-snapcraft/23/godot-engine-mono/GodotSharp/Tools/Microsoft.Build.Framework.dll) (in domain Mono, info)
Assembly Microsoft.Build.Framework[0x166cd120] added to domain GodotEngine.Domain.Scripts, ref_count=1 (in domain Mono, info)
Assembly Ref addref Microsoft.Build[0xaf7c700] -> Microsoft.Build.Framework[0x166cd120]: 2 (in domain Mono, info)
Requesting loading reference 1 (of 10) of /snap/gd-godot-engine-mono-snapcraft/23/godot-engine-mono/GodotSharp/Tools/Microsoft.Build.dll (in domain Mono, info)
Loading reference 1 of /snap/gd-godot-engine-mono-snapcraft/23/godot-engine-mono/GodotSharp/Tools/Microsoft.Build.dll asmctx DEFAULT, looking for System, Version=4.0.0.0, Culture=neutral, PublicKeyToken=b77a5c561934e089 (in domain Mono, info)
Assembly Ref addref Microsoft.Build[0xaf7c700] -> System[0xa803190]: 5 (in domain Mono, info)
Requesting loading reference 9 (of 11) of /snap/gd-godot-engine-mono-snapcraft/23/godot-engine-mono/GodotSharp/Tools/GodotTools.dll (in domain Mono, info)
Loading reference 9 of /snap/gd-godot-engine-mono-snapcraft/23/godot-engine-mono/GodotSharp/Tools/GodotTools.dll asmctx DEFAULT, looking for GodotTools.Core, Version=1.0.0.0, Culture=neutral, PublicKeyToken=null (in domain Mono, info)
Image addref GodotTools.Core[0x166fcbd0] (asmctx DEFAULT) -> /snap/gd-godot-engine-mono-snapcraft/23/godot-engine-mono/GodotSharp/Tools/GodotTools.Core.dll[0x16700ec0]: 2 (in domain Mono, info)
Prepared to set up assembly 'GodotTools.Core' (/snap/gd-godot-engine-mono-snapcraft/23/godot-engine-mono/GodotSharp/Tools/GodotTools.Core.dll) (in domain Mono, info)
Assembly GodotTools.Core[0x166fcbd0] added to domain GodotEngine.Domain.Scripts, ref_count=1 (in domain Mono, info)
Assembly Ref addref GodotTools[0xaad5e80] -> GodotTools.Core[0x166fcbd0]: 2 (in domain Mono, info)
Requesting loading reference 0 (of 1) of /snap/gd-godot-engine-mono-snapcraft/23/godot-engine-mono/GodotSharp/Tools/GodotTools.Core.dll (in domain Mono, info)
Loading reference 0 of /snap/gd-godot-engine-mono-snapcraft/23/godot-engine-mono/GodotSharp/Tools/GodotTools.Core.dll asmctx DEFAULT, looking for netstandard, Version=2.0.0.0, Culture=neutral, PublicKeyToken=cc7b13ffcd2ddd51 (in domain Mono, info)
Assembly Ref addref GodotTools.Core[0x166fcbd0] -> netstandard[0xa75a930]: 4 (in domain Mono, info)
Requesting loading reference 1 (of 8) of /snap/gd-godot-engine-mono-snapcraft/23/godot-engine-mono/GodotSharp/Tools/GodotTools.ProjectEditor.dll (in domain Mono, info)
Loading reference 1 of /snap/gd-godot-engine-mono-snapcraft/23/godot-engine-mono/GodotSharp/Tools/GodotTools.ProjectEditor.dll asmctx DEFAULT, looking for System, Version=4.0.0.0, Culture=neutral, PublicKeyToken=b77a5c561934e089 (in domain Mono, info)
Assembly Ref addref GodotTools.ProjectEditor[0xaff1e80] -> System[0xa803190]: 6 (in domain Mono, info)
Requesting loading reference 2 (of 8) of /snap/gd-godot-engine-mono-snapcraft/23/godot-engine-mono/GodotSharp/Tools/GodotTools.ProjectEditor.dll (in domain Mono, info)
Loading reference 2 of /snap/gd-godot-engine-mono-snapcraft/23/godot-engine-mono/GodotSharp/Tools/GodotTools.ProjectEditor.dll asmctx DEFAULT, looking for System.Core, Version=4.0.0.0, Culture=neutral, PublicKeyToken=b77a5c561934e089 (in domain Mono, info)
Image addref System.Core[0x16705e30] (asmctx DEFAULT) -> /snap/gd-godot-engine-mono-snapcraft/23/godot-engine-mono/GodotSharp/Mono/lib/mono/4.5/System.Core.dll[0x16704e10]: 2 (in domain Mono, info)
Prepared to set up assembly 'System.Core' (/snap/gd-godot-engine-mono-snapcraft/23/godot-engine-mono/GodotSharp/Mono/lib/mono/4.5/System.Core.dll) (in domain Mono, info)
Assembly System.Core[0x16705e30] added to domain GodotEngine.Domain.Scripts, ref_count=1 (in domain Mono, info)
Assembly Ref addref GodotTools.ProjectEditor[0xaff1e80] -> System.Core[0x16705e30]: 2 (in domain Mono, info)
Requesting loading reference 0 (of 2) of /snap/gd-godot-engine-mono-snapcraft/23/godot-engine-mono/GodotSharp/Mono/lib/mono/4.5/System.Core.dll (in domain Mono, info)
Loading reference 0 of /snap/gd-godot-engine-mono-snapcraft/23/godot-engine-mono/GodotSharp/Mono/lib/mono/4.5/System.Core.dll asmctx DEFAULT, looking for mscorlib, Version=4.0.0.0, Culture=neutral, PublicKeyToken=b77a5c561934e089 (in domain Mono, info)
Assembly Ref addref System.Core[0x16705e30] -> mscorlib[0xa68daa0]: 10 (in domain Mono, info)
Requesting loading reference 6 (of 8) of /snap/gd-godot-engine-mono-snapcraft/23/godot-engine-mono/GodotSharp/Tools/GodotTools.ProjectEditor.dll (in domain Mono, info)
Loading reference 6 of /snap/gd-godot-engine-mono-snapcraft/23/godot-engine-mono/GodotSharp/Tools/GodotTools.ProjectEditor.dll asmctx DEFAULT, looking for GodotTools.Core, Version=1.0.0.0, Culture=neutral, PublicKeyToken=null (in domain Mono, info)
Assembly Ref addref GodotTools.ProjectEditor[0xaff1e80] -> GodotTools.Core[0x166fcbd0]: 3 (in domain Mono, info)
Requesting loading reference 5 (of 10) of /snap/gd-godot-engine-mono-snapcraft/23/godot-engine-mono/GodotSharp/Tools/Microsoft.Build.dll (in domain Mono, info)
Loading reference 5 of /snap/gd-godot-engine-mono-snapcraft/23/godot-engine-mono/GodotSharp/Tools/Microsoft.Build.dll asmctx DEFAULT, looking for System.Xml, Version=4.0.0.0, Culture=neutral, PublicKeyToken=b77a5c561934e089 (in domain Mono, info)
Assembly Ref addref Microsoft.Build[0xaf7c700] -> System.Xml[0xab276b0]: 4 (in domain Mono, info)
Requesting loading reference 0 (of 4) of /snap/gd-godot-engine-mono-snapcraft/23/godot-engine-mono/GodotSharp/Tools/Microsoft.Build.Framework.dll (in domain Mono, info)
Loading reference 0 of /snap/gd-godot-engine-mono-snapcraft/23/godot-engine-mono/GodotSharp/Tools/Microsoft.Build.Framework.dll asmctx DEFAULT, looking for mscorlib, Version=4.0.0.0, Culture=neutral, PublicKeyToken=b77a5c561934e089 (in domain Mono, info)
Assembly Ref addref Microsoft.Build.Framework[0x166cd120] -> mscorlib[0xa68daa0]: 11 (in domain Mono, info)
Requesting loading reference 4 (of 10) of /snap/gd-godot-engine-mono-snapcraft/23/godot-engine-mono/GodotSharp/Tools/Microsoft.Build.dll (in domain Mono, info)
Loading reference 4 of /snap/gd-godot-engine-mono-snapcraft/23/godot-engine-mono/GodotSharp/Tools/Microsoft.Build.dll asmctx DEFAULT, looking for System.Core, Version=4.0.0.0, Culture=neutral, PublicKeyToken=b77a5c561934e089 (in domain Mono, info)
Assembly Ref addref Microsoft.Build[0xaf7c700] -> System.Core[0x16705e30]: 3 (in domain Mono, info)
Requesting loading reference 1 (of 4) of /snap/gd-godot-engine-mono-snapcraft/23/godot-engine-mono/GodotSharp/Tools/Microsoft.Build.Framework.dll (in domain Mono, info)
Loading reference 1 of /snap/gd-godot-engine-mono-snapcraft/23/godot-engine-mono/GodotSharp/Tools/Microsoft.Build.Framework.dll asmctx DEFAULT, looking for System.Xaml, Version=4.0.0.0, Culture=neutral, PublicKeyToken=b77a5c561934e089 (in domain Mono, info)
Image addref System.Xaml[0x166c9e30] (asmctx DEFAULT) -> /snap/gd-godot-engine-mono-snapcraft/23/godot-engine-mono/GodotSharp/Mono/lib/mono/4.5/System.Xaml.dll[0x16879a40]: 2 (in domain Mono, info)
Prepared to set up assembly 'System.Xaml' (/snap/gd-godot-engine-mono-snapcraft/23/godot-engine-mono/GodotSharp/Mono/lib/mono/4.5/System.Xaml.dll) (in domain Mono, info)
Assembly System.Xaml[0x166c9e30] added to domain GodotEngine.Domain.Scripts, ref_count=1 (in domain Mono, info)
Assembly Ref addref Microsoft.Build.Framework[0x166cd120] -> System.Xaml[0x166c9e30]: 2 (in domain Mono, info)
Requesting loading reference 0 (of 4) of /snap/gd-godot-engine-mono-snapcraft/23/godot-engine-mono/GodotSharp/Mono/lib/mono/4.5/System.Xaml.dll (in domain Mono, info)
Loading reference 0 of /snap/gd-godot-engine-mono-snapcraft/23/godot-engine-mono/GodotSharp/Mono/lib/mono/4.5/System.Xaml.dll asmctx DEFAULT, looking for mscorlib, Version=4.0.0.0, Culture=neutral, PublicKeyToken=b77a5c561934e089 (in domain Mono, info)
Assembly Ref addref System.Xaml[0x166c9e30] -> mscorlib[0xa68daa0]: 12 (in domain Mono, info)
Requesting loading reference 9 (of 10) of /snap/gd-godot-engine-mono-snapcraft/23/godot-engine-mono/GodotSharp/Tools/Microsoft.Build.dll (in domain Mono, info)
Loading reference 9 of /snap/gd-godot-engine-mono-snapcraft/23/godot-engine-mono/GodotSharp/Tools/Microsoft.Build.dll asmctx DEFAULT, looking for System.Threading.Tasks.Dataflow, Version=4.6.3.0, Culture=neutral, PublicKeyToken=b03f5f7f11d50a3a (in domain Mono, info)
Image addref System.Threading.Tasks.Dataflow[0x16732a00] (asmctx DEFAULT) -> /snap/gd-godot-engine-mono-snapcraft/23/godot-engine-mono/GodotSharp/Mono/lib/mono/4.5/System.Threading.Tasks.Dataflow.dll[0xafbfba0]: 2 (in domain Mono, info)
Prepared to set up assembly 'System.Threading.Tasks.Dataflow' (/snap/gd-godot-engine-mono-snapcraft/23/godot-engine-mono/GodotSharp/Mono/lib/mono/4.5/System.Threading.Tasks.Dataflow.dll) (in domain Mono, info)
Assembly System.Threading.Tasks.Dataflow[0x16732a00] added to domain GodotEngine.Domain.Scripts, ref_count=1 (in domain Mono, info)
Assembly Ref addref Microsoft.Build[0xaf7c700] -> System.Threading.Tasks.Dataflow[0x16732a00]: 2 (in domain Mono, info)
Requesting loading reference 0 (of 2) of /snap/gd-godot-engine-mono-snapcraft/23/godot-engine-mono/GodotSharp/Mono/lib/mono/4.5/System.Threading.Tasks.Dataflow.dll (in domain Mono, info)
Loading reference 0 of /snap/gd-godot-engine-mono-snapcraft/23/godot-engine-mono/GodotSharp/Mono/lib/mono/4.5/System.Threading.Tasks.Dataflow.dll asmctx DEFAULT, looking for mscorlib, Version=4.0.0.0, Culture=neutral, PublicKeyToken=b77a5c561934e089 (in domain Mono, info)
Assembly Ref addref System.Threading.Tasks.Dataflow[0x16732a00] -> mscorlib[0xa68daa0]: 13 (in domain Mono, info)
Requesting loading reference 1 (of 2) of /snap/gd-godot-engine-mono-snapcraft/23/godot-engine-mono/GodotSharp/Mono/lib/mono/4.5/System.Core.dll (in domain Mono, info)
Loading reference 1 of /snap/gd-godot-engine-mono-snapcraft/23/godot-engine-mono/GodotSharp/Mono/lib/mono/4.5/System.Core.dll asmctx DEFAULT, looking for System, Version=4.0.0.0, Culture=neutral, PublicKeyToken=b77a5c561934e089 (in domain Mono, info)
Assembly Ref addref System.Core[0x16705e30] -> System[0xa803190]: 7 (in domain Mono, info)
DllImport attempting to load: '__Internal'. (in domain Mono, info)
DllImport loaded library '(null)'. (in domain Mono, info)
DllImport searching in: '__Internal' ('(null)'). (in domain Mono, info)
Searching for 'GetSystemInfo'. (in domain Mono, info)
Probing 'GetSystemInfo'. (in domain Mono, info)
Could not find 'GetSystemInfo' due to '/snap/gd-godot-engine-mono-snapcraft/23/godot-engine-mono/godot-engine-mono: undefined symbol: GetSystemInfo'. (in domain Mono, info)
Probing 'GetSystemInfoA'. (in domain Mono, info)
Could not find 'GetSystemInfoA' due to '/snap/gd-godot-engine-mono-snapcraft/23/godot-engine-mono/godot-engine-mono: undefined symbol: GetSystemInfoA'. (in domain Mono, info)
Probing 'GetSystemInfo'. (in domain Mono, info)
Could not find 'GetSystemInfo' due to '/snap/gd-godot-engine-mono-snapcraft/23/godot-engine-mono/godot-engine-mono: undefined symbol: GetSystemInfo'. (in domain Mono, info)
Probing 'GetSystemInfoA'. (in domain Mono, info)
Could not find 'GetSystemInfoA' due to '/snap/gd-godot-engine-mono-snapcraft/23/godot-engine-mono/godot-engine-mono: undefined symbol: GetSystemInfoA'. (in domain Mono, info)
DllImport searching in: '__Internal' ('(null)'). (in domain Mono, info)
Searching for 'GetNativeSystemInfo'. (in domain Mono, info)
Probing 'GetNativeSystemInfo'. (in domain Mono, info)
Could not find 'GetNativeSystemInfo' due to '/snap/gd-godot-engine-mono-snapcraft/23/godot-engine-mono/godot-engine-mono: undefined symbol: GetNativeSystemInfo'. (in domain Mono, info)
Probing 'GetNativeSystemInfoA'. (in domain Mono, info)
Could not find 'GetNativeSystemInfoA' due to '/snap/gd-godot-engine-mono-snapcraft/23/godot-engine-mono/godot-engine-mono: undefined symbol: GetNativeSystemInfoA'. (in domain Mono, info)
Probing 'GetNativeSystemInfo'. (in domain Mono, info)
Could not find 'GetNativeSystemInfo' due to '/snap/gd-godot-engine-mono-snapcraft/23/godot-engine-mono/godot-engine-mono: undefined symbol: GetNativeSystemInfo'. (in domain Mono, info)
Probing 'GetNativeSystemInfoA'. (in domain Mono, info)
Could not find 'GetNativeSystemInfoA' due to '/snap/gd-godot-engine-mono-snapcraft/23/godot-engine-mono/godot-engine-mono: undefined symbol: GetNativeSystemInfoA'. (in domain Mono, info)
DllImport searching in: '__Internal' ('(null)'). (in domain Mono, info)
Searching for 'GetEnvironmentStrings'. (in domain Mono, info)
Probing 'GetEnvironmentStringsW'. (in domain Mono, info)
Could not find 'GetEnvironmentStringsW' due to '/snap/gd-godot-engine-mono-snapcraft/23/godot-engine-mono/godot-engine-mono: undefined symbol: GetEnvironmentStringsW'. (in domain Mono, info)
Probing 'GetEnvironmentStrings'. (in domain Mono, info)
Could not find 'GetEnvironmentStrings' due to '/snap/gd-godot-engine-mono-snapcraft/23/godot-engine-mono/godot-engine-mono: undefined symbol: GetEnvironmentStrings'. (in domain Mono, info)
Probing 'GetEnvironmentStringsW'. (in domain Mono, info)
Could not find 'GetEnvironmentStringsW' due to '/snap/gd-godot-engine-mono-snapcraft/23/godot-engine-mono/godot-engine-mono: undefined symbol: GetEnvironmentStringsW'. (in domain Mono, info)
Probing 'GetEnvironmentStrings'. (in domain Mono, info)
Could not find 'GetEnvironmentStrings' due to '/snap/gd-godot-engine-mono-snapcraft/23/godot-engine-mono/godot-engine-mono: undefined symbol: GetEnvironmentStrings'. (in domain Mono, info)
DllImport searching in: '__Internal' ('(null)'). (in domain Mono, info)
Searching for 'FreeEnvironmentStrings'. (in domain Mono, info)
Probing 'FreeEnvironmentStringsW'. (in domain Mono, info)
Could not find 'FreeEnvironmentStringsW' due to '/snap/gd-godot-engine-mono-snapcraft/23/godot-engine-mono/godot-engine-mono: undefined symbol: FreeEnvironmentStringsW'. (in domain Mono, info)
Probing 'FreeEnvironmentStrings'. (in domain Mono, info)
Could not find 'FreeEnvironmentStrings' due to '/snap/gd-godot-engine-mono-snapcraft/23/godot-engine-mono/godot-engine-mono: undefined symbol: FreeEnvironmentStrings'. (in domain Mono, info)
Probing 'FreeEnvironmentStringsW'. (in domain Mono, info)
Could not find 'FreeEnvironmentStringsW' due to '/snap/gd-godot-engine-mono-snapcraft/23/godot-engine-mono/godot-engine-mono: undefined symbol: FreeEnvironmentStringsW'. (in domain Mono, info)
Probing 'FreeEnvironmentStrings'. (in domain Mono, info)
Could not find 'FreeEnvironmentStrings' due to '/snap/gd-godot-engine-mono-snapcraft/23/godot-engine-mono/godot-engine-mono: undefined symbol: FreeEnvironmentStrings'. (in domain Mono, info)
Requesting loading reference 6 (of 10) of /snap/gd-godot-engine-mono-snapcraft/23/godot-engine-mono/GodotSharp/Tools/Microsoft.Build.dll (in domain Mono, info)
Loading reference 6 of /snap/gd-godot-engine-mono-snapcraft/23/godot-engine-mono/GodotSharp/Tools/Microsoft.Build.dll asmctx DEFAULT, looking for System.Configuration, Version=4.0.0.0, Culture=neutral, PublicKeyToken=b03f5f7f11d50a3a (in domain Mono, info)
Assembly Ref addref Microsoft.Build[0xaf7c700] -> System.Configuration[0xab11160]: 3 (in domain Mono, info)
DllImport searching in: '/snap/gd-godot-engine-mono-snapcraft/23/godot-engine-mono/GodotSharp/Mono/lib/../lib/libmono-native.so' ('/snap/gd-godot-engine-mono-snapcraft/23/godot-engine-mono/GodotSharp/Mono/lib/../lib/libmono-native.so'). (in domain Mono, info)
Searching for 'SystemNative_ReadLink'. (in domain Mono, info)
Probing 'SystemNative_ReadLink'. (in domain Mono, info)
Found as 'SystemNative_ReadLink'. (in domain Mono, info)
Requesting loading reference 4 (of 8) of /snap/gd-godot-engine-mono-snapcraft/23/godot-engine-mono/GodotSharp/Tools/GodotTools.ProjectEditor.dll (in domain Mono, info)
Loading reference 4 of /snap/gd-godot-engine-mono-snapcraft/23/godot-engine-mono/GodotSharp/Tools/GodotTools.ProjectEditor.dll asmctx DEFAULT, looking for System.Xml.Linq, Version=4.0.0.0, Culture=neutral, PublicKeyToken=b77a5c561934e089 (in domain Mono, info)
Image addref System.Xml.Linq[0x16c57f80] (asmctx DEFAULT) -> /snap/gd-godot-engine-mono-snapcraft/23/godot-engine-mono/GodotSharp/Mono/lib/mono/4.5/System.Xml.Linq.dll[0x16c4f390]: 2 (in domain Mono, info)
Prepared to set up assembly 'System.Xml.Linq' (/snap/gd-godot-engine-mono-snapcraft/23/godot-engine-mono/GodotSharp/Mono/lib/mono/4.5/System.Xml.Linq.dll) (in domain Mono, info)
Assembly System.Xml.Linq[0x16c57f80] added to domain GodotEngine.Domain.Scripts, ref_count=1 (in domain Mono, info)
Assembly Ref addref GodotTools.ProjectEditor[0xaff1e80] -> System.Xml.Linq[0x16c57f80]: 2 (in domain Mono, info)
Requesting loading reference 0 (of 4) of /snap/gd-godot-engine-mono-snapcraft/23/godot-engine-mono/GodotSharp/Mono/lib/mono/4.5/System.Xml.Linq.dll (in domain Mono, info)
Loading reference 0 of /snap/gd-godot-engine-mono-snapcraft/23/godot-engine-mono/GodotSharp/Mono/lib/mono/4.5/System.Xml.Linq.dll asmctx DEFAULT, looking for mscorlib, Version=4.0.0.0, Culture=neutral, PublicKeyToken=b77a5c561934e089 (in domain Mono, info)
Assembly Ref addref System.Xml.Linq[0x16c57f80] -> mscorlib[0xa68daa0]: 14 (in domain Mono, info)
Requesting loading reference 1 (of 4) of /snap/gd-godot-engine-mono-snapcraft/23/godot-engine-mono/GodotSharp/Mono/lib/mono/4.5/System.Xml.Linq.dll (in domain Mono, info)
Loading reference 1 of /snap/gd-godot-engine-mono-snapcraft/23/godot-engine-mono/GodotSharp/Mono/lib/mono/4.5/System.Xml.Linq.dll asmctx DEFAULT, looking for System.Xml, Version=4.0.0.0, Culture=neutral, PublicKeyToken=b77a5c561934e089 (in domain Mono, info)
Assembly Ref addref System.Xml.Linq[0x16c57f80] -> System.Xml[0xab276b0]: 5 (in domain Mono, info)
Requesting loading reference 7 (of 8) of /snap/gd-godot-engine-mono-snapcraft/23/godot-engine-mono/GodotSharp/Tools/GodotTools.ProjectEditor.dll (in domain Mono, info)
Loading reference 7 of /snap/gd-godot-engine-mono-snapcraft/23/godot-engine-mono/GodotSharp/Tools/GodotTools.ProjectEditor.dll asmctx DEFAULT, looking for System.Xml, Version=4.0.0.0, Culture=neutral, PublicKeyToken=b77a5c561934e089 (in domain Mono, info)
Assembly Ref addref GodotTools.ProjectEditor[0xaff1e80] -> System.Xml[0xab276b0]: 6 (in domain Mono, info)
Requesting loading reference 5 (of 8) of /snap/gd-godot-engine-mono-snapcraft/23/godot-engine-mono/GodotSharp/Tools/GodotTools.ProjectEditor.dll (in domain Mono, info)
Loading reference 5 of /snap/gd-godot-engine-mono-snapcraft/23/godot-engine-mono/GodotSharp/Tools/GodotTools.ProjectEditor.dll asmctx DEFAULT, looking for Semver, Version=2.0.6.0, Culture=neutral, PublicKeyToken=null (in domain Mono, info)
Image addref Semver[0xaf68150] (asmctx DEFAULT) -> /snap/gd-godot-engine-mono-snapcraft/23/godot-engine-mono/GodotSharp/Tools/Semver.dll[0x16c9ce60]: 2 (in domain Mono, info)
Prepared to set up assembly 'Semver' (/snap/gd-godot-engine-mono-snapcraft/23/godot-engine-mono/GodotSharp/Tools/Semver.dll) (in domain Mono, info)
Assembly Semver[0xaf68150] added to domain GodotEngine.Domain.Scripts, ref_count=1 (in domain Mono, info)
Assembly Ref addref GodotTools.ProjectEditor[0xaff1e80] -> Semver[0xaf68150]: 2 (in domain Mono, info)
Requesting loading reference 0 (of 2) of /snap/gd-godot-engine-mono-snapcraft/23/godot-engine-mono/GodotSharp/Tools/Semver.dll (in domain Mono, info)
Loading reference 0 of /snap/gd-godot-engine-mono-snapcraft/23/godot-engine-mono/GodotSharp/Tools/Semver.dll asmctx DEFAULT, looking for mscorlib, Version=4.0.0.0, Culture=neutral, PublicKeyToken=b77a5c561934e089 (in domain Mono, info)
Assembly Ref addref Semver[0xaf68150] -> mscorlib[0xa68daa0]: 15 (in domain Mono, info)
Requesting loading reference 1 (of 2) of /snap/gd-godot-engine-mono-snapcraft/23/godot-engine-mono/GodotSharp/Tools/Semver.dll (in domain Mono, info)
Loading reference 1 of /snap/gd-godot-engine-mono-snapcraft/23/godot-engine-mono/GodotSharp/Tools/Semver.dll asmctx DEFAULT, looking for System, Version=4.0.0.0, Culture=neutral, PublicKeyToken=b77a5c561934e089 (in domain Mono, info)
Assembly Ref addref Semver[0xaf68150] -> System[0xa803190]: 8 (in domain Mono, info)
Requesting loading reference 8 (of 11) of /snap/gd-godot-engine-mono-snapcraft/23/godot-engine-mono/GodotSharp/Tools/GodotTools.dll (in domain Mono, info)
Loading reference 8 of /snap/gd-godot-engine-mono-snapcraft/23/godot-engine-mono/GodotSharp/Tools/GodotTools.dll asmctx DEFAULT, looking for System.Core, Version=4.0.0.0, Culture=neutral, PublicKeyToken=b77a5c561934e089 (in domain Mono, info)
Assembly Ref addref GodotTools[0xaad5e80] -> System.Core[0x16705e30]: 4 (in domain Mono, info)
Requesting loading reference 5 (of 11) of /snap/gd-godot-engine-mono-snapcraft/23/godot-engine-mono/GodotSharp/Tools/GodotTools.dll (in domain Mono, info)
Loading reference 5 of /snap/gd-godot-engine-mono-snapcraft/23/godot-engine-mono/GodotSharp/Tools/GodotTools.dll asmctx DEFAULT, looking for GodotTools.IdeMessaging, Version=1.1.1.0, Culture=neutral, PublicKeyToken=null (in domain Mono, info)
Image addref GodotTools.IdeMessaging[0x16c70080] (asmctx DEFAULT) -> /snap/gd-godot-engine-mono-snapcraft/23/godot-engine-mono/GodotSharp/Tools/GodotTools.IdeMessaging.dll[0x16c8f190]: 2 (in domain Mono, info)
Prepared to set up assembly 'GodotTools.IdeMessaging' (/snap/gd-godot-engine-mono-snapcraft/23/godot-engine-mono/GodotSharp/Tools/GodotTools.IdeMessaging.dll) (in domain Mono, info)
Assembly GodotTools.IdeMessaging[0x16c70080] added to domain GodotEngine.Domain.Scripts, ref_count=1 (in domain Mono, info)
Assembly Ref addref GodotTools[0xaad5e80] -> GodotTools.IdeMessaging[0x16c70080]: 2 (in domain Mono, info)
Requesting loading reference 4 (of 11) of /snap/gd-godot-engine-mono-snapcraft/23/godot-engine-mono/GodotSharp/Tools/GodotTools.dll (in domain Mono, info)
Loading reference 4 of /snap/gd-godot-engine-mono-snapcraft/23/godot-engine-mono/GodotSharp/Tools/GodotTools.dll asmctx DEFAULT, looking for System, Version=4.0.0.0, Culture=neutral, PublicKeyToken=b77a5c561934e089 (in domain Mono, info)
Assembly Ref addref GodotTools[0xaad5e80] -> System[0xa803190]: 9 (in domain Mono, info)
Requesting loading reference 0 (of 2) of /snap/gd-godot-engine-mono-snapcraft/23/godot-engine-mono/GodotSharp/Tools/GodotTools.IdeMessaging.dll (in domain Mono, info)
Loading reference 0 of /snap/gd-godot-engine-mono-snapcraft/23/godot-engine-mono/GodotSharp/Tools/GodotTools.IdeMessaging.dll asmctx DEFAULT, looking for netstandard, Version=2.0.0.0, Culture=neutral, PublicKeyToken=cc7b13ffcd2ddd51 (in domain Mono, info)
Assembly Ref addref GodotTools.IdeMessaging[0x16c70080] -> netstandard[0xa75a930]: 5 (in domain Mono, info)
DllImport searching in: '/snap/gd-godot-engine-mono-snapcraft/23/godot-engine-mono/GodotSharp/Mono/lib/../lib/libmono-native.so' ('/snap/gd-godot-engine-mono-snapcraft/23/godot-engine-mono/GodotSharp/Mono/lib/../lib/libmono-native.so'). (in domain Mono, info)
Searching for 'SystemNative_MkDir'. (in domain Mono, info)
Probing 'SystemNative_MkDir'. (in domain Mono, info)
Found as 'SystemNative_MkDir'. (in domain Mono, info)
DllImport attempting to load: 'libc.so.6'. (in domain Mono, info)
DllImport error loading library '/snap/gd-godot-engine-mono-snapcraft/23/godot-engine-mono/GodotSharp/Mono/lib/mono/4.5/libc.so.6': '/snap/gd-godot-engine-mono-snapcraft/23/godot-engine-mono/GodotSharp/Mono/lib/mono/4.5/libc.so.6: cannot open shared object file: No such file or directory'. (in domain Mono, info)
DllImport error loading library '/snap/gd-godot-engine-mono-snapcraft/23/godot-engine-mono/GodotSharp/Mono/lib/mono/4.5/libc.so.6.so': '/snap/gd-godot-engine-mono-snapcraft/23/godot-engine-mono/GodotSharp/Mono/lib/mono/4.5/libc.so.6.so: cannot open shared object file: No such file or directory'. (in domain Mono, info)
DllImport error loading library '/snap/gd-godot-engine-mono-snapcraft/23/godot-engine-mono/GodotSharp/Mono/lib/mono/4.5/libc.so.6.so': '/snap/gd-godot-engine-mono-snapcraft/23/godot-engine-mono/GodotSharp/Mono/lib/mono/4.5/libc.so.6.so: cannot open shared object file: No such file or directory'. (in domain Mono, info)
DllImport error loading library '/snap/gd-godot-engine-mono-snapcraft/23/lib/libc.so.6': '/snap/gd-godot-engine-mono-snapcraft/23/lib/libc.so.6: cannot open shared object file: No such file or directory'. (in domain Mono, info)
DllImport error loading library '/snap/gd-godot-engine-mono-snapcraft/23/lib/libc.so.6.so': '/snap/gd-godot-engine-mono-snapcraft/23/lib/libc.so.6.so: cannot open shared object file: No such file or directory'. (in domain Mono, info)
DllImport error loading library '/snap/gd-godot-engine-mono-snapcraft/23/lib/libc.so.6.so': '/snap/gd-godot-engine-mono-snapcraft/23/lib/libc.so.6.so: cannot open shared object file: No such file or directory'. (in domain Mono, info)
DllImport loaded library 'libc.so.6'. (in domain Mono, info)
DllImport searching in: 'libc.so.6' ('libc.so.6'). (in domain Mono, info)
Searching for 'uname'. (in domain Mono, info)
Probing 'uname'. (in domain Mono, info)
Found as 'uname'. (in domain Mono, info)
DllImport searching in: 'libc.so.6' ('libc.so.6'). (in domain Mono, info)
Searching for 'getifaddrs'. (in domain Mono, info)
Probing 'getifaddrs'. (in domain Mono, info)
Found as 'getifaddrs'. (in domain Mono, info)
DllImport searching in: 'libc.so.6' ('libc.so.6'). (in domain Mono, info)
Searching for 'freeifaddrs'. (in domain Mono, info)
Probing 'freeifaddrs'. (in domain Mono, info)
Found as 'freeifaddrs'. (in domain Mono, info)
Requesting loading reference 1 (of 2) of /home/cal/snap/gd-godot-engine-mono-snapcraft/23/.mono/temp/bin/Debug/tradeTest.dll (in domain Mono, info)
Loading reference 1 of /home/cal/snap/gd-godot-engine-mono-snapcraft/23/.mono/temp/bin/Debug/tradeTest.dll asmctx DEFAULT, looking for GodotSharp, Version=1.0.0.0, Culture=neutral, PublicKeyToken=null (in domain Mono, info)
Assembly Ref addref tradeTest[0xafdf750] -> GodotSharp[0xae482e0]: 4 (in domain Mono, info)
Requesting loading reference 0 (of 2) of /home/cal/snap/gd-godot-engine-mono-snapcraft/23/.mono/temp/bin/Debug/tradeTest.dll (in domain Mono, info)
Loading reference 0 of /home/cal/snap/gd-godot-engine-mono-snapcraft/23/.mono/temp/bin/Debug/tradeTest.dll asmctx DEFAULT, looking for mscorlib, Version=4.0.0.0, Culture=neutral, PublicKeyToken=b77a5c561934e089 (in domain Mono, info)
Assembly Ref addref tradeTest[0xafdf750] -> mscorlib[0xa68daa0]: 16 (in domain Mono, info)
Requesting loading reference 1 (of 16) of /snap/gd-godot-engine-mono-snapcraft/23/godot-engine-mono/GodotSharp/Mono/lib/mono/4.5/Facades/netstandard.dll (in domain Mono, info)
Loading reference 1 of /snap/gd-godot-engine-mono-snapcraft/23/godot-engine-mono/GodotSharp/Mono/lib/mono/4.5/Facades/netstandard.dll asmctx DEFAULT, looking for System.Core, Version=4.0.0.0, Culture=neutral, PublicKeyToken=b77a5c561934e089 (in domain Mono, info)
Assembly Ref addref netstandard[0xa75a930] -> System.Core[0x16705e30]: 5 (in domain Mono, info)
DllImport searching in: '/snap/gd-godot-engine-mono-snapcraft/23/godot-engine-mono/GodotSharp/Mono/lib/../lib/libmono-native.so' ('/snap/gd-godot-engine-mono-snapcraft/23/godot-engine-mono/GodotSharp/Mono/lib/../lib/libmono-native.so'). (in domain Mono, info)
Searching for 'SystemNative_Unlink'. (in domain Mono, info)
Probing 'SystemNative_Unlink'. (in domain Mono, info)
Found as 'SystemNative_Unlink'. (in domain Mono, info)
GC_MAJOR: (user request) time 0.91ms, stw 1.12ms los size: 1024K in use: 223K (in domain Mono, info)
GC_MAJOR_SWEEP: major size: 1360K in use: 394K (in domain Mono, info)
GC_MAJOR: (user request) time 0.31ms, stw 0.52ms los size: 1024K in use: 223K (in domain Mono, info)
GC_MAJOR_SWEEP: major size: 1344K in use: 384K (in domain Mono, info)
GC_MAJOR: (user request) time 0.31ms, stw 0.49ms los size: 1024K in use: 223K (in domain Mono, info)
GC_MAJOR_SWEEP: major size: 1344K in use: 384K (in domain Mono, info)
GC_MINOR: (user request) time 0.07ms, stw 0.20ms promoted 0K major size: 1344K in use: 384K los size: 1024K in use: 223K (in domain Mono, info)
Unloading domain GodotEngine.Domain.Scripts[0xa772d90], assembly mscorlib[0xa68daa0], ref_count=16 (in domain Mono, info)
Unloading domain GodotEngine.Domain.Scripts[0xa772d90], assembly GodotSharp[0xae482e0], ref_count=4 (in domain Mono, info)
Unloading domain GodotEngine.Domain.Scripts[0xa772d90], assembly netstandard[0xa75a930], ref_count=5 (in domain Mono, info)
Unloading domain GodotEngine.Domain.Scripts[0xa772d90], assembly GodotSharpEditor[0xa7d9890], ref_count=2 (in domain Mono, info)
Unloading domain GodotEngine.Domain.Scripts[0xa772d90], assembly System[0xa803190], ref_count=9 (in domain Mono, info)
Unloading domain GodotEngine.Domain.Scripts[0xa772d90], assembly System.Configuration[0xab11160], ref_count=3 (in domain Mono, info)
Unloading domain GodotEngine.Domain.Scripts[0xa772d90], assembly System.Xml[0xab276b0], ref_count=6 (in domain Mono, info)
Unloading domain GodotEngine.Domain.Scripts[0xa772d90], assembly GodotTools[0xaad5e80], ref_count=1 (in domain Mono, info)
Unloading assembly GodotTools [0xaad5e80]. (in domain Mono, info)
Unloading image /snap/gd-godot-engine-mono-snapcraft/23/godot-engine-mono/GodotSharp/Tools/GodotTools.dll [0xafeb330]. (in domain Mono, info)
Unloading assembly GodotSharpEditor [0xa7d9890]. (in domain Mono, info)
Unloading image /home/cal/snap/gd-godot-engine-mono-snapcraft/23/.mono/assemblies/Debug/GodotSharpEditor.dll [0xa7d6830]. (in domain Mono, info)
Unloading domain GodotEngine.Domain.Scripts[0xa772d90], assembly GodotTools.ProjectEditor[0xaff1e80], ref_count=1 (in domain Mono, info)
Unloading assembly GodotTools.ProjectEditor [0xaff1e80]. (in domain Mono, info)
Unloading image /snap/gd-godot-engine-mono-snapcraft/23/godot-engine-mono/GodotSharp/Tools/GodotTools.ProjectEditor.dll [0xaff1720]. (in domain Mono, info)
Unloading domain GodotEngine.Domain.Scripts[0xa772d90], assembly tradeTest[0xafdf750], ref_count=1 (in domain Mono, info)
Unloading assembly tradeTest [0xafdf750]. (in domain Mono, info)
Unloading image /home/cal/snap/gd-godot-engine-mono-snapcraft/23/.mono/temp/bin/Debug/tradeTest.dll [0xb053620]. (in domain Mono, info)
Unloading assembly GodotSharp [0xae482e0]. (in domain Mono, info)
Unloading image /home/cal/snap/gd-godot-engine-mono-snapcraft/23/.mono/assemblies/Debug/GodotSharp.dll [0xa7b2eb0]. (in domain Mono, info)
Unloading domain GodotEngine.Domain.Scripts[0xa772d90], assembly Microsoft.Build[0xaf7c700], ref_count=1 (in domain Mono, info)
Unloading assembly Microsoft.Build [0xaf7c700]. (in domain Mono, info)
Unloading image /snap/gd-godot-engine-mono-snapcraft/23/godot-engine-mono/GodotSharp/Tools/Microsoft.Build.dll [0xaf7c870]. (in domain Mono, info)
Unloading domain GodotEngine.Domain.Scripts[0xa772d90], assembly Microsoft.Build.Framework[0x166cd120], ref_count=1 (in domain Mono, info)
Unloading assembly Microsoft.Build.Framework [0x166cd120]. (in domain Mono, info)
Unloading image /snap/gd-godot-engine-mono-snapcraft/23/godot-engine-mono/GodotSharp/Tools/Microsoft.Build.Framework.dll [0xaf82160]. (in domain Mono, info)
Unloading domain GodotEngine.Domain.Scripts[0xa772d90], assembly GodotTools.Core[0x166fcbd0], ref_count=1 (in domain Mono, info)
Unloading assembly GodotTools.Core [0x166fcbd0]. (in domain Mono, info)
Unloading image /snap/gd-godot-engine-mono-snapcraft/23/godot-engine-mono/GodotSharp/Tools/GodotTools.Core.dll [0x16700ec0]. (in domain Mono, info)
Unloading domain GodotEngine.Domain.Scripts[0xa772d90], assembly System.Core[0x16705e30], ref_count=2 (in domain Mono, info)
Unloading domain GodotEngine.Domain.Scripts[0xa772d90], assembly System.Xaml[0x166c9e30], ref_count=1 (in domain Mono, info)
Unloading assembly System.Xaml [0x166c9e30]. (in domain Mono, info)
Unloading image /snap/gd-godot-engine-mono-snapcraft/23/godot-engine-mono/GodotSharp/Mono/lib/mono/4.5/System.Xaml.dll [0x16879a40]. (in domain Mono, info)
Unloading domain GodotEngine.Domain.Scripts[0xa772d90], assembly System.Threading.Tasks.Dataflow[0x16732a00], ref_count=1 (in domain Mono, info)
Unloading assembly System.Threading.Tasks.Dataflow [0x16732a00]. (in domain Mono, info)
Unloading image /snap/gd-godot-engine-mono-snapcraft/23/godot-engine-mono/GodotSharp/Mono/lib/mono/4.5/System.Threading.Tasks.Dataflow.dll [0xafbfba0]. (in domain Mono, info)
Unloading domain GodotEngine.Domain.Scripts[0xa772d90], assembly System.Xml.Linq[0x16c57f80], ref_count=1 (in domain Mono, info)
Unloading assembly System.Xml.Linq [0x16c57f80]. (in domain Mono, info)
Unloading image /snap/gd-godot-engine-mono-snapcraft/23/godot-engine-mono/GodotSharp/Mono/lib/mono/4.5/System.Xml.Linq.dll [0x16c4f390]. (in domain Mono, info)
Unloading domain GodotEngine.Domain.Scripts[0xa772d90], assembly Semver[0xaf68150], ref_count=1 (in domain Mono, info)
Unloading assembly Semver [0xaf68150]. (in domain Mono, info)
Unloading image /snap/gd-godot-engine-mono-snapcraft/23/godot-engine-mono/GodotSharp/Tools/Semver.dll [0x16c9ce60]. (in domain Mono, info)
Unloading domain GodotEngine.Domain.Scripts[0xa772d90], assembly GodotTools.IdeMessaging[0x16c70080], ref_count=1 (in domain Mono, info)
Unloading assembly GodotTools.IdeMessaging [0x16c70080]. (in domain Mono, info)
Unloading image /snap/gd-godot-engine-mono-snapcraft/23/godot-engine-mono/GodotSharp/Tools/GodotTools.IdeMessaging.dll [0x16c8f190]. (in domain Mono, info)
Unloading assembly netstandard [0xa75a930]. (in domain Mono, info)
Unloading image /snap/gd-godot-engine-mono-snapcraft/23/godot-engine-mono/GodotSharp/Mono/lib/mono/4.5/Facades/netstandard.dll [0xa7f0b90]. (in domain Mono, info)
Unloading assembly System.Core [0x16705e30]. (in domain Mono, info)
Unloading image /snap/gd-godot-engine-mono-snapcraft/23/godot-engine-mono/GodotSharp/Mono/lib/mono/4.5/System.Core.dll [0x16704e10]. (in domain Mono, info)
GC_MAJOR: (user request) time 0.07ms, stw 0.36ms los size: 0K in use: 0K (in domain Mono, info)
GC_MAJOR_SWEEP: major size: 272K in use: 4K (in domain Mono, info)
GC_MAJOR: (user request) time 0.05ms, stw 0.14ms los size: 0K in use: 0K (in domain Mono, info)
GC_MAJOR_SWEEP: major size: 320K in use: 4K (in domain Mono, info)
Unloading domain GodotEngine.RootDomain[0xa6919d0], assembly mscorlib[0xa68daa0], ref_count=4 (in domain Mono, info)
Assembly image '/snap/gd-godot-engine-mono-snapcraft/23/godot-engine-mono/GodotSharp/Mono/lib/mono/4.5/System.Configuration.dll' [0xab22600] still loaded at shutdown. (in domain Mono, info)
Assembly image '/snap/gd-godot-engine-mono-snapcraft/23/godot-engine-mono/GodotSharp/Mono/lib/mono/4.5/mscorlib.dll' [0xa68c3b0] still loaded at shutdown. (in domain Mono, info)
Assembly image '/snap/gd-godot-engine-mono-snapcraft/23/godot-engine-mono/GodotSharp/Mono/lib/mono/4.5/System.dll' [0xa810760] still loaded at shutdown. (in domain Mono, info)
Assembly image '/snap/gd-godot-engine-mono-snapcraft/23/godot-engine-mono/GodotSharp/Mono/lib/mono/4.5/System.Xml.dll' [0xab291e0] still loaded at shutdown. (in domain Mono, info)
