Config attempting to parse: '/snap/gd-godot-engine-mono-snapcraft/23/godot-engine-mono/GodotSharp/Mono/etc/mono/config'. (in domain Mono, info)
Config attempting to parse: '/home/cal/snap/gd-godot-engine-mono-snapcraft/23/.mono/config'. (in domain Mono, info)
Image addref mscorlib[0x88c6850] (asmctx DEFAULT) -> /snap/gd-godot-engine-mono-snapcraft/23/godot-engine-mono/GodotSharp/Mono/lib/mono/4.5/mscorlib.dll[0x88c5160]: 2 (in domain Mono, info)
Prepared to set up assembly 'mscorlib' (/snap/gd-godot-engine-mono-snapcraft/23/godot-engine-mono/GodotSharp/Mono/lib/mono/4.5/mscorlib.dll) (in domain Mono, info)
AOT: image '/snap/gd-godot-engine-mono-snapcraft/23/godot-engine-mono/GodotSharp/Mono/lib/mono/4.5/mscorlib.dll.so' not found: /snap/gd-godot-engine-mono-snapcraft/23/godot-engine-mono/GodotSharp/Mono/lib/mono/4.5/mscorlib.dll.so: cannot open shared object file: No such file or directory (in domain Mono, info)
AOT: image '/snap/gd-godot-engine-mono-snapcraft/23/godot-engine-mono/GodotSharp/Mono/lib/mono/aot-cache/amd64/mscorlib.dll.so' not found: /snap/gd-godot-engine-mono-snapcraft/23/godot-engine-mono/GodotSharp/Mono/lib/mono/aot-cache/amd64/mscorlib.dll.so: cannot open shared object file: No such file or directory (in domain Mono, info)
Assembly mscorlib[0x88c6850] added to domain GodotEngine.RootDomain, ref_count=1 (in domain Mono, info)
Assembly mscorlib[0x88c6850] added to domain GodotEngine.Domain.Scripts, ref_count=2 (in domain Mono, info)
Image addref GodotSharp[0x90813b0] (asmctx DEFAULT) -> /home/cal/snap/gd-godot-engine-mono-snapcraft/23/.mono/assemblies/Debug/GodotSharp.dll[0x89ebf80]: 2 (in domain Mono, info)
Prepared to set up assembly 'GodotSharp' (/home/cal/snap/gd-godot-engine-mono-snapcraft/23/.mono/assemblies/Debug/GodotSharp.dll) (in domain Mono, info)
Assembly GodotSharp[0x90813b0] added to domain GodotEngine.Domain.Scripts, ref_count=1 (in domain Mono, info)
Requesting loading reference 0 (of 1) of /home/cal/snap/gd-godot-engine-mono-snapcraft/23/.mono/assemblies/Debug/GodotSharp.dll (in domain Mono, info)
Loading reference 0 of /home/cal/snap/gd-godot-engine-mono-snapcraft/23/.mono/assemblies/Debug/GodotSharp.dll asmctx DEFAULT, looking for netstandard, Version=2.0.0.0, Culture=neutral, PublicKeyToken=cc7b13ffcd2ddd51 (in domain Mono, info)
Config attempting to parse: ''. (in domain Mono, info)
Image addref netstandard[0x8994bd0] (asmctx DEFAULT) -> /snap/gd-godot-engine-mono-snapcraft/23/godot-engine-mono/GodotSharp/Mono/lib/mono/4.5/Facades/netstandard.dll[0x8a29c60]: 2 (in domain Mono, info)
Prepared to set up assembly 'netstandard' (/snap/gd-godot-engine-mono-snapcraft/23/godot-engine-mono/GodotSharp/Mono/lib/mono/4.5/Facades/netstandard.dll) (in domain Mono, info)
Assembly netstandard[0x8994bd0] added to domain GodotEngine.Domain.Scripts, ref_count=1 (in domain Mono, info)
Assembly Ref addref GodotSharp[0x90813b0] -> netstandard[0x8994bd0]: 2 (in domain Mono, info)
Requesting loading reference 0 (of 16) of /snap/gd-godot-engine-mono-snapcraft/23/godot-engine-mono/GodotSharp/Mono/lib/mono/4.5/Facades/netstandard.dll (in domain Mono, info)
Loading reference 0 of /snap/gd-godot-engine-mono-snapcraft/23/godot-engine-mono/GodotSharp/Mono/lib/mono/4.5/Facades/netstandard.dll asmctx DEFAULT, looking for mscorlib, Version=4.0.0.0, Culture=neutral, PublicKeyToken=b77a5c561934e089 (in domain Mono, info)
Assembly Ref addref netstandard[0x8994bd0] -> mscorlib[0x88c6850]: 3 (in domain Mono, info)
Image addref GodotSharpEditor[0x8a13140] (asmctx DEFAULT) -> /home/cal/snap/gd-godot-engine-mono-snapcraft/23/.mono/assemblies/Debug/GodotSharpEditor.dll[0x8a0fc30]: 2 (in domain Mono, info)
Prepared to set up assembly 'GodotSharpEditor' (/home/cal/snap/gd-godot-engine-mono-snapcraft/23/.mono/assemblies/Debug/GodotSharpEditor.dll) (in domain Mono, info)
Assembly GodotSharpEditor[0x8a13140] added to domain GodotEngine.Domain.Scripts, ref_count=1 (in domain Mono, info)
Requesting loading reference 0 (of 2) of /home/cal/snap/gd-godot-engine-mono-snapcraft/23/.mono/assemblies/Debug/GodotSharpEditor.dll (in domain Mono, info)
Loading reference 0 of /home/cal/snap/gd-godot-engine-mono-snapcraft/23/.mono/assemblies/Debug/GodotSharpEditor.dll asmctx DEFAULT, looking for netstandard, Version=2.0.0.0, Culture=neutral, PublicKeyToken=cc7b13ffcd2ddd51 (in domain Mono, info)
Assembly Ref addref GodotSharpEditor[0x8a13140] -> netstandard[0x8994bd0]: 3 (in domain Mono, info)
Requesting loading reference 2 (of 16) of /snap/gd-godot-engine-mono-snapcraft/23/godot-engine-mono/GodotSharp/Mono/lib/mono/4.5/Facades/netstandard.dll (in domain Mono, info)
Loading reference 2 of /snap/gd-godot-engine-mono-snapcraft/23/godot-engine-mono/GodotSharp/Mono/lib/mono/4.5/Facades/netstandard.dll asmctx DEFAULT, looking for System, Version=4.0.0.0, Culture=neutral, PublicKeyToken=b77a5c561934e089 (in domain Mono, info)
Image addref System[0x89ecac0] (asmctx DEFAULT) -> /snap/gd-godot-engine-mono-snapcraft/23/godot-engine-mono/GodotSharp/Mono/lib/mono/4.5/System.dll[0x8a4c300]: 2 (in domain Mono, info)
Prepared to set up assembly 'System' (/snap/gd-godot-engine-mono-snapcraft/23/godot-engine-mono/GodotSharp/Mono/lib/mono/4.5/System.dll) (in domain Mono, info)
Assembly System[0x89ecac0] added to domain GodotEngine.Domain.Scripts, ref_count=1 (in domain Mono, info)
Assembly Ref addref netstandard[0x8994bd0] -> System[0x89ecac0]: 2 (in domain Mono, info)
Requesting loading reference 0 (of 6) of /snap/gd-godot-engine-mono-snapcraft/23/godot-engine-mono/GodotSharp/Mono/lib/mono/4.5/System.dll (in domain Mono, info)
Loading reference 0 of /snap/gd-godot-engine-mono-snapcraft/23/godot-engine-mono/GodotSharp/Mono/lib/mono/4.5/System.dll asmctx DEFAULT, looking for mscorlib, Version=4.0.0.0, Culture=neutral, PublicKeyToken=b77a5c561934e089 (in domain Mono, info)
Assembly Ref addref System[0x89ecac0] -> mscorlib[0x88c6850]: 4 (in domain Mono, info)
Requesting loading reference 2 (of 6) of /snap/gd-godot-engine-mono-snapcraft/23/godot-engine-mono/GodotSharp/Mono/lib/mono/4.5/System.dll (in domain Mono, info)
Loading reference 2 of /snap/gd-godot-engine-mono-snapcraft/23/godot-engine-mono/GodotSharp/Mono/lib/mono/4.5/System.dll asmctx DEFAULT, looking for System.Configuration, Version=4.0.0.0, Culture=neutral, PublicKeyToken=b03f5f7f11d50a3a (in domain Mono, info)
Image addref System.Configuration[0x8d48e20] (asmctx DEFAULT) -> /snap/gd-godot-engine-mono-snapcraft/23/godot-engine-mono/GodotSharp/Mono/lib/mono/4.5/System.Configuration.dll[0x8d54f40]: 2 (in domain Mono, info)
Prepared to set up assembly 'System.Configuration' (/snap/gd-godot-engine-mono-snapcraft/23/godot-engine-mono/GodotSharp/Mono/lib/mono/4.5/System.Configuration.dll) (in domain Mono, info)
Assembly System.Configuration[0x8d48e20] added to domain GodotEngine.Domain.Scripts, ref_count=1 (in domain Mono, info)
Assembly Ref addref System[0x89ecac0] -> System.Configuration[0x8d48e20]: 2 (in domain Mono, info)
Requesting loading reference 0 (of 4) of /snap/gd-godot-engine-mono-snapcraft/23/godot-engine-mono/GodotSharp/Mono/lib/mono/4.5/System.Configuration.dll (in domain Mono, info)
Loading reference 0 of /snap/gd-godot-engine-mono-snapcraft/23/godot-engine-mono/GodotSharp/Mono/lib/mono/4.5/System.Configuration.dll asmctx DEFAULT, looking for mscorlib, Version=4.0.0.0, Culture=neutral, PublicKeyToken=b77a5c561934e089 (in domain Mono, info)
Assembly Ref addref System.Configuration[0x8d48e20] -> mscorlib[0x88c6850]: 5 (in domain Mono, info)
Requesting loading reference 2 (of 4) of /snap/gd-godot-engine-mono-snapcraft/23/godot-engine-mono/GodotSharp/Mono/lib/mono/4.5/System.Configuration.dll (in domain Mono, info)
Loading reference 2 of /snap/gd-godot-engine-mono-snapcraft/23/godot-engine-mono/GodotSharp/Mono/lib/mono/4.5/System.Configuration.dll asmctx DEFAULT, looking for System, Version=4.0.0.0, Culture=neutral, PublicKeyToken=b77a5c561934e089 (in domain Mono, info)
Assembly Ref addref System.Configuration[0x8d48e20] -> System[0x89ecac0]: 3 (in domain Mono, info)
Requesting loading reference 1 (of 4) of /snap/gd-godot-engine-mono-snapcraft/23/godot-engine-mono/GodotSharp/Mono/lib/mono/4.5/System.Configuration.dll (in domain Mono, info)
Loading reference 1 of /snap/gd-godot-engine-mono-snapcraft/23/godot-engine-mono/GodotSharp/Mono/lib/mono/4.5/System.Configuration.dll asmctx DEFAULT, looking for System.Xml, Version=4.0.0.0, Culture=neutral, PublicKeyToken=b77a5c561934e089 (in domain Mono, info)
Image addref System.Xml[0x8d62290] (asmctx DEFAULT) -> /snap/gd-godot-engine-mono-snapcraft/23/godot-engine-mono/GodotSharp/Mono/lib/mono/4.5/System.Xml.dll[0x8d602f0]: 2 (in domain Mono, info)
Prepared to set up assembly 'System.Xml' (/snap/gd-godot-engine-mono-snapcraft/23/godot-engine-mono/GodotSharp/Mono/lib/mono/4.5/System.Xml.dll) (in domain Mono, info)
Assembly System.Xml[0x8d62290] added to domain GodotEngine.Domain.Scripts, ref_count=1 (in domain Mono, info)
Assembly Ref addref System.Configuration[0x8d48e20] -> System.Xml[0x8d62290]: 2 (in domain Mono, info)
Requesting loading reference 0 (of 3) of /snap/gd-godot-engine-mono-snapcraft/23/godot-engine-mono/GodotSharp/Mono/lib/mono/4.5/System.Xml.dll (in domain Mono, info)
Loading reference 0 of /snap/gd-godot-engine-mono-snapcraft/23/godot-engine-mono/GodotSharp/Mono/lib/mono/4.5/System.Xml.dll asmctx DEFAULT, looking for mscorlib, Version=4.0.0.0, Culture=neutral, PublicKeyToken=b77a5c561934e089 (in domain Mono, info)
Assembly Ref addref System.Xml[0x8d62290] -> mscorlib[0x88c6850]: 6 (in domain Mono, info)
DllImport attempting to load: '/snap/gd-godot-engine-mono-snapcraft/23/godot-engine-mono/GodotSharp/Mono/lib/../lib/libmono-native.so'. (in domain Mono, info)
DllImport loaded library '/snap/gd-godot-engine-mono-snapcraft/23/godot-engine-mono/GodotSharp/Mono/lib/../lib/libmono-native.so'. (in domain Mono, info)
DllImport searching in: '/snap/gd-godot-engine-mono-snapcraft/23/godot-engine-mono/GodotSharp/Mono/lib/../lib/libmono-native.so' ('/snap/gd-godot-engine-mono-snapcraft/23/godot-engine-mono/GodotSharp/Mono/lib/../lib/libmono-native.so'). (in domain Mono, info)
Searching for 'SystemNative_GetNonCryptographicallySecureRandomBytes'. (in domain Mono, info)
Probing 'SystemNative_GetNonCryptographicallySecureRandomBytes'. (in domain Mono, info)
Found as 'SystemNative_GetNonCryptographicallySecureRandomBytes'. (in domain Mono, info)
DllImport searching in: '/snap/gd-godot-engine-mono-snapcraft/23/godot-engine-mono/GodotSharp/Mono/lib/../lib/libmono-native.so' ('/snap/gd-godot-engine-mono-snapcraft/23/godot-engine-mono/GodotSharp/Mono/lib/../lib/libmono-native.so'). (in domain Mono, info)
Searching for 'SystemNative_LChflagsCanSetHiddenFlag'. (in domain Mono, info)
Probing 'SystemNative_LChflagsCanSetHiddenFlag'. (in domain Mono, info)
Found as 'SystemNative_LChflagsCanSetHiddenFlag'. (in domain Mono, info)
DllImport searching in: '/snap/gd-godot-engine-mono-snapcraft/23/godot-engine-mono/GodotSharp/Mono/lib/../lib/libmono-native.so' ('/snap/gd-godot-engine-mono-snapcraft/23/godot-engine-mono/GodotSharp/Mono/lib/../lib/libmono-native.so'). (in domain Mono, info)
Searching for 'SystemNative_Stat2'. (in domain Mono, info)
Probing 'SystemNative_Stat2'. (in domain Mono, info)
Found as 'SystemNative_Stat2'. (in domain Mono, info)
DllImport searching in: '/snap/gd-godot-engine-mono-snapcraft/23/godot-engine-mono/GodotSharp/Mono/lib/../lib/libmono-native.so' ('/snap/gd-godot-engine-mono-snapcraft/23/godot-engine-mono/GodotSharp/Mono/lib/../lib/libmono-native.so'). (in domain Mono, info)
Searching for 'SystemNative_LStat2'. (in domain Mono, info)
Probing 'SystemNative_LStat2'. (in domain Mono, info)
Found as 'SystemNative_LStat2'. (in domain Mono, info)
DllImport searching in: '/snap/gd-godot-engine-mono-snapcraft/23/godot-engine-mono/GodotSharp/Mono/lib/../lib/libmono-native.so' ('/snap/gd-godot-engine-mono-snapcraft/23/godot-engine-mono/GodotSharp/Mono/lib/../lib/libmono-native.so'). (in domain Mono, info)
Searching for 'SystemNative_ConvertErrorPlatformToPal'. (in domain Mono, info)
Probing 'SystemNative_ConvertErrorPlatformToPal'. (in domain Mono, info)
Found as 'SystemNative_ConvertErrorPlatformToPal'. (in domain Mono, info)
Requesting loading reference 2 (of 3) of /snap/gd-godot-engine-mono-snapcraft/23/godot-engine-mono/GodotSharp/Mono/lib/mono/4.5/System.Xml.dll (in domain Mono, info)
Loading reference 2 of /snap/gd-godot-engine-mono-snapcraft/23/godot-engine-mono/GodotSharp/Mono/lib/mono/4.5/System.Xml.dll asmctx DEFAULT, looking for System, Version=4.0.0.0, Culture=neutral, PublicKeyToken=b77a5c561934e089 (in domain Mono, info)
Assembly Ref addref System.Xml[0x8d62290] -> System[0x89ecac0]: 4 (in domain Mono, info)
Requesting loading reference 3 (of 6) of /snap/gd-godot-engine-mono-snapcraft/23/godot-engine-mono/GodotSharp/Mono/lib/mono/4.5/System.dll (in domain Mono, info)
Loading reference 3 of /snap/gd-godot-engine-mono-snapcraft/23/godot-engine-mono/GodotSharp/Mono/lib/mono/4.5/System.dll asmctx DEFAULT, looking for System.Xml, Version=4.0.0.0, Culture=neutral, PublicKeyToken=b77a5c561934e089 (in domain Mono, info)
Assembly Ref addref System[0x89ecac0] -> System.Xml[0x8d62290]: 3 (in domain Mono, info)
Image addref GodotTools[0x923c630] (asmctx DEFAULT) -> /snap/gd-godot-engine-mono-snapcraft/23/godot-engine-mono/GodotSharp/Tools/GodotTools.dll[0x922a6a0]: 2 (in domain Mono, info)
Prepared to set up assembly 'GodotTools' (/snap/gd-godot-engine-mono-snapcraft/23/godot-engine-mono/GodotSharp/Tools/GodotTools.dll) (in domain Mono, info)
Assembly GodotTools[0x923c630] added to domain GodotEngine.Domain.Scripts, ref_count=1 (in domain Mono, info)
Image addref GodotTools.ProjectEditor[0x923d170] (asmctx DEFAULT) -> /snap/gd-godot-engine-mono-snapcraft/23/godot-engine-mono/GodotSharp/Tools/GodotTools.ProjectEditor.dll[0x9227e10]: 2 (in domain Mono, info)
Prepared to set up assembly 'GodotTools.ProjectEditor' (/snap/gd-godot-engine-mono-snapcraft/23/godot-engine-mono/GodotSharp/Tools/GodotTools.ProjectEditor.dll) (in domain Mono, info)
Assembly GodotTools.ProjectEditor[0x923d170] added to domain GodotEngine.Domain.Scripts, ref_count=1 (in domain Mono, info)
Image addref tradeTest[0x922cc30] (asmctx DEFAULT) -> /home/cal/snap/gd-godot-engine-mono-snapcraft/23/.mono/temp/bin/Debug/tradeTest.dll[0x92a7350]: 2 (in domain Mono, info)
Prepared to set up assembly 'tradeTest' (/home/cal/snap/gd-godot-engine-mono-snapcraft/23/.mono/temp/bin/Debug/tradeTest.dll) (in domain Mono, info)
Assembly tradeTest[0x922cc30] added to domain GodotEngine.Domain.Scripts, ref_count=1 (in domain Mono, info)
Requesting loading reference 2 (of 11) of /snap/gd-godot-engine-mono-snapcraft/23/godot-engine-mono/GodotSharp/Tools/GodotTools.dll (in domain Mono, info)
Loading reference 2 of /snap/gd-godot-engine-mono-snapcraft/23/godot-engine-mono/GodotSharp/Tools/GodotTools.dll asmctx DEFAULT, looking for GodotSharpEditor, Version=1.0.0.0, Culture=neutral, PublicKeyToken=null (in domain Mono, info)
Assembly Ref addref GodotTools[0x923c630] -> GodotSharpEditor[0x8a13140]: 2 (in domain Mono, info)
Requesting loading reference 1 (of 2) of /home/cal/snap/gd-godot-engine-mono-snapcraft/23/.mono/assemblies/Debug/GodotSharpEditor.dll (in domain Mono, info)
Loading reference 1 of /home/cal/snap/gd-godot-engine-mono-snapcraft/23/.mono/assemblies/Debug/GodotSharpEditor.dll asmctx DEFAULT, looking for GodotSharp, Version=1.0.0.0, Culture=neutral, PublicKeyToken=null (in domain Mono, info)
Assembly Ref addref GodotSharpEditor[0x8a13140] -> GodotSharp[0x90813b0]: 2 (in domain Mono, info)
Requesting loading reference 1 (of 11) of /snap/gd-godot-engine-mono-snapcraft/23/godot-engine-mono/GodotSharp/Tools/GodotTools.dll (in domain Mono, info)
Loading reference 1 of /snap/gd-godot-engine-mono-snapcraft/23/godot-engine-mono/GodotSharp/Tools/GodotTools.dll asmctx DEFAULT, looking for GodotSharp, Version=1.0.0.0, Culture=neutral, PublicKeyToken=null (in domain Mono, info)
Assembly Ref addref GodotTools[0x923c630] -> GodotSharp[0x90813b0]: 3 (in domain Mono, info)
Requesting loading reference 0 (of 11) of /snap/gd-godot-engine-mono-snapcraft/23/godot-engine-mono/GodotSharp/Tools/GodotTools.dll (in domain Mono, info)
Loading reference 0 of /snap/gd-godot-engine-mono-snapcraft/23/godot-engine-mono/GodotSharp/Tools/GodotTools.dll asmctx DEFAULT, looking for mscorlib, Version=4.0.0.0, Culture=neutral, PublicKeyToken=b77a5c561934e089 (in domain Mono, info)
Assembly Ref addref GodotTools[0x923c630] -> mscorlib[0x88c6850]: 7 (in domain Mono, info)
Requesting loading reference 3 (of 11) of /snap/gd-godot-engine-mono-snapcraft/23/godot-engine-mono/GodotSharp/Tools/GodotTools.dll (in domain Mono, info)
Loading reference 3 of /snap/gd-godot-engine-mono-snapcraft/23/godot-engine-mono/GodotSharp/Tools/GodotTools.dll asmctx DEFAULT, looking for GodotTools.ProjectEditor, Version=1.0.0.0, Culture=neutral, PublicKeyToken=null (in domain Mono, info)
Assembly Ref addref GodotTools[0x923c630] -> GodotTools.ProjectEditor[0x923d170]: 2 (in domain Mono, info)
Requesting loading reference 0 (of 8) of /snap/gd-godot-engine-mono-snapcraft/23/godot-engine-mono/GodotSharp/Tools/GodotTools.ProjectEditor.dll (in domain Mono, info)
Loading reference 0 of /snap/gd-godot-engine-mono-snapcraft/23/godot-engine-mono/GodotSharp/Tools/GodotTools.ProjectEditor.dll asmctx DEFAULT, looking for mscorlib, Version=4.0.0.0, Culture=neutral, PublicKeyToken=b77a5c561934e089 (in domain Mono, info)
Assembly Ref addref GodotTools.ProjectEditor[0x923d170] -> mscorlib[0x88c6850]: 8 (in domain Mono, info)
Requesting loading reference 3 (of 8) of /snap/gd-godot-engine-mono-snapcraft/23/godot-engine-mono/GodotSharp/Tools/GodotTools.ProjectEditor.dll (in domain Mono, info)
Loading reference 3 of /snap/gd-godot-engine-mono-snapcraft/23/godot-engine-mono/GodotSharp/Tools/GodotTools.ProjectEditor.dll asmctx DEFAULT, looking for Microsoft.Build, Version=15.1.0.0, Culture=neutral, PublicKeyToken=b03f5f7f11d50a3a (in domain Mono, info)
Unloading image /snap/gd-godot-engine-mono-snapcraft/23/godot-engine-mono/GodotSharp/Mono/lib/mono/4.5/Microsoft.Build.dll [0x91b5650]. (in domain Mono, info)
Image addref Microsoft.Build[0x91b9280] (asmctx DEFAULT) -> /snap/gd-godot-engine-mono-snapcraft/23/godot-engine-mono/GodotSharp/Tools/Microsoft.Build.dll[0x91b5a90]: 2 (in domain Mono, info)
Prepared to set up assembly 'Microsoft.Build' (/snap/gd-godot-engine-mono-snapcraft/23/godot-engine-mono/GodotSharp/Tools/Microsoft.Build.dll) (in domain Mono, info)
Assembly Microsoft.Build[0x91b9280] added to domain GodotEngine.Domain.Scripts, ref_count=1 (in domain Mono, info)
Assembly Ref addref GodotTools.ProjectEditor[0x923d170] -> Microsoft.Build[0x91b9280]: 2 (in domain Mono, info)
Requesting loading reference 0 (of 10) of /snap/gd-godot-engine-mono-snapcraft/23/godot-engine-mono/GodotSharp/Tools/Microsoft.Build.dll (in domain Mono, info)
Loading reference 0 of /snap/gd-godot-engine-mono-snapcraft/23/godot-engine-mono/GodotSharp/Tools/Microsoft.Build.dll asmctx DEFAULT, looking for mscorlib, Version=4.0.0.0, Culture=neutral, PublicKeyToken=b77a5c561934e089 (in domain Mono, info)
Assembly Ref addref Microsoft.Build[0x91b9280] -> mscorlib[0x88c6850]: 9 (in domain Mono, info)
Requesting loading reference 3 (of 10) of /snap/gd-godot-engine-mono-snapcraft/23/godot-engine-mono/GodotSharp/Tools/Microsoft.Build.dll (in domain Mono, info)
Loading reference 3 of /snap/gd-godot-engine-mono-snapcraft/23/godot-engine-mono/GodotSharp/Tools/Microsoft.Build.dll asmctx DEFAULT, looking for Microsoft.Build.Framework, Version=15.1.0.0, Culture=neutral, PublicKeyToken=b03f5f7f11d50a3a (in domain Mono, info)
Unloading image /snap/gd-godot-engine-mono-snapcraft/23/godot-engine-mono/GodotSharp/Mono/lib/mono/4.5/Microsoft.Build.Framework.dll [0x14911360]. (in domain Mono, info)
Image addref Microsoft.Build.Framework[0x148ff0a0] (asmctx DEFAULT) -> /snap/gd-godot-engine-mono-snapcraft/23/godot-engine-mono/GodotSharp/Tools/Microsoft.Build.Framework.dll[0x149123a0]: 2 (in domain Mono, info)
Prepared to set up assembly 'Microsoft.Build.Framework' (/snap/gd-godot-engine-mono-snapcraft/23/godot-engine-mono/GodotSharp/Tools/Microsoft.Build.Framework.dll) (in domain Mono, info)
Assembly Microsoft.Build.Framework[0x148ff0a0] added to domain GodotEngine.Domain.Scripts, ref_count=1 (in domain Mono, info)
Assembly Ref addref Microsoft.Build[0x91b9280] -> Microsoft.Build.Framework[0x148ff0a0]: 2 (in domain Mono, info)
Requesting loading reference 1 (of 10) of /snap/gd-godot-engine-mono-snapcraft/23/godot-engine-mono/GodotSharp/Tools/Microsoft.Build.dll (in domain Mono, info)
Loading reference 1 of /snap/gd-godot-engine-mono-snapcraft/23/godot-engine-mono/GodotSharp/Tools/Microsoft.Build.dll asmctx DEFAULT, looking for System, Version=4.0.0.0, Culture=neutral, PublicKeyToken=b77a5c561934e089 (in domain Mono, info)
Assembly Ref addref Microsoft.Build[0x91b9280] -> System[0x89ecac0]: 5 (in domain Mono, info)
Requesting loading reference 9 (of 11) of /snap/gd-godot-engine-mono-snapcraft/23/godot-engine-mono/GodotSharp/Tools/GodotTools.dll (in domain Mono, info)
Loading reference 9 of /snap/gd-godot-engine-mono-snapcraft/23/godot-engine-mono/GodotSharp/Tools/GodotTools.dll asmctx DEFAULT, looking for GodotTools.Core, Version=1.0.0.0, Culture=neutral, PublicKeyToken=null (in domain Mono, info)
Image addref GodotTools.Core[0x14935830] (asmctx DEFAULT) -> /snap/gd-godot-engine-mono-snapcraft/23/godot-engine-mono/GodotSharp/Tools/GodotTools.Core.dll[0x14939b20]: 2 (in domain Mono, info)
Prepared to set up assembly 'GodotTools.Core' (/snap/gd-godot-engine-mono-snapcraft/23/godot-engine-mono/GodotSharp/Tools/GodotTools.Core.dll) (in domain Mono, info)
Assembly GodotTools.Core[0x14935830] added to domain GodotEngine.Domain.Scripts, ref_count=1 (in domain Mono, info)
Assembly Ref addref GodotTools[0x923c630] -> GodotTools.Core[0x14935830]: 2 (in domain Mono, info)
Requesting loading reference 0 (of 1) of /snap/gd-godot-engine-mono-snapcraft/23/godot-engine-mono/GodotSharp/Tools/GodotTools.Core.dll (in domain Mono, info)
Loading reference 0 of /snap/gd-godot-engine-mono-snapcraft/23/godot-engine-mono/GodotSharp/Tools/GodotTools.Core.dll asmctx DEFAULT, looking for netstandard, Version=2.0.0.0, Culture=neutral, PublicKeyToken=cc7b13ffcd2ddd51 (in domain Mono, info)
Assembly Ref addref GodotTools.Core[0x14935830] -> netstandard[0x8994bd0]: 4 (in domain Mono, info)
Requesting loading reference 1 (of 8) of /snap/gd-godot-engine-mono-snapcraft/23/godot-engine-mono/GodotSharp/Tools/GodotTools.ProjectEditor.dll (in domain Mono, info)
Loading reference 1 of /snap/gd-godot-engine-mono-snapcraft/23/godot-engine-mono/GodotSharp/Tools/GodotTools.ProjectEditor.dll asmctx DEFAULT, looking for System, Version=4.0.0.0, Culture=neutral, PublicKeyToken=b77a5c561934e089 (in domain Mono, info)
Assembly Ref addref GodotTools.ProjectEditor[0x923d170] -> System[0x89ecac0]: 6 (in domain Mono, info)
Requesting loading reference 2 (of 8) of /snap/gd-godot-engine-mono-snapcraft/23/godot-engine-mono/GodotSharp/Tools/GodotTools.ProjectEditor.dll (in domain Mono, info)
Loading reference 2 of /snap/gd-godot-engine-mono-snapcraft/23/godot-engine-mono/GodotSharp/Tools/GodotTools.ProjectEditor.dll asmctx DEFAULT, looking for System.Core, Version=4.0.0.0, Culture=neutral, PublicKeyToken=b77a5c561934e089 (in domain Mono, info)
Image addref System.Core[0x1493e8a0] (asmctx DEFAULT) -> /snap/gd-godot-engine-mono-snapcraft/23/godot-engine-mono/GodotSharp/Mono/lib/mono/4.5/System.Core.dll[0x1493d880]: 2 (in domain Mono, info)
Prepared to set up assembly 'System.Core' (/snap/gd-godot-engine-mono-snapcraft/23/godot-engine-mono/GodotSharp/Mono/lib/mono/4.5/System.Core.dll) (in domain Mono, info)
Assembly System.Core[0x1493e8a0] added to domain GodotEngine.Domain.Scripts, ref_count=1 (in domain Mono, info)
Assembly Ref addref GodotTools.ProjectEditor[0x923d170] -> System.Core[0x1493e8a0]: 2 (in domain Mono, info)
Requesting loading reference 0 (of 2) of /snap/gd-godot-engine-mono-snapcraft/23/godot-engine-mono/GodotSharp/Mono/lib/mono/4.5/System.Core.dll (in domain Mono, info)
Loading reference 0 of /snap/gd-godot-engine-mono-snapcraft/23/godot-engine-mono/GodotSharp/Mono/lib/mono/4.5/System.Core.dll asmctx DEFAULT, looking for mscorlib, Version=4.0.0.0, Culture=neutral, PublicKeyToken=b77a5c561934e089 (in domain Mono, info)
Assembly Ref addref System.Core[0x1493e8a0] -> mscorlib[0x88c6850]: 10 (in domain Mono, info)
Requesting loading reference 6 (of 8) of /snap/gd-godot-engine-mono-snapcraft/23/godot-engine-mono/GodotSharp/Tools/GodotTools.ProjectEditor.dll (in domain Mono, info)
Loading reference 6 of /snap/gd-godot-engine-mono-snapcraft/23/godot-engine-mono/GodotSharp/Tools/GodotTools.ProjectEditor.dll asmctx DEFAULT, looking for GodotTools.Core, Version=1.0.0.0, Culture=neutral, PublicKeyToken=null (in domain Mono, info)
Assembly Ref addref GodotTools.ProjectEditor[0x923d170] -> GodotTools.Core[0x14935830]: 3 (in domain Mono, info)
Requesting loading reference 5 (of 10) of /snap/gd-godot-engine-mono-snapcraft/23/godot-engine-mono/GodotSharp/Tools/Microsoft.Build.dll (in domain Mono, info)
Loading reference 5 of /snap/gd-godot-engine-mono-snapcraft/23/godot-engine-mono/GodotSharp/Tools/Microsoft.Build.dll asmctx DEFAULT, looking for System.Xml, Version=4.0.0.0, Culture=neutral, PublicKeyToken=b77a5c561934e089 (in domain Mono, info)
Assembly Ref addref Microsoft.Build[0x91b9280] -> System.Xml[0x8d62290]: 4 (in domain Mono, info)
Requesting loading reference 0 (of 4) of /snap/gd-godot-engine-mono-snapcraft/23/godot-engine-mono/GodotSharp/Tools/Microsoft.Build.Framework.dll (in domain Mono, info)
Loading reference 0 of /snap/gd-godot-engine-mono-snapcraft/23/godot-engine-mono/GodotSharp/Tools/Microsoft.Build.Framework.dll asmctx DEFAULT, looking for mscorlib, Version=4.0.0.0, Culture=neutral, PublicKeyToken=b77a5c561934e089 (in domain Mono, info)
Assembly Ref addref Microsoft.Build.Framework[0x148ff0a0] -> mscorlib[0x88c6850]: 11 (in domain Mono, info)
Requesting loading reference 4 (of 10) of /snap/gd-godot-engine-mono-snapcraft/23/godot-engine-mono/GodotSharp/Tools/Microsoft.Build.dll (in domain Mono, info)
Loading reference 4 of /snap/gd-godot-engine-mono-snapcraft/23/godot-engine-mono/GodotSharp/Tools/Microsoft.Build.dll asmctx DEFAULT, looking for System.Core, Version=4.0.0.0, Culture=neutral, PublicKeyToken=b77a5c561934e089 (in domain Mono, info)
Assembly Ref addref Microsoft.Build[0x91b9280] -> System.Core[0x1493e8a0]: 3 (in domain Mono, info)
Requesting loading reference 1 (of 4) of /snap/gd-godot-engine-mono-snapcraft/23/godot-engine-mono/GodotSharp/Tools/Microsoft.Build.Framework.dll (in domain Mono, info)
Loading reference 1 of /snap/gd-godot-engine-mono-snapcraft/23/godot-engine-mono/GodotSharp/Tools/Microsoft.Build.Framework.dll asmctx DEFAULT, looking for System.Xaml, Version=4.0.0.0, Culture=neutral, PublicKeyToken=b77a5c561934e089 (in domain Mono, info)
Image addref System.Xaml[0x91b9c20] (asmctx DEFAULT) -> /snap/gd-godot-engine-mono-snapcraft/23/godot-engine-mono/GodotSharp/Mono/lib/mono/4.5/System.Xaml.dll[0x14b28840]: 2 (in domain Mono, info)
Prepared to set up assembly 'System.Xaml' (/snap/gd-godot-engine-mono-snapcraft/23/godot-engine-mono/GodotSharp/Mono/lib/mono/4.5/System.Xaml.dll) (in domain Mono, info)
Assembly System.Xaml[0x91b9c20] added to domain GodotEngine.Domain.Scripts, ref_count=1 (in domain Mono, info)
Assembly Ref addref Microsoft.Build.Framework[0x148ff0a0] -> System.Xaml[0x91b9c20]: 2 (in domain Mono, info)
Requesting loading reference 0 (of 4) of /snap/gd-godot-engine-mono-snapcraft/23/godot-engine-mono/GodotSharp/Mono/lib/mono/4.5/System.Xaml.dll (in domain Mono, info)
Loading reference 0 of /snap/gd-godot-engine-mono-snapcraft/23/godot-engine-mono/GodotSharp/Mono/lib/mono/4.5/System.Xaml.dll asmctx DEFAULT, looking for mscorlib, Version=4.0.0.0, Culture=neutral, PublicKeyToken=b77a5c561934e089 (in domain Mono, info)
Assembly Ref addref System.Xaml[0x91b9c20] -> mscorlib[0x88c6850]: 12 (in domain Mono, info)
Requesting loading reference 9 (of 10) of /snap/gd-godot-engine-mono-snapcraft/23/godot-engine-mono/GodotSharp/Tools/Microsoft.Build.dll (in domain Mono, info)
Loading reference 9 of /snap/gd-godot-engine-mono-snapcraft/23/godot-engine-mono/GodotSharp/Tools/Microsoft.Build.dll asmctx DEFAULT, looking for System.Threading.Tasks.Dataflow, Version=4.6.3.0, Culture=neutral, PublicKeyToken=b03f5f7f11d50a3a (in domain Mono, info)
Image addref System.Threading.Tasks.Dataflow[0x14214340] (asmctx DEFAULT) -> /snap/gd-godot-engine-mono-snapcraft/23/godot-engine-mono/GodotSharp/Mono/lib/mono/4.5/System.Threading.Tasks.Dataflow.dll[0x14d4b7d0]: 2 (in domain Mono, info)
Prepared to set up assembly 'System.Threading.Tasks.Dataflow' (/snap/gd-godot-engine-mono-snapcraft/23/godot-engine-mono/GodotSharp/Mono/lib/mono/4.5/System.Threading.Tasks.Dataflow.dll) (in domain Mono, info)
Assembly System.Threading.Tasks.Dataflow[0x14214340] added to domain GodotEngine.Domain.Scripts, ref_count=1 (in domain Mono, info)
Assembly Ref addref Microsoft.Build[0x91b9280] -> System.Threading.Tasks.Dataflow[0x14214340]: 2 (in domain Mono, info)
Requesting loading reference 0 (of 2) of /snap/gd-godot-engine-mono-snapcraft/23/godot-engine-mono/GodotSharp/Mono/lib/mono/4.5/System.Threading.Tasks.Dataflow.dll (in domain Mono, info)
Loading reference 0 of /snap/gd-godot-engine-mono-snapcraft/23/godot-engine-mono/GodotSharp/Mono/lib/mono/4.5/System.Threading.Tasks.Dataflow.dll asmctx DEFAULT, looking for mscorlib, Version=4.0.0.0, Culture=neutral, PublicKeyToken=b77a5c561934e089 (in domain Mono, info)
Assembly Ref addref System.Threading.Tasks.Dataflow[0x14214340] -> mscorlib[0x88c6850]: 13 (in domain Mono, info)
Requesting loading reference 1 (of 2) of /snap/gd-godot-engine-mono-snapcraft/23/godot-engine-mono/GodotSharp/Mono/lib/mono/4.5/System.Core.dll (in domain Mono, info)
Loading reference 1 of /snap/gd-godot-engine-mono-snapcraft/23/godot-engine-mono/GodotSharp/Mono/lib/mono/4.5/System.Core.dll asmctx DEFAULT, looking for System, Version=4.0.0.0, Culture=neutral, PublicKeyToken=b77a5c561934e089 (in domain Mono, info)
Assembly Ref addref System.Core[0x1493e8a0] -> System[0x89ecac0]: 7 (in domain Mono, info)
DllImport attempting to load: '__Internal'. (in domain Mono, info)
DllImport loaded library '(null)'. (in domain Mono, info)
DllImport searching in: '__Internal' ('(null)'). (in domain Mono, info)
Searching for 'GetSystemInfo'. (in domain Mono, info)
Probing 'GetSystemInfo'. (in domain Mono, info)
Could not find 'GetSystemInfo' due to '/snap/gd-godot-engine-mono-snapcraft/23/godot-engine-mono/godot-engine-mono: undefined symbol: GetSystemInfo'. (in domain Mono, info)
Probing 'GetSystemInfoA'. (in domain Mono, info)
Could not find 'GetSystemInfoA' due to '/snap/gd-godot-engine-mono-snapcraft/23/godot-engine-mono/godot-engine-mono: undefined symbol: GetSystemInfoA'. (in domain Mono, info)
Probing 'GetSystemInfo'. (in domain Mono, info)
Could not find 'GetSystemInfo' due to '/snap/gd-godot-engine-mono-snapcraft/23/godot-engine-mono/godot-engine-mono: undefined symbol: GetSystemInfo'. (in domain Mono, info)
Probing 'GetSystemInfoA'. (in domain Mono, info)
Could not find 'GetSystemInfoA' due to '/snap/gd-godot-engine-mono-snapcraft/23/godot-engine-mono/godot-engine-mono: undefined symbol: GetSystemInfoA'. (in domain Mono, info)
DllImport searching in: '__Internal' ('(null)'). (in domain Mono, info)
Searching for 'GetNativeSystemInfo'. (in domain Mono, info)
Probing 'GetNativeSystemInfo'. (in domain Mono, info)
Could not find 'GetNativeSystemInfo' due to '/snap/gd-godot-engine-mono-snapcraft/23/godot-engine-mono/godot-engine-mono: undefined symbol: GetNativeSystemInfo'. (in domain Mono, info)
Probing 'GetNativeSystemInfoA'. (in domain Mono, info)
Could not find 'GetNativeSystemInfoA' due to '/snap/gd-godot-engine-mono-snapcraft/23/godot-engine-mono/godot-engine-mono: undefined symbol: GetNativeSystemInfoA'. (in domain Mono, info)
Probing 'GetNativeSystemInfo'. (in domain Mono, info)
Could not find 'GetNativeSystemInfo' due to '/snap/gd-godot-engine-mono-snapcraft/23/godot-engine-mono/godot-engine-mono: undefined symbol: GetNativeSystemInfo'. (in domain Mono, info)
Probing 'GetNativeSystemInfoA'. (in domain Mono, info)
Could not find 'GetNativeSystemInfoA' due to '/snap/gd-godot-engine-mono-snapcraft/23/godot-engine-mono/godot-engine-mono: undefined symbol: GetNativeSystemInfoA'. (in domain Mono, info)
DllImport searching in: '__Internal' ('(null)'). (in domain Mono, info)
Searching for 'GetEnvironmentStrings'. (in domain Mono, info)
Probing 'GetEnvironmentStringsW'. (in domain Mono, info)
Could not find 'GetEnvironmentStringsW' due to '/snap/gd-godot-engine-mono-snapcraft/23/godot-engine-mono/godot-engine-mono: undefined symbol: GetEnvironmentStringsW'. (in domain Mono, info)
Probing 'GetEnvironmentStrings'. (in domain Mono, info)
Could not find 'GetEnvironmentStrings' due to '/snap/gd-godot-engine-mono-snapcraft/23/godot-engine-mono/godot-engine-mono: undefined symbol: GetEnvironmentStrings'. (in domain Mono, info)
Probing 'GetEnvironmentStringsW'. (in domain Mono, info)
Could not find 'GetEnvironmentStringsW' due to '/snap/gd-godot-engine-mono-snapcraft/23/godot-engine-mono/godot-engine-mono: undefined symbol: GetEnvironmentStringsW'. (in domain Mono, info)
Probing 'GetEnvironmentStrings'. (in domain Mono, info)
Could not find 'GetEnvironmentStrings' due to '/snap/gd-godot-engine-mono-snapcraft/23/godot-engine-mono/godot-engine-mono: undefined symbol: GetEnvironmentStrings'. (in domain Mono, info)
DllImport searching in: '__Internal' ('(null)'). (in domain Mono, info)
Searching for 'FreeEnvironmentStrings'. (in domain Mono, info)
Probing 'FreeEnvironmentStringsW'. (in domain Mono, info)
Could not find 'FreeEnvironmentStringsW' due to '/snap/gd-godot-engine-mono-snapcraft/23/godot-engine-mono/godot-engine-mono: undefined symbol: FreeEnvironmentStringsW'. (in domain Mono, info)
Probing 'FreeEnvironmentStrings'. (in domain Mono, info)
Could not find 'FreeEnvironmentStrings' due to '/snap/gd-godot-engine-mono-snapcraft/23/godot-engine-mono/godot-engine-mono: undefined symbol: FreeEnvironmentStrings'. (in domain Mono, info)
Probing 'FreeEnvironmentStringsW'. (in domain Mono, info)
Could not find 'FreeEnvironmentStringsW' due to '/snap/gd-godot-engine-mono-snapcraft/23/godot-engine-mono/godot-engine-mono: undefined symbol: FreeEnvironmentStringsW'. (in domain Mono, info)
Probing 'FreeEnvironmentStrings'. (in domain Mono, info)
Could not find 'FreeEnvironmentStrings' due to '/snap/gd-godot-engine-mono-snapcraft/23/godot-engine-mono/godot-engine-mono: undefined symbol: FreeEnvironmentStrings'. (in domain Mono, info)
Requesting loading reference 6 (of 10) of /snap/gd-godot-engine-mono-snapcraft/23/godot-engine-mono/GodotSharp/Tools/Microsoft.Build.dll (in domain Mono, info)
Loading reference 6 of /snap/gd-godot-engine-mono-snapcraft/23/godot-engine-mono/GodotSharp/Tools/Microsoft.Build.dll asmctx DEFAULT, looking for System.Configuration, Version=4.0.0.0, Culture=neutral, PublicKeyToken=b03f5f7f11d50a3a (in domain Mono, info)
Assembly Ref addref Microsoft.Build[0x91b9280] -> System.Configuration[0x8d48e20]: 3 (in domain Mono, info)
DllImport searching in: '/snap/gd-godot-engine-mono-snapcraft/23/godot-engine-mono/GodotSharp/Mono/lib/../lib/libmono-native.so' ('/snap/gd-godot-engine-mono-snapcraft/23/godot-engine-mono/GodotSharp/Mono/lib/../lib/libmono-native.so'). (in domain Mono, info)
Searching for 'SystemNative_ReadLink'. (in domain Mono, info)
Probing 'SystemNative_ReadLink'. (in domain Mono, info)
Found as 'SystemNative_ReadLink'. (in domain Mono, info)
Requesting loading reference 4 (of 8) of /snap/gd-godot-engine-mono-snapcraft/23/godot-engine-mono/GodotSharp/Tools/GodotTools.ProjectEditor.dll (in domain Mono, info)
Loading reference 4 of /snap/gd-godot-engine-mono-snapcraft/23/godot-engine-mono/GodotSharp/Tools/GodotTools.ProjectEditor.dll asmctx DEFAULT, looking for System.Xml.Linq, Version=4.0.0.0, Culture=neutral, PublicKeyToken=b77a5c561934e089 (in domain Mono, info)
Image addref System.Xml.Linq[0x14e85fd0] (asmctx DEFAULT) -> /snap/gd-godot-engine-mono-snapcraft/23/godot-engine-mono/GodotSharp/Mono/lib/mono/4.5/System.Xml.Linq.dll[0x14e78310]: 2 (in domain Mono, info)
Prepared to set up assembly 'System.Xml.Linq' (/snap/gd-godot-engine-mono-snapcraft/23/godot-engine-mono/GodotSharp/Mono/lib/mono/4.5/System.Xml.Linq.dll) (in domain Mono, info)
Assembly System.Xml.Linq[0x14e85fd0] added to domain GodotEngine.Domain.Scripts, ref_count=1 (in domain Mono, info)
Assembly Ref addref GodotTools.ProjectEditor[0x923d170] -> System.Xml.Linq[0x14e85fd0]: 2 (in domain Mono, info)
Requesting loading reference 0 (of 4) of /snap/gd-godot-engine-mono-snapcraft/23/godot-engine-mono/GodotSharp/Mono/lib/mono/4.5/System.Xml.Linq.dll (in domain Mono, info)
Loading reference 0 of /snap/gd-godot-engine-mono-snapcraft/23/godot-engine-mono/GodotSharp/Mono/lib/mono/4.5/System.Xml.Linq.dll asmctx DEFAULT, looking for mscorlib, Version=4.0.0.0, Culture=neutral, PublicKeyToken=b77a5c561934e089 (in domain Mono, info)
Assembly Ref addref System.Xml.Linq[0x14e85fd0] -> mscorlib[0x88c6850]: 14 (in domain Mono, info)
Requesting loading reference 1 (of 4) of /snap/gd-godot-engine-mono-snapcraft/23/godot-engine-mono/GodotSharp/Mono/lib/mono/4.5/System.Xml.Linq.dll (in domain Mono, info)
Loading reference 1 of /snap/gd-godot-engine-mono-snapcraft/23/godot-engine-mono/GodotSharp/Mono/lib/mono/4.5/System.Xml.Linq.dll asmctx DEFAULT, looking for System.Xml, Version=4.0.0.0, Culture=neutral, PublicKeyToken=b77a5c561934e089 (in domain Mono, info)
Assembly Ref addref System.Xml.Linq[0x14e85fd0] -> System.Xml[0x8d62290]: 5 (in domain Mono, info)
Requesting loading reference 7 (of 8) of /snap/gd-godot-engine-mono-snapcraft/23/godot-engine-mono/GodotSharp/Tools/GodotTools.ProjectEditor.dll (in domain Mono, info)
Loading reference 7 of /snap/gd-godot-engine-mono-snapcraft/23/godot-engine-mono/GodotSharp/Tools/GodotTools.ProjectEditor.dll asmctx DEFAULT, looking for System.Xml, Version=4.0.0.0, Culture=neutral, PublicKeyToken=b77a5c561934e089 (in domain Mono, info)
Assembly Ref addref GodotTools.ProjectEditor[0x923d170] -> System.Xml[0x8d62290]: 6 (in domain Mono, info)
Requesting loading reference 5 (of 8) of /snap/gd-godot-engine-mono-snapcraft/23/godot-engine-mono/GodotSharp/Tools/GodotTools.ProjectEditor.dll (in domain Mono, info)
Loading reference 5 of /snap/gd-godot-engine-mono-snapcraft/23/godot-engine-mono/GodotSharp/Tools/GodotTools.ProjectEditor.dll asmctx DEFAULT, looking for Semver, Version=2.0.6.0, Culture=neutral, PublicKeyToken=null (in domain Mono, info)
Image addref Semver[0x14e551b0] (asmctx DEFAULT) -> /snap/gd-godot-engine-mono-snapcraft/23/godot-engine-mono/GodotSharp/Tools/Semver.dll[0x14edca90]: 2 (in domain Mono, info)
Prepared to set up assembly 'Semver' (/snap/gd-godot-engine-mono-snapcraft/23/godot-engine-mono/GodotSharp/Tools/Semver.dll) (in domain Mono, info)
Assembly Semver[0x14e551b0] added to domain GodotEngine.Domain.Scripts, ref_count=1 (in domain Mono, info)
Assembly Ref addref GodotTools.ProjectEditor[0x923d170] -> Semver[0x14e551b0]: 2 (in domain Mono, info)
Requesting loading reference 0 (of 2) of /snap/gd-godot-engine-mono-snapcraft/23/godot-engine-mono/GodotSharp/Tools/Semver.dll (in domain Mono, info)
Loading reference 0 of /snap/gd-godot-engine-mono-snapcraft/23/godot-engine-mono/GodotSharp/Tools/Semver.dll asmctx DEFAULT, looking for mscorlib, Version=4.0.0.0, Culture=neutral, PublicKeyToken=b77a5c561934e089 (in domain Mono, info)
Assembly Ref addref Semver[0x14e551b0] -> mscorlib[0x88c6850]: 15 (in domain Mono, info)
Requesting loading reference 1 (of 2) of /snap/gd-godot-engine-mono-snapcraft/23/godot-engine-mono/GodotSharp/Tools/Semver.dll (in domain Mono, info)
Loading reference 1 of /snap/gd-godot-engine-mono-snapcraft/23/godot-engine-mono/GodotSharp/Tools/Semver.dll asmctx DEFAULT, looking for System, Version=4.0.0.0, Culture=neutral, PublicKeyToken=b77a5c561934e089 (in domain Mono, info)
Assembly Ref addref Semver[0x14e551b0] -> System[0x89ecac0]: 8 (in domain Mono, info)
Requesting loading reference 8 (of 11) of /snap/gd-godot-engine-mono-snapcraft/23/godot-engine-mono/GodotSharp/Tools/GodotTools.dll (in domain Mono, info)
Loading reference 8 of /snap/gd-godot-engine-mono-snapcraft/23/godot-engine-mono/GodotSharp/Tools/GodotTools.dll asmctx DEFAULT, looking for System.Core, Version=4.0.0.0, Culture=neutral, PublicKeyToken=b77a5c561934e089 (in domain Mono, info)
Assembly Ref addref GodotTools[0x923c630] -> System.Core[0x1493e8a0]: 4 (in domain Mono, info)
Requesting loading reference 5 (of 11) of /snap/gd-godot-engine-mono-snapcraft/23/godot-engine-mono/GodotSharp/Tools/GodotTools.dll (in domain Mono, info)
Loading reference 5 of /snap/gd-godot-engine-mono-snapcraft/23/godot-engine-mono/GodotSharp/Tools/GodotTools.dll asmctx DEFAULT, looking for GodotTools.IdeMessaging, Version=1.1.1.0, Culture=neutral, PublicKeyToken=null (in domain Mono, info)
Image addref GodotTools.IdeMessaging[0x14ec44c0] (asmctx DEFAULT) -> /snap/gd-godot-engine-mono-snapcraft/23/godot-engine-mono/GodotSharp/Tools/GodotTools.IdeMessaging.dll[0x14ec3be0]: 2 (in domain Mono, info)
Prepared to set up assembly 'GodotTools.IdeMessaging' (/snap/gd-godot-engine-mono-snapcraft/23/godot-engine-mono/GodotSharp/Tools/GodotTools.IdeMessaging.dll) (in domain Mono, info)
Assembly GodotTools.IdeMessaging[0x14ec44c0] added to domain GodotEngine.Domain.Scripts, ref_count=1 (in domain Mono, info)
Assembly Ref addref GodotTools[0x923c630] -> GodotTools.IdeMessaging[0x14ec44c0]: 2 (in domain Mono, info)
Requesting loading reference 4 (of 11) of /snap/gd-godot-engine-mono-snapcraft/23/godot-engine-mono/GodotSharp/Tools/GodotTools.dll (in domain Mono, info)
Loading reference 4 of /snap/gd-godot-engine-mono-snapcraft/23/godot-engine-mono/GodotSharp/Tools/GodotTools.dll asmctx DEFAULT, looking for System, Version=4.0.0.0, Culture=neutral, PublicKeyToken=b77a5c561934e089 (in domain Mono, info)
Assembly Ref addref GodotTools[0x923c630] -> System[0x89ecac0]: 9 (in domain Mono, info)
Requesting loading reference 0 (of 2) of /snap/gd-godot-engine-mono-snapcraft/23/godot-engine-mono/GodotSharp/Tools/GodotTools.IdeMessaging.dll (in domain Mono, info)
Loading reference 0 of /snap/gd-godot-engine-mono-snapcraft/23/godot-engine-mono/GodotSharp/Tools/GodotTools.IdeMessaging.dll asmctx DEFAULT, looking for netstandard, Version=2.0.0.0, Culture=neutral, PublicKeyToken=cc7b13ffcd2ddd51 (in domain Mono, info)
Assembly Ref addref GodotTools.IdeMessaging[0x14ec44c0] -> netstandard[0x8994bd0]: 5 (in domain Mono, info)
DllImport searching in: '/snap/gd-godot-engine-mono-snapcraft/23/godot-engine-mono/GodotSharp/Mono/lib/../lib/libmono-native.so' ('/snap/gd-godot-engine-mono-snapcraft/23/godot-engine-mono/GodotSharp/Mono/lib/../lib/libmono-native.so'). (in domain Mono, info)
Searching for 'SystemNative_MkDir'. (in domain Mono, info)
Probing 'SystemNative_MkDir'. (in domain Mono, info)
Found as 'SystemNative_MkDir'. (in domain Mono, info)
DllImport attempting to load: 'libc.so.6'. (in domain Mono, info)
DllImport error loading library '/snap/gd-godot-engine-mono-snapcraft/23/godot-engine-mono/GodotSharp/Mono/lib/mono/4.5/libc.so.6': '/snap/gd-godot-engine-mono-snapcraft/23/godot-engine-mono/GodotSharp/Mono/lib/mono/4.5/libc.so.6: cannot open shared object file: No such file or directory'. (in domain Mono, info)
DllImport error loading library '/snap/gd-godot-engine-mono-snapcraft/23/godot-engine-mono/GodotSharp/Mono/lib/mono/4.5/libc.so.6.so': '/snap/gd-godot-engine-mono-snapcraft/23/godot-engine-mono/GodotSharp/Mono/lib/mono/4.5/libc.so.6.so: cannot open shared object file: No such file or directory'. (in domain Mono, info)
DllImport error loading library '/snap/gd-godot-engine-mono-snapcraft/23/godot-engine-mono/GodotSharp/Mono/lib/mono/4.5/libc.so.6.so': '/snap/gd-godot-engine-mono-snapcraft/23/godot-engine-mono/GodotSharp/Mono/lib/mono/4.5/libc.so.6.so: cannot open shared object file: No such file or directory'. (in domain Mono, info)
DllImport error loading library '/snap/gd-godot-engine-mono-snapcraft/23/lib/libc.so.6': '/snap/gd-godot-engine-mono-snapcraft/23/lib/libc.so.6: cannot open shared object file: No such file or directory'. (in domain Mono, info)
DllImport error loading library '/snap/gd-godot-engine-mono-snapcraft/23/lib/libc.so.6.so': '/snap/gd-godot-engine-mono-snapcraft/23/lib/libc.so.6.so: cannot open shared object file: No such file or directory'. (in domain Mono, info)
DllImport error loading library '/snap/gd-godot-engine-mono-snapcraft/23/lib/libc.so.6.so': '/snap/gd-godot-engine-mono-snapcraft/23/lib/libc.so.6.so: cannot open shared object file: No such file or directory'. (in domain Mono, info)
DllImport loaded library 'libc.so.6'. (in domain Mono, info)
DllImport searching in: 'libc.so.6' ('libc.so.6'). (in domain Mono, info)
Searching for 'uname'. (in domain Mono, info)
Probing 'uname'. (in domain Mono, info)
Found as 'uname'. (in domain Mono, info)
DllImport searching in: 'libc.so.6' ('libc.so.6'). (in domain Mono, info)
Searching for 'getifaddrs'. (in domain Mono, info)
Probing 'getifaddrs'. (in domain Mono, info)
Found as 'getifaddrs'. (in domain Mono, info)
DllImport searching in: 'libc.so.6' ('libc.so.6'). (in domain Mono, info)
Searching for 'freeifaddrs'. (in domain Mono, info)
Probing 'freeifaddrs'. (in domain Mono, info)
Found as 'freeifaddrs'. (in domain Mono, info)
Requesting loading reference 1 (of 2) of /home/cal/snap/gd-godot-engine-mono-snapcraft/23/.mono/temp/bin/Debug/tradeTest.dll (in domain Mono, info)
Loading reference 1 of /home/cal/snap/gd-godot-engine-mono-snapcraft/23/.mono/temp/bin/Debug/tradeTest.dll asmctx DEFAULT, looking for GodotSharp, Version=1.0.0.0, Culture=neutral, PublicKeyToken=null (in domain Mono, info)
Assembly Ref addref tradeTest[0x922cc30] -> GodotSharp[0x90813b0]: 4 (in domain Mono, info)
Requesting loading reference 0 (of 2) of /home/cal/snap/gd-godot-engine-mono-snapcraft/23/.mono/temp/bin/Debug/tradeTest.dll (in domain Mono, info)
Loading reference 0 of /home/cal/snap/gd-godot-engine-mono-snapcraft/23/.mono/temp/bin/Debug/tradeTest.dll asmctx DEFAULT, looking for mscorlib, Version=4.0.0.0, Culture=neutral, PublicKeyToken=b77a5c561934e089 (in domain Mono, info)
Assembly Ref addref tradeTest[0x922cc30] -> mscorlib[0x88c6850]: 16 (in domain Mono, info)
Requesting loading reference 1 (of 16) of /snap/gd-godot-engine-mono-snapcraft/23/godot-engine-mono/GodotSharp/Mono/lib/mono/4.5/Facades/netstandard.dll (in domain Mono, info)
Loading reference 1 of /snap/gd-godot-engine-mono-snapcraft/23/godot-engine-mono/GodotSharp/Mono/lib/mono/4.5/Facades/netstandard.dll asmctx DEFAULT, looking for System.Core, Version=4.0.0.0, Culture=neutral, PublicKeyToken=b77a5c561934e089 (in domain Mono, info)
Assembly Ref addref netstandard[0x8994bd0] -> System.Core[0x1493e8a0]: 5 (in domain Mono, info)
GC_MINOR: (Nursery full) time 3.65ms, stw 3.68ms promoted 353K major size: 1344K in use: 583K los size: 1024K in use: 255K (in domain Mono, info)
GC_MINOR: (Nursery full) time 0.36ms, stw 0.37ms promoted 0K major size: 1344K in use: 583K los size: 1024K in use: 255K (in domain Mono, info)
DllImport searching in: '/snap/gd-godot-engine-mono-snapcraft/23/godot-engine-mono/GodotSharp/Mono/lib/../lib/libmono-native.so' ('/snap/gd-godot-engine-mono-snapcraft/23/godot-engine-mono/GodotSharp/Mono/lib/../lib/libmono-native.so'). (in domain Mono, info)
Searching for 'SystemNative_Unlink'. (in domain Mono, info)
Probing 'SystemNative_Unlink'. (in domain Mono, info)
Found as 'SystemNative_Unlink'. (in domain Mono, info)
GC_MAJOR: (user request) time 0.71ms, stw 1.11ms los size: 1024K in use: 223K (in domain Mono, info)
GC_MAJOR_SWEEP: major size: 1360K in use: 384K (in domain Mono, info)
GC_MAJOR: (user request) time 0.51ms, stw 0.82ms los size: 1024K in use: 223K (in domain Mono, info)
GC_MAJOR_SWEEP: major size: 1360K in use: 384K (in domain Mono, info)
GC_MAJOR: (user request) time 0.49ms, stw 0.71ms los size: 1024K in use: 223K (in domain Mono, info)
GC_MAJOR_SWEEP: major size: 1360K in use: 384K (in domain Mono, info)
GC_MINOR: (user request) time 0.10ms, stw 0.23ms promoted 0K major size: 1360K in use: 384K los size: 1024K in use: 223K (in domain Mono, info)
Unloading domain GodotEngine.Domain.Scripts[0x89abf50], assembly mscorlib[0x88c6850], ref_count=16 (in domain Mono, info)
Unloading domain GodotEngine.Domain.Scripts[0x89abf50], assembly GodotSharp[0x90813b0], ref_count=4 (in domain Mono, info)
Unloading domain GodotEngine.Domain.Scripts[0x89abf50], assembly netstandard[0x8994bd0], ref_count=5 (in domain Mono, info)
Unloading domain GodotEngine.Domain.Scripts[0x89abf50], assembly GodotSharpEditor[0x8a13140], ref_count=2 (in domain Mono, info)
Unloading domain GodotEngine.Domain.Scripts[0x89abf50], assembly System[0x89ecac0], ref_count=9 (in domain Mono, info)
Unloading domain GodotEngine.Domain.Scripts[0x89abf50], assembly System.Configuration[0x8d48e20], ref_count=3 (in domain Mono, info)
Unloading domain GodotEngine.Domain.Scripts[0x89abf50], assembly System.Xml[0x8d62290], ref_count=6 (in domain Mono, info)
Unloading domain GodotEngine.Domain.Scripts[0x89abf50], assembly GodotTools[0x923c630], ref_count=1 (in domain Mono, info)
Unloading assembly GodotTools [0x923c630]. (in domain Mono, info)
Unloading image /snap/gd-godot-engine-mono-snapcraft/23/godot-engine-mono/GodotSharp/Tools/GodotTools.dll [0x922a6a0]. (in domain Mono, info)
Unloading assembly GodotSharpEditor [0x8a13140]. (in domain Mono, info)
Unloading image /home/cal/snap/gd-godot-engine-mono-snapcraft/23/.mono/assemblies/Debug/GodotSharpEditor.dll [0x8a0fc30]. (in domain Mono, info)
Unloading domain GodotEngine.Domain.Scripts[0x89abf50], assembly GodotTools.ProjectEditor[0x923d170], ref_count=1 (in domain Mono, info)
Unloading assembly GodotTools.ProjectEditor [0x923d170]. (in domain Mono, info)
Unloading image /snap/gd-godot-engine-mono-snapcraft/23/godot-engine-mono/GodotSharp/Tools/GodotTools.ProjectEditor.dll [0x9227e10]. (in domain Mono, info)
Unloading domain GodotEngine.Domain.Scripts[0x89abf50], assembly tradeTest[0x922cc30], ref_count=1 (in domain Mono, info)
Unloading assembly tradeTest [0x922cc30]. (in domain Mono, info)
Unloading image /home/cal/snap/gd-godot-engine-mono-snapcraft/23/.mono/temp/bin/Debug/tradeTest.dll [0x92a7350]. (in domain Mono, info)
Unloading assembly GodotSharp [0x90813b0]. (in domain Mono, info)
Unloading image /home/cal/snap/gd-godot-engine-mono-snapcraft/23/.mono/assemblies/Debug/GodotSharp.dll [0x89ebf80]. (in domain Mono, info)
Unloading domain GodotEngine.Domain.Scripts[0x89abf50], assembly Microsoft.Build[0x91b9280], ref_count=1 (in domain Mono, info)
Unloading assembly Microsoft.Build [0x91b9280]. (in domain Mono, info)
Unloading image /snap/gd-godot-engine-mono-snapcraft/23/godot-engine-mono/GodotSharp/Tools/Microsoft.Build.dll [0x91b5a90]. (in domain Mono, info)
Unloading domain GodotEngine.Domain.Scripts[0x89abf50], assembly Microsoft.Build.Framework[0x148ff0a0], ref_count=1 (in domain Mono, info)
Unloading assembly Microsoft.Build.Framework [0x148ff0a0]. (in domain Mono, info)
Unloading image /snap/gd-godot-engine-mono-snapcraft/23/godot-engine-mono/GodotSharp/Tools/Microsoft.Build.Framework.dll [0x149123a0]. (in domain Mono, info)
Unloading domain GodotEngine.Domain.Scripts[0x89abf50], assembly GodotTools.Core[0x14935830], ref_count=1 (in domain Mono, info)
Unloading assembly GodotTools.Core [0x14935830]. (in domain Mono, info)
Unloading image /snap/gd-godot-engine-mono-snapcraft/23/godot-engine-mono/GodotSharp/Tools/GodotTools.Core.dll [0x14939b20]. (in domain Mono, info)
Unloading domain GodotEngine.Domain.Scripts[0x89abf50], assembly System.Core[0x1493e8a0], ref_count=2 (in domain Mono, info)
Unloading domain GodotEngine.Domain.Scripts[0x89abf50], assembly System.Xaml[0x91b9c20], ref_count=1 (in domain Mono, info)
Unloading assembly System.Xaml [0x91b9c20]. (in domain Mono, info)
Unloading image /snap/gd-godot-engine-mono-snapcraft/23/godot-engine-mono/GodotSharp/Mono/lib/mono/4.5/System.Xaml.dll [0x14b28840]. (in domain Mono, info)
Unloading domain GodotEngine.Domain.Scripts[0x89abf50], assembly System.Threading.Tasks.Dataflow[0x14214340], ref_count=1 (in domain Mono, info)
Unloading assembly System.Threading.Tasks.Dataflow [0x14214340]. (in domain Mono, info)
Unloading image /snap/gd-godot-engine-mono-snapcraft/23/godot-engine-mono/GodotSharp/Mono/lib/mono/4.5/System.Threading.Tasks.Dataflow.dll [0x14d4b7d0]. (in domain Mono, info)
Unloading domain GodotEngine.Domain.Scripts[0x89abf50], assembly System.Xml.Linq[0x14e85fd0], ref_count=1 (in domain Mono, info)
Unloading assembly System.Xml.Linq [0x14e85fd0]. (in domain Mono, info)
Unloading image /snap/gd-godot-engine-mono-snapcraft/23/godot-engine-mono/GodotSharp/Mono/lib/mono/4.5/System.Xml.Linq.dll [0x14e78310]. (in domain Mono, info)
Unloading domain GodotEngine.Domain.Scripts[0x89abf50], assembly Semver[0x14e551b0], ref_count=1 (in domain Mono, info)
Unloading assembly Semver [0x14e551b0]. (in domain Mono, info)
Unloading image /snap/gd-godot-engine-mono-snapcraft/23/godot-engine-mono/GodotSharp/Tools/Semver.dll [0x14edca90]. (in domain Mono, info)
Unloading domain GodotEngine.Domain.Scripts[0x89abf50], assembly GodotTools.IdeMessaging[0x14ec44c0], ref_count=1 (in domain Mono, info)
Unloading assembly GodotTools.IdeMessaging [0x14ec44c0]. (in domain Mono, info)
Unloading image /snap/gd-godot-engine-mono-snapcraft/23/godot-engine-mono/GodotSharp/Tools/GodotTools.IdeMessaging.dll [0x14ec3be0]. (in domain Mono, info)
Unloading assembly netstandard [0x8994bd0]. (in domain Mono, info)
Unloading image /snap/gd-godot-engine-mono-snapcraft/23/godot-engine-mono/GodotSharp/Mono/lib/mono/4.5/Facades/netstandard.dll [0x8a29c60]. (in domain Mono, info)
Unloading assembly System.Core [0x1493e8a0]. (in domain Mono, info)
Unloading image /snap/gd-godot-engine-mono-snapcraft/23/godot-engine-mono/GodotSharp/Mono/lib/mono/4.5/System.Core.dll [0x1493d880]. (in domain Mono, info)
GC_MAJOR: (user request) time 0.07ms, stw 0.50ms los size: 0K in use: 0K (in domain Mono, info)
GC_MAJOR_SWEEP: major size: 272K in use: 4K (in domain Mono, info)
GC_MAJOR: (user request) time 0.05ms, stw 0.17ms los size: 0K in use: 0K (in domain Mono, info)
GC_MAJOR_SWEEP: major size: 320K in use: 4K (in domain Mono, info)
Unloading domain GodotEngine.RootDomain[0x88ca780], assembly mscorlib[0x88c6850], ref_count=4 (in domain Mono, info)
Assembly image '/snap/gd-godot-engine-mono-snapcraft/23/godot-engine-mono/GodotSharp/Mono/lib/mono/4.5/System.Configuration.dll' [0x8d54f40] still loaded at shutdown. (in domain Mono, info)
Assembly image '/snap/gd-godot-engine-mono-snapcraft/23/godot-engine-mono/GodotSharp/Mono/lib/mono/4.5/mscorlib.dll' [0x88c5160] still loaded at shutdown. (in domain Mono, info)
Assembly image '/snap/gd-godot-engine-mono-snapcraft/23/godot-engine-mono/GodotSharp/Mono/lib/mono/4.5/System.dll' [0x8a4c300] still loaded at shutdown. (in domain Mono, info)
Assembly image '/snap/gd-godot-engine-mono-snapcraft/23/godot-engine-mono/GodotSharp/Mono/lib/mono/4.5/System.Xml.dll' [0x8d602f0] still loaded at shutdown. (in domain Mono, info)
